<?xml version="1.0" encoding="UTF-8"?>
<testsuite xmlns:xsi="http://www.w3.org/2001/XMLSchema-instance" xsi:noNamespaceSchemaLocation="https://maven.apache.org/surefire/maven-surefire-plugin/xsd/surefire-test-report-3.0.xsd" version="3.0" name="TestRunner.Run" time="173.017" tests="8" errors="0" skipped="0" failures="2">
  <properties>
    <property name="sun.desktop" value="windows"/>
    <property name="awt.toolkit" value="sun.awt.windows.WToolkit"/>
    <property name="file.encoding.pkg" value="sun.io"/>
    <property name="java.specification.version" value="1.8"/>
    <property name="webdriver.chrome.driver" value="C:\Users\suman\.cache\selenium\chromedriver\win32\104.0.5112.79\chromedriver.exe"/>
    <property name="sun.cpu.isalist" value="pentium_pro+mmx pentium_pro pentium+mmx pentium i486 i386 i86"/>
    <property name="sun.jnu.encoding" value="Cp1252"/>
    <property name="java.class.path" value="C:\Users\suman\eclipse-workspace\SBDD_cucumber\target\test-classes;C:\Users\suman\eclipse-workspace\SBDD_cucumber\target\classes;C:\Users\suman\.m2\repository\junit\junit\4.11\junit-4.11.jar;C:\Users\suman\.m2\repository\io\cucumber\cucumber-html\0.2.7\cucumber-html-0.2.7.jar;C:\Users\suman\.m2\repository\net\sourceforge\cobertura\cobertura\2.1.1\cobertura-2.1.1.jar;C:\Users\suman\.m2\repository\org\ow2\asm\asm\5.0.1\asm-5.0.1.jar;C:\Users\suman\.m2\repository\org\ow2\asm\asm-tree\5.0.1\asm-tree-5.0.1.jar;C:\Users\suman\.m2\repository\org\ow2\asm\asm-commons\5.0.1\asm-commons-5.0.1.jar;C:\Users\suman\.m2\repository\org\ow2\asm\asm-util\5.0.1\asm-util-5.0.1.jar;C:\Users\suman\.m2\repository\org\ow2\asm\asm-analysis\5.0.1\asm-analysis-5.0.1.jar;C:\Users\suman\.m2\repository\oro\oro\2.0.8\oro-2.0.8.jar;C:\Users\suman\.m2\repository\jaxen\jaxen\1.1.4\jaxen-1.1.4.jar;C:\Users\suman\.m2\repository\org\apache\ant\ant\1.8.3\ant-1.8.3.jar;C:\Users\suman\.m2\repository\org\apache\ant\ant-launcher\1.8.3\ant-launcher-1.8.3.jar;C:\Users\suman\.m2\repository\org\apache\ant\ant-junit\1.8.3\ant-junit-1.8.3.jar;C:\Users\suman\.m2\repository\org\mortbay\jetty\servlet-api-2.5\6.1.14\servlet-api-2.5-6.1.14.jar;C:\Users\suman\.m2\repository\org\mortbay\jetty\jetty\6.1.14\jetty-6.1.14.jar;C:\Users\suman\.m2\repository\org\mortbay\jetty\jetty-util\6.1.14\jetty-util-6.1.14.jar;C:\Users\suman\.m2\repository\org\slf4j\slf4j-api\1.7.5\slf4j-api-1.7.5.jar;C:\Users\suman\.m2\repository\ch\qos\logback\logback-classic\1.0.13\logback-classic-1.0.13.jar;C:\Users\suman\.m2\repository\ch\qos\logback\logback-core\1.0.13\logback-core-1.0.13.jar;C:\Users\suman\.m2\repository\org\apache\commons\commons-lang3\3.3.2\commons-lang3-3.3.2.jar;C:\Users\suman\.m2\repository\io\cucumber\cucumber-java\7.3.4\cucumber-java-7.3.4.jar;C:\Users\suman\.m2\repository\io\cucumber\cucumber-core\7.3.4\cucumber-core-7.3.4.jar;C:\Users\suman\.m2\repository\io\cucumber\cucumber-gherkin\7.3.4\cucumber-gherkin-7.3.4.jar;C:\Users\suman\.m2\repository\io\cucumber\cucumber-gherkin-messages\7.3.4\cucumber-gherkin-messages-7.3.4.jar;C:\Users\suman\.m2\repository\io\cucumber\tag-expressions\4.1.0\tag-expressions-4.1.0.jar;C:\Users\suman\.m2\repository\io\cucumber\cucumber-expressions\15.1.1\cucumber-expressions-15.1.1.jar;C:\Users\suman\.m2\repository\io\cucumber\datatable\7.3.4\datatable-7.3.4.jar;C:\Users\suman\.m2\repository\io\cucumber\cucumber-plugin\7.3.4\cucumber-plugin-7.3.4.jar;C:\Users\suman\.m2\repository\io\cucumber\docstring\7.3.4\docstring-7.3.4.jar;C:\Users\suman\.m2\repository\io\cucumber\html-formatter\19.1.0\html-formatter-19.1.0.jar;C:\Users\suman\.m2\repository\io\cucumber\ci-environment\9.0.4\ci-environment-9.0.4.jar;C:\Users\suman\.m2\repository\org\apiguardian\apiguardian-api\1.1.2\apiguardian-api-1.1.2.jar;C:\Users\suman\.m2\repository\io\cucumber\cucumber-jvm-deps\1.0.6\cucumber-jvm-deps-1.0.6.jar;C:\Users\suman\.m2\repository\net\masterthought\cucumber-reporting\5.7.1\cucumber-reporting-5.7.1.jar;C:\Users\suman\.m2\repository\com\fasterxml\jackson\core\jackson-databind\2.13.2.2\jackson-databind-2.13.2.2.jar;C:\Users\suman\.m2\repository\com\fasterxml\jackson\core\jackson-annotations\2.13.2\jackson-annotations-2.13.2.jar;C:\Users\suman\.m2\repository\com\fasterxml\jackson\core\jackson-core\2.13.2\jackson-core-2.13.2.jar;C:\Users\suman\.m2\repository\com\fasterxml\jackson\datatype\jackson-datatype-jsr310\2.13.2\jackson-datatype-jsr310-2.13.2.jar;C:\Users\suman\.m2\repository\org\apache\velocity\velocity-engine-core\2.3\velocity-engine-core-2.3.jar;C:\Users\suman\.m2\repository\commons-collections\commons-collections\3.2.2\commons-collections-3.2.2.jar;C:\Users\suman\.m2\repository\joda-time\joda-time\2.10.14\joda-time-2.10.14.jar;C:\Users\suman\.m2\repository\org\codehaus\plexus\plexus-utils\3.4.2\plexus-utils-3.4.2.jar;C:\Users\suman\.m2\repository\org\jsoup\jsoup\1.15.1\jsoup-1.15.1.jar;C:\Users\suman\.m2\repository\com\google\guava\guava\31.1-jre\guava-31.1-jre.jar;C:\Users\suman\.m2\repository\com\google\guava\failureaccess\1.0.1\failureaccess-1.0.1.jar;C:\Users\suman\.m2\repository\com\google\guava\listenablefuture\9999.0-empty-to-avoid-conflict-with-guava\listenablefuture-9999.0-empty-to-avoid-conflict-with-guava.jar;C:\Users\suman\.m2\repository\com\google\code\findbugs\jsr305\3.0.2\jsr305-3.0.2.jar;C:\Users\suman\.m2\repository\org\checkerframework\checker-qual\3.12.0\checker-qual-3.12.0.jar;C:\Users\suman\.m2\repository\com\google\errorprone\error_prone_annotations\2.11.0\error_prone_annotations-2.11.0.jar;C:\Users\suman\.m2\repository\com\google\j2objc\j2objc-annotations\1.3\j2objc-annotations-1.3.jar;C:\Users\suman\.m2\repository\com\googlecode\owasp-java-html-sanitizer\owasp-java-html-sanitizer\20211018.2\owasp-java-html-sanitizer-20211018.2.jar;C:\Users\suman\.m2\repository\commons-configuration\commons-configuration\1.10\commons-configuration-1.10.jar;C:\Users\suman\.m2\repository\commons-lang\commons-lang\2.6\commons-lang-2.6.jar;C:\Users\suman\.m2\repository\commons-logging\commons-logging\1.1.1\commons-logging-1.1.1.jar;C:\Users\suman\.m2\repository\org\hamcrest\hamcrest-core\2.2\hamcrest-core-2.2.jar;C:\Users\suman\.m2\repository\org\hamcrest\hamcrest\2.2\hamcrest-2.2.jar;C:\Users\suman\.m2\repository\io\cucumber\gherkin\23.0.1\gherkin-23.0.1.jar;C:\Users\suman\.m2\repository\io\cucumber\messages\18.0.0\messages-18.0.0.jar;C:\Users\suman\.m2\repository\org\seleniumhq\selenium\selenium-java\4.2.1\selenium-java-4.2.1.jar;C:\Users\suman\.m2\repository\org\seleniumhq\selenium\selenium-api\4.2.1\selenium-api-4.2.1.jar;C:\Users\suman\.m2\repository\org\seleniumhq\selenium\selenium-chrome-driver\4.2.1\selenium-chrome-driver-4.2.1.jar;C:\Users\suman\.m2\repository\com\google\auto\service\auto-service-annotations\1.0.1\auto-service-annotations-1.0.1.jar;C:\Users\suman\.m2\repository\com\google\auto\service\auto-service\1.0.1\auto-service-1.0.1.jar;C:\Users\suman\.m2\repository\com\google\auto\auto-common\1.2\auto-common-1.2.jar;C:\Users\suman\.m2\repository\org\seleniumhq\selenium\selenium-chromium-driver\4.2.1\selenium-chromium-driver-4.2.1.jar;C:\Users\suman\.m2\repository\org\seleniumhq\selenium\selenium-json\4.2.1\selenium-json-4.2.1.jar;C:\Users\suman\.m2\repository\org\seleniumhq\selenium\selenium-devtools-v100\4.2.1\selenium-devtools-v100-4.2.1.jar;C:\Users\suman\.m2\repository\org\seleniumhq\selenium\selenium-devtools-v101\4.2.1\selenium-devtools-v101-4.2.1.jar;C:\Users\suman\.m2\repository\org\seleniumhq\selenium\selenium-devtools-v102\4.2.1\selenium-devtools-v102-4.2.1.jar;C:\Users\suman\.m2\repository\org\seleniumhq\selenium\selenium-devtools-v85\4.2.1\selenium-devtools-v85-4.2.1.jar;C:\Users\suman\.m2\repository\org\seleniumhq\selenium\selenium-edge-driver\4.2.1\selenium-edge-driver-4.2.1.jar;C:\Users\suman\.m2\repository\org\seleniumhq\selenium\selenium-firefox-driver\4.2.1\selenium-firefox-driver-4.2.1.jar;C:\Users\suman\.m2\repository\org\seleniumhq\selenium\selenium-ie-driver\4.2.1\selenium-ie-driver-4.2.1.jar;C:\Users\suman\.m2\repository\org\seleniumhq\selenium\selenium-opera-driver\4.2.1\selenium-opera-driver-4.2.1.jar;C:\Users\suman\.m2\repository\org\seleniumhq\selenium\selenium-remote-driver\4.2.1\selenium-remote-driver-4.2.1.jar;C:\Users\suman\.m2\repository\io\netty\netty-buffer\4.1.77.Final\netty-buffer-4.1.77.Final.jar;C:\Users\suman\.m2\repository\io\netty\netty-codec-http\4.1.77.Final\netty-codec-http-4.1.77.Final.jar;C:\Users\suman\.m2\repository\io\netty\netty-codec\4.1.77.Final\netty-codec-4.1.77.Final.jar;C:\Users\suman\.m2\repository\io\netty\netty-handler\4.1.77.Final\netty-handler-4.1.77.Final.jar;C:\Users\suman\.m2\repository\io\netty\netty-common\4.1.77.Final\netty-common-4.1.77.Final.jar;C:\Users\suman\.m2\repository\io\netty\netty-transport-classes-epoll\4.1.77.Final\netty-transport-classes-epoll-4.1.77.Final.jar;C:\Users\suman\.m2\repository\io\netty\netty-transport-classes-kqueue\4.1.77.Final\netty-transport-classes-kqueue-4.1.77.Final.jar;C:\Users\suman\.m2\repository\io\netty\netty-transport-native-epoll\4.1.77.Final\netty-transport-native-epoll-4.1.77.Final.jar;C:\Users\suman\.m2\repository\io\netty\netty-transport-native-kqueue\4.1.77.Final\netty-transport-native-kqueue-4.1.77.Final.jar;C:\Users\suman\.m2\repository\io\netty\netty-transport-native-unix-common\4.1.77.Final\netty-transport-native-unix-common-4.1.77.Final.jar;C:\Users\suman\.m2\repository\io\netty\netty-transport\4.1.77.Final\netty-transport-4.1.77.Final.jar;C:\Users\suman\.m2\repository\io\netty\netty-resolver\4.1.77.Final\netty-resolver-4.1.77.Final.jar;C:\Users\suman\.m2\repository\io\opentelemetry\opentelemetry-api\1.14.0\opentelemetry-api-1.14.0.jar;C:\Users\suman\.m2\repository\io\opentelemetry\opentelemetry-context\1.14.0\opentelemetry-context-1.14.0.jar;C:\Users\suman\.m2\repository\io\opentelemetry\opentelemetry-exporter-logging\1.14.0\opentelemetry-exporter-logging-1.14.0.jar;C:\Users\suman\.m2\repository\io\opentelemetry\opentelemetry-sdk-metrics\1.14.0\opentelemetry-sdk-metrics-1.14.0.jar;C:\Users\suman\.m2\repository\io\opentelemetry\opentelemetry-sdk-logs\1.14.0-alpha\opentelemetry-sdk-logs-1.14.0-alpha.jar;C:\Users\suman\.m2\repository\io\opentelemetry\opentelemetry-sdk-common\1.14.0\opentelemetry-sdk-common-1.14.0.jar;C:\Users\suman\.m2\repository\io\opentelemetry\opentelemetry-sdk-extension-autoconfigure-spi\1.14.0\opentelemetry-sdk-extension-autoconfigure-spi-1.14.0.jar;C:\Users\suman\.m2\repository\io\opentelemetry\opentelemetry-sdk-extension-autoconfigure\1.14.0-alpha\opentelemetry-sdk-extension-autoconfigure-1.14.0-alpha.jar;C:\Users\suman\.m2\repository\io\opentelemetry\opentelemetry-sdk-trace\1.14.0\opentelemetry-sdk-trace-1.14.0.jar;C:\Users\suman\.m2\repository\io\opentelemetry\opentelemetry-sdk\1.14.0\opentelemetry-sdk-1.14.0.jar;C:\Users\suman\.m2\repository\io\opentelemetry\opentelemetry-semconv\1.14.0-alpha\opentelemetry-semconv-1.14.0-alpha.jar;C:\Users\suman\.m2\repository\io\ous\jtoml\2.0.0\jtoml-2.0.0.jar;C:\Users\suman\.m2\repository\net\bytebuddy\byte-buddy\1.12.10\byte-buddy-1.12.10.jar;C:\Users\suman\.m2\repository\org\apache\commons\commons-exec\1.3\commons-exec-1.3.jar;C:\Users\suman\.m2\repository\org\asynchttpclient\async-http-client\2.12.3\async-http-client-2.12.3.jar;C:\Users\suman\.m2\repository\org\asynchttpclient\async-http-client-netty-utils\2.12.3\async-http-client-netty-utils-2.12.3.jar;C:\Users\suman\.m2\repository\io\netty\netty-codec-socks\4.1.60.Final\netty-codec-socks-4.1.60.Final.jar;C:\Users\suman\.m2\repository\io\netty\netty-handler-proxy\4.1.60.Final\netty-handler-proxy-4.1.60.Final.jar;C:\Users\suman\.m2\repository\io\netty\netty-transport-native-epoll\4.1.60.Final\netty-transport-native-epoll-4.1.60.Final-linux-x86_64.jar;C:\Users\suman\.m2\repository\io\netty\netty-transport-native-kqueue\4.1.60.Final\netty-transport-native-kqueue-4.1.60.Final-osx-x86_64.jar;C:\Users\suman\.m2\repository\org\reactivestreams\reactive-streams\1.0.3\reactive-streams-1.0.3.jar;C:\Users\suman\.m2\repository\com\typesafe\netty\netty-reactive-streams\2.0.4\netty-reactive-streams-2.0.4.jar;C:\Users\suman\.m2\repository\com\sun\activation\jakarta.activation\1.2.2\jakarta.activation-1.2.2.jar;C:\Users\suman\.m2\repository\org\seleniumhq\selenium\selenium-http\4.2.1\selenium-http-4.2.1.jar;C:\Users\suman\.m2\repository\dev\failsafe\failsafe\3.2.4\failsafe-3.2.4.jar;C:\Users\suman\.m2\repository\org\seleniumhq\selenium\selenium-safari-driver\4.2.1\selenium-safari-driver-4.2.1.jar;C:\Users\suman\.m2\repository\org\seleniumhq\selenium\selenium-support\4.2.1\selenium-support-4.2.1.jar;C:\Users\suman\.m2\repository\io\github\bonigarcia\webdrivermanager\5.2.0\webdrivermanager-5.2.0.jar;C:\Users\suman\.m2\repository\com\google\code\gson\gson\2.9.0\gson-2.9.0.jar;C:\Users\suman\.m2\repository\com\github\docker-java\docker-java\3.2.13\docker-java-3.2.13.jar;C:\Users\suman\.m2\repository\com\github\docker-java\docker-java-core\3.2.13\docker-java-core-3.2.13.jar;C:\Users\suman\.m2\repository\com\github\docker-java\docker-java-api\3.2.13\docker-java-api-3.2.13.jar;C:\Users\suman\.m2\repository\org\apache\commons\commons-compress\1.21\commons-compress-1.21.jar;C:\Users\suman\.m2\repository\org\bouncycastle\bcpkix-jdk15on\1.64\bcpkix-jdk15on-1.64.jar;C:\Users\suman\.m2\repository\org\bouncycastle\bcprov-jdk15on\1.64\bcprov-jdk15on-1.64.jar;C:\Users\suman\.m2\repository\org\slf4j\jcl-over-slf4j\1.7.30\jcl-over-slf4j-1.7.30.jar;C:\Users\suman\.m2\repository\com\github\docker-java\docker-java-transport-httpclient5\3.2.13\docker-java-transport-httpclient5-3.2.13.jar;C:\Users\suman\.m2\repository\com\github\docker-java\docker-java-transport\3.2.13\docker-java-transport-3.2.13.jar;C:\Users\suman\.m2\repository\net\java\dev\jna\jna\5.8.0\jna-5.8.0.jar;C:\Users\suman\.m2\repository\org\brotli\dec\0.1.2\dec-0.1.2.jar;C:\Users\suman\.m2\repository\org\apache\httpcomponents\client5\httpclient5\5.1.3\httpclient5-5.1.3.jar;C:\Users\suman\.m2\repository\org\apache\httpcomponents\core5\httpcore5\5.1.3\httpcore5-5.1.3.jar;C:\Users\suman\.m2\repository\org\apache\httpcomponents\core5\httpcore5-h2\5.1.3\httpcore5-h2-5.1.3.jar;C:\Users\suman\.m2\repository\commons-codec\commons-codec\1.15\commons-codec-1.15.jar;C:\jdk-18\lib\tools-1.5.0.jar;C:\Users\suman\.m2\repository\commons-io\commons-io\2.11.0\commons-io-2.11.0.jar;C:\Users\suman\.m2\repository\org\apache\logging\log4j\log4j-core\2.17.2\log4j-core-2.17.2.jar;C:\Users\suman\.m2\repository\org\apache\logging\log4j\log4j-api\2.17.2\log4j-api-2.17.2.jar;C:\Users\suman\.m2\repository\org\testng\testng\7.4.0\testng-7.4.0.jar;C:\Users\suman\.m2\repository\com\beust\jcommander\1.78\jcommander-1.78.jar;C:\Users\suman\.m2\repository\org\webjars\jquery\3.5.1\jquery-3.5.1.jar;C:\Users\suman\.m2\repository\io\cucumber\cucumber-testng\7.3.4\cucumber-testng-7.3.4.jar;"/>
    <property name="java.vm.vendor" value="Oracle Corporation"/>
    <property name="sun.arch.data.model" value="32"/>
    <property name="user.variant" value=""/>
    <property name="java.vendor.url" value="http://java.oracle.com/"/>
    <property name="user.timezone" value="Asia/Calcutta"/>
    <property name="java.vm.specification.version" value="1.8"/>
    <property name="os.name" value="Windows 10"/>
    <property name="user.country" value="US"/>
    <property name="sun.java.launcher" value="SUN_STANDARD"/>
    <property name="sun.boot.library.path" value="C:\Program Files (x86)\Java\jre1.8.0_341\bin"/>
    <property name="sun.java.command" value="C:\Users\suman\AppData\Local\Temp\surefire4040521542352006599\surefirebooter-20220816101554667_3.jar C:\Users\suman\AppData\Local\Temp\surefire4040521542352006599 2022-08-16T10-15-54_289-jvmRun1 surefire-20220816101554667_1tmp surefire_0-20220816101554667_2tmp"/>
    <property name="surefire.test.class.path" value="C:\Users\suman\eclipse-workspace\SBDD_cucumber\target\test-classes;C:\Users\suman\eclipse-workspace\SBDD_cucumber\target\classes;C:\Users\suman\.m2\repository\junit\junit\4.11\junit-4.11.jar;C:\Users\suman\.m2\repository\io\cucumber\cucumber-html\0.2.7\cucumber-html-0.2.7.jar;C:\Users\suman\.m2\repository\net\sourceforge\cobertura\cobertura\2.1.1\cobertura-2.1.1.jar;C:\Users\suman\.m2\repository\org\ow2\asm\asm\5.0.1\asm-5.0.1.jar;C:\Users\suman\.m2\repository\org\ow2\asm\asm-tree\5.0.1\asm-tree-5.0.1.jar;C:\Users\suman\.m2\repository\org\ow2\asm\asm-commons\5.0.1\asm-commons-5.0.1.jar;C:\Users\suman\.m2\repository\org\ow2\asm\asm-util\5.0.1\asm-util-5.0.1.jar;C:\Users\suman\.m2\repository\org\ow2\asm\asm-analysis\5.0.1\asm-analysis-5.0.1.jar;C:\Users\suman\.m2\repository\oro\oro\2.0.8\oro-2.0.8.jar;C:\Users\suman\.m2\repository\jaxen\jaxen\1.1.4\jaxen-1.1.4.jar;C:\Users\suman\.m2\repository\org\apache\ant\ant\1.8.3\ant-1.8.3.jar;C:\Users\suman\.m2\repository\org\apache\ant\ant-launcher\1.8.3\ant-launcher-1.8.3.jar;C:\Users\suman\.m2\repository\org\apache\ant\ant-junit\1.8.3\ant-junit-1.8.3.jar;C:\Users\suman\.m2\repository\org\mortbay\jetty\servlet-api-2.5\6.1.14\servlet-api-2.5-6.1.14.jar;C:\Users\suman\.m2\repository\org\mortbay\jetty\jetty\6.1.14\jetty-6.1.14.jar;C:\Users\suman\.m2\repository\org\mortbay\jetty\jetty-util\6.1.14\jetty-util-6.1.14.jar;C:\Users\suman\.m2\repository\org\slf4j\slf4j-api\1.7.5\slf4j-api-1.7.5.jar;C:\Users\suman\.m2\repository\ch\qos\logback\logback-classic\1.0.13\logback-classic-1.0.13.jar;C:\Users\suman\.m2\repository\ch\qos\logback\logback-core\1.0.13\logback-core-1.0.13.jar;C:\Users\suman\.m2\repository\org\apache\commons\commons-lang3\3.3.2\commons-lang3-3.3.2.jar;C:\Users\suman\.m2\repository\io\cucumber\cucumber-java\7.3.4\cucumber-java-7.3.4.jar;C:\Users\suman\.m2\repository\io\cucumber\cucumber-core\7.3.4\cucumber-core-7.3.4.jar;C:\Users\suman\.m2\repository\io\cucumber\cucumber-gherkin\7.3.4\cucumber-gherkin-7.3.4.jar;C:\Users\suman\.m2\repository\io\cucumber\cucumber-gherkin-messages\7.3.4\cucumber-gherkin-messages-7.3.4.jar;C:\Users\suman\.m2\repository\io\cucumber\tag-expressions\4.1.0\tag-expressions-4.1.0.jar;C:\Users\suman\.m2\repository\io\cucumber\cucumber-expressions\15.1.1\cucumber-expressions-15.1.1.jar;C:\Users\suman\.m2\repository\io\cucumber\datatable\7.3.4\datatable-7.3.4.jar;C:\Users\suman\.m2\repository\io\cucumber\cucumber-plugin\7.3.4\cucumber-plugin-7.3.4.jar;C:\Users\suman\.m2\repository\io\cucumber\docstring\7.3.4\docstring-7.3.4.jar;C:\Users\suman\.m2\repository\io\cucumber\html-formatter\19.1.0\html-formatter-19.1.0.jar;C:\Users\suman\.m2\repository\io\cucumber\ci-environment\9.0.4\ci-environment-9.0.4.jar;C:\Users\suman\.m2\repository\org\apiguardian\apiguardian-api\1.1.2\apiguardian-api-1.1.2.jar;C:\Users\suman\.m2\repository\io\cucumber\cucumber-jvm-deps\1.0.6\cucumber-jvm-deps-1.0.6.jar;C:\Users\suman\.m2\repository\net\masterthought\cucumber-reporting\5.7.1\cucumber-reporting-5.7.1.jar;C:\Users\suman\.m2\repository\com\fasterxml\jackson\core\jackson-databind\2.13.2.2\jackson-databind-2.13.2.2.jar;C:\Users\suman\.m2\repository\com\fasterxml\jackson\core\jackson-annotations\2.13.2\jackson-annotations-2.13.2.jar;C:\Users\suman\.m2\repository\com\fasterxml\jackson\core\jackson-core\2.13.2\jackson-core-2.13.2.jar;C:\Users\suman\.m2\repository\com\fasterxml\jackson\datatype\jackson-datatype-jsr310\2.13.2\jackson-datatype-jsr310-2.13.2.jar;C:\Users\suman\.m2\repository\org\apache\velocity\velocity-engine-core\2.3\velocity-engine-core-2.3.jar;C:\Users\suman\.m2\repository\commons-collections\commons-collections\3.2.2\commons-collections-3.2.2.jar;C:\Users\suman\.m2\repository\joda-time\joda-time\2.10.14\joda-time-2.10.14.jar;C:\Users\suman\.m2\repository\org\codehaus\plexus\plexus-utils\3.4.2\plexus-utils-3.4.2.jar;C:\Users\suman\.m2\repository\org\jsoup\jsoup\1.15.1\jsoup-1.15.1.jar;C:\Users\suman\.m2\repository\com\google\guava\guava\31.1-jre\guava-31.1-jre.jar;C:\Users\suman\.m2\repository\com\google\guava\failureaccess\1.0.1\failureaccess-1.0.1.jar;C:\Users\suman\.m2\repository\com\google\guava\listenablefuture\9999.0-empty-to-avoid-conflict-with-guava\listenablefuture-9999.0-empty-to-avoid-conflict-with-guava.jar;C:\Users\suman\.m2\repository\com\google\code\findbugs\jsr305\3.0.2\jsr305-3.0.2.jar;C:\Users\suman\.m2\repository\org\checkerframework\checker-qual\3.12.0\checker-qual-3.12.0.jar;C:\Users\suman\.m2\repository\com\google\errorprone\error_prone_annotations\2.11.0\error_prone_annotations-2.11.0.jar;C:\Users\suman\.m2\repository\com\google\j2objc\j2objc-annotations\1.3\j2objc-annotations-1.3.jar;C:\Users\suman\.m2\repository\com\googlecode\owasp-java-html-sanitizer\owasp-java-html-sanitizer\20211018.2\owasp-java-html-sanitizer-20211018.2.jar;C:\Users\suman\.m2\repository\commons-configuration\commons-configuration\1.10\commons-configuration-1.10.jar;C:\Users\suman\.m2\repository\commons-lang\commons-lang\2.6\commons-lang-2.6.jar;C:\Users\suman\.m2\repository\commons-logging\commons-logging\1.1.1\commons-logging-1.1.1.jar;C:\Users\suman\.m2\repository\org\hamcrest\hamcrest-core\2.2\hamcrest-core-2.2.jar;C:\Users\suman\.m2\repository\org\hamcrest\hamcrest\2.2\hamcrest-2.2.jar;C:\Users\suman\.m2\repository\io\cucumber\gherkin\23.0.1\gherkin-23.0.1.jar;C:\Users\suman\.m2\repository\io\cucumber\messages\18.0.0\messages-18.0.0.jar;C:\Users\suman\.m2\repository\org\seleniumhq\selenium\selenium-java\4.2.1\selenium-java-4.2.1.jar;C:\Users\suman\.m2\repository\org\seleniumhq\selenium\selenium-api\4.2.1\selenium-api-4.2.1.jar;C:\Users\suman\.m2\repository\org\seleniumhq\selenium\selenium-chrome-driver\4.2.1\selenium-chrome-driver-4.2.1.jar;C:\Users\suman\.m2\repository\com\google\auto\service\auto-service-annotations\1.0.1\auto-service-annotations-1.0.1.jar;C:\Users\suman\.m2\repository\com\google\auto\service\auto-service\1.0.1\auto-service-1.0.1.jar;C:\Users\suman\.m2\repository\com\google\auto\auto-common\1.2\auto-common-1.2.jar;C:\Users\suman\.m2\repository\org\seleniumhq\selenium\selenium-chromium-driver\4.2.1\selenium-chromium-driver-4.2.1.jar;C:\Users\suman\.m2\repository\org\seleniumhq\selenium\selenium-json\4.2.1\selenium-json-4.2.1.jar;C:\Users\suman\.m2\repository\org\seleniumhq\selenium\selenium-devtools-v100\4.2.1\selenium-devtools-v100-4.2.1.jar;C:\Users\suman\.m2\repository\org\seleniumhq\selenium\selenium-devtools-v101\4.2.1\selenium-devtools-v101-4.2.1.jar;C:\Users\suman\.m2\repository\org\seleniumhq\selenium\selenium-devtools-v102\4.2.1\selenium-devtools-v102-4.2.1.jar;C:\Users\suman\.m2\repository\org\seleniumhq\selenium\selenium-devtools-v85\4.2.1\selenium-devtools-v85-4.2.1.jar;C:\Users\suman\.m2\repository\org\seleniumhq\selenium\selenium-edge-driver\4.2.1\selenium-edge-driver-4.2.1.jar;C:\Users\suman\.m2\repository\org\seleniumhq\selenium\selenium-firefox-driver\4.2.1\selenium-firefox-driver-4.2.1.jar;C:\Users\suman\.m2\repository\org\seleniumhq\selenium\selenium-ie-driver\4.2.1\selenium-ie-driver-4.2.1.jar;C:\Users\suman\.m2\repository\org\seleniumhq\selenium\selenium-opera-driver\4.2.1\selenium-opera-driver-4.2.1.jar;C:\Users\suman\.m2\repository\org\seleniumhq\selenium\selenium-remote-driver\4.2.1\selenium-remote-driver-4.2.1.jar;C:\Users\suman\.m2\repository\io\netty\netty-buffer\4.1.77.Final\netty-buffer-4.1.77.Final.jar;C:\Users\suman\.m2\repository\io\netty\netty-codec-http\4.1.77.Final\netty-codec-http-4.1.77.Final.jar;C:\Users\suman\.m2\repository\io\netty\netty-codec\4.1.77.Final\netty-codec-4.1.77.Final.jar;C:\Users\suman\.m2\repository\io\netty\netty-handler\4.1.77.Final\netty-handler-4.1.77.Final.jar;C:\Users\suman\.m2\repository\io\netty\netty-common\4.1.77.Final\netty-common-4.1.77.Final.jar;C:\Users\suman\.m2\repository\io\netty\netty-transport-classes-epoll\4.1.77.Final\netty-transport-classes-epoll-4.1.77.Final.jar;C:\Users\suman\.m2\repository\io\netty\netty-transport-classes-kqueue\4.1.77.Final\netty-transport-classes-kqueue-4.1.77.Final.jar;C:\Users\suman\.m2\repository\io\netty\netty-transport-native-epoll\4.1.77.Final\netty-transport-native-epoll-4.1.77.Final.jar;C:\Users\suman\.m2\repository\io\netty\netty-transport-native-kqueue\4.1.77.Final\netty-transport-native-kqueue-4.1.77.Final.jar;C:\Users\suman\.m2\repository\io\netty\netty-transport-native-unix-common\4.1.77.Final\netty-transport-native-unix-common-4.1.77.Final.jar;C:\Users\suman\.m2\repository\io\netty\netty-transport\4.1.77.Final\netty-transport-4.1.77.Final.jar;C:\Users\suman\.m2\repository\io\netty\netty-resolver\4.1.77.Final\netty-resolver-4.1.77.Final.jar;C:\Users\suman\.m2\repository\io\opentelemetry\opentelemetry-api\1.14.0\opentelemetry-api-1.14.0.jar;C:\Users\suman\.m2\repository\io\opentelemetry\opentelemetry-context\1.14.0\opentelemetry-context-1.14.0.jar;C:\Users\suman\.m2\repository\io\opentelemetry\opentelemetry-exporter-logging\1.14.0\opentelemetry-exporter-logging-1.14.0.jar;C:\Users\suman\.m2\repository\io\opentelemetry\opentelemetry-sdk-metrics\1.14.0\opentelemetry-sdk-metrics-1.14.0.jar;C:\Users\suman\.m2\repository\io\opentelemetry\opentelemetry-sdk-logs\1.14.0-alpha\opentelemetry-sdk-logs-1.14.0-alpha.jar;C:\Users\suman\.m2\repository\io\opentelemetry\opentelemetry-sdk-common\1.14.0\opentelemetry-sdk-common-1.14.0.jar;C:\Users\suman\.m2\repository\io\opentelemetry\opentelemetry-sdk-extension-autoconfigure-spi\1.14.0\opentelemetry-sdk-extension-autoconfigure-spi-1.14.0.jar;C:\Users\suman\.m2\repository\io\opentelemetry\opentelemetry-sdk-extension-autoconfigure\1.14.0-alpha\opentelemetry-sdk-extension-autoconfigure-1.14.0-alpha.jar;C:\Users\suman\.m2\repository\io\opentelemetry\opentelemetry-sdk-trace\1.14.0\opentelemetry-sdk-trace-1.14.0.jar;C:\Users\suman\.m2\repository\io\opentelemetry\opentelemetry-sdk\1.14.0\opentelemetry-sdk-1.14.0.jar;C:\Users\suman\.m2\repository\io\opentelemetry\opentelemetry-semconv\1.14.0-alpha\opentelemetry-semconv-1.14.0-alpha.jar;C:\Users\suman\.m2\repository\io\ous\jtoml\2.0.0\jtoml-2.0.0.jar;C:\Users\suman\.m2\repository\net\bytebuddy\byte-buddy\1.12.10\byte-buddy-1.12.10.jar;C:\Users\suman\.m2\repository\org\apache\commons\commons-exec\1.3\commons-exec-1.3.jar;C:\Users\suman\.m2\repository\org\asynchttpclient\async-http-client\2.12.3\async-http-client-2.12.3.jar;C:\Users\suman\.m2\repository\org\asynchttpclient\async-http-client-netty-utils\2.12.3\async-http-client-netty-utils-2.12.3.jar;C:\Users\suman\.m2\repository\io\netty\netty-codec-socks\4.1.60.Final\netty-codec-socks-4.1.60.Final.jar;C:\Users\suman\.m2\repository\io\netty\netty-handler-proxy\4.1.60.Final\netty-handler-proxy-4.1.60.Final.jar;C:\Users\suman\.m2\repository\io\netty\netty-transport-native-epoll\4.1.60.Final\netty-transport-native-epoll-4.1.60.Final-linux-x86_64.jar;C:\Users\suman\.m2\repository\io\netty\netty-transport-native-kqueue\4.1.60.Final\netty-transport-native-kqueue-4.1.60.Final-osx-x86_64.jar;C:\Users\suman\.m2\repository\org\reactivestreams\reactive-streams\1.0.3\reactive-streams-1.0.3.jar;C:\Users\suman\.m2\repository\com\typesafe\netty\netty-reactive-streams\2.0.4\netty-reactive-streams-2.0.4.jar;C:\Users\suman\.m2\repository\com\sun\activation\jakarta.activation\1.2.2\jakarta.activation-1.2.2.jar;C:\Users\suman\.m2\repository\org\seleniumhq\selenium\selenium-http\4.2.1\selenium-http-4.2.1.jar;C:\Users\suman\.m2\repository\dev\failsafe\failsafe\3.2.4\failsafe-3.2.4.jar;C:\Users\suman\.m2\repository\org\seleniumhq\selenium\selenium-safari-driver\4.2.1\selenium-safari-driver-4.2.1.jar;C:\Users\suman\.m2\repository\org\seleniumhq\selenium\selenium-support\4.2.1\selenium-support-4.2.1.jar;C:\Users\suman\.m2\repository\io\github\bonigarcia\webdrivermanager\5.2.0\webdrivermanager-5.2.0.jar;C:\Users\suman\.m2\repository\com\google\code\gson\gson\2.9.0\gson-2.9.0.jar;C:\Users\suman\.m2\repository\com\github\docker-java\docker-java\3.2.13\docker-java-3.2.13.jar;C:\Users\suman\.m2\repository\com\github\docker-java\docker-java-core\3.2.13\docker-java-core-3.2.13.jar;C:\Users\suman\.m2\repository\com\github\docker-java\docker-java-api\3.2.13\docker-java-api-3.2.13.jar;C:\Users\suman\.m2\repository\org\apache\commons\commons-compress\1.21\commons-compress-1.21.jar;C:\Users\suman\.m2\repository\org\bouncycastle\bcpkix-jdk15on\1.64\bcpkix-jdk15on-1.64.jar;C:\Users\suman\.m2\repository\org\bouncycastle\bcprov-jdk15on\1.64\bcprov-jdk15on-1.64.jar;C:\Users\suman\.m2\repository\org\slf4j\jcl-over-slf4j\1.7.30\jcl-over-slf4j-1.7.30.jar;C:\Users\suman\.m2\repository\com\github\docker-java\docker-java-transport-httpclient5\3.2.13\docker-java-transport-httpclient5-3.2.13.jar;C:\Users\suman\.m2\repository\com\github\docker-java\docker-java-transport\3.2.13\docker-java-transport-3.2.13.jar;C:\Users\suman\.m2\repository\net\java\dev\jna\jna\5.8.0\jna-5.8.0.jar;C:\Users\suman\.m2\repository\org\brotli\dec\0.1.2\dec-0.1.2.jar;C:\Users\suman\.m2\repository\org\apache\httpcomponents\client5\httpclient5\5.1.3\httpclient5-5.1.3.jar;C:\Users\suman\.m2\repository\org\apache\httpcomponents\core5\httpcore5\5.1.3\httpcore5-5.1.3.jar;C:\Users\suman\.m2\repository\org\apache\httpcomponents\core5\httpcore5-h2\5.1.3\httpcore5-h2-5.1.3.jar;C:\Users\suman\.m2\repository\commons-codec\commons-codec\1.15\commons-codec-1.15.jar;C:\jdk-18\lib\tools-1.5.0.jar;C:\Users\suman\.m2\repository\commons-io\commons-io\2.11.0\commons-io-2.11.0.jar;C:\Users\suman\.m2\repository\org\apache\logging\log4j\log4j-core\2.17.2\log4j-core-2.17.2.jar;C:\Users\suman\.m2\repository\org\apache\logging\log4j\log4j-api\2.17.2\log4j-api-2.17.2.jar;C:\Users\suman\.m2\repository\org\testng\testng\7.4.0\testng-7.4.0.jar;C:\Users\suman\.m2\repository\com\beust\jcommander\1.78\jcommander-1.78.jar;C:\Users\suman\.m2\repository\org\webjars\jquery\3.5.1\jquery-3.5.1.jar;C:\Users\suman\.m2\repository\io\cucumber\cucumber-testng\7.3.4\cucumber-testng-7.3.4.jar;"/>
    <property name="sun.cpu.endian" value="little"/>
    <property name="user.home" value="C:\Users\suman"/>
    <property name="user.language" value="en"/>
    <property name="java.specification.vendor" value="Oracle Corporation"/>
    <property name="java.home" value="C:\Program Files (x86)\Java\jre1.8.0_341"/>
    <property name="basedir" value="C:\Users\suman\eclipse-workspace\SBDD_cucumber"/>
    <property name="file.separator" value="\"/>
    <property name="line.separator" value="&#10;"/>
    <property name="java.vm.specification.vendor" value="Oracle Corporation"/>
    <property name="java.specification.name" value="Java Platform API Specification"/>
    <property name="java.awt.graphicsenv" value="sun.awt.Win32GraphicsEnvironment"/>
    <property name="surefire.real.class.path" value="C:\Users\suman\AppData\Local\Temp\surefire4040521542352006599\surefirebooter-20220816101554667_3.jar"/>
    <property name="sun.boot.class.path" value="C:\Program Files (x86)\Java\jre1.8.0_341\lib\resources.jar;C:\Program Files (x86)\Java\jre1.8.0_341\lib\rt.jar;C:\Program Files (x86)\Java\jre1.8.0_341\lib\jsse.jar;C:\Program Files (x86)\Java\jre1.8.0_341\lib\jce.jar;C:\Program Files (x86)\Java\jre1.8.0_341\lib\charsets.jar;C:\Program Files (x86)\Java\jre1.8.0_341\lib\jfr.jar;C:\Program Files (x86)\Java\jre1.8.0_341\classes"/>
    <property name="user.script" value=""/>
    <property name="sun.management.compiler" value="HotSpot Client Compiler"/>
    <property name="java.runtime.version" value="1.8.0_341-b10"/>
    <property name="user.name" value="suman"/>
    <property name="path.separator" value=";"/>
    <property name="os.version" value="10.0"/>
    <property name="java.endorsed.dirs" value="C:\Program Files (x86)\Java\jre1.8.0_341\lib\endorsed"/>
    <property name="java.runtime.name" value="Java(TM) SE Runtime Environment"/>
    <property name="file.encoding" value="Cp1252"/>
    <property name="java.vm.name" value="Java HotSpot(TM) Client VM"/>
    <property name="localRepository" value="C:\Users\suman\.m2\repository"/>
    <property name="java.vendor.url.bug" value="http://bugreport.sun.com/bugreport/"/>
    <property name="java.io.tmpdir" value="C:\Users\suman\AppData\Local\Temp\"/>
    <property name="java.version" value="1.8.0_341"/>
    <property name="user.dir" value="C:\Users\suman\eclipse-workspace\SBDD_cucumber"/>
    <property name="os.arch" value="x86"/>
    <property name="java.vm.specification.name" value="Java Virtual Machine Specification"/>
    <property name="java.awt.printerjob" value="sun.awt.windows.WPrinterJob"/>
    <property name="sun.os.patch.level" value=""/>
    <property name="java.library.path" value="C:\Program Files (x86)\Java\jre1.8.0_341\bin;C:\WINDOWS\Sun\Java\bin;C:\WINDOWS\system32;C:\WINDOWS;C:\Program Files (x86)\VMware\VMware Player\bin\;C:\Program Files (x86)\apache-maven-3.8.6\bin;C:\Program Files (x86)\Common Files\Oracle\Java\javapath;C:\Python310\Scripts\;C:\Python310\;C:\WINDOWS\system32;C:\WINDOWS;C:\WINDOWS\System32\Wbem;C:\WINDOWS\System32\WindowsPowerShell\v1.0\;C:\WINDOWS\System32\OpenSSH\;C:\Program Files\nodejs\;C:\ProgramData\chocolatey\bin;C:\jdk-18;C:\Program Files (x86)\Java\jre1.8.0_321\bin;C:\Program Files (x86)\Git\cmd;C:\Users\suman\AppData\Local\Android\Sdk\tools;C:\Users\suman\AppData\Local\Android\Sdk\tools\bin;C:\Users\suman\AppData\Local\Android\Sdk\platform-tools;C:\Program Files\nodejs\node_modules\npm\bin;C:\Users\suman\.jenkins;C:\Users\suman\AppData\Local\Microsoft\WindowsApps;C:\Users\suman\AppData\Roaming\npm;C:\Users\suman\AppData\Local\Programs\Microsoft VS Code\bin;."/>
    <property name="java.vm.info" value="mixed mode, sharing"/>
    <property name="java.vendor" value="Oracle Corporation"/>
    <property name="java.vm.version" value="25.341-b10"/>
    <property name="java.ext.dirs" value="C:\Program Files (x86)\Java\jre1.8.0_341\lib\ext;C:\WINDOWS\Sun\Java\lib\ext"/>
    <property name="sun.io.unicode.encoding" value="UnicodeLittle"/>
    <property name="java.class.version" value="52.0"/>
  </properties>
  <testcase name="runScenario[&quot;Add New Customer&quot;, &quot;Customers&quot;](1)" classname="TestRunner.Run" time="29.087">
    <system-out><![CDATA[Setup-Sanity method executed..
[DEBUG] Removing resolution chrome=104 from cache (expired on Mon Aug 15 14:28:12 IST 2022)
[DEBUG] ex-0000000001 preparing request execution
[DEBUG] ex-0000000001 Cookie spec selected: strict
[DEBUG] ex-0000000001 Auth cache not set in the context
[DEBUG] ex-0000000001 target auth state: UNCHALLENGED
[DEBUG] ex-0000000001 proxy auth state: UNCHALLENGED
[DEBUG] ex-0000000001 acquiring connection with route {s}->https://raw.githubusercontent.com:443
[DEBUG] ex-0000000001 acquiring endpoint (3 MINUTES)
[DEBUG] ex-0000000001 endpoint lease request (3 MINUTES) [route: {s}->https://raw.githubusercontent.com:443][total available: 0; route allocated: 0 of 5; total allocated: 0 of 25]
[DEBUG] ex-0000000001 endpoint leased [route: {s}->https://raw.githubusercontent.com:443][total available: 0; route allocated: 1 of 5; total allocated: 1 of 25]
[DEBUG] ex-0000000001 acquired ep-0000000000
[DEBUG] ex-0000000001 acquired endpoint ep-0000000000
[DEBUG] ex-0000000001 opening connection {s}->https://raw.githubusercontent.com:443
[DEBUG] ep-0000000000 connecting endpoint (30 SECONDS)
[DEBUG] ep-0000000000 connecting endpoint to https://raw.githubusercontent.com:443 (30 SECONDS)
[DEBUG] http-outgoing-0 connecting to raw.githubusercontent.com/185.199.110.133:443
[DEBUG] Connecting socket to raw.githubusercontent.com/185.199.110.133:443 with timeout 30 SECONDS
[DEBUG] Enabled protocols: [TLSv1.3, TLSv1.2]
[DEBUG] Enabled cipher suites: [TLS_AES_256_GCM_SHA384, TLS_AES_128_GCM_SHA256, TLS_ECDHE_ECDSA_WITH_AES_256_GCM_SHA384, TLS_ECDHE_ECDSA_WITH_AES_128_GCM_SHA256, TLS_ECDHE_RSA_WITH_AES_256_GCM_SHA384, TLS_ECDHE_RSA_WITH_AES_128_GCM_SHA256, TLS_DHE_RSA_WITH_AES_256_GCM_SHA384, TLS_DHE_DSS_WITH_AES_256_GCM_SHA384, TLS_DHE_RSA_WITH_AES_128_GCM_SHA256, TLS_DHE_DSS_WITH_AES_128_GCM_SHA256, TLS_ECDHE_ECDSA_WITH_AES_256_CBC_SHA384, TLS_ECDHE_RSA_WITH_AES_256_CBC_SHA384, TLS_ECDHE_ECDSA_WITH_AES_128_CBC_SHA256, TLS_ECDHE_RSA_WITH_AES_128_CBC_SHA256, TLS_DHE_RSA_WITH_AES_256_CBC_SHA256, TLS_DHE_DSS_WITH_AES_256_CBC_SHA256, TLS_DHE_RSA_WITH_AES_128_CBC_SHA256, TLS_DHE_DSS_WITH_AES_128_CBC_SHA256, TLS_ECDH_ECDSA_WITH_AES_256_GCM_SHA384, TLS_ECDH_RSA_WITH_AES_256_GCM_SHA384, TLS_ECDH_ECDSA_WITH_AES_128_GCM_SHA256, TLS_ECDH_RSA_WITH_AES_128_GCM_SHA256, TLS_ECDH_ECDSA_WITH_AES_256_CBC_SHA384, TLS_ECDH_RSA_WITH_AES_256_CBC_SHA384, TLS_ECDH_ECDSA_WITH_AES_128_CBC_SHA256, TLS_ECDH_RSA_WITH_AES_128_CBC_SHA256, TLS_ECDHE_ECDSA_WITH_AES_256_CBC_SHA, TLS_ECDHE_RSA_WITH_AES_256_CBC_SHA, TLS_ECDHE_ECDSA_WITH_AES_128_CBC_SHA, TLS_ECDHE_RSA_WITH_AES_128_CBC_SHA, TLS_DHE_RSA_WITH_AES_256_CBC_SHA, TLS_DHE_DSS_WITH_AES_256_CBC_SHA, TLS_DHE_RSA_WITH_AES_128_CBC_SHA, TLS_DHE_DSS_WITH_AES_128_CBC_SHA, TLS_ECDH_ECDSA_WITH_AES_256_CBC_SHA, TLS_ECDH_RSA_WITH_AES_256_CBC_SHA, TLS_ECDH_ECDSA_WITH_AES_128_CBC_SHA, TLS_ECDH_RSA_WITH_AES_128_CBC_SHA, TLS_RSA_WITH_AES_256_GCM_SHA384, TLS_RSA_WITH_AES_128_GCM_SHA256, TLS_RSA_WITH_AES_256_CBC_SHA256, TLS_RSA_WITH_AES_128_CBC_SHA256, TLS_RSA_WITH_AES_256_CBC_SHA, TLS_RSA_WITH_AES_128_CBC_SHA, TLS_EMPTY_RENEGOTIATION_INFO_SCSV]
[DEBUG] Starting handshake
[DEBUG] Secure session established
[DEBUG]  negotiated protocol: TLSv1.3
[DEBUG]  negotiated cipher suite: TLS_AES_256_GCM_SHA384
[DEBUG]  peer principal: CN=*.github.io, O="GitHub, Inc.", L=San Francisco, ST=California, C=US
[DEBUG]  peer alternative names: [*.github.io, github.com, *.github.com, www.github.com, github.io, githubusercontent.com, *.githubusercontent.com]
[DEBUG]  issuer principal: CN=DigiCert TLS RSA SHA256 2020 CA1, O=DigiCert Inc, C=US
[DEBUG] http-outgoing-0 connection established 192.168.0.251:56705<->185.199.110.133:443
[DEBUG] ep-0000000000 connected http-outgoing-0
[DEBUG] ep-0000000000 endpoint connected
[DEBUG] ex-0000000001 executing GET /bonigarcia/webdrivermanager/master/src/main/resources/commands.properties HTTP/1.1
[DEBUG] ep-0000000000 start execution ex-0000000001
[DEBUG] ep-0000000000 executing exchange ex-0000000001 over http-outgoing-0
[DEBUG] http-outgoing-0 >> GET /bonigarcia/webdrivermanager/master/src/main/resources/commands.properties HTTP/1.1
[DEBUG] http-outgoing-0 >> user-agent: Apache-HttpClient/5.0
[DEBUG] http-outgoing-0 >> accept-encoding: gzip, deflate, br
[DEBUG] http-outgoing-0 >> cache-control: max-age=0
[DEBUG] http-outgoing-0 >> connection: keep-alive
[DEBUG] http-outgoing-0 >> Host: raw.githubusercontent.com
[DEBUG] http-outgoing-0 >> "GET /bonigarcia/webdrivermanager/master/src/main/resources/commands.properties HTTP/1.1[\r][\n]"
[DEBUG] http-outgoing-0 >> "user-agent: Apache-HttpClient/5.0[\r][\n]"
[DEBUG] http-outgoing-0 >> "accept-encoding: gzip, deflate, br[\r][\n]"
[DEBUG] http-outgoing-0 >> "cache-control: max-age=0[\r][\n]"
[DEBUG] http-outgoing-0 >> "connection: keep-alive[\r][\n]"
[DEBUG] http-outgoing-0 >> "Host: raw.githubusercontent.com[\r][\n]"
[DEBUG] http-outgoing-0 >> "[\r][\n]"
[DEBUG] http-outgoing-0 << "HTTP/1.1 200 OK[\r][\n]"
[DEBUG] http-outgoing-0 << "Connection: keep-alive[\r][\n]"
[DEBUG] http-outgoing-0 << "Content-Length: 723[\r][\n]"
[DEBUG] http-outgoing-0 << "Cache-Control: max-age=300[\r][\n]"
[DEBUG] http-outgoing-0 << "Content-Security-Policy: default-src 'none'; style-src 'unsafe-inline'; sandbox[\r][\n]"
[DEBUG] http-outgoing-0 << "Content-Type: text/plain; charset=utf-8[\r][\n]"
[DEBUG] http-outgoing-0 << "ETag: W/"e82b438271e9e8680c688b0b680efd0bdd22faa6d6f0a32fc1fd8accc486b67e"[\r][\n]"
[DEBUG] http-outgoing-0 << "Strict-Transport-Security: max-age=31536000[\r][\n]"
[DEBUG] http-outgoing-0 << "X-Content-Type-Options: nosniff[\r][\n]"
[DEBUG] http-outgoing-0 << "X-Frame-Options: deny[\r][\n]"
[DEBUG] http-outgoing-0 << "X-XSS-Protection: 1; mode=block[\r][\n]"
[DEBUG] http-outgoing-0 << "X-GitHub-Request-Id: EADA:31DC:45BCB:833CF:62FAAF4F[\r][\n]"
[DEBUG] http-outgoing-0 << "Content-Encoding: gzip[\r][\n]"
[DEBUG] http-outgoing-0 << "Accept-Ranges: bytes[\r][\n]"
[DEBUG] http-outgoing-0 << "Date: Tue, 16 Aug 2022 04:45:59 GMT[\r][\n]"
[DEBUG] http-outgoing-0 << "Via: 1.1 varnish[\r][\n]"
[DEBUG] http-outgoing-0 << "X-Served-By: cache-hyd1100034-HYD[\r][\n]"
[DEBUG] http-outgoing-0 << "X-Cache: HIT[\r][\n]"
[DEBUG] http-outgoing-0 << "X-Cache-Hits: 3[\r][\n]"
[DEBUG] http-outgoing-0 << "X-Timer: S1660625160.721742,VS0,VE0[\r][\n]"
[DEBUG] http-outgoing-0 << "Vary: Authorization,Accept-Encoding,Origin[\r][\n]"
[DEBUG] http-outgoing-0 << "Access-Control-Allow-Origin: *[\r][\n]"
[DEBUG] http-outgoing-0 << "X-Fastly-Request-ID: 592f7d25f1e374d7524608eb437e309045776c7e[\r][\n]"
[DEBUG] http-outgoing-0 << "Expires: Tue, 16 Aug 2022 04:50:59 GMT[\r][\n]"
[DEBUG] http-outgoing-0 << "Source-Age: 100[\r][\n]"
[DEBUG] http-outgoing-0 << "[\r][\n]"
[DEBUG] http-outgoing-0 << HTTP/1.1 200 OK
[DEBUG] http-outgoing-0 << Connection: keep-alive
[DEBUG] http-outgoing-0 << Content-Length: 723
[DEBUG] http-outgoing-0 << Cache-Control: max-age=300
[DEBUG] http-outgoing-0 << Content-Security-Policy: default-src 'none'; style-src 'unsafe-inline'; sandbox
[DEBUG] http-outgoing-0 << Content-Type: text/plain; charset=utf-8
[DEBUG] http-outgoing-0 << ETag: W/"e82b438271e9e8680c688b0b680efd0bdd22faa6d6f0a32fc1fd8accc486b67e"
[DEBUG] http-outgoing-0 << Strict-Transport-Security: max-age=31536000
[DEBUG] http-outgoing-0 << X-Content-Type-Options: nosniff
[DEBUG] http-outgoing-0 << X-Frame-Options: deny
[DEBUG] http-outgoing-0 << X-XSS-Protection: 1; mode=block
[DEBUG] http-outgoing-0 << X-GitHub-Request-Id: EADA:31DC:45BCB:833CF:62FAAF4F
[DEBUG] http-outgoing-0 << Content-Encoding: gzip
[DEBUG] http-outgoing-0 << Accept-Ranges: bytes
[DEBUG] http-outgoing-0 << Date: Tue, 16 Aug 2022 04:45:59 GMT
[DEBUG] http-outgoing-0 << Via: 1.1 varnish
[DEBUG] http-outgoing-0 << X-Served-By: cache-hyd1100034-HYD
[DEBUG] http-outgoing-0 << X-Cache: HIT
[DEBUG] http-outgoing-0 << X-Cache-Hits: 3
[DEBUG] http-outgoing-0 << X-Timer: S1660625160.721742,VS0,VE0
[DEBUG] http-outgoing-0 << Vary: Authorization,Accept-Encoding,Origin
[DEBUG] http-outgoing-0 << Access-Control-Allow-Origin: *
[DEBUG] http-outgoing-0 << X-Fastly-Request-ID: 592f7d25f1e374d7524608eb437e309045776c7e
[DEBUG] http-outgoing-0 << Expires: Tue, 16 Aug 2022 04:50:59 GMT
[DEBUG] http-outgoing-0 << Source-Age: 100
[DEBUG] ex-0000000001 connection can be kept alive for 3 MINUTES
[DEBUG] http-outgoing-0 << "[0x1f][0xffffff8b][0x8][0x0][0x0][0x0][0x0][0x0][0x0][0x3][0xffffffb5]V]o[0xffffffda]0[0x14]}[0xffffffe7]W\[0xffffff81]*[0xffffffb5][0x12][0x1f][[M[0xffffffd3]$[0x1e]hF[0xffffffbb]i [0x18][0xffffffb4][0xffffffdd]&[0xfffffff9][0xffffffc5]$7[0xffffffc1]R[0x12]#;[0xffffff94]v[0xffffffbf]~[0xffffffb6][0xfffffff3]1[0xffffff92][0xffffff9a][0xffffffc1][0x1a]x[0xffffffcb][0xffffffb5][0xffffffaf][0xffffffcf]9[0xffffffbe][0xfffffff7]8v[0xb][0x1c][0x1e]E4[0xfffffff6]$x4[0xffffffa1][0xb]*[0xffffffb1][0xffffffd1][0xffffff82][0xfffffffb]%[0xffffff93][0xffffffe0][0xffffffb3][0x10][0xffffffc1][0xffffffe5]qBY,!Y[0xffffffea] KM8,[0x10][0xfffffff0][0x19][0xffffffdd]u[0xffffff82][0x1e][0xffffffb0][0xffffffd8]L[0xffffffcb]%[0xffffff86][0xffffffa1][0xe][0xffffffb8][0xfffffff0]P[0xffffffe8]$[0xf][0x13]t[0x13]3[0xfffffff9][0xffffff84]B2[0xffffffae][0xffffffe6]|@[0xfffffff5][0x1d][0x8][0xffffffc4][0x18][0x16][0xffffff82]o[0xffffffa4][0xffffff9a]P[0xffffff94][0xffffffe7][0xffffffce]R[0xfffffff0][0x8][0xffffffdb]p[0xffffffcb][0x4][0xfffffffa][0xfffffffc][0xffffffb9][\r][0xffffff93][0x15][\n]"
[DEBUG] http-outgoing-0 << "[0xffffffda][0xffffff86][0xffffffa1][0x17][0xffffffa8]Q3[0xffffffcb][0xffffffd6][0xffffffd1][0xffffff85][0xffffffc6][0xfffffff7][0xffffff98][0xffffffef][0xffffffa3][0xffffffc0]8[0x1][0xffffffae]s[0x12][0x16][0x7] _d[0xffffff82][0xffffff91][0xffffff84][0xfffffff3][0x1f],[0xfffffff6][0x14]j[0x1b]F,^+[0xffffff98]1ua2[0xffffffbf]h([0xffffff8e][0xffffff94][0xffffffa2][0xffffff91]m[0xffffffa3][0xffffffeb][0xffffff9a][0xffffffb0][0xffffffbb]I[0x17]t[0xffffffdf][0xffffffbd][0xffffffef][0xffffffbb][0xffffff91][0xffffffd7]U[0xffffffbb][0xffffff82][0xffffff9e][0x3][0xffffff9b][0xffffff88][0xffffffb9][0xffffffa6]$[0xffffffa6][0xc][0xffffff9b][0xffffffa5][0xffffffe2][0xffffff83][0xffffff98]F[0xffffffd8]o[0xffffff9e]Mg[0xffffff93][0xffffffbb][0xffffffd9]`|[0xfffffffb]u4[0xffffff9c][0x7f]"}B[0xffffffce][0x8][0xffffffb9][0xffffffe3]<[0x8][0xffffff91][0xffffff90][0xffffff94][0xffffff82][0xffffff90][0xffffffc1]j[0x15]2WI[0xffffffe3]1![0x19][0xffffff91]BnB[0xffffff80][0x9]<f[0xffffffb5][0xffffffe8]=[0xffffffd1]p[0xffffffbd][[0xffffffcf][0xffffffe5][0x1b][0xfffffff4][0xffffff9c][0xffffffff][0xfffffffc][0xfffffff8][0xffffffe1][0xffffffe2][0xffffff94][0xffffffa2][0xffffffae][0xe][0x14]5[0xffffff9a]8[0xffffff83][0xffffffd1]`:[0xfffffffd]<[0xffffffb8][0x1f][0xffffff9c]R[0xffffffcf]u[0x7f]6[0xffffffbc][0xffffff83][0xffffffef][0xf][0xffffffc3][0xffffffd9]/[0xfffffff8][0xfffffff2][0xffffffcd]y s[0xffffffee]'[0x1b]*0g[0xffffffcb][0xffffffc8]nF7H][0xffffff83][0xffffff97]{[0xffffffb1]Q[0x5][\r][0xffffffb5]c[0xffffffb4][0xf][0x2][0xffffffb3][0xffffffb4][0xffffff93][0xe]C[0xffffffa7][0xffffffb3]kAD][0xffffff9d][0xffffffde][0xffffffdb][0xffffffda][0xffffff88][0xffffffec][0xffffffa5][0xffffffbc][0xffffff99][0xffffffd9][0xffffffba]t[0xffffffb5][0xffffffea]9[0xffffffea][0x10])[0xffffffb7][0xffffffca][0xffffff9e][0xfffffff2][0xffffffe2]d^N[0xffffffd8]FW[0x16][0xffffffcd][0xffffffdc]_[0x10][0xfffffff9]i|[0x1c][0xffffff93][0xffffff8e][0xfffffff9]o[0x16][0xffffff86]4'!$G[0xffffffdf]W[0xfffffff4]W*j[[0xfffffff3]xR[0xffffffae][0xffffffb6][0xc][0xffffffd0],; #[0xffffffa9][0xffffff92]5[0xffffffb5][0x7][0xffffff9c][0xffffffb5][0xffffffd0][0x7f][0xffffff90][0xffffffc7]jgs[0xfffffffc][0xffffffc2][0xb][0xffffffd9][0x0]t[0xffffff9e]^'Y[0xfffffffb][0xffffff9f][0xffffffb1][0xffffffd8]:[0xffffffbf][0xffffff8d][0xffffffa5][0xffffff9a][0xffffffad][0x7f]m[0x5]&[0xffffffaa][0xffffffa0]^[0xffffff9b][0xffffffcb][0x5]f[0xffffffae][0xffffffe0]RU[0xffffff82][0x10]MS9l[0xffffff91]4t[0xfffffffb][0xffffff8a]][0xffffffd6][0xfffffff4][0xffffff96][0xffffffa6][0xffffff9f]P[0xffffffce][0xffffffd5][0xffffffce][0xffffff93][0xffffffff][0xffffff97][0xffffffcc]p[0xfffffffd][0xfffffff3][0xffffffe8][0x1b][0xffffffcc][0xffffffa2][0xffffffd9]Q[0xffffffbe][0xffffffb2][0xffffffa3][0xffffffc7]m'[0xffffffdf][0xffffffe4][[0xfffffffb]^[0xffffffb0][0xffffff9a][0xffffffbe][0xffffffda][0xffffffda]_[0xffffffce][0xffffff80][0xffffffd2][0xffffffc1]7[0xffffffb7]][0xffffffc1]b[0xffffffee][0xffffffb5][0xffffffff]w[0xffffff83][0xffffffed][0xffffffa7];[0x15]<[0x10]4[0xffffff92][0xffffff84][0x18][\n]"
[DEBUG] http-outgoing-0 << "BB[0xffffffba][0xffffff8e]][0xffffffb5]jo[0xffffffb9]+"[0xffffffea][0xffffffb4][0xffffffff]h"[0xffffffea]\?5[0xffffffa9][0xffffffaf]k[0xffffffec][0xffffffff]P[0xffffffea][\n]"
[DEBUG] http-outgoing-0 << "w[0xffffffe1]K[0x13][0xffffffda][0xffffffec][0xffffff98][0xffffffe6]Y[0xfffffffd]h8m6[0xffffff9c]T[0xffffffc1][0xfffffff2][0xffffffa7][0xffffff91]z_[0xffffff95]o85p[0x1c][0x13][0xffffffe6][0xfffffff0]5[0xffffffee][0xfffffffc][0xffffff92][0xffffff96][0xffffffda][0xfffffff7][0xffffffcf][0xffffffb1][0x5][0x1d][0xffffffea]K[0xffffff9b]9[0xffffff8e][0xffffffad]e[0xfffffff7][0xffffff93][0xffffffa8]`[0xffffffda][0xffffffff][0x1a][0xffffffd2][0xffffff88][0xffffff85][0xfffffffd][0xfffffff2][0xffffff91]N[0xfffffff6]`[0xffffffdf]2[0xffffffcf][0xffffffae]E[0xffffff97][0xffffffc5][0xffffffa2][0xffffff9d][0xffffffef]'[0xffffff9d]mun.[0xffffffd3]f^[0xffffffc7][0xffffff82][0xffffffda][0xffffff82]9[0xfffffff5][0xffffffa9]`[0x5][0xffffffbc]4[0xffffffa1][0x1d]<M[0xffffffb5]A[0xffffffa7]3[[0xffffffc0][0x7f][0x0][0xffffffc1][0xffffffd0]$[0xffffff85][0x1d][\r][0x0][0x0]"
[DEBUG] ep-0000000000 releasing valid endpoint
[DEBUG] ep-0000000000 releasing endpoint
[DEBUG] ep-0000000000 connection http-outgoing-0 can be kept alive for 3 MINUTES
[DEBUG] ep-0000000000 connection released [route: {s}->https://raw.githubusercontent.com:443][total available: 1; route allocated: 1 of 5; total allocated: 1 of 25]
[DEBUG] Detecting chrome version using online commands.properties
[DEBUG] Running command on the shell: [cmd.exe, /C, wmic, datafile, where, name="%PROGRAMFILES:\=\\%\\Google\\Chrome\\Application\\chrome.exe", get, Version, /value]
[DEBUG] Result: 
[DEBUG] Running command on the shell: [cmd.exe, /C, wmic, datafile, where, name="%PROGRAMFILES(X86):\=\\%\\Google\\Chrome\\Application\\chrome.exe", get, Version, /value]
[DEBUG] Result: 
[DEBUG] Running command on the shell: [cmd.exe, /C, wmic, datafile, where, name="%LOCALAPPDATA:\=\\%\\Google\\Chrome\\Application\\chrome.exe", get, Version, /value]
[DEBUG] Result: 
[DEBUG] Running command on the shell: [REG, QUERY, HKCU\Software\Google\Chrome\BLBeacon, /v, version]
[DEBUG] Result: HKEY_CURRENT_USER\Software\Google\Chrome\BLBeacon
    version    REG_SZ    104.0.5112.81
[DEBUG] Resolution chrome104=104.0.5112.79 in cache (valid until 13:28:12 16/08/2022 IST)
[INFO] Using chromedriver 104.0.5112.79 (resolved driver for Chrome 104)
[DEBUG] Storing resolution chrome=104 in cache (valid until 11:15:59 16/08/2022 IST)
[DEBUG] Driver chromedriver 104.0.5112.79 found in cache
[INFO] Exporting webdriver.chrome.driver as C:\Users\suman\.cache\selenium\chromedriver\win32\104.0.5112.79\chromedriver.exe
[DEBUG] Using SLF4J as the default logging framework
[DEBUG] -Dio.netty.leakDetection.level: simple
[DEBUG] -Dio.netty.leakDetection.targetRecords: 4
[DEBUG] Loaded default ResourceLeakDetector: io.netty.util.ResourceLeakDetector@d4f190
[DEBUG] -Dio.netty.noUnsafe: false
[DEBUG] Java version: 8
[DEBUG] sun.misc.Unsafe.theUnsafe: available
[DEBUG] sun.misc.Unsafe.copyMemory: available
[DEBUG] sun.misc.Unsafe.storeFence: available
[DEBUG] java.nio.Buffer.address: available
[DEBUG] direct buffer constructor: available
[DEBUG] java.nio.Bits.unaligned: available, true
[DEBUG] jdk.internal.misc.Unsafe.allocateUninitializedArray(int): unavailable prior to Java9
[DEBUG] java.nio.DirectByteBuffer.<init>(long, int): available
[DEBUG] sun.misc.Unsafe: available
[DEBUG] -Dio.netty.tmpdir: C:\Users\suman\AppData\Local\Temp (java.io.tmpdir)
[DEBUG] -Dio.netty.bitMode: 32 (sun.arch.data.model)
[DEBUG] Platform: Windows
[DEBUG] -Dio.netty.maxDirectMemory: 259522560 bytes
[DEBUG] -Dio.netty.uninitializedArrayAllocationThreshold: -1
[DEBUG] java.nio.ByteBuffer.cleaner(): available
[DEBUG] -Dio.netty.noPreferDirect: false
[DEBUG] org.jctools-core.MpscChunkedArrayQueue: available
[DEBUG] -Dio.netty.threadLocalMap.stringBuilder.initialSize: 1024
[DEBUG] -Dio.netty.threadLocalMap.stringBuilder.maxSize: 4096
[DEBUG] Default protocols (JDK): [TLSv1.3, TLSv1.2] 
[DEBUG] Default cipher suites (JDK): [TLS_ECDHE_ECDSA_WITH_AES_256_GCM_SHA384, TLS_ECDHE_ECDSA_WITH_AES_128_GCM_SHA256, TLS_ECDHE_RSA_WITH_AES_128_GCM_SHA256, TLS_ECDHE_RSA_WITH_AES_256_GCM_SHA384, TLS_ECDHE_RSA_WITH_AES_128_CBC_SHA, TLS_ECDHE_RSA_WITH_AES_256_CBC_SHA, TLS_RSA_WITH_AES_128_GCM_SHA256, TLS_RSA_WITH_AES_128_CBC_SHA, TLS_RSA_WITH_AES_256_CBC_SHA, TLS_AES_128_GCM_SHA256, TLS_AES_256_GCM_SHA384]
[DEBUG] -Dio.netty.eventLoopThreads: 8
[DEBUG] -Dio.netty.noKeySetOptimization: false
[DEBUG] -Dio.netty.selectorAutoRebuildThreshold: 512
[DEBUG] -Dio.netty.allocator.numHeapArenas: 8
[DEBUG] -Dio.netty.allocator.numDirectArenas: 8
[DEBUG] -Dio.netty.allocator.pageSize: 8192
[DEBUG] -Dio.netty.allocator.maxOrder: 9
[DEBUG] -Dio.netty.allocator.chunkSize: 4194304
[DEBUG] -Dio.netty.allocator.smallCacheSize: 256
[DEBUG] -Dio.netty.allocator.normalCacheSize: 64
[DEBUG] -Dio.netty.allocator.maxCachedBufferCapacity: 32768
[DEBUG] -Dio.netty.allocator.cacheTrimInterval: 8192
[DEBUG] -Dio.netty.allocator.cacheTrimIntervalMillis: 0
[DEBUG] -Dio.netty.allocator.useCacheForAllThreads: false
[DEBUG] -Dio.netty.allocator.maxCachedByteBuffersPerChunk: 1023
[DEBUG] -Dio.netty.allocator.type: pooled
[DEBUG] -Dio.netty.threadLocalDirectBufferSize: 0
[DEBUG] -Dio.netty.maxThreadLocalCharBufferSize: 16384
[DEBUG] -Dio.netty.processId: 2104 (auto-detected)
[DEBUG] -Djava.net.preferIPv4Stack: false
[DEBUG] -Djava.net.preferIPv6Addresses: false
[DEBUG] Loopback interface: lo (Software Loopback Interface 1, 127.0.0.1)
[DEBUG] Failed to get SOMAXCONN from sysctl and file \proc\sys\net\core\somaxconn. Default: 200
[DEBUG] -Dio.netty.machineId: 00:50:56:ff:fe:c0:00:08 (auto-detected)
[DEBUG] -Dio.netty.buffer.checkAccessible: true
[DEBUG] -Dio.netty.buffer.checkBounds: true
[DEBUG] Loaded default ResourceLeakDetector: io.netty.util.ResourceLeakDetector@104349d
[DEBUG] Using new Channel '[id: 0x52b54867, L:/127.0.0.1:56751 - R:localhost/127.0.0.1:61370]' for 'POST' to '/session'
[DEBUG] -Dio.netty.recycler.maxCapacityPerThread: 4096
[DEBUG] -Dio.netty.recycler.ratio: 8
[DEBUG] -Dio.netty.recycler.chunkSize: 32
[DEBUG] -Dio.netty.recycler.blocking: false
[DEBUG] brotli4j not in the classpath; Brotli support will be unavailable.
[DEBUG] 

Request DefaultHttpRequest(decodeResult: success, version: HTTP/1.1)
POST /session HTTP/1.1
User-Agent: selenium/4.2.1 (java windows)
Content-Length: 365
Content-Type: application/json; charset=utf-8
host: localhost:61370
accept: */*

Response DefaultHttpResponse(decodeResult: success, version: HTTP/1.1)
HTTP/1.1 200 OK
Content-Type: application/json; charset=utf-8
cache-control: no-cache
content-length: 789

[DEBUG] Adding key: http://localhost:61370 for channel [id: 0x52b54867, L:/127.0.0.1:56751 - R:localhost/127.0.0.1:61370]
[DEBUG] Using new Channel '[id: 0x464c2dd2, L:/127.0.0.1:56768 - R:localhost/127.0.0.1:56753]' for 'GET' to '/json/version'
[DEBUG] 

Request DefaultFullHttpRequest(decodeResult: success, version: HTTP/1.1, content: EmptyByteBufBE)
GET /json/version HTTP/1.1
User-Agent: selenium/4.2.1 (java windows)
host: localhost:56753
accept: */*

Response DefaultHttpResponse(decodeResult: success, version: HTTP/1.1)
HTTP/1.1 200 OK
Content-Type: application/json; charset=UTF-8
content-length: 427

[DEBUG] Adding key: http://localhost:56753 for channel [id: 0x464c2dd2, L:/127.0.0.1:56768 - R:localhost/127.0.0.1:56753]
[DEBUG] -Dio.netty.initialSeedUniquifier: 0xe45eefd6c7eb5267
[DEBUG] Using new Channel '[id: 0x241f6b3d, L:/127.0.0.1:56769 - R:localhost/127.0.0.1:56753]' for 'GET' to '/devtools/browser/20718b9b-0361-444b-8c40-2e9f4e749502'
[DEBUG] 

Request DefaultFullHttpRequest(decodeResult: success, version: HTTP/1.1, content: EmptyByteBufBE)
GET /devtools/browser/20718b9b-0361-444b-8c40-2e9f4e749502 HTTP/1.1
upgrade: websocket
connection: upgrade
sec-websocket-key: 4RHqomGcl6BRX1r9o5B6UA==
sec-websocket-version: 13
origin: http://localhost:56753
host: localhost:56753
accept: */*
user-agent: AHC/2.1

Response DefaultHttpResponse(decodeResult: success, version: HTTP/1.1)
HTTP/1.1 101 WebSocket Protocol Handshake
Upgrade: WebSocket
Connection: Upgrade
Sec-WebSocket-Accept: B/lSLqNv0xHhlxzdSMLfYW79v9k=

[DEBUG] Entry count for : http://localhost:61370 : 1
[DEBUG] Entry count for : http://localhost:56753 : 1
[DEBUG] Using pooled Channel '[id: 0x52b54867, L:/127.0.0.1:56751 - R:localhost/127.0.0.1:61370]' for 'POST' to 'http://localhost:61370/session/32ee02a162a20017acab80c5d95bbf6a/window/maximize'
[DEBUG] Using open Channel [id: 0x52b54867, L:/127.0.0.1:56751 - R:localhost/127.0.0.1:61370] for POST '/session/32ee02a162a20017acab80c5d95bbf6a/window/maximize'
[DEBUG] 

Request DefaultHttpRequest(decodeResult: success, version: HTTP/1.1)
POST /session/32ee02a162a20017acab80c5d95bbf6a/window/maximize HTTP/1.1
User-Agent: selenium/4.2.1 (java windows)
Content-Length: 3
Content-Type: application/json; charset=utf-8
host: localhost:61370
accept: */*

Response DefaultHttpResponse(decodeResult: success, version: HTTP/1.1)
HTTP/1.1 200 OK
Content-Type: application/json; charset=utf-8
cache-control: no-cache
content-length: 51

[DEBUG] Adding key: http://localhost:61370 for channel [id: 0x52b54867, L:/127.0.0.1:56751 - R:localhost/127.0.0.1:61370]
[FATAL] 2022-08-16 10:16:04.333 [TestNG-test=Surefire test-1] StepDef - Setup1 executed...
[INFO ] 2022-08-16 10:16:04.390 [TestNG-test=Surefire test-1] StepDef - chrome browser launched
[DEBUG] Using pooled Channel '[id: 0x52b54867, L:/127.0.0.1:56751 - R:localhost/127.0.0.1:61370]' for 'POST' to 'http://localhost:61370/session/32ee02a162a20017acab80c5d95bbf6a/url'
[DEBUG] Using open Channel [id: 0x52b54867, L:/127.0.0.1:56751 - R:localhost/127.0.0.1:61370] for POST '/session/32ee02a162a20017acab80c5d95bbf6a/url'
[DEBUG] Entry count for : http://localhost:56753 : 1
[DEBUG] Entry count for : http://localhost:56753 : 1
[DEBUG] Entry count for : http://localhost:56753 : 1
[DEBUG] Entry count for : http://localhost:56753 : 1
[DEBUG] Entry count for : http://localhost:56753 : 1
[DEBUG] 

Request DefaultHttpRequest(decodeResult: success, version: HTTP/1.1)
POST /session/32ee02a162a20017acab80c5d95bbf6a/url HTTP/1.1
User-Agent: selenium/4.2.1 (java windows)
Content-Length: 69
Content-Type: application/json; charset=utf-8
host: localhost:61370
accept: */*

Response DefaultHttpResponse(decodeResult: success, version: HTTP/1.1)
HTTP/1.1 200 OK
Content-Type: application/json; charset=utf-8
cache-control: no-cache
content-length: 14

[DEBUG] Adding key: http://localhost:61370 for channel [id: 0x52b54867, L:/127.0.0.1:56751 - R:localhost/127.0.0.1:61370]
[INFO ] 2022-08-16 10:16:09.850 [TestNG-test=Surefire test-1] StepDef - url opened
[DEBUG] Using pooled Channel '[id: 0x52b54867, L:/127.0.0.1:56751 - R:localhost/127.0.0.1:61370]' for 'POST' to 'http://localhost:61370/session/32ee02a162a20017acab80c5d95bbf6a/element'
[DEBUG] Using open Channel [id: 0x52b54867, L:/127.0.0.1:56751 - R:localhost/127.0.0.1:61370] for POST '/session/32ee02a162a20017acab80c5d95bbf6a/element'
[DEBUG] 

Request DefaultHttpRequest(decodeResult: success, version: HTTP/1.1)
POST /session/32ee02a162a20017acab80c5d95bbf6a/element HTTP/1.1
User-Agent: selenium/4.2.1 (java windows)
Content-Length: 50
Content-Type: application/json; charset=utf-8
host: localhost:61370
accept: */*

Response DefaultHttpResponse(decodeResult: success, version: HTTP/1.1)
HTTP/1.1 200 OK
Content-Type: application/json; charset=utf-8
cache-control: no-cache
content-length: 88

[DEBUG] Adding key: http://localhost:61370 for channel [id: 0x52b54867, L:/127.0.0.1:56751 - R:localhost/127.0.0.1:61370]
[DEBUG] Using pooled Channel '[id: 0x52b54867, L:/127.0.0.1:56751 - R:localhost/127.0.0.1:61370]' for 'POST' to 'http://localhost:61370/session/32ee02a162a20017acab80c5d95bbf6a/element/15eef222-9bd0-4c71-8d07-0e9e1ed3ff6c/clear'
[DEBUG] Using open Channel [id: 0x52b54867, L:/127.0.0.1:56751 - R:localhost/127.0.0.1:61370] for POST '/session/32ee02a162a20017acab80c5d95bbf6a/element/15eef222-9bd0-4c71-8d07-0e9e1ed3ff6c/clear'
[DEBUG] 

Request DefaultHttpRequest(decodeResult: success, version: HTTP/1.1)
POST /session/32ee02a162a20017acab80c5d95bbf6a/element/15eef222-9bd0-4c71-8d07-0e9e1ed3ff6c/clear HTTP/1.1
User-Agent: selenium/4.2.1 (java windows)
Content-Length: 50
Content-Type: application/json; charset=utf-8
host: localhost:61370
accept: */*

Response DefaultHttpResponse(decodeResult: success, version: HTTP/1.1)
HTTP/1.1 200 OK
Content-Type: application/json; charset=utf-8
cache-control: no-cache
content-length: 14

[DEBUG] Adding key: http://localhost:61370 for channel [id: 0x52b54867, L:/127.0.0.1:56751 - R:localhost/127.0.0.1:61370]
[DEBUG] Using pooled Channel '[id: 0x52b54867, L:/127.0.0.1:56751 - R:localhost/127.0.0.1:61370]' for 'POST' to 'http://localhost:61370/session/32ee02a162a20017acab80c5d95bbf6a/element'
[DEBUG] Using open Channel [id: 0x52b54867, L:/127.0.0.1:56751 - R:localhost/127.0.0.1:61370] for POST '/session/32ee02a162a20017acab80c5d95bbf6a/element'
[DEBUG] 

Request DefaultHttpRequest(decodeResult: success, version: HTTP/1.1)
POST /session/32ee02a162a20017acab80c5d95bbf6a/element HTTP/1.1
User-Agent: selenium/4.2.1 (java windows)
Content-Length: 50
Content-Type: application/json; charset=utf-8
host: localhost:61370
accept: */*

Response DefaultHttpResponse(decodeResult: success, version: HTTP/1.1)
HTTP/1.1 200 OK
Content-Type: application/json; charset=utf-8
cache-control: no-cache
content-length: 88

[DEBUG] Adding key: http://localhost:61370 for channel [id: 0x52b54867, L:/127.0.0.1:56751 - R:localhost/127.0.0.1:61370]
[DEBUG] Using pooled Channel '[id: 0x52b54867, L:/127.0.0.1:56751 - R:localhost/127.0.0.1:61370]' for 'POST' to 'http://localhost:61370/session/32ee02a162a20017acab80c5d95bbf6a/element/15eef222-9bd0-4c71-8d07-0e9e1ed3ff6c/value'
[DEBUG] Using open Channel [id: 0x52b54867, L:/127.0.0.1:56751 - R:localhost/127.0.0.1:61370] for POST '/session/32ee02a162a20017acab80c5d95bbf6a/element/15eef222-9bd0-4c71-8d07-0e9e1ed3ff6c/value'
[DEBUG] 

Request DefaultHttpRequest(decodeResult: success, version: HTTP/1.1)
POST /session/32ee02a162a20017acab80c5d95bbf6a/element/15eef222-9bd0-4c71-8d07-0e9e1ed3ff6c/value HTTP/1.1
User-Agent: selenium/4.2.1 (java windows)
Content-Length: 271
Content-Type: application/json; charset=utf-8
host: localhost:61370
accept: */*

Response DefaultHttpResponse(decodeResult: success, version: HTTP/1.1)
HTTP/1.1 200 OK
Content-Type: application/json; charset=utf-8
cache-control: no-cache
content-length: 14

[DEBUG] Adding key: http://localhost:61370 for channel [id: 0x52b54867, L:/127.0.0.1:56751 - R:localhost/127.0.0.1:61370]
[DEBUG] Using pooled Channel '[id: 0x52b54867, L:/127.0.0.1:56751 - R:localhost/127.0.0.1:61370]' for 'POST' to 'http://localhost:61370/session/32ee02a162a20017acab80c5d95bbf6a/element'
[DEBUG] Using open Channel [id: 0x52b54867, L:/127.0.0.1:56751 - R:localhost/127.0.0.1:61370] for POST '/session/32ee02a162a20017acab80c5d95bbf6a/element'
[DEBUG] 

Request DefaultHttpRequest(decodeResult: success, version: HTTP/1.1)
POST /session/32ee02a162a20017acab80c5d95bbf6a/element HTTP/1.1
User-Agent: selenium/4.2.1 (java windows)
Content-Length: 53
Content-Type: application/json; charset=utf-8
host: localhost:61370
accept: */*

Response DefaultHttpResponse(decodeResult: success, version: HTTP/1.1)
HTTP/1.1 200 OK
Content-Type: application/json; charset=utf-8
cache-control: no-cache
content-length: 88

[DEBUG] Adding key: http://localhost:61370 for channel [id: 0x52b54867, L:/127.0.0.1:56751 - R:localhost/127.0.0.1:61370]
[DEBUG] Using pooled Channel '[id: 0x52b54867, L:/127.0.0.1:56751 - R:localhost/127.0.0.1:61370]' for 'POST' to 'http://localhost:61370/session/32ee02a162a20017acab80c5d95bbf6a/element/226253ef-eecc-4739-a548-3bc6133b8845/clear'
[DEBUG] Using open Channel [id: 0x52b54867, L:/127.0.0.1:56751 - R:localhost/127.0.0.1:61370] for POST '/session/32ee02a162a20017acab80c5d95bbf6a/element/226253ef-eecc-4739-a548-3bc6133b8845/clear'
[DEBUG] 

Request DefaultHttpRequest(decodeResult: success, version: HTTP/1.1)
POST /session/32ee02a162a20017acab80c5d95bbf6a/element/226253ef-eecc-4739-a548-3bc6133b8845/clear HTTP/1.1
User-Agent: selenium/4.2.1 (java windows)
Content-Length: 50
Content-Type: application/json; charset=utf-8
host: localhost:61370
accept: */*

Response DefaultHttpResponse(decodeResult: success, version: HTTP/1.1)
HTTP/1.1 200 OK
Content-Type: application/json; charset=utf-8
cache-control: no-cache
content-length: 14

[DEBUG] Adding key: http://localhost:61370 for channel [id: 0x52b54867, L:/127.0.0.1:56751 - R:localhost/127.0.0.1:61370]
[DEBUG] Using pooled Channel '[id: 0x52b54867, L:/127.0.0.1:56751 - R:localhost/127.0.0.1:61370]' for 'POST' to 'http://localhost:61370/session/32ee02a162a20017acab80c5d95bbf6a/element'
[DEBUG] Using open Channel [id: 0x52b54867, L:/127.0.0.1:56751 - R:localhost/127.0.0.1:61370] for POST '/session/32ee02a162a20017acab80c5d95bbf6a/element'
[DEBUG] 

Request DefaultHttpRequest(decodeResult: success, version: HTTP/1.1)
POST /session/32ee02a162a20017acab80c5d95bbf6a/element HTTP/1.1
User-Agent: selenium/4.2.1 (java windows)
Content-Length: 53
Content-Type: application/json; charset=utf-8
host: localhost:61370
accept: */*

Response DefaultHttpResponse(decodeResult: success, version: HTTP/1.1)
HTTP/1.1 200 OK
Content-Type: application/json; charset=utf-8
cache-control: no-cache
content-length: 88

[DEBUG] Adding key: http://localhost:61370 for channel [id: 0x52b54867, L:/127.0.0.1:56751 - R:localhost/127.0.0.1:61370]
[DEBUG] Using pooled Channel '[id: 0x52b54867, L:/127.0.0.1:56751 - R:localhost/127.0.0.1:61370]' for 'POST' to 'http://localhost:61370/session/32ee02a162a20017acab80c5d95bbf6a/element/226253ef-eecc-4739-a548-3bc6133b8845/value'
[DEBUG] Using open Channel [id: 0x52b54867, L:/127.0.0.1:56751 - R:localhost/127.0.0.1:61370] for POST '/session/32ee02a162a20017acab80c5d95bbf6a/element/226253ef-eecc-4739-a548-3bc6133b8845/value'
[DEBUG] 

Request DefaultHttpRequest(decodeResult: success, version: HTTP/1.1)
POST /session/32ee02a162a20017acab80c5d95bbf6a/element/226253ef-eecc-4739-a548-3bc6133b8845/value HTTP/1.1
User-Agent: selenium/4.2.1 (java windows)
Content-Length: 131
Content-Type: application/json; charset=utf-8
host: localhost:61370
accept: */*

Response DefaultHttpResponse(decodeResult: success, version: HTTP/1.1)
HTTP/1.1 200 OK
Content-Type: application/json; charset=utf-8
cache-control: no-cache
content-length: 14

[DEBUG] Adding key: http://localhost:61370 for channel [id: 0x52b54867, L:/127.0.0.1:56751 - R:localhost/127.0.0.1:61370]
[INFO ] 2022-08-16 10:16:10.135 [TestNG-test=Surefire test-1] StepDef - email address and password entered
[DEBUG] Using pooled Channel '[id: 0x52b54867, L:/127.0.0.1:56751 - R:localhost/127.0.0.1:61370]' for 'POST' to 'http://localhost:61370/session/32ee02a162a20017acab80c5d95bbf6a/element'
[DEBUG] Using open Channel [id: 0x52b54867, L:/127.0.0.1:56751 - R:localhost/127.0.0.1:61370] for POST '/session/32ee02a162a20017acab80c5d95bbf6a/element'
[DEBUG] 

Request DefaultHttpRequest(decodeResult: success, version: HTTP/1.1)
POST /session/32ee02a162a20017acab80c5d95bbf6a/element HTTP/1.1
User-Agent: selenium/4.2.1 (java windows)
Content-Length: 87
Content-Type: application/json; charset=utf-8
host: localhost:61370
accept: */*

Response DefaultHttpResponse(decodeResult: success, version: HTTP/1.1)
HTTP/1.1 200 OK
Content-Type: application/json; charset=utf-8
cache-control: no-cache
content-length: 88

[DEBUG] Adding key: http://localhost:61370 for channel [id: 0x52b54867, L:/127.0.0.1:56751 - R:localhost/127.0.0.1:61370]
[DEBUG] Using pooled Channel '[id: 0x52b54867, L:/127.0.0.1:56751 - R:localhost/127.0.0.1:61370]' for 'POST' to 'http://localhost:61370/session/32ee02a162a20017acab80c5d95bbf6a/element/b2a5152f-bd78-4b8b-a397-5faf83a8e00b/click'
[DEBUG] Using open Channel [id: 0x52b54867, L:/127.0.0.1:56751 - R:localhost/127.0.0.1:61370] for POST '/session/32ee02a162a20017acab80c5d95bbf6a/element/b2a5152f-bd78-4b8b-a397-5faf83a8e00b/click'
[DEBUG] Entry count for : http://localhost:56753 : 1
[DEBUG] Entry count for : http://localhost:56753 : 1
[DEBUG] Entry count for : http://localhost:56753 : 1
[DEBUG] Entry count for : http://localhost:56753 : 1
[DEBUG] 

Request DefaultHttpRequest(decodeResult: success, version: HTTP/1.1)
POST /session/32ee02a162a20017acab80c5d95bbf6a/element/b2a5152f-bd78-4b8b-a397-5faf83a8e00b/click HTTP/1.1
User-Agent: selenium/4.2.1 (java windows)
Content-Length: 50
Content-Type: application/json; charset=utf-8
host: localhost:61370
accept: */*

Response DefaultHttpResponse(decodeResult: success, version: HTTP/1.1)
HTTP/1.1 200 OK
Content-Type: application/json; charset=utf-8
cache-control: no-cache
content-length: 14

[DEBUG] Adding key: http://localhost:61370 for channel [id: 0x52b54867, L:/127.0.0.1:56751 - R:localhost/127.0.0.1:61370]
[INFO ] 2022-08-16 10:16:14.121 [TestNG-test=Surefire test-1] StepDef - Clicked on login button
[DEBUG] Using pooled Channel '[id: 0x52b54867, L:/127.0.0.1:56751 - R:localhost/127.0.0.1:61370]' for 'GET' to 'http://localhost:61370/session/32ee02a162a20017acab80c5d95bbf6a/title'
[DEBUG] Using open Channel [id: 0x52b54867, L:/127.0.0.1:56751 - R:localhost/127.0.0.1:61370] for GET '/session/32ee02a162a20017acab80c5d95bbf6a/title'
[DEBUG] 

Request DefaultFullHttpRequest(decodeResult: success, version: HTTP/1.1, content: EmptyByteBufBE)
GET /session/32ee02a162a20017acab80c5d95bbf6a/title HTTP/1.1
User-Agent: selenium/4.2.1 (java windows)
Cache-Control: no-cache
Content-Type: application/json; charset=utf-8
host: localhost:61370
accept: */*

Response DefaultHttpResponse(decodeResult: success, version: HTTP/1.1)
HTTP/1.1 200 OK
Content-Type: application/json; charset=utf-8
cache-control: no-cache
content-length: 50

[DEBUG] Adding key: http://localhost:61370 for channel [id: 0x52b54867, L:/127.0.0.1:56751 - R:localhost/127.0.0.1:61370]
[INFO ] 2022-08-16 10:16:14.132 [TestNG-test=Surefire test-1] StepDef - user can view dashboard test passed.
[DEBUG] Using pooled Channel '[id: 0x52b54867, L:/127.0.0.1:56751 - R:localhost/127.0.0.1:61370]' for 'POST' to 'http://localhost:61370/session/32ee02a162a20017acab80c5d95bbf6a/element'
[DEBUG] Using open Channel [id: 0x52b54867, L:/127.0.0.1:56751 - R:localhost/127.0.0.1:61370] for POST '/session/32ee02a162a20017acab80c5d95bbf6a/element'
[DEBUG] 

Request DefaultHttpRequest(decodeResult: success, version: HTTP/1.1)
POST /session/32ee02a162a20017acab80c5d95bbf6a/element HTTP/1.1
User-Agent: selenium/4.2.1 (java windows)
Content-Length: 104
Content-Type: application/json; charset=utf-8
host: localhost:61370
accept: */*

Response DefaultHttpResponse(decodeResult: success, version: HTTP/1.1)
HTTP/1.1 200 OK
Content-Type: application/json; charset=utf-8
cache-control: no-cache
content-length: 88

[DEBUG] Adding key: http://localhost:61370 for channel [id: 0x52b54867, L:/127.0.0.1:56751 - R:localhost/127.0.0.1:61370]
[DEBUG] Using pooled Channel '[id: 0x52b54867, L:/127.0.0.1:56751 - R:localhost/127.0.0.1:61370]' for 'POST' to 'http://localhost:61370/session/32ee02a162a20017acab80c5d95bbf6a/element/ab6d25ae-8cb1-4755-aab6-3b6a4f6a6a90/click'
[DEBUG] Using open Channel [id: 0x52b54867, L:/127.0.0.1:56751 - R:localhost/127.0.0.1:61370] for POST '/session/32ee02a162a20017acab80c5d95bbf6a/element/ab6d25ae-8cb1-4755-aab6-3b6a4f6a6a90/click'
[DEBUG] 

Request DefaultHttpRequest(decodeResult: success, version: HTTP/1.1)
POST /session/32ee02a162a20017acab80c5d95bbf6a/element/ab6d25ae-8cb1-4755-aab6-3b6a4f6a6a90/click HTTP/1.1
User-Agent: selenium/4.2.1 (java windows)
Content-Length: 50
Content-Type: application/json; charset=utf-8
host: localhost:61370
accept: */*

Response DefaultHttpResponse(decodeResult: success, version: HTTP/1.1)
HTTP/1.1 200 OK
Content-Type: application/json; charset=utf-8
cache-control: no-cache
content-length: 14

[DEBUG] Adding key: http://localhost:61370 for channel [id: 0x52b54867, L:/127.0.0.1:56751 - R:localhost/127.0.0.1:61370]
[INFO ] 2022-08-16 10:16:14.266 [TestNG-test=Surefire test-1] StepDef - customer menu clicked
[DEBUG] Entry count for : http://localhost:61370 : 1
[DEBUG] Entry count for : http://localhost:56753 : 1
[DEBUG] Entry count for : http://localhost:61370 : 1
[DEBUG] Entry count for : http://localhost:56753 : 1
[DEBUG] Using pooled Channel '[id: 0x52b54867, L:/127.0.0.1:56751 - R:localhost/127.0.0.1:61370]' for 'POST' to 'http://localhost:61370/session/32ee02a162a20017acab80c5d95bbf6a/element'
[DEBUG] Using open Channel [id: 0x52b54867, L:/127.0.0.1:56751 - R:localhost/127.0.0.1:61370] for POST '/session/32ee02a162a20017acab80c5d95bbf6a/element'
[DEBUG] 

Request DefaultHttpRequest(decodeResult: success, version: HTTP/1.1)
POST /session/32ee02a162a20017acab80c5d95bbf6a/element HTTP/1.1
User-Agent: selenium/4.2.1 (java windows)
Content-Length: 138
Content-Type: application/json; charset=utf-8
host: localhost:61370
accept: */*

Response DefaultHttpResponse(decodeResult: success, version: HTTP/1.1)
HTTP/1.1 200 OK
Content-Type: application/json; charset=utf-8
cache-control: no-cache
content-length: 88

[DEBUG] Adding key: http://localhost:61370 for channel [id: 0x52b54867, L:/127.0.0.1:56751 - R:localhost/127.0.0.1:61370]
[DEBUG] Using pooled Channel '[id: 0x52b54867, L:/127.0.0.1:56751 - R:localhost/127.0.0.1:61370]' for 'POST' to 'http://localhost:61370/session/32ee02a162a20017acab80c5d95bbf6a/element/3e1b74b7-0bab-4a5d-b307-db7652dad74d/click'
[DEBUG] Using open Channel [id: 0x52b54867, L:/127.0.0.1:56751 - R:localhost/127.0.0.1:61370] for POST '/session/32ee02a162a20017acab80c5d95bbf6a/element/3e1b74b7-0bab-4a5d-b307-db7652dad74d/click'
[DEBUG] Entry count for : http://localhost:56753 : 1
[DEBUG] 

Request DefaultHttpRequest(decodeResult: success, version: HTTP/1.1)
POST /session/32ee02a162a20017acab80c5d95bbf6a/element/3e1b74b7-0bab-4a5d-b307-db7652dad74d/click HTTP/1.1
User-Agent: selenium/4.2.1 (java windows)
Content-Length: 50
Content-Type: application/json; charset=utf-8
host: localhost:61370
accept: */*

Response DefaultHttpResponse(decodeResult: success, version: HTTP/1.1)
HTTP/1.1 200 OK
Content-Type: application/json; charset=utf-8
cache-control: no-cache
content-length: 14

[DEBUG] Adding key: http://localhost:61370 for channel [id: 0x52b54867, L:/127.0.0.1:56751 - R:localhost/127.0.0.1:61370]
[INFO ] 2022-08-16 10:16:17.776 [TestNG-test=Surefire test-1] StepDef - customer menu item clicked
[DEBUG] Entry count for : http://localhost:61370 : 1
[DEBUG] Entry count for : http://localhost:56753 : 1
[DEBUG] Entry count for : http://localhost:61370 : 1
[DEBUG] Entry count for : http://localhost:56753 : 1
[DEBUG] Using pooled Channel '[id: 0x52b54867, L:/127.0.0.1:56751 - R:localhost/127.0.0.1:61370]' for 'POST' to 'http://localhost:61370/session/32ee02a162a20017acab80c5d95bbf6a/element'
[DEBUG] Using open Channel [id: 0x52b54867, L:/127.0.0.1:56751 - R:localhost/127.0.0.1:61370] for POST '/session/32ee02a162a20017acab80c5d95bbf6a/element'
[DEBUG] 

Request DefaultHttpRequest(decodeResult: success, version: HTTP/1.1)
POST /session/32ee02a162a20017acab80c5d95bbf6a/element HTTP/1.1
User-Agent: selenium/4.2.1 (java windows)
Content-Length: 76
Content-Type: application/json; charset=utf-8
host: localhost:61370
accept: */*

Response DefaultHttpResponse(decodeResult: success, version: HTTP/1.1)
HTTP/1.1 200 OK
Content-Type: application/json; charset=utf-8
cache-control: no-cache
content-length: 88

[DEBUG] Adding key: http://localhost:61370 for channel [id: 0x52b54867, L:/127.0.0.1:56751 - R:localhost/127.0.0.1:61370]
[DEBUG] Using pooled Channel '[id: 0x52b54867, L:/127.0.0.1:56751 - R:localhost/127.0.0.1:61370]' for 'POST' to 'http://localhost:61370/session/32ee02a162a20017acab80c5d95bbf6a/element/6241170f-d509-4d60-b078-786c66c0a6f4/click'
[DEBUG] Using open Channel [id: 0x52b54867, L:/127.0.0.1:56751 - R:localhost/127.0.0.1:61370] for POST '/session/32ee02a162a20017acab80c5d95bbf6a/element/6241170f-d509-4d60-b078-786c66c0a6f4/click'
[DEBUG] Entry count for : http://localhost:56753 : 1
[DEBUG] 

Request DefaultHttpRequest(decodeResult: success, version: HTTP/1.1)
POST /session/32ee02a162a20017acab80c5d95bbf6a/element/6241170f-d509-4d60-b078-786c66c0a6f4/click HTTP/1.1
User-Agent: selenium/4.2.1 (java windows)
Content-Length: 50
Content-Type: application/json; charset=utf-8
host: localhost:61370
accept: */*

Response DefaultHttpResponse(decodeResult: success, version: HTTP/1.1)
HTTP/1.1 200 OK
Content-Type: application/json; charset=utf-8
cache-control: no-cache
content-length: 14

[DEBUG] Adding key: http://localhost:61370 for channel [id: 0x52b54867, L:/127.0.0.1:56751 - R:localhost/127.0.0.1:61370]
[INFO ] 2022-08-16 10:16:21.477 [TestNG-test=Surefire test-1] StepDef - clicked on add new button.
[DEBUG] Using pooled Channel '[id: 0x52b54867, L:/127.0.0.1:56751 - R:localhost/127.0.0.1:61370]' for 'GET' to 'http://localhost:61370/session/32ee02a162a20017acab80c5d95bbf6a/title'
[DEBUG] Using open Channel [id: 0x52b54867, L:/127.0.0.1:56751 - R:localhost/127.0.0.1:61370] for GET '/session/32ee02a162a20017acab80c5d95bbf6a/title'
[DEBUG] 

Request DefaultFullHttpRequest(decodeResult: success, version: HTTP/1.1, content: EmptyByteBufBE)
GET /session/32ee02a162a20017acab80c5d95bbf6a/title HTTP/1.1
User-Agent: selenium/4.2.1 (java windows)
Cache-Control: no-cache
Content-Type: application/json; charset=utf-8
host: localhost:61370
accept: */*

Response DefaultHttpResponse(decodeResult: success, version: HTTP/1.1)
HTTP/1.1 200 OK
Content-Type: application/json; charset=utf-8
cache-control: no-cache
content-length: 59

[DEBUG] Adding key: http://localhost:61370 for channel [id: 0x52b54867, L:/127.0.0.1:56751 - R:localhost/127.0.0.1:61370]
[INFO ] 2022-08-16 10:16:21.513 [TestNG-test=Surefire test-1] StepDef - User can view Add new customer page- passed
[DEBUG] Using pooled Channel '[id: 0x52b54867, L:/127.0.0.1:56751 - R:localhost/127.0.0.1:61370]' for 'POST' to 'http://localhost:61370/session/32ee02a162a20017acab80c5d95bbf6a/element'
[DEBUG] Using open Channel [id: 0x52b54867, L:/127.0.0.1:56751 - R:localhost/127.0.0.1:61370] for POST '/session/32ee02a162a20017acab80c5d95bbf6a/element'
[DEBUG] 

Request DefaultHttpRequest(decodeResult: success, version: HTTP/1.1)
POST /session/32ee02a162a20017acab80c5d95bbf6a/element HTTP/1.1
User-Agent: selenium/4.2.1 (java windows)
Content-Length: 67
Content-Type: application/json; charset=utf-8
host: localhost:61370
accept: */*

Response DefaultHttpResponse(decodeResult: success, version: HTTP/1.1)
HTTP/1.1 200 OK
Content-Type: application/json; charset=utf-8
cache-control: no-cache
content-length: 88

[DEBUG] Adding key: http://localhost:61370 for channel [id: 0x52b54867, L:/127.0.0.1:56751 - R:localhost/127.0.0.1:61370]
[DEBUG] Using pooled Channel '[id: 0x52b54867, L:/127.0.0.1:56751 - R:localhost/127.0.0.1:61370]' for 'POST' to 'http://localhost:61370/session/32ee02a162a20017acab80c5d95bbf6a/element/27346d06-8dfa-4784-a79c-d313b5c0a09d/value'
[DEBUG] Using open Channel [id: 0x52b54867, L:/127.0.0.1:56751 - R:localhost/127.0.0.1:61370] for POST '/session/32ee02a162a20017acab80c5d95bbf6a/element/27346d06-8dfa-4784-a79c-d313b5c0a09d/value'
[DEBUG] 

Request DefaultHttpRequest(decodeResult: success, version: HTTP/1.1)
POST /session/32ee02a162a20017acab80c5d95bbf6a/element/27346d06-8dfa-4784-a79c-d313b5c0a09d/value HTTP/1.1
User-Agent: selenium/4.2.1 (java windows)
Content-Length: 231
Content-Type: application/json; charset=utf-8
host: localhost:61370
accept: */*

Response DefaultHttpResponse(decodeResult: success, version: HTTP/1.1)
HTTP/1.1 200 OK
Content-Type: application/json; charset=utf-8
cache-control: no-cache
content-length: 14

[DEBUG] Adding key: http://localhost:61370 for channel [id: 0x52b54867, L:/127.0.0.1:56751 - R:localhost/127.0.0.1:61370]
[DEBUG] Using pooled Channel '[id: 0x52b54867, L:/127.0.0.1:56751 - R:localhost/127.0.0.1:61370]' for 'POST' to 'http://localhost:61370/session/32ee02a162a20017acab80c5d95bbf6a/element'
[DEBUG] Using open Channel [id: 0x52b54867, L:/127.0.0.1:56751 - R:localhost/127.0.0.1:61370] for POST '/session/32ee02a162a20017acab80c5d95bbf6a/element'
[DEBUG] 

Request DefaultHttpRequest(decodeResult: success, version: HTTP/1.1)
POST /session/32ee02a162a20017acab80c5d95bbf6a/element HTTP/1.1
User-Agent: selenium/4.2.1 (java windows)
Content-Length: 70
Content-Type: application/json; charset=utf-8
host: localhost:61370
accept: */*

Response DefaultHttpResponse(decodeResult: success, version: HTTP/1.1)
HTTP/1.1 200 OK
Content-Type: application/json; charset=utf-8
cache-control: no-cache
content-length: 88

[DEBUG] Adding key: http://localhost:61370 for channel [id: 0x52b54867, L:/127.0.0.1:56751 - R:localhost/127.0.0.1:61370]
[DEBUG] Using pooled Channel '[id: 0x52b54867, L:/127.0.0.1:56751 - R:localhost/127.0.0.1:61370]' for 'POST' to 'http://localhost:61370/session/32ee02a162a20017acab80c5d95bbf6a/element/7c8efb6e-64ff-4001-87b9-c86048e40b70/value'
[DEBUG] Using open Channel [id: 0x52b54867, L:/127.0.0.1:56751 - R:localhost/127.0.0.1:61370] for POST '/session/32ee02a162a20017acab80c5d95bbf6a/element/7c8efb6e-64ff-4001-87b9-c86048e40b70/value'
[DEBUG] Entry count for : http://localhost:56753 : 1
[DEBUG] 

Request DefaultHttpRequest(decodeResult: success, version: HTTP/1.1)
POST /session/32ee02a162a20017acab80c5d95bbf6a/element/7c8efb6e-64ff-4001-87b9-c86048e40b70/value HTTP/1.1
User-Agent: selenium/4.2.1 (java windows)
Content-Length: 131
Content-Type: application/json; charset=utf-8
host: localhost:61370
accept: */*

Response DefaultHttpResponse(decodeResult: success, version: HTTP/1.1)
HTTP/1.1 200 OK
Content-Type: application/json; charset=utf-8
cache-control: no-cache
content-length: 14

[DEBUG] Adding key: http://localhost:61370 for channel [id: 0x52b54867, L:/127.0.0.1:56751 - R:localhost/127.0.0.1:61370]
[DEBUG] Using pooled Channel '[id: 0x52b54867, L:/127.0.0.1:56751 - R:localhost/127.0.0.1:61370]' for 'POST' to 'http://localhost:61370/session/32ee02a162a20017acab80c5d95bbf6a/element'
[DEBUG] Using open Channel [id: 0x52b54867, L:/127.0.0.1:56751 - R:localhost/127.0.0.1:61370] for POST '/session/32ee02a162a20017acab80c5d95bbf6a/element'
[DEBUG] 

Request DefaultHttpRequest(decodeResult: success, version: HTTP/1.1)
POST /session/32ee02a162a20017acab80c5d95bbf6a/element HTTP/1.1
User-Agent: selenium/4.2.1 (java windows)
Content-Length: 71
Content-Type: application/json; charset=utf-8
host: localhost:61370
accept: */*

Response DefaultHttpResponse(decodeResult: success, version: HTTP/1.1)
HTTP/1.1 200 OK
Content-Type: application/json; charset=utf-8
cache-control: no-cache
content-length: 88

[DEBUG] Adding key: http://localhost:61370 for channel [id: 0x52b54867, L:/127.0.0.1:56751 - R:localhost/127.0.0.1:61370]
[DEBUG] Using pooled Channel '[id: 0x52b54867, L:/127.0.0.1:56751 - R:localhost/127.0.0.1:61370]' for 'POST' to 'http://localhost:61370/session/32ee02a162a20017acab80c5d95bbf6a/element/ed50681e-e8d8-49e5-b777-212e3258205b/value'
[DEBUG] Using open Channel [id: 0x52b54867, L:/127.0.0.1:56751 - R:localhost/127.0.0.1:61370] for POST '/session/32ee02a162a20017acab80c5d95bbf6a/element/ed50681e-e8d8-49e5-b777-212e3258205b/value'
[DEBUG] 

Request DefaultHttpRequest(decodeResult: success, version: HTTP/1.1)
POST /session/32ee02a162a20017acab80c5d95bbf6a/element/ed50681e-e8d8-49e5-b777-212e3258205b/value HTTP/1.1
User-Agent: selenium/4.2.1 (java windows)
Content-Length: 141
Content-Type: application/json; charset=utf-8
host: localhost:61370
accept: */*

Response DefaultHttpResponse(decodeResult: success, version: HTTP/1.1)
HTTP/1.1 200 OK
Content-Type: application/json; charset=utf-8
cache-control: no-cache
content-length: 14

[DEBUG] Adding key: http://localhost:61370 for channel [id: 0x52b54867, L:/127.0.0.1:56751 - R:localhost/127.0.0.1:61370]
[DEBUG] Using pooled Channel '[id: 0x52b54867, L:/127.0.0.1:56751 - R:localhost/127.0.0.1:61370]' for 'POST' to 'http://localhost:61370/session/32ee02a162a20017acab80c5d95bbf6a/element'
[DEBUG] Using open Channel [id: 0x52b54867, L:/127.0.0.1:56751 - R:localhost/127.0.0.1:61370] for POST '/session/32ee02a162a20017acab80c5d95bbf6a/element'
[DEBUG] 

Request DefaultHttpRequest(decodeResult: success, version: HTTP/1.1)
POST /session/32ee02a162a20017acab80c5d95bbf6a/element HTTP/1.1
User-Agent: selenium/4.2.1 (java windows)
Content-Length: 70
Content-Type: application/json; charset=utf-8
host: localhost:61370
accept: */*

Response DefaultHttpResponse(decodeResult: success, version: HTTP/1.1)
HTTP/1.1 200 OK
Content-Type: application/json; charset=utf-8
cache-control: no-cache
content-length: 88

[DEBUG] Adding key: http://localhost:61370 for channel [id: 0x52b54867, L:/127.0.0.1:56751 - R:localhost/127.0.0.1:61370]
[DEBUG] Using pooled Channel '[id: 0x52b54867, L:/127.0.0.1:56751 - R:localhost/127.0.0.1:61370]' for 'POST' to 'http://localhost:61370/session/32ee02a162a20017acab80c5d95bbf6a/element/ae5798fc-d8a0-4f5a-87b2-5b4bcd20ccfb/value'
[DEBUG] Using open Channel [id: 0x52b54867, L:/127.0.0.1:56751 - R:localhost/127.0.0.1:61370] for POST '/session/32ee02a162a20017acab80c5d95bbf6a/element/ae5798fc-d8a0-4f5a-87b2-5b4bcd20ccfb/value'
[DEBUG] 

Request DefaultHttpRequest(decodeResult: success, version: HTTP/1.1)
POST /session/32ee02a162a20017acab80c5d95bbf6a/element/ae5798fc-d8a0-4f5a-87b2-5b4bcd20ccfb/value HTTP/1.1
User-Agent: selenium/4.2.1 (java windows)
Content-Length: 131
Content-Type: application/json; charset=utf-8
host: localhost:61370
accept: */*

Response DefaultHttpResponse(decodeResult: success, version: HTTP/1.1)
HTTP/1.1 200 OK
Content-Type: application/json; charset=utf-8
cache-control: no-cache
content-length: 14

[DEBUG] Adding key: http://localhost:61370 for channel [id: 0x52b54867, L:/127.0.0.1:56751 - R:localhost/127.0.0.1:61370]
[DEBUG] Using pooled Channel '[id: 0x52b54867, L:/127.0.0.1:56751 - R:localhost/127.0.0.1:61370]' for 'POST' to 'http://localhost:61370/session/32ee02a162a20017acab80c5d95bbf6a/element'
[DEBUG] Using open Channel [id: 0x52b54867, L:/127.0.0.1:56751 - R:localhost/127.0.0.1:61370] for POST '/session/32ee02a162a20017acab80c5d95bbf6a/element'
[DEBUG] 

Request DefaultHttpRequest(decodeResult: success, version: HTTP/1.1)
POST /session/32ee02a162a20017acab80c5d95bbf6a/element HTTP/1.1
User-Agent: selenium/4.2.1 (java windows)
Content-Length: 58
Content-Type: application/json; charset=utf-8
host: localhost:61370
accept: */*

Response DefaultHttpResponse(decodeResult: success, version: HTTP/1.1)
HTTP/1.1 200 OK
Content-Type: application/json; charset=utf-8
cache-control: no-cache
content-length: 88

[DEBUG] Adding key: http://localhost:61370 for channel [id: 0x52b54867, L:/127.0.0.1:56751 - R:localhost/127.0.0.1:61370]
[DEBUG] Using pooled Channel '[id: 0x52b54867, L:/127.0.0.1:56751 - R:localhost/127.0.0.1:61370]' for 'POST' to 'http://localhost:61370/session/32ee02a162a20017acab80c5d95bbf6a/element/25baa587-52f6-43e1-8dd5-fa20c17398d6/click'
[DEBUG] Using open Channel [id: 0x52b54867, L:/127.0.0.1:56751 - R:localhost/127.0.0.1:61370] for POST '/session/32ee02a162a20017acab80c5d95bbf6a/element/25baa587-52f6-43e1-8dd5-fa20c17398d6/click'
[DEBUG] 

Request DefaultHttpRequest(decodeResult: success, version: HTTP/1.1)
POST /session/32ee02a162a20017acab80c5d95bbf6a/element/25baa587-52f6-43e1-8dd5-fa20c17398d6/click HTTP/1.1
User-Agent: selenium/4.2.1 (java windows)
Content-Length: 50
Content-Type: application/json; charset=utf-8
host: localhost:61370
accept: */*

Response DefaultHttpResponse(decodeResult: success, version: HTTP/1.1)
HTTP/1.1 200 OK
Content-Type: application/json; charset=utf-8
cache-control: no-cache
content-length: 14

[DEBUG] Adding key: http://localhost:61370 for channel [id: 0x52b54867, L:/127.0.0.1:56751 - R:localhost/127.0.0.1:61370]
[DEBUG] Using pooled Channel '[id: 0x52b54867, L:/127.0.0.1:56751 - R:localhost/127.0.0.1:61370]' for 'POST' to 'http://localhost:61370/session/32ee02a162a20017acab80c5d95bbf6a/element'
[DEBUG] Using open Channel [id: 0x52b54867, L:/127.0.0.1:56751 - R:localhost/127.0.0.1:61370] for POST '/session/32ee02a162a20017acab80c5d95bbf6a/element'
[DEBUG] 

Request DefaultHttpRequest(decodeResult: success, version: HTTP/1.1)
POST /session/32ee02a162a20017acab80c5d95bbf6a/element HTTP/1.1
User-Agent: selenium/4.2.1 (java windows)
Content-Length: 73
Content-Type: application/json; charset=utf-8
host: localhost:61370
accept: */*

Response DefaultHttpResponse(decodeResult: success, version: HTTP/1.1)
HTTP/1.1 200 OK
Content-Type: application/json; charset=utf-8
cache-control: no-cache
content-length: 88

[DEBUG] Adding key: http://localhost:61370 for channel [id: 0x52b54867, L:/127.0.0.1:56751 - R:localhost/127.0.0.1:61370]
[DEBUG] Using pooled Channel '[id: 0x52b54867, L:/127.0.0.1:56751 - R:localhost/127.0.0.1:61370]' for 'POST' to 'http://localhost:61370/session/32ee02a162a20017acab80c5d95bbf6a/element/392caecc-1e5a-4966-9159-50591ca0af72/value'
[DEBUG] Using open Channel [id: 0x52b54867, L:/127.0.0.1:56751 - R:localhost/127.0.0.1:61370] for POST '/session/32ee02a162a20017acab80c5d95bbf6a/element/392caecc-1e5a-4966-9159-50591ca0af72/value'
[DEBUG] 

Request DefaultHttpRequest(decodeResult: success, version: HTTP/1.1)
POST /session/32ee02a162a20017acab80c5d95bbf6a/element/392caecc-1e5a-4966-9159-50591ca0af72/value HTTP/1.1
User-Agent: selenium/4.2.1 (java windows)
Content-Length: 191
Content-Type: application/json; charset=utf-8
host: localhost:61370
accept: */*

Response DefaultHttpResponse(decodeResult: success, version: HTTP/1.1)
HTTP/1.1 200 OK
Content-Type: application/json; charset=utf-8
cache-control: no-cache
content-length: 14

[DEBUG] Adding key: http://localhost:61370 for channel [id: 0x52b54867, L:/127.0.0.1:56751 - R:localhost/127.0.0.1:61370]
[DEBUG] Using pooled Channel '[id: 0x52b54867, L:/127.0.0.1:56751 - R:localhost/127.0.0.1:61370]' for 'POST' to 'http://localhost:61370/session/32ee02a162a20017acab80c5d95bbf6a/element'
[DEBUG] Using open Channel [id: 0x52b54867, L:/127.0.0.1:56751 - R:localhost/127.0.0.1:61370] for POST '/session/32ee02a162a20017acab80c5d95bbf6a/element'
[DEBUG] 

Request DefaultHttpRequest(decodeResult: success, version: HTTP/1.1)
POST /session/32ee02a162a20017acab80c5d95bbf6a/element HTTP/1.1
User-Agent: selenium/4.2.1 (java windows)
Content-Length: 69
Content-Type: application/json; charset=utf-8
host: localhost:61370
accept: */*

Response DefaultHttpResponse(decodeResult: success, version: HTTP/1.1)
HTTP/1.1 200 OK
Content-Type: application/json; charset=utf-8
cache-control: no-cache
content-length: 88

[DEBUG] Adding key: http://localhost:61370 for channel [id: 0x52b54867, L:/127.0.0.1:56751 - R:localhost/127.0.0.1:61370]
[DEBUG] Using pooled Channel '[id: 0x52b54867, L:/127.0.0.1:56751 - R:localhost/127.0.0.1:61370]' for 'POST' to 'http://localhost:61370/session/32ee02a162a20017acab80c5d95bbf6a/element/a2d47ed6-f466-4027-a560-6549f5fa0476/value'
[DEBUG] Using open Channel [id: 0x52b54867, L:/127.0.0.1:56751 - R:localhost/127.0.0.1:61370] for POST '/session/32ee02a162a20017acab80c5d95bbf6a/element/a2d47ed6-f466-4027-a560-6549f5fa0476/value'
[DEBUG] 

Request DefaultHttpRequest(decodeResult: success, version: HTTP/1.1)
POST /session/32ee02a162a20017acab80c5d95bbf6a/element/a2d47ed6-f466-4027-a560-6549f5fa0476/value HTTP/1.1
User-Agent: selenium/4.2.1 (java windows)
Content-Length: 181
Content-Type: application/json; charset=utf-8
host: localhost:61370
accept: */*

Response DefaultHttpResponse(decodeResult: success, version: HTTP/1.1)
HTTP/1.1 200 OK
Content-Type: application/json; charset=utf-8
cache-control: no-cache
content-length: 14

[DEBUG] Adding key: http://localhost:61370 for channel [id: 0x52b54867, L:/127.0.0.1:56751 - R:localhost/127.0.0.1:61370]
[DEBUG] Using pooled Channel '[id: 0x52b54867, L:/127.0.0.1:56751 - R:localhost/127.0.0.1:61370]' for 'POST' to 'http://localhost:61370/session/32ee02a162a20017acab80c5d95bbf6a/element'
[DEBUG] Using open Channel [id: 0x52b54867, L:/127.0.0.1:56751 - R:localhost/127.0.0.1:61370] for POST '/session/32ee02a162a20017acab80c5d95bbf6a/element'
[DEBUG] 

Request DefaultHttpRequest(decodeResult: success, version: HTTP/1.1)
POST /session/32ee02a162a20017acab80c5d95bbf6a/element HTTP/1.1
User-Agent: selenium/4.2.1 (java windows)
Content-Length: 77
Content-Type: application/json; charset=utf-8
host: localhost:61370
accept: */*

Response DefaultHttpResponse(decodeResult: success, version: HTTP/1.1)
HTTP/1.1 200 OK
Content-Type: application/json; charset=utf-8
cache-control: no-cache
content-length: 88

[DEBUG] Adding key: http://localhost:61370 for channel [id: 0x52b54867, L:/127.0.0.1:56751 - R:localhost/127.0.0.1:61370]
[DEBUG] Using pooled Channel '[id: 0x52b54867, L:/127.0.0.1:56751 - R:localhost/127.0.0.1:61370]' for 'POST' to 'http://localhost:61370/session/32ee02a162a20017acab80c5d95bbf6a/element/5533d289-3c38-473b-8c73-49f6d2e2a71a/value'
[DEBUG] Using open Channel [id: 0x52b54867, L:/127.0.0.1:56751 - R:localhost/127.0.0.1:61370] for POST '/session/32ee02a162a20017acab80c5d95bbf6a/element/5533d289-3c38-473b-8c73-49f6d2e2a71a/value'
[DEBUG] 

Request DefaultHttpRequest(decodeResult: success, version: HTTP/1.1)
POST /session/32ee02a162a20017acab80c5d95bbf6a/element/5533d289-3c38-473b-8c73-49f6d2e2a71a/value HTTP/1.1
User-Agent: selenium/4.2.1 (java windows)
Content-Length: 211
Content-Type: application/json; charset=utf-8
host: localhost:61370
accept: */*

Response DefaultHttpResponse(decodeResult: success, version: HTTP/1.1)
HTTP/1.1 200 OK
Content-Type: application/json; charset=utf-8
cache-control: no-cache
content-length: 14

[DEBUG] Adding key: http://localhost:61370 for channel [id: 0x52b54867, L:/127.0.0.1:56751 - R:localhost/127.0.0.1:61370]
[DEBUG] Using pooled Channel '[id: 0x52b54867, L:/127.0.0.1:56751 - R:localhost/127.0.0.1:61370]' for 'POST' to 'http://localhost:61370/session/32ee02a162a20017acab80c5d95bbf6a/element'
[DEBUG] Using open Channel [id: 0x52b54867, L:/127.0.0.1:56751 - R:localhost/127.0.0.1:61370] for POST '/session/32ee02a162a20017acab80c5d95bbf6a/element'
[DEBUG] 

Request DefaultHttpRequest(decodeResult: success, version: HTTP/1.1)
POST /session/32ee02a162a20017acab80c5d95bbf6a/element HTTP/1.1
User-Agent: selenium/4.2.1 (java windows)
Content-Length: 66
Content-Type: application/json; charset=utf-8
host: localhost:61370
accept: */*

Response DefaultHttpResponse(decodeResult: success, version: HTTP/1.1)
HTTP/1.1 200 OK
Content-Type: application/json; charset=utf-8
cache-control: no-cache
content-length: 88

[DEBUG] Adding key: http://localhost:61370 for channel [id: 0x52b54867, L:/127.0.0.1:56751 - R:localhost/127.0.0.1:61370]
[DEBUG] Using pooled Channel '[id: 0x52b54867, L:/127.0.0.1:56751 - R:localhost/127.0.0.1:61370]' for 'GET' to 'http://localhost:61370/session/32ee02a162a20017acab80c5d95bbf6a/element/89fd2477-ecbe-4387-94eb-a2aa11db6de2/name'
[DEBUG] Using open Channel [id: 0x52b54867, L:/127.0.0.1:56751 - R:localhost/127.0.0.1:61370] for GET '/session/32ee02a162a20017acab80c5d95bbf6a/element/89fd2477-ecbe-4387-94eb-a2aa11db6de2/name'
[DEBUG] 

Request DefaultFullHttpRequest(decodeResult: success, version: HTTP/1.1, content: EmptyByteBufBE)
GET /session/32ee02a162a20017acab80c5d95bbf6a/element/89fd2477-ecbe-4387-94eb-a2aa11db6de2/name HTTP/1.1
User-Agent: selenium/4.2.1 (java windows)
Cache-Control: no-cache
Content-Type: application/json; charset=utf-8
host: localhost:61370
accept: */*

Response DefaultHttpResponse(decodeResult: success, version: HTTP/1.1)
HTTP/1.1 200 OK
Content-Type: application/json; charset=utf-8
cache-control: no-cache
content-length: 18

[DEBUG] Adding key: http://localhost:61370 for channel [id: 0x52b54867, L:/127.0.0.1:56751 - R:localhost/127.0.0.1:61370]
[DEBUG] Using pooled Channel '[id: 0x52b54867, L:/127.0.0.1:56751 - R:localhost/127.0.0.1:61370]' for 'POST' to 'http://localhost:61370/session/32ee02a162a20017acab80c5d95bbf6a/element'
[DEBUG] Using open Channel [id: 0x52b54867, L:/127.0.0.1:56751 - R:localhost/127.0.0.1:61370] for POST '/session/32ee02a162a20017acab80c5d95bbf6a/element'
[DEBUG] 

Request DefaultHttpRequest(decodeResult: success, version: HTTP/1.1)
POST /session/32ee02a162a20017acab80c5d95bbf6a/element HTTP/1.1
User-Agent: selenium/4.2.1 (java windows)
Content-Length: 66
Content-Type: application/json; charset=utf-8
host: localhost:61370
accept: */*

Response DefaultHttpResponse(decodeResult: success, version: HTTP/1.1)
HTTP/1.1 200 OK
Content-Type: application/json; charset=utf-8
cache-control: no-cache
content-length: 88

[DEBUG] Adding key: http://localhost:61370 for channel [id: 0x52b54867, L:/127.0.0.1:56751 - R:localhost/127.0.0.1:61370]
[DEBUG] Using pooled Channel '[id: 0x52b54867, L:/127.0.0.1:56751 - R:localhost/127.0.0.1:61370]' for 'GET' to 'http://localhost:61370/session/32ee02a162a20017acab80c5d95bbf6a/element/89fd2477-ecbe-4387-94eb-a2aa11db6de2/attribute/multiple'
[DEBUG] Using open Channel [id: 0x52b54867, L:/127.0.0.1:56751 - R:localhost/127.0.0.1:61370] for GET '/session/32ee02a162a20017acab80c5d95bbf6a/element/89fd2477-ecbe-4387-94eb-a2aa11db6de2/attribute/multiple'
[DEBUG] 

Request DefaultFullHttpRequest(decodeResult: success, version: HTTP/1.1, content: EmptyByteBufBE)
GET /session/32ee02a162a20017acab80c5d95bbf6a/element/89fd2477-ecbe-4387-94eb-a2aa11db6de2/attribute/multiple HTTP/1.1
User-Agent: selenium/4.2.1 (java windows)
Cache-Control: no-cache
Content-Type: application/json; charset=utf-8
host: localhost:61370
accept: */*

Response DefaultHttpResponse(decodeResult: success, version: HTTP/1.1)
HTTP/1.1 200 OK
Content-Type: application/json; charset=utf-8
cache-control: no-cache
content-length: 14

[DEBUG] Adding key: http://localhost:61370 for channel [id: 0x52b54867, L:/127.0.0.1:56751 - R:localhost/127.0.0.1:61370]
[DEBUG] Using pooled Channel '[id: 0x52b54867, L:/127.0.0.1:56751 - R:localhost/127.0.0.1:61370]' for 'POST' to 'http://localhost:61370/session/32ee02a162a20017acab80c5d95bbf6a/element'
[DEBUG] Using open Channel [id: 0x52b54867, L:/127.0.0.1:56751 - R:localhost/127.0.0.1:61370] for POST '/session/32ee02a162a20017acab80c5d95bbf6a/element'
[DEBUG] 

Request DefaultHttpRequest(decodeResult: success, version: HTTP/1.1)
POST /session/32ee02a162a20017acab80c5d95bbf6a/element HTTP/1.1
User-Agent: selenium/4.2.1 (java windows)
Content-Length: 66
Content-Type: application/json; charset=utf-8
host: localhost:61370
accept: */*

Response DefaultHttpResponse(decodeResult: success, version: HTTP/1.1)
HTTP/1.1 200 OK
Content-Type: application/json; charset=utf-8
cache-control: no-cache
content-length: 88

[DEBUG] Adding key: http://localhost:61370 for channel [id: 0x52b54867, L:/127.0.0.1:56751 - R:localhost/127.0.0.1:61370]
[DEBUG] Using pooled Channel '[id: 0x52b54867, L:/127.0.0.1:56751 - R:localhost/127.0.0.1:61370]' for 'POST' to 'http://localhost:61370/session/32ee02a162a20017acab80c5d95bbf6a/element/89fd2477-ecbe-4387-94eb-a2aa11db6de2/elements'
[DEBUG] Using open Channel [id: 0x52b54867, L:/127.0.0.1:56751 - R:localhost/127.0.0.1:61370] for POST '/session/32ee02a162a20017acab80c5d95bbf6a/element/89fd2477-ecbe-4387-94eb-a2aa11db6de2/elements'
[DEBUG] 

Request DefaultHttpRequest(decodeResult: success, version: HTTP/1.1)
POST /session/32ee02a162a20017acab80c5d95bbf6a/element/89fd2477-ecbe-4387-94eb-a2aa11db6de2/elements HTTP/1.1
User-Agent: selenium/4.2.1 (java windows)
Content-Length: 139
Content-Type: application/json; charset=utf-8
host: localhost:61370
accept: */*

Response DefaultHttpResponse(decodeResult: success, version: HTTP/1.1)
HTTP/1.1 200 OK
Content-Type: application/json; charset=utf-8
cache-control: no-cache
content-length: 90

[DEBUG] Adding key: http://localhost:61370 for channel [id: 0x52b54867, L:/127.0.0.1:56751 - R:localhost/127.0.0.1:61370]
[DEBUG] Using pooled Channel '[id: 0x52b54867, L:/127.0.0.1:56751 - R:localhost/127.0.0.1:61370]' for 'GET' to 'http://localhost:61370/session/32ee02a162a20017acab80c5d95bbf6a/element/e7d59e24-406b-4118-a80f-f7da747adae3/selected'
[DEBUG] Using open Channel [id: 0x52b54867, L:/127.0.0.1:56751 - R:localhost/127.0.0.1:61370] for GET '/session/32ee02a162a20017acab80c5d95bbf6a/element/e7d59e24-406b-4118-a80f-f7da747adae3/selected'
[DEBUG] 

Request DefaultFullHttpRequest(decodeResult: success, version: HTTP/1.1, content: EmptyByteBufBE)
GET /session/32ee02a162a20017acab80c5d95bbf6a/element/e7d59e24-406b-4118-a80f-f7da747adae3/selected HTTP/1.1
User-Agent: selenium/4.2.1 (java windows)
Cache-Control: no-cache
Content-Type: application/json; charset=utf-8
host: localhost:61370
accept: */*

Response DefaultHttpResponse(decodeResult: success, version: HTTP/1.1)
HTTP/1.1 200 OK
Content-Type: application/json; charset=utf-8
cache-control: no-cache
content-length: 15

[DEBUG] Adding key: http://localhost:61370 for channel [id: 0x52b54867, L:/127.0.0.1:56751 - R:localhost/127.0.0.1:61370]
[DEBUG] Using pooled Channel '[id: 0x52b54867, L:/127.0.0.1:56751 - R:localhost/127.0.0.1:61370]' for 'POST' to 'http://localhost:61370/session/32ee02a162a20017acab80c5d95bbf6a/element/e7d59e24-406b-4118-a80f-f7da747adae3/click'
[DEBUG] Using open Channel [id: 0x52b54867, L:/127.0.0.1:56751 - R:localhost/127.0.0.1:61370] for POST '/session/32ee02a162a20017acab80c5d95bbf6a/element/e7d59e24-406b-4118-a80f-f7da747adae3/click'
[DEBUG] 

Request DefaultHttpRequest(decodeResult: success, version: HTTP/1.1)
POST /session/32ee02a162a20017acab80c5d95bbf6a/element/e7d59e24-406b-4118-a80f-f7da747adae3/click HTTP/1.1
User-Agent: selenium/4.2.1 (java windows)
Content-Length: 50
Content-Type: application/json; charset=utf-8
host: localhost:61370
accept: */*

Response DefaultHttpResponse(decodeResult: success, version: HTTP/1.1)
HTTP/1.1 200 OK
Content-Type: application/json; charset=utf-8
cache-control: no-cache
content-length: 14

[DEBUG] Adding key: http://localhost:61370 for channel [id: 0x52b54867, L:/127.0.0.1:56751 - R:localhost/127.0.0.1:61370]
[INFO ] 2022-08-16 10:16:22.580 [TestNG-test=Surefire test-1] StepDef - customer information entered
[DEBUG] Using pooled Channel '[id: 0x52b54867, L:/127.0.0.1:56751 - R:localhost/127.0.0.1:61370]' for 'POST' to 'http://localhost:61370/session/32ee02a162a20017acab80c5d95bbf6a/element'
[DEBUG] Using open Channel [id: 0x52b54867, L:/127.0.0.1:56751 - R:localhost/127.0.0.1:61370] for POST '/session/32ee02a162a20017acab80c5d95bbf6a/element'
[DEBUG] 

Request DefaultHttpRequest(decodeResult: success, version: HTTP/1.1)
POST /session/32ee02a162a20017acab80c5d95bbf6a/element HTTP/1.1
User-Agent: selenium/4.2.1 (java windows)
Content-Length: 69
Content-Type: application/json; charset=utf-8
host: localhost:61370
accept: */*

Response DefaultHttpResponse(decodeResult: success, version: HTTP/1.1)
HTTP/1.1 200 OK
Content-Type: application/json; charset=utf-8
cache-control: no-cache
content-length: 88

[DEBUG] Adding key: http://localhost:61370 for channel [id: 0x52b54867, L:/127.0.0.1:56751 - R:localhost/127.0.0.1:61370]
[DEBUG] Using pooled Channel '[id: 0x52b54867, L:/127.0.0.1:56751 - R:localhost/127.0.0.1:61370]' for 'POST' to 'http://localhost:61370/session/32ee02a162a20017acab80c5d95bbf6a/element/8d35c65a-217f-4930-9e78-85887c2c12da/click'
[DEBUG] Using open Channel [id: 0x52b54867, L:/127.0.0.1:56751 - R:localhost/127.0.0.1:61370] for POST '/session/32ee02a162a20017acab80c5d95bbf6a/element/8d35c65a-217f-4930-9e78-85887c2c12da/click'
[DEBUG] Entry count for : http://localhost:56753 : 1
[DEBUG] Entry count for : http://localhost:56753 : 1
[DEBUG] 

Request DefaultHttpRequest(decodeResult: success, version: HTTP/1.1)
POST /session/32ee02a162a20017acab80c5d95bbf6a/element/8d35c65a-217f-4930-9e78-85887c2c12da/click HTTP/1.1
User-Agent: selenium/4.2.1 (java windows)
Content-Length: 50
Content-Type: application/json; charset=utf-8
host: localhost:61370
accept: */*

Response DefaultHttpResponse(decodeResult: success, version: HTTP/1.1)
HTTP/1.1 200 OK
Content-Type: application/json; charset=utf-8
cache-control: no-cache
content-length: 14

[DEBUG] Adding key: http://localhost:61370 for channel [id: 0x52b54867, L:/127.0.0.1:56751 - R:localhost/127.0.0.1:61370]
[INFO ] 2022-08-16 10:16:24.562 [TestNG-test=Surefire test-1] StepDef - clicked on save button
[DEBUG] Using pooled Channel '[id: 0x52b54867, L:/127.0.0.1:56751 - R:localhost/127.0.0.1:61370]' for 'POST' to 'http://localhost:61370/session/32ee02a162a20017acab80c5d95bbf6a/element'
[DEBUG] Using open Channel [id: 0x52b54867, L:/127.0.0.1:56751 - R:localhost/127.0.0.1:61370] for POST '/session/32ee02a162a20017acab80c5d95bbf6a/element'
[DEBUG] 

Request DefaultHttpRequest(decodeResult: success, version: HTTP/1.1)
POST /session/32ee02a162a20017acab80c5d95bbf6a/element HTTP/1.1
User-Agent: selenium/4.2.1 (java windows)
Content-Length: 44
Content-Type: application/json; charset=utf-8
host: localhost:61370
accept: */*

Response DefaultHttpResponse(decodeResult: success, version: HTTP/1.1)
HTTP/1.1 200 OK
Content-Type: application/json; charset=utf-8
cache-control: no-cache
content-length: 88

[DEBUG] Adding key: http://localhost:61370 for channel [id: 0x52b54867, L:/127.0.0.1:56751 - R:localhost/127.0.0.1:61370]
[DEBUG] Using pooled Channel '[id: 0x52b54867, L:/127.0.0.1:56751 - R:localhost/127.0.0.1:61370]' for 'GET' to 'http://localhost:61370/session/32ee02a162a20017acab80c5d95bbf6a/element/a10d83ce-9880-4d55-bdca-babae8324b49/text'
[DEBUG] Using open Channel [id: 0x52b54867, L:/127.0.0.1:56751 - R:localhost/127.0.0.1:61370] for GET '/session/32ee02a162a20017acab80c5d95bbf6a/element/a10d83ce-9880-4d55-bdca-babae8324b49/text'
[DEBUG] 

Request DefaultFullHttpRequest(decodeResult: success, version: HTTP/1.1, content: EmptyByteBufBE)
GET /session/32ee02a162a20017acab80c5d95bbf6a/element/a10d83ce-9880-4d55-bdca-babae8324b49/text HTTP/1.1
User-Agent: selenium/4.2.1 (java windows)
Cache-Control: no-cache
Content-Type: application/json; charset=utf-8
host: localhost:61370
accept: */*

Response DefaultHttpResponse(decodeResult: success, version: HTTP/1.1)
HTTP/1.1 200 OK
Content-Type: application/json; charset=utf-8
cache-control: no-cache
content-length: 801

[DEBUG] Adding key: http://localhost:61370 for channel [id: 0x52b54867, L:/127.0.0.1:56751 - R:localhost/127.0.0.1:61370]
[INFO ] 2022-08-16 10:16:24.727 [TestNG-test=Surefire test-1] StepDef - User can view confirmation message - passed
[DEBUG] Using pooled Channel '[id: 0x52b54867, L:/127.0.0.1:56751 - R:localhost/127.0.0.1:61370]' for 'DELETE' to 'http://localhost:61370/session/32ee02a162a20017acab80c5d95bbf6a/window'
[DEBUG] Using open Channel [id: 0x52b54867, L:/127.0.0.1:56751 - R:localhost/127.0.0.1:61370] for DELETE '/session/32ee02a162a20017acab80c5d95bbf6a/window'
[DEBUG] Unexpected I/O exception on channel [id: 0x241f6b3d, L:/127.0.0.1:56769 - R:localhost/127.0.0.1:56753]
java.io.IOException: An existing connection was forcibly closed by the remote host
	at sun.nio.ch.SocketDispatcher.read0(Native Method) ~[na:1.8.0_341]
	at sun.nio.ch.SocketDispatcher.read(Unknown Source) ~[na:1.8.0_341]
	at sun.nio.ch.IOUtil.readIntoNativeBuffer(Unknown Source) ~[na:1.8.0_341]
	at sun.nio.ch.IOUtil.read(Unknown Source) ~[na:1.8.0_341]
	at sun.nio.ch.SocketChannelImpl.read(Unknown Source) ~[na:1.8.0_341]
	at io.netty.buffer.PooledByteBuf.setBytes(PooledByteBuf.java:258) ~[netty-buffer-4.1.77.Final.jar:4.1.77.Final]
	at io.netty.buffer.AbstractByteBuf.writeBytes(AbstractByteBuf.java:1132) ~[netty-buffer-4.1.77.Final.jar:4.1.77.Final]
	at io.netty.channel.socket.nio.NioSocketChannel.doReadBytes(NioSocketChannel.java:357) ~[netty-transport-4.1.77.Final.jar:4.1.77.Final]
	at io.netty.channel.nio.AbstractNioByteChannel$NioByteUnsafe.read(AbstractNioByteChannel.java:151) ~[netty-transport-4.1.77.Final.jar:4.1.77.Final]
	at io.netty.channel.nio.NioEventLoop.processSelectedKey(NioEventLoop.java:722) [netty-transport-4.1.77.Final.jar:4.1.77.Final]
	at io.netty.channel.nio.NioEventLoop.processSelectedKeysOptimized(NioEventLoop.java:658) [netty-transport-4.1.77.Final.jar:4.1.77.Final]
	at io.netty.channel.nio.NioEventLoop.processSelectedKeys(NioEventLoop.java:584) [netty-transport-4.1.77.Final.jar:4.1.77.Final]
	at io.netty.channel.nio.NioEventLoop.run(NioEventLoop.java:496) [netty-transport-4.1.77.Final.jar:4.1.77.Final]
	at io.netty.util.concurrent.SingleThreadEventExecutor$4.run(SingleThreadEventExecutor.java:995) [netty-common-4.1.77.Final.jar:4.1.77.Final]
	at io.netty.util.internal.ThreadExecutorMap$2.run(ThreadExecutorMap.java:74) [netty-common-4.1.77.Final.jar:4.1.77.Final]
	at io.netty.util.concurrent.FastThreadLocalRunnable.run(FastThreadLocalRunnable.java:30) [netty-common-4.1.77.Final.jar:4.1.77.Final]
	at java.lang.Thread.run(Unknown Source) [na:1.8.0_341]
[DEBUG] Unexpected I/O exception on channel [id: 0x464c2dd2, L:/127.0.0.1:56768 - R:localhost/127.0.0.1:56753]
java.io.IOException: An existing connection was forcibly closed by the remote host
	at sun.nio.ch.SocketDispatcher.read0(Native Method) ~[na:1.8.0_341]
	at sun.nio.ch.SocketDispatcher.read(Unknown Source) ~[na:1.8.0_341]
	at sun.nio.ch.IOUtil.readIntoNativeBuffer(Unknown Source) ~[na:1.8.0_341]
	at sun.nio.ch.IOUtil.read(Unknown Source) ~[na:1.8.0_341]
	at sun.nio.ch.SocketChannelImpl.read(Unknown Source) ~[na:1.8.0_341]
	at io.netty.buffer.PooledByteBuf.setBytes(PooledByteBuf.java:258) ~[netty-buffer-4.1.77.Final.jar:4.1.77.Final]
	at io.netty.buffer.AbstractByteBuf.writeBytes(AbstractByteBuf.java:1132) ~[netty-buffer-4.1.77.Final.jar:4.1.77.Final]
	at io.netty.channel.socket.nio.NioSocketChannel.doReadBytes(NioSocketChannel.java:357) ~[netty-transport-4.1.77.Final.jar:4.1.77.Final]
	at io.netty.channel.nio.AbstractNioByteChannel$NioByteUnsafe.read(AbstractNioByteChannel.java:151) ~[netty-transport-4.1.77.Final.jar:4.1.77.Final]
	at io.netty.channel.nio.NioEventLoop.processSelectedKey(NioEventLoop.java:722) [netty-transport-4.1.77.Final.jar:4.1.77.Final]
	at io.netty.channel.nio.NioEventLoop.processSelectedKeysOptimized(NioEventLoop.java:658) [netty-transport-4.1.77.Final.jar:4.1.77.Final]
	at io.netty.channel.nio.NioEventLoop.processSelectedKeys(NioEventLoop.java:584) [netty-transport-4.1.77.Final.jar:4.1.77.Final]
	at io.netty.channel.nio.NioEventLoop.run(NioEventLoop.java:496) [netty-transport-4.1.77.Final.jar:4.1.77.Final]
	at io.netty.util.concurrent.SingleThreadEventExecutor$4.run(SingleThreadEventExecutor.java:995) [netty-common-4.1.77.Final.jar:4.1.77.Final]
	at io.netty.util.internal.ThreadExecutorMap$2.run(ThreadExecutorMap.java:74) [netty-common-4.1.77.Final.jar:4.1.77.Final]
	at io.netty.util.concurrent.FastThreadLocalRunnable.run(FastThreadLocalRunnable.java:30) [netty-common-4.1.77.Final.jar:4.1.77.Final]
	at java.lang.Thread.run(Unknown Source) [na:1.8.0_341]
[DEBUG] Closing Channel [id: 0x464c2dd2, L:/127.0.0.1:56768 - R:localhost/127.0.0.1:56753] 
[DEBUG] Trying to recover from dead Channel: [id: 0x241f6b3d, L:/127.0.0.1:56769 - R:localhost/127.0.0.1:56753]
[DEBUG] Channel Closed: [id: 0x241f6b3d, L:/127.0.0.1:56769 ! R:localhost/127.0.0.1:56753] with attribute NettyResponseFuture{currentRetry=0,
	isDone=1,
	isCancelled=0,
	asyncHandler=org.asynchttpclient.ws.WebSocketUpgradeHandler@cc8953,
	nettyRequest=org.asynchttpclient.netty.request.NettyRequest@11c38af,
	future=java.util.concurrent.CompletableFuture@12b6afe[Completed normally],
	uri=ws://localhost:56753/devtools/browser/20718b9b-0361-444b-8c40-2e9f4e749502,
	keepAlive=true,
	redirectCount=0,
	timeoutsHolder=null,
	inAuth=0,
	touch=1660625184833}
[DEBUG] Closing Channel [id: 0x241f6b3d, L:/127.0.0.1:56769 ! R:localhost/127.0.0.1:56753] 
[DEBUG] Channel Closed: [id: 0x464c2dd2, L:/127.0.0.1:56768 ! R:localhost/127.0.0.1:56753] with attribute DISCARD
[DEBUG] 

Request DefaultFullHttpRequest(decodeResult: success, version: HTTP/1.1, content: EmptyByteBufBE)
DELETE /session/32ee02a162a20017acab80c5d95bbf6a/window HTTP/1.1
User-Agent: selenium/4.2.1 (java windows)
Content-Type: application/json; charset=utf-8
host: localhost:61370
accept: */*

Response DefaultHttpResponse(decodeResult: success, version: HTTP/1.1)
HTTP/1.1 200 OK
Content-Type: application/json; charset=utf-8
cache-control: no-cache
content-length: 12

[DEBUG] Adding key: http://localhost:61370 for channel [id: 0x52b54867, L:/127.0.0.1:56751 - R:localhost/127.0.0.1:61370]
[INFO ] 2022-08-16 10:16:24.843 [TestNG-test=Surefire test-1] StepDef - Browser closed
Tear Down method executed..
[DEBUG] Using pooled Channel '[id: 0x52b54867, L:/127.0.0.1:56751 - R:localhost/127.0.0.1:61370]' for 'DELETE' to 'http://localhost:61370/session/32ee02a162a20017acab80c5d95bbf6a'
[DEBUG] Using open Channel [id: 0x52b54867, L:/127.0.0.1:56751 - R:localhost/127.0.0.1:61370] for DELETE '/session/32ee02a162a20017acab80c5d95bbf6a'
[DEBUG] 

Request DefaultFullHttpRequest(decodeResult: success, version: HTTP/1.1, content: EmptyByteBufBE)
DELETE /session/32ee02a162a20017acab80c5d95bbf6a HTTP/1.1
User-Agent: selenium/4.2.1 (java windows)
Content-Type: application/json; charset=utf-8
host: localhost:61370
accept: */*

Response DefaultHttpResponse(decodeResult: success, version: HTTP/1.1)
HTTP/1.1 200 OK
Content-Type: application/json; charset=utf-8
cache-control: no-cache
content-length: 14

[DEBUG] Adding key: http://localhost:61370 for channel [id: 0x52b54867, L:/127.0.0.1:56751 - R:localhost/127.0.0.1:61370]
[DEBUG] Channel Closed: [id: 0x52b54867, L:/127.0.0.1:56751 ! R:localhost/127.0.0.1:61370] with attribute DISCARD
[DEBUG] Entry count for : http://localhost:61370 : 1
[DEBUG] Entry count for : http://localhost:56753 : 1
[DEBUG] Adding Candidate expired Channel [id: 0x52b54867, L:/127.0.0.1:56751 ! R:localhost/127.0.0.1:61370] isIdleTimeoutExpired=false isRemotelyClosed=true isTtlExpired=false
[DEBUG] Closing Idle Channel [id: 0x52b54867, L:/127.0.0.1:56751 ! R:localhost/127.0.0.1:61370]
[DEBUG] Adding Candidate expired Channel [id: 0x464c2dd2, L:/127.0.0.1:56768 ! R:localhost/127.0.0.1:56753] isIdleTimeoutExpired=false isRemotelyClosed=true isTtlExpired=false
[DEBUG] Closing Idle Channel [id: 0x464c2dd2, L:/127.0.0.1:56768 ! R:localhost/127.0.0.1:56753]
[DEBUG] Closed 2 connections out of 2 in 0 ms
]]></system-out>
    <system-err><![CDATA[Starting ChromeDriver 104.0.5112.79 (3cf3e8c8a07d104b9e1260c910efb8f383285dc5-refs/branch-heads/5112@{#1307}) on port 61370
Only local connections are allowed.
Please see https://chromedriver.chromium.org/security-considerations for suggestions on keeping ChromeDriver safe.
ChromeDriver was started successfully.
Aug 16, 2022 10:16:04 AM org.openqa.selenium.remote.ProtocolHandshake createSession
INFO: Detected upstream dialect: W3C
Aug 16, 2022 10:16:04 AM org.openqa.selenium.devtools.CdpVersionFinder findNearestMatch
WARNING: Unable to find an exact match for CDP version 104, so returning the closest version found: 102
Aug 16, 2022 10:16:04 AM org.openqa.selenium.devtools.CdpVersionFinder findNearestMatch
INFO: Found CDP implementation for version 104 of 102
]]></system-err>
  </testcase>
  <testcase name="runScenario[&quot;Search Customer by Email&quot;, &quot;Customers&quot;](2)" classname="TestRunner.Run" time="20.748">
    <system-out><![CDATA[Setup-Sanity method executed..
[DEBUG] Resolution chrome=104 in cache (valid until 11:15:59 16/08/2022 IST)
[DEBUG] Resolution chrome104=104.0.5112.79 in cache (valid until 13:28:12 16/08/2022 IST)
[INFO] Using chromedriver 104.0.5112.79 (resolved driver for Chrome 104)
[DEBUG] Driver chromedriver 104.0.5112.79 found in cache
[INFO] Exporting webdriver.chrome.driver as C:\Users\suman\.cache\selenium\chromedriver\win32\104.0.5112.79\chromedriver.exe
[DEBUG] Using new Channel '[id: 0xb3ead76a, L:/127.0.0.1:56895 - R:localhost/127.0.0.1:49955]' for 'POST' to '/session'
[DEBUG] 

Request DefaultHttpRequest(decodeResult: success, version: HTTP/1.1)
POST /session HTTP/1.1
User-Agent: selenium/4.2.1 (java windows)
Content-Length: 365
Content-Type: application/json; charset=utf-8
host: localhost:49955
accept: */*

Response DefaultHttpResponse(decodeResult: success, version: HTTP/1.1)
HTTP/1.1 200 OK
Content-Type: application/json; charset=utf-8
cache-control: no-cache
content-length: 790

[DEBUG] Adding key: http://localhost:49955 for channel [id: 0xb3ead76a, L:/127.0.0.1:56895 - R:localhost/127.0.0.1:49955]
[DEBUG] Using new Channel '[id: 0xa25b01fe, L:/127.0.0.1:56902 - R:localhost/127.0.0.1:56897]' for 'GET' to '/json/version'
[DEBUG] 

Request DefaultFullHttpRequest(decodeResult: success, version: HTTP/1.1, content: EmptyByteBufBE)
GET /json/version HTTP/1.1
User-Agent: selenium/4.2.1 (java windows)
host: localhost:56897
accept: */*

Response DefaultHttpResponse(decodeResult: success, version: HTTP/1.1)
HTTP/1.1 200 OK
Content-Type: application/json; charset=UTF-8
content-length: 427

[DEBUG] Adding key: http://localhost:56897 for channel [id: 0xa25b01fe, L:/127.0.0.1:56902 - R:localhost/127.0.0.1:56897]
[DEBUG] Using new Channel '[id: 0x99bc55d9, L:/127.0.0.1:56903 - R:localhost/127.0.0.1:56897]' for 'GET' to '/devtools/browser/2d5c664e-9d7d-4c0f-8b59-9824a181f48c'
[DEBUG] 

Request DefaultFullHttpRequest(decodeResult: success, version: HTTP/1.1, content: EmptyByteBufBE)
GET /devtools/browser/2d5c664e-9d7d-4c0f-8b59-9824a181f48c HTTP/1.1
upgrade: websocket
connection: upgrade
sec-websocket-key: bYmh947TNEqS/Aa7/n8URA==
sec-websocket-version: 13
origin: http://localhost:56897
host: localhost:56897
accept: */*
user-agent: AHC/2.1

Response DefaultHttpResponse(decodeResult: success, version: HTTP/1.1)
HTTP/1.1 101 WebSocket Protocol Handshake
Upgrade: WebSocket
Connection: Upgrade
Sec-WebSocket-Accept: lPXDiGNOVTKTpeEcLM9r3IKYTa0=

[DEBUG] Using pooled Channel '[id: 0xb3ead76a, L:/127.0.0.1:56895 - R:localhost/127.0.0.1:49955]' for 'POST' to 'http://localhost:49955/session/2fa00428a452d7b133a642a84eb67af7/window/maximize'
[DEBUG] Using open Channel [id: 0xb3ead76a, L:/127.0.0.1:56895 - R:localhost/127.0.0.1:49955] for POST '/session/2fa00428a452d7b133a642a84eb67af7/window/maximize'
[DEBUG] 

Request DefaultHttpRequest(decodeResult: success, version: HTTP/1.1)
POST /session/2fa00428a452d7b133a642a84eb67af7/window/maximize HTTP/1.1
User-Agent: selenium/4.2.1 (java windows)
Content-Length: 3
Content-Type: application/json; charset=utf-8
host: localhost:49955
accept: */*

Response DefaultHttpResponse(decodeResult: success, version: HTTP/1.1)
HTTP/1.1 200 OK
Content-Type: application/json; charset=utf-8
cache-control: no-cache
content-length: 51

[DEBUG] Adding key: http://localhost:49955 for channel [id: 0xb3ead76a, L:/127.0.0.1:56895 - R:localhost/127.0.0.1:49955]
[FATAL] 2022-08-16 10:16:26.992 [TestNG-test=Surefire test-1] StepDef - Setup1 executed...
[INFO ] 2022-08-16 10:16:26.997 [TestNG-test=Surefire test-1] StepDef - chrome browser launched
[DEBUG] Using pooled Channel '[id: 0xb3ead76a, L:/127.0.0.1:56895 - R:localhost/127.0.0.1:49955]' for 'POST' to 'http://localhost:49955/session/2fa00428a452d7b133a642a84eb67af7/url'
[DEBUG] Using open Channel [id: 0xb3ead76a, L:/127.0.0.1:56895 - R:localhost/127.0.0.1:49955] for POST '/session/2fa00428a452d7b133a642a84eb67af7/url'
[DEBUG] Entry count for : http://localhost:56897 : 1
[DEBUG] Entry count for : http://localhost:56897 : 1
[DEBUG] Entry count for : http://localhost:56897 : 1
[DEBUG] Entry count for : http://localhost:56897 : 1
[DEBUG] Entry count for : http://localhost:56897 : 1
[DEBUG] 

Request DefaultHttpRequest(decodeResult: success, version: HTTP/1.1)
POST /session/2fa00428a452d7b133a642a84eb67af7/url HTTP/1.1
User-Agent: selenium/4.2.1 (java windows)
Content-Length: 69
Content-Type: application/json; charset=utf-8
host: localhost:49955
accept: */*

Response DefaultHttpResponse(decodeResult: success, version: HTTP/1.1)
HTTP/1.1 200 OK
Content-Type: application/json; charset=utf-8
cache-control: no-cache
content-length: 14

[DEBUG] Adding key: http://localhost:49955 for channel [id: 0xb3ead76a, L:/127.0.0.1:56895 - R:localhost/127.0.0.1:49955]
[INFO ] 2022-08-16 10:16:32.064 [TestNG-test=Surefire test-1] StepDef - url opened
[DEBUG] Using pooled Channel '[id: 0xb3ead76a, L:/127.0.0.1:56895 - R:localhost/127.0.0.1:49955]' for 'POST' to 'http://localhost:49955/session/2fa00428a452d7b133a642a84eb67af7/element'
[DEBUG] Using open Channel [id: 0xb3ead76a, L:/127.0.0.1:56895 - R:localhost/127.0.0.1:49955] for POST '/session/2fa00428a452d7b133a642a84eb67af7/element'
[DEBUG] 

Request DefaultHttpRequest(decodeResult: success, version: HTTP/1.1)
POST /session/2fa00428a452d7b133a642a84eb67af7/element HTTP/1.1
User-Agent: selenium/4.2.1 (java windows)
Content-Length: 50
Content-Type: application/json; charset=utf-8
host: localhost:49955
accept: */*

Response DefaultHttpResponse(decodeResult: success, version: HTTP/1.1)
HTTP/1.1 200 OK
Content-Type: application/json; charset=utf-8
cache-control: no-cache
content-length: 88

[DEBUG] Adding key: http://localhost:49955 for channel [id: 0xb3ead76a, L:/127.0.0.1:56895 - R:localhost/127.0.0.1:49955]
[DEBUG] Using pooled Channel '[id: 0xb3ead76a, L:/127.0.0.1:56895 - R:localhost/127.0.0.1:49955]' for 'POST' to 'http://localhost:49955/session/2fa00428a452d7b133a642a84eb67af7/element/3536a8e1-c586-47cd-8279-7eede3f6b6b1/clear'
[DEBUG] Using open Channel [id: 0xb3ead76a, L:/127.0.0.1:56895 - R:localhost/127.0.0.1:49955] for POST '/session/2fa00428a452d7b133a642a84eb67af7/element/3536a8e1-c586-47cd-8279-7eede3f6b6b1/clear'
[DEBUG] 

Request DefaultHttpRequest(decodeResult: success, version: HTTP/1.1)
POST /session/2fa00428a452d7b133a642a84eb67af7/element/3536a8e1-c586-47cd-8279-7eede3f6b6b1/clear HTTP/1.1
User-Agent: selenium/4.2.1 (java windows)
Content-Length: 50
Content-Type: application/json; charset=utf-8
host: localhost:49955
accept: */*

Response DefaultHttpResponse(decodeResult: success, version: HTTP/1.1)
HTTP/1.1 200 OK
Content-Type: application/json; charset=utf-8
cache-control: no-cache
content-length: 14

[DEBUG] Adding key: http://localhost:49955 for channel [id: 0xb3ead76a, L:/127.0.0.1:56895 - R:localhost/127.0.0.1:49955]
[DEBUG] Using pooled Channel '[id: 0xb3ead76a, L:/127.0.0.1:56895 - R:localhost/127.0.0.1:49955]' for 'POST' to 'http://localhost:49955/session/2fa00428a452d7b133a642a84eb67af7/element'
[DEBUG] Using open Channel [id: 0xb3ead76a, L:/127.0.0.1:56895 - R:localhost/127.0.0.1:49955] for POST '/session/2fa00428a452d7b133a642a84eb67af7/element'
[DEBUG] 

Request DefaultHttpRequest(decodeResult: success, version: HTTP/1.1)
POST /session/2fa00428a452d7b133a642a84eb67af7/element HTTP/1.1
User-Agent: selenium/4.2.1 (java windows)
Content-Length: 50
Content-Type: application/json; charset=utf-8
host: localhost:49955
accept: */*

Response DefaultHttpResponse(decodeResult: success, version: HTTP/1.1)
HTTP/1.1 200 OK
Content-Type: application/json; charset=utf-8
cache-control: no-cache
content-length: 88

[DEBUG] Adding key: http://localhost:49955 for channel [id: 0xb3ead76a, L:/127.0.0.1:56895 - R:localhost/127.0.0.1:49955]
[DEBUG] Using pooled Channel '[id: 0xb3ead76a, L:/127.0.0.1:56895 - R:localhost/127.0.0.1:49955]' for 'POST' to 'http://localhost:49955/session/2fa00428a452d7b133a642a84eb67af7/element/3536a8e1-c586-47cd-8279-7eede3f6b6b1/value'
[DEBUG] Using open Channel [id: 0xb3ead76a, L:/127.0.0.1:56895 - R:localhost/127.0.0.1:49955] for POST '/session/2fa00428a452d7b133a642a84eb67af7/element/3536a8e1-c586-47cd-8279-7eede3f6b6b1/value'
[DEBUG] 

Request DefaultHttpRequest(decodeResult: success, version: HTTP/1.1)
POST /session/2fa00428a452d7b133a642a84eb67af7/element/3536a8e1-c586-47cd-8279-7eede3f6b6b1/value HTTP/1.1
User-Agent: selenium/4.2.1 (java windows)
Content-Length: 271
Content-Type: application/json; charset=utf-8
host: localhost:49955
accept: */*

Response DefaultHttpResponse(decodeResult: success, version: HTTP/1.1)
HTTP/1.1 200 OK
Content-Type: application/json; charset=utf-8
cache-control: no-cache
content-length: 14

[DEBUG] Adding key: http://localhost:49955 for channel [id: 0xb3ead76a, L:/127.0.0.1:56895 - R:localhost/127.0.0.1:49955]
[DEBUG] Using pooled Channel '[id: 0xb3ead76a, L:/127.0.0.1:56895 - R:localhost/127.0.0.1:49955]' for 'POST' to 'http://localhost:49955/session/2fa00428a452d7b133a642a84eb67af7/element'
[DEBUG] Using open Channel [id: 0xb3ead76a, L:/127.0.0.1:56895 - R:localhost/127.0.0.1:49955] for POST '/session/2fa00428a452d7b133a642a84eb67af7/element'
[DEBUG] 

Request DefaultHttpRequest(decodeResult: success, version: HTTP/1.1)
POST /session/2fa00428a452d7b133a642a84eb67af7/element HTTP/1.1
User-Agent: selenium/4.2.1 (java windows)
Content-Length: 53
Content-Type: application/json; charset=utf-8
host: localhost:49955
accept: */*

Response DefaultHttpResponse(decodeResult: success, version: HTTP/1.1)
HTTP/1.1 200 OK
Content-Type: application/json; charset=utf-8
cache-control: no-cache
content-length: 88

[DEBUG] Adding key: http://localhost:49955 for channel [id: 0xb3ead76a, L:/127.0.0.1:56895 - R:localhost/127.0.0.1:49955]
[DEBUG] Using pooled Channel '[id: 0xb3ead76a, L:/127.0.0.1:56895 - R:localhost/127.0.0.1:49955]' for 'POST' to 'http://localhost:49955/session/2fa00428a452d7b133a642a84eb67af7/element/4f813140-3989-49f7-8d45-cfd7e15c3257/clear'
[DEBUG] Using open Channel [id: 0xb3ead76a, L:/127.0.0.1:56895 - R:localhost/127.0.0.1:49955] for POST '/session/2fa00428a452d7b133a642a84eb67af7/element/4f813140-3989-49f7-8d45-cfd7e15c3257/clear'
[DEBUG] 

Request DefaultHttpRequest(decodeResult: success, version: HTTP/1.1)
POST /session/2fa00428a452d7b133a642a84eb67af7/element/4f813140-3989-49f7-8d45-cfd7e15c3257/clear HTTP/1.1
User-Agent: selenium/4.2.1 (java windows)
Content-Length: 50
Content-Type: application/json; charset=utf-8
host: localhost:49955
accept: */*

Response DefaultHttpResponse(decodeResult: success, version: HTTP/1.1)
HTTP/1.1 200 OK
Content-Type: application/json; charset=utf-8
cache-control: no-cache
content-length: 14

[DEBUG] Adding key: http://localhost:49955 for channel [id: 0xb3ead76a, L:/127.0.0.1:56895 - R:localhost/127.0.0.1:49955]
[DEBUG] Using pooled Channel '[id: 0xb3ead76a, L:/127.0.0.1:56895 - R:localhost/127.0.0.1:49955]' for 'POST' to 'http://localhost:49955/session/2fa00428a452d7b133a642a84eb67af7/element'
[DEBUG] Using open Channel [id: 0xb3ead76a, L:/127.0.0.1:56895 - R:localhost/127.0.0.1:49955] for POST '/session/2fa00428a452d7b133a642a84eb67af7/element'
[DEBUG] 

Request DefaultHttpRequest(decodeResult: success, version: HTTP/1.1)
POST /session/2fa00428a452d7b133a642a84eb67af7/element HTTP/1.1
User-Agent: selenium/4.2.1 (java windows)
Content-Length: 53
Content-Type: application/json; charset=utf-8
host: localhost:49955
accept: */*

Response DefaultHttpResponse(decodeResult: success, version: HTTP/1.1)
HTTP/1.1 200 OK
Content-Type: application/json; charset=utf-8
cache-control: no-cache
content-length: 88

[DEBUG] Adding key: http://localhost:49955 for channel [id: 0xb3ead76a, L:/127.0.0.1:56895 - R:localhost/127.0.0.1:49955]
[DEBUG] Using pooled Channel '[id: 0xb3ead76a, L:/127.0.0.1:56895 - R:localhost/127.0.0.1:49955]' for 'POST' to 'http://localhost:49955/session/2fa00428a452d7b133a642a84eb67af7/element/4f813140-3989-49f7-8d45-cfd7e15c3257/value'
[DEBUG] Using open Channel [id: 0xb3ead76a, L:/127.0.0.1:56895 - R:localhost/127.0.0.1:49955] for POST '/session/2fa00428a452d7b133a642a84eb67af7/element/4f813140-3989-49f7-8d45-cfd7e15c3257/value'
[DEBUG] 

Request DefaultHttpRequest(decodeResult: success, version: HTTP/1.1)
POST /session/2fa00428a452d7b133a642a84eb67af7/element/4f813140-3989-49f7-8d45-cfd7e15c3257/value HTTP/1.1
User-Agent: selenium/4.2.1 (java windows)
Content-Length: 131
Content-Type: application/json; charset=utf-8
host: localhost:49955
accept: */*

Response DefaultHttpResponse(decodeResult: success, version: HTTP/1.1)
HTTP/1.1 200 OK
Content-Type: application/json; charset=utf-8
cache-control: no-cache
content-length: 14

[DEBUG] Adding key: http://localhost:49955 for channel [id: 0xb3ead76a, L:/127.0.0.1:56895 - R:localhost/127.0.0.1:49955]
[INFO ] 2022-08-16 10:16:32.292 [TestNG-test=Surefire test-1] StepDef - email address and password entered
[DEBUG] Using pooled Channel '[id: 0xb3ead76a, L:/127.0.0.1:56895 - R:localhost/127.0.0.1:49955]' for 'POST' to 'http://localhost:49955/session/2fa00428a452d7b133a642a84eb67af7/element'
[DEBUG] Using open Channel [id: 0xb3ead76a, L:/127.0.0.1:56895 - R:localhost/127.0.0.1:49955] for POST '/session/2fa00428a452d7b133a642a84eb67af7/element'
[DEBUG] 

Request DefaultHttpRequest(decodeResult: success, version: HTTP/1.1)
POST /session/2fa00428a452d7b133a642a84eb67af7/element HTTP/1.1
User-Agent: selenium/4.2.1 (java windows)
Content-Length: 87
Content-Type: application/json; charset=utf-8
host: localhost:49955
accept: */*

Response DefaultHttpResponse(decodeResult: success, version: HTTP/1.1)
HTTP/1.1 200 OK
Content-Type: application/json; charset=utf-8
cache-control: no-cache
content-length: 88

[DEBUG] Adding key: http://localhost:49955 for channel [id: 0xb3ead76a, L:/127.0.0.1:56895 - R:localhost/127.0.0.1:49955]
[DEBUG] Using pooled Channel '[id: 0xb3ead76a, L:/127.0.0.1:56895 - R:localhost/127.0.0.1:49955]' for 'POST' to 'http://localhost:49955/session/2fa00428a452d7b133a642a84eb67af7/element/d0c2c9d6-1e32-45ee-bfeb-144cd8f3ba63/click'
[DEBUG] Using open Channel [id: 0xb3ead76a, L:/127.0.0.1:56895 - R:localhost/127.0.0.1:49955] for POST '/session/2fa00428a452d7b133a642a84eb67af7/element/d0c2c9d6-1e32-45ee-bfeb-144cd8f3ba63/click'
[DEBUG] Entry count for : http://localhost:56897 : 1
[DEBUG] Entry count for : http://localhost:56897 : 1
[DEBUG] Entry count for : http://localhost:56897 : 1
[DEBUG] Entry count for : http://localhost:56897 : 1
[DEBUG] 

Request DefaultHttpRequest(decodeResult: success, version: HTTP/1.1)
POST /session/2fa00428a452d7b133a642a84eb67af7/element/d0c2c9d6-1e32-45ee-bfeb-144cd8f3ba63/click HTTP/1.1
User-Agent: selenium/4.2.1 (java windows)
Content-Length: 50
Content-Type: application/json; charset=utf-8
host: localhost:49955
accept: */*

Response DefaultHttpResponse(decodeResult: success, version: HTTP/1.1)
HTTP/1.1 200 OK
Content-Type: application/json; charset=utf-8
cache-control: no-cache
content-length: 14

[DEBUG] Adding key: http://localhost:49955 for channel [id: 0xb3ead76a, L:/127.0.0.1:56895 - R:localhost/127.0.0.1:49955]
[INFO ] 2022-08-16 10:16:36.149 [TestNG-test=Surefire test-1] StepDef - Clicked on login button
[DEBUG] Using pooled Channel '[id: 0xb3ead76a, L:/127.0.0.1:56895 - R:localhost/127.0.0.1:49955]' for 'GET' to 'http://localhost:49955/session/2fa00428a452d7b133a642a84eb67af7/title'
[DEBUG] Using open Channel [id: 0xb3ead76a, L:/127.0.0.1:56895 - R:localhost/127.0.0.1:49955] for GET '/session/2fa00428a452d7b133a642a84eb67af7/title'
[DEBUG] 

Request DefaultFullHttpRequest(decodeResult: success, version: HTTP/1.1, content: EmptyByteBufBE)
GET /session/2fa00428a452d7b133a642a84eb67af7/title HTTP/1.1
User-Agent: selenium/4.2.1 (java windows)
Cache-Control: no-cache
Content-Type: application/json; charset=utf-8
host: localhost:49955
accept: */*

Response DefaultHttpResponse(decodeResult: success, version: HTTP/1.1)
HTTP/1.1 200 OK
Content-Type: application/json; charset=utf-8
cache-control: no-cache
content-length: 50

[DEBUG] Adding key: http://localhost:49955 for channel [id: 0xb3ead76a, L:/127.0.0.1:56895 - R:localhost/127.0.0.1:49955]
[INFO ] 2022-08-16 10:16:36.156 [TestNG-test=Surefire test-1] StepDef - user can view dashboard test passed.
[DEBUG] Using pooled Channel '[id: 0xb3ead76a, L:/127.0.0.1:56895 - R:localhost/127.0.0.1:49955]' for 'POST' to 'http://localhost:49955/session/2fa00428a452d7b133a642a84eb67af7/element'
[DEBUG] Using open Channel [id: 0xb3ead76a, L:/127.0.0.1:56895 - R:localhost/127.0.0.1:49955] for POST '/session/2fa00428a452d7b133a642a84eb67af7/element'
[DEBUG] 

Request DefaultHttpRequest(decodeResult: success, version: HTTP/1.1)
POST /session/2fa00428a452d7b133a642a84eb67af7/element HTTP/1.1
User-Agent: selenium/4.2.1 (java windows)
Content-Length: 104
Content-Type: application/json; charset=utf-8
host: localhost:49955
accept: */*

Response DefaultHttpResponse(decodeResult: success, version: HTTP/1.1)
HTTP/1.1 200 OK
Content-Type: application/json; charset=utf-8
cache-control: no-cache
content-length: 88

[DEBUG] Adding key: http://localhost:49955 for channel [id: 0xb3ead76a, L:/127.0.0.1:56895 - R:localhost/127.0.0.1:49955]
[DEBUG] Using pooled Channel '[id: 0xb3ead76a, L:/127.0.0.1:56895 - R:localhost/127.0.0.1:49955]' for 'POST' to 'http://localhost:49955/session/2fa00428a452d7b133a642a84eb67af7/element/2663e95b-2bb5-4941-af69-41e44b90cbf9/click'
[DEBUG] Using open Channel [id: 0xb3ead76a, L:/127.0.0.1:56895 - R:localhost/127.0.0.1:49955] for POST '/session/2fa00428a452d7b133a642a84eb67af7/element/2663e95b-2bb5-4941-af69-41e44b90cbf9/click'
[DEBUG] 

Request DefaultHttpRequest(decodeResult: success, version: HTTP/1.1)
POST /session/2fa00428a452d7b133a642a84eb67af7/element/2663e95b-2bb5-4941-af69-41e44b90cbf9/click HTTP/1.1
User-Agent: selenium/4.2.1 (java windows)
Content-Length: 50
Content-Type: application/json; charset=utf-8
host: localhost:49955
accept: */*

Response DefaultHttpResponse(decodeResult: success, version: HTTP/1.1)
HTTP/1.1 200 OK
Content-Type: application/json; charset=utf-8
cache-control: no-cache
content-length: 14

[DEBUG] Adding key: http://localhost:49955 for channel [id: 0xb3ead76a, L:/127.0.0.1:56895 - R:localhost/127.0.0.1:49955]
[INFO ] 2022-08-16 10:16:36.280 [TestNG-test=Surefire test-1] StepDef - customer menu clicked
[DEBUG] Entry count for : http://localhost:49955 : 1
[DEBUG] Entry count for : http://localhost:56897 : 1
[DEBUG] Entry count for : http://localhost:49955 : 1
[DEBUG] Entry count for : http://localhost:56897 : 1
[DEBUG] Using pooled Channel '[id: 0xb3ead76a, L:/127.0.0.1:56895 - R:localhost/127.0.0.1:49955]' for 'POST' to 'http://localhost:49955/session/2fa00428a452d7b133a642a84eb67af7/element'
[DEBUG] Using open Channel [id: 0xb3ead76a, L:/127.0.0.1:56895 - R:localhost/127.0.0.1:49955] for POST '/session/2fa00428a452d7b133a642a84eb67af7/element'
[DEBUG] 

Request DefaultHttpRequest(decodeResult: success, version: HTTP/1.1)
POST /session/2fa00428a452d7b133a642a84eb67af7/element HTTP/1.1
User-Agent: selenium/4.2.1 (java windows)
Content-Length: 138
Content-Type: application/json; charset=utf-8
host: localhost:49955
accept: */*

Response DefaultHttpResponse(decodeResult: success, version: HTTP/1.1)
HTTP/1.1 200 OK
Content-Type: application/json; charset=utf-8
cache-control: no-cache
content-length: 88

[DEBUG] Adding key: http://localhost:49955 for channel [id: 0xb3ead76a, L:/127.0.0.1:56895 - R:localhost/127.0.0.1:49955]
[DEBUG] Using pooled Channel '[id: 0xb3ead76a, L:/127.0.0.1:56895 - R:localhost/127.0.0.1:49955]' for 'POST' to 'http://localhost:49955/session/2fa00428a452d7b133a642a84eb67af7/element/be4ee958-1f20-41fc-8cf2-fb4e71e37721/click'
[DEBUG] Using open Channel [id: 0xb3ead76a, L:/127.0.0.1:56895 - R:localhost/127.0.0.1:49955] for POST '/session/2fa00428a452d7b133a642a84eb67af7/element/be4ee958-1f20-41fc-8cf2-fb4e71e37721/click'
[DEBUG] Entry count for : http://localhost:56897 : 1
[DEBUG] 

Request DefaultHttpRequest(decodeResult: success, version: HTTP/1.1)
POST /session/2fa00428a452d7b133a642a84eb67af7/element/be4ee958-1f20-41fc-8cf2-fb4e71e37721/click HTTP/1.1
User-Agent: selenium/4.2.1 (java windows)
Content-Length: 50
Content-Type: application/json; charset=utf-8
host: localhost:49955
accept: */*

Response DefaultHttpResponse(decodeResult: success, version: HTTP/1.1)
HTTP/1.1 200 OK
Content-Type: application/json; charset=utf-8
cache-control: no-cache
content-length: 14

[DEBUG] Adding key: http://localhost:49955 for channel [id: 0xb3ead76a, L:/127.0.0.1:56895 - R:localhost/127.0.0.1:49955]
[INFO ] 2022-08-16 10:16:39.867 [TestNG-test=Surefire test-1] StepDef - customer menu item clicked
[DEBUG] Entry count for : http://localhost:49955 : 1
[DEBUG] Entry count for : http://localhost:56897 : 1
[DEBUG] Entry count for : http://localhost:49955 : 1
[DEBUG] Entry count for : http://localhost:56897 : 1
[DEBUG] Using pooled Channel '[id: 0xb3ead76a, L:/127.0.0.1:56895 - R:localhost/127.0.0.1:49955]' for 'POST' to 'http://localhost:49955/session/2fa00428a452d7b133a642a84eb67af7/element'
[DEBUG] Using open Channel [id: 0xb3ead76a, L:/127.0.0.1:56895 - R:localhost/127.0.0.1:49955] for POST '/session/2fa00428a452d7b133a642a84eb67af7/element'
[DEBUG] 

Request DefaultHttpRequest(decodeResult: success, version: HTTP/1.1)
POST /session/2fa00428a452d7b133a642a84eb67af7/element HTTP/1.1
User-Agent: selenium/4.2.1 (java windows)
Content-Length: 56
Content-Type: application/json; charset=utf-8
host: localhost:49955
accept: */*

Response DefaultHttpResponse(decodeResult: success, version: HTTP/1.1)
HTTP/1.1 200 OK
Content-Type: application/json; charset=utf-8
cache-control: no-cache
content-length: 88

[DEBUG] Adding key: http://localhost:49955 for channel [id: 0xb3ead76a, L:/127.0.0.1:56895 - R:localhost/127.0.0.1:49955]
[DEBUG] Using pooled Channel '[id: 0xb3ead76a, L:/127.0.0.1:56895 - R:localhost/127.0.0.1:49955]' for 'POST' to 'http://localhost:49955/session/2fa00428a452d7b133a642a84eb67af7/element/830002ff-208c-4e49-9157-f0e5b77a5807/value'
[DEBUG] Using open Channel [id: 0xb3ead76a, L:/127.0.0.1:56895 - R:localhost/127.0.0.1:49955] for POST '/session/2fa00428a452d7b133a642a84eb67af7/element/830002ff-208c-4e49-9157-f0e5b77a5807/value'
[DEBUG] 

Request DefaultHttpRequest(decodeResult: success, version: HTTP/1.1)
POST /session/2fa00428a452d7b133a642a84eb67af7/element/830002ff-208c-4e49-9157-f0e5b77a5807/value HTTP/1.1
User-Agent: selenium/4.2.1 (java windows)
Content-Length: 411
Content-Type: application/json; charset=utf-8
host: localhost:49955
accept: */*

Response DefaultHttpResponse(decodeResult: success, version: HTTP/1.1)
HTTP/1.1 200 OK
Content-Type: application/json; charset=utf-8
cache-control: no-cache
content-length: 14

[DEBUG] Adding key: http://localhost:49955 for channel [id: 0xb3ead76a, L:/127.0.0.1:56895 - R:localhost/127.0.0.1:49955]
[INFO ] 2022-08-16 10:16:42.086 [TestNG-test=Surefire test-1] StepDef - Email address entered
[DEBUG] Using pooled Channel '[id: 0xb3ead76a, L:/127.0.0.1:56895 - R:localhost/127.0.0.1:49955]' for 'POST' to 'http://localhost:49955/session/2fa00428a452d7b133a642a84eb67af7/element'
[DEBUG] Using open Channel [id: 0xb3ead76a, L:/127.0.0.1:56895 - R:localhost/127.0.0.1:49955] for POST '/session/2fa00428a452d7b133a642a84eb67af7/element'
[DEBUG] 

Request DefaultHttpRequest(decodeResult: success, version: HTTP/1.1)
POST /session/2fa00428a452d7b133a642a84eb67af7/element HTTP/1.1
User-Agent: selenium/4.2.1 (java windows)
Content-Length: 63
Content-Type: application/json; charset=utf-8
host: localhost:49955
accept: */*

Response DefaultHttpResponse(decodeResult: success, version: HTTP/1.1)
HTTP/1.1 200 OK
Content-Type: application/json; charset=utf-8
cache-control: no-cache
content-length: 88

[DEBUG] Adding key: http://localhost:49955 for channel [id: 0xb3ead76a, L:/127.0.0.1:56895 - R:localhost/127.0.0.1:49955]
[DEBUG] Using pooled Channel '[id: 0xb3ead76a, L:/127.0.0.1:56895 - R:localhost/127.0.0.1:49955]' for 'POST' to 'http://localhost:49955/session/2fa00428a452d7b133a642a84eb67af7/element/04955e57-de28-47f1-bc19-e48861851a78/click'
[DEBUG] Using open Channel [id: 0xb3ead76a, L:/127.0.0.1:56895 - R:localhost/127.0.0.1:49955] for POST '/session/2fa00428a452d7b133a642a84eb67af7/element/04955e57-de28-47f1-bc19-e48861851a78/click'
[DEBUG] 

Request DefaultHttpRequest(decodeResult: success, version: HTTP/1.1)
POST /session/2fa00428a452d7b133a642a84eb67af7/element/04955e57-de28-47f1-bc19-e48861851a78/click HTTP/1.1
User-Agent: selenium/4.2.1 (java windows)
Content-Length: 50
Content-Type: application/json; charset=utf-8
host: localhost:49955
accept: */*

Response DefaultHttpResponse(decodeResult: success, version: HTTP/1.1)
HTTP/1.1 200 OK
Content-Type: application/json; charset=utf-8
cache-control: no-cache
content-length: 14

[DEBUG] Adding key: http://localhost:49955 for channel [id: 0xb3ead76a, L:/127.0.0.1:56895 - R:localhost/127.0.0.1:49955]
[INFO ] 2022-08-16 10:16:42.152 [TestNG-test=Surefire test-1] StepDef - Clicked on search button.
[DEBUG] Entry count for : http://localhost:49955 : 1
[DEBUG] Entry count for : http://localhost:56897 : 1
[DEBUG] Entry count for : http://localhost:49955 : 1
[DEBUG] Entry count for : http://localhost:56897 : 1
[DEBUG] Using pooled Channel '[id: 0xb3ead76a, L:/127.0.0.1:56895 - R:localhost/127.0.0.1:49955]' for 'POST' to 'http://localhost:49955/session/2fa00428a452d7b133a642a84eb67af7/elements'
[DEBUG] Using open Channel [id: 0xb3ead76a, L:/127.0.0.1:56895 - R:localhost/127.0.0.1:49955] for POST '/session/2fa00428a452d7b133a642a84eb67af7/elements'
[DEBUG] 

Request DefaultHttpRequest(decodeResult: success, version: HTTP/1.1)
POST /session/2fa00428a452d7b133a642a84eb67af7/elements HTTP/1.1
User-Agent: selenium/4.2.1 (java windows)
Content-Length: 101
Content-Type: application/json; charset=utf-8
host: localhost:49955
accept: */*

Response DefaultHttpResponse(decodeResult: success, version: HTTP/1.1)
HTTP/1.1 200 OK
Content-Type: application/json; charset=utf-8
cache-control: no-cache
content-length: 90

[DEBUG] Adding key: http://localhost:49955 for channel [id: 0xb3ead76a, L:/127.0.0.1:56895 - R:localhost/127.0.0.1:49955]
Searching row:1
[DEBUG] Using pooled Channel '[id: 0xb3ead76a, L:/127.0.0.1:56895 - R:localhost/127.0.0.1:49955]' for 'POST' to 'http://localhost:49955/session/2fa00428a452d7b133a642a84eb67af7/element'
[DEBUG] Using open Channel [id: 0xb3ead76a, L:/127.0.0.1:56895 - R:localhost/127.0.0.1:49955] for POST '/session/2fa00428a452d7b133a642a84eb67af7/element'
[DEBUG] 

Request DefaultHttpRequest(decodeResult: success, version: HTTP/1.1)
POST /session/2fa00428a452d7b133a642a84eb67af7/element HTTP/1.1
User-Agent: selenium/4.2.1 (java windows)
Content-Length: 115
Content-Type: application/json; charset=utf-8
host: localhost:49955
accept: */*

Response DefaultHttpResponse(decodeResult: success, version: HTTP/1.1)
HTTP/1.1 200 OK
Content-Type: application/json; charset=utf-8
cache-control: no-cache
content-length: 88

[DEBUG] Adding key: http://localhost:49955 for channel [id: 0xb3ead76a, L:/127.0.0.1:56895 - R:localhost/127.0.0.1:49955]
[DEBUG] Using pooled Channel '[id: 0xb3ead76a, L:/127.0.0.1:56895 - R:localhost/127.0.0.1:49955]' for 'GET' to 'http://localhost:49955/session/2fa00428a452d7b133a642a84eb67af7/element/0547273b-f88c-4bfd-b991-159e1ce9cb78/text'
[DEBUG] Using open Channel [id: 0xb3ead76a, L:/127.0.0.1:56895 - R:localhost/127.0.0.1:49955] for GET '/session/2fa00428a452d7b133a642a84eb67af7/element/0547273b-f88c-4bfd-b991-159e1ce9cb78/text'
[DEBUG] 

Request DefaultFullHttpRequest(decodeResult: success, version: HTTP/1.1, content: EmptyByteBufBE)
GET /session/2fa00428a452d7b133a642a84eb67af7/element/0547273b-f88c-4bfd-b991-159e1ce9cb78/text HTTP/1.1
User-Agent: selenium/4.2.1 (java windows)
Cache-Control: no-cache
Content-Type: application/json; charset=utf-8
host: localhost:49955
accept: */*

Response DefaultHttpResponse(decodeResult: success, version: HTTP/1.1)
HTTP/1.1 200 OK
Content-Type: application/json; charset=utf-8
cache-control: no-cache
content-length: 45

[DEBUG] Adding key: http://localhost:49955 for channel [id: 0xb3ead76a, L:/127.0.0.1:56895 - R:localhost/127.0.0.1:49955]
victoria_victoria@nopCommerce.com
[INFO ] 2022-08-16 10:16:44.201 [TestNG-test=Surefire test-1] StepDef - User should found Email in the Search table - passed
[DEBUG] Using pooled Channel '[id: 0xb3ead76a, L:/127.0.0.1:56895 - R:localhost/127.0.0.1:49955]' for 'DELETE' to 'http://localhost:49955/session/2fa00428a452d7b133a642a84eb67af7/window'
[DEBUG] Using open Channel [id: 0xb3ead76a, L:/127.0.0.1:56895 - R:localhost/127.0.0.1:49955] for DELETE '/session/2fa00428a452d7b133a642a84eb67af7/window'
[DEBUG] Unexpected I/O exception on channel [id: 0xa25b01fe, L:/127.0.0.1:56902 - R:localhost/127.0.0.1:56897]
java.io.IOException: An existing connection was forcibly closed by the remote host
	at sun.nio.ch.SocketDispatcher.read0(Native Method) ~[na:1.8.0_341]
	at sun.nio.ch.SocketDispatcher.read(Unknown Source) ~[na:1.8.0_341]
	at sun.nio.ch.IOUtil.readIntoNativeBuffer(Unknown Source) ~[na:1.8.0_341]
	at sun.nio.ch.IOUtil.read(Unknown Source) ~[na:1.8.0_341]
	at sun.nio.ch.SocketChannelImpl.read(Unknown Source) ~[na:1.8.0_341]
	at io.netty.buffer.PooledByteBuf.setBytes(PooledByteBuf.java:258) ~[netty-buffer-4.1.77.Final.jar:4.1.77.Final]
	at io.netty.buffer.AbstractByteBuf.writeBytes(AbstractByteBuf.java:1132) ~[netty-buffer-4.1.77.Final.jar:4.1.77.Final]
	at io.netty.channel.socket.nio.NioSocketChannel.doReadBytes(NioSocketChannel.java:357) ~[netty-transport-4.1.77.Final.jar:4.1.77.Final]
	at io.netty.channel.nio.AbstractNioByteChannel$NioByteUnsafe.read(AbstractNioByteChannel.java:151) ~[netty-transport-4.1.77.Final.jar:4.1.77.Final]
	at io.netty.channel.nio.NioEventLoop.processSelectedKey(NioEventLoop.java:722) [netty-transport-4.1.77.Final.jar:4.1.77.Final]
	at io.netty.channel.nio.NioEventLoop.processSelectedKeysOptimized(NioEventLoop.java:658) [netty-transport-4.1.77.Final.jar:4.1.77.Final]
	at io.netty.channel.nio.NioEventLoop.processSelectedKeys(NioEventLoop.java:584) [netty-transport-4.1.77.Final.jar:4.1.77.Final]
	at io.netty.channel.nio.NioEventLoop.run(NioEventLoop.java:496) [netty-transport-4.1.77.Final.jar:4.1.77.Final]
	at io.netty.util.concurrent.SingleThreadEventExecutor$4.run(SingleThreadEventExecutor.java:995) [netty-common-4.1.77.Final.jar:4.1.77.Final]
	at io.netty.util.internal.ThreadExecutorMap$2.run(ThreadExecutorMap.java:74) [netty-common-4.1.77.Final.jar:4.1.77.Final]
	at io.netty.util.concurrent.FastThreadLocalRunnable.run(FastThreadLocalRunnable.java:30) [netty-common-4.1.77.Final.jar:4.1.77.Final]
	at java.lang.Thread.run(Unknown Source) [na:1.8.0_341]
[DEBUG] Closing Channel [id: 0xa25b01fe, L:/127.0.0.1:56902 - R:localhost/127.0.0.1:56897] 
[DEBUG] Channel Closed: [id: 0xa25b01fe, L:/127.0.0.1:56902 ! R:localhost/127.0.0.1:56897] with attribute DISCARD
[DEBUG] Unexpected I/O exception on channel [id: 0x99bc55d9, L:/127.0.0.1:56903 - R:localhost/127.0.0.1:56897]
java.io.IOException: An existing connection was forcibly closed by the remote host
	at sun.nio.ch.SocketDispatcher.read0(Native Method) ~[na:1.8.0_341]
	at sun.nio.ch.SocketDispatcher.read(Unknown Source) ~[na:1.8.0_341]
	at sun.nio.ch.IOUtil.readIntoNativeBuffer(Unknown Source) ~[na:1.8.0_341]
	at sun.nio.ch.IOUtil.read(Unknown Source) ~[na:1.8.0_341]
	at sun.nio.ch.SocketChannelImpl.read(Unknown Source) ~[na:1.8.0_341]
	at io.netty.buffer.PooledByteBuf.setBytes(PooledByteBuf.java:258) ~[netty-buffer-4.1.77.Final.jar:4.1.77.Final]
	at io.netty.buffer.AbstractByteBuf.writeBytes(AbstractByteBuf.java:1132) ~[netty-buffer-4.1.77.Final.jar:4.1.77.Final]
	at io.netty.channel.socket.nio.NioSocketChannel.doReadBytes(NioSocketChannel.java:357) ~[netty-transport-4.1.77.Final.jar:4.1.77.Final]
	at io.netty.channel.nio.AbstractNioByteChannel$NioByteUnsafe.read(AbstractNioByteChannel.java:151) ~[netty-transport-4.1.77.Final.jar:4.1.77.Final]
	at io.netty.channel.nio.NioEventLoop.processSelectedKey(NioEventLoop.java:722) [netty-transport-4.1.77.Final.jar:4.1.77.Final]
	at io.netty.channel.nio.NioEventLoop.processSelectedKeysOptimized(NioEventLoop.java:658) [netty-transport-4.1.77.Final.jar:4.1.77.Final]
	at io.netty.channel.nio.NioEventLoop.processSelectedKeys(NioEventLoop.java:584) [netty-transport-4.1.77.Final.jar:4.1.77.Final]
	at io.netty.channel.nio.NioEventLoop.run(NioEventLoop.java:496) [netty-transport-4.1.77.Final.jar:4.1.77.Final]
	at io.netty.util.concurrent.SingleThreadEventExecutor$4.run(SingleThreadEventExecutor.java:995) [netty-common-4.1.77.Final.jar:4.1.77.Final]
	at io.netty.util.internal.ThreadExecutorMap$2.run(ThreadExecutorMap.java:74) [netty-common-4.1.77.Final.jar:4.1.77.Final]
	at io.netty.util.concurrent.FastThreadLocalRunnable.run(FastThreadLocalRunnable.java:30) [netty-common-4.1.77.Final.jar:4.1.77.Final]
	at java.lang.Thread.run(Unknown Source) [na:1.8.0_341]
[DEBUG] Trying to recover from dead Channel: [id: 0x99bc55d9, L:/127.0.0.1:56903 - R:localhost/127.0.0.1:56897]
[DEBUG] Channel Closed: [id: 0x99bc55d9, L:/127.0.0.1:56903 ! R:localhost/127.0.0.1:56897] with attribute NettyResponseFuture{currentRetry=0,
	isDone=1,
	isCancelled=0,
	asyncHandler=org.asynchttpclient.ws.WebSocketUpgradeHandler@f22cf0,
	nettyRequest=org.asynchttpclient.netty.request.NettyRequest@17971ac,
	future=java.util.concurrent.CompletableFuture@1f6e736[Completed normally],
	uri=ws://localhost:56897/devtools/browser/2d5c664e-9d7d-4c0f-8b59-9824a181f48c,
	keepAlive=true,
	redirectCount=0,
	timeoutsHolder=null,
	inAuth=0,
	touch=1660625204316}
[DEBUG] Closing Channel [id: 0x99bc55d9, L:/127.0.0.1:56903 ! R:localhost/127.0.0.1:56897] 
[DEBUG] 

Request DefaultFullHttpRequest(decodeResult: success, version: HTTP/1.1, content: EmptyByteBufBE)
DELETE /session/2fa00428a452d7b133a642a84eb67af7/window HTTP/1.1
User-Agent: selenium/4.2.1 (java windows)
Content-Type: application/json; charset=utf-8
host: localhost:49955
accept: */*

Response DefaultHttpResponse(decodeResult: success, version: HTTP/1.1)
HTTP/1.1 200 OK
Content-Type: application/json; charset=utf-8
cache-control: no-cache
content-length: 12

[DEBUG] Adding key: http://localhost:49955 for channel [id: 0xb3ead76a, L:/127.0.0.1:56895 - R:localhost/127.0.0.1:49955]
[INFO ] 2022-08-16 10:16:44.342 [TestNG-test=Surefire test-1] StepDef - Browser closed
Tear Down method executed..
[DEBUG] Using pooled Channel '[id: 0xb3ead76a, L:/127.0.0.1:56895 - R:localhost/127.0.0.1:49955]' for 'DELETE' to 'http://localhost:49955/session/2fa00428a452d7b133a642a84eb67af7'
[DEBUG] Using open Channel [id: 0xb3ead76a, L:/127.0.0.1:56895 - R:localhost/127.0.0.1:49955] for DELETE '/session/2fa00428a452d7b133a642a84eb67af7'
[DEBUG] Entry count for : http://localhost:56897 : 1
[DEBUG] Adding Candidate expired Channel [id: 0xa25b01fe, L:/127.0.0.1:56902 ! R:localhost/127.0.0.1:56897] isIdleTimeoutExpired=false isRemotelyClosed=true isTtlExpired=false
[DEBUG] Closing Idle Channel [id: 0xa25b01fe, L:/127.0.0.1:56902 ! R:localhost/127.0.0.1:56897]
[DEBUG] Closed 1 connections out of 1 in 0 ms
[DEBUG] 

Request DefaultFullHttpRequest(decodeResult: success, version: HTTP/1.1, content: EmptyByteBufBE)
DELETE /session/2fa00428a452d7b133a642a84eb67af7 HTTP/1.1
User-Agent: selenium/4.2.1 (java windows)
Content-Type: application/json; charset=utf-8
host: localhost:49955
accept: */*

Response DefaultHttpResponse(decodeResult: success, version: HTTP/1.1)
HTTP/1.1 200 OK
Content-Type: application/json; charset=utf-8
cache-control: no-cache
content-length: 14

[DEBUG] Adding key: http://localhost:49955 for channel [id: 0xb3ead76a, L:/127.0.0.1:56895 - R:localhost/127.0.0.1:49955]
[DEBUG] Channel Closed: [id: 0xb3ead76a, L:/127.0.0.1:56895 ! R:localhost/127.0.0.1:49955] with attribute DISCARD
[DEBUG] Entry count for : http://localhost:49955 : 1
[DEBUG] Adding Candidate expired Channel [id: 0xb3ead76a, L:/127.0.0.1:56895 ! R:localhost/127.0.0.1:49955] isIdleTimeoutExpired=false isRemotelyClosed=true isTtlExpired=false
[DEBUG] Closing Idle Channel [id: 0xb3ead76a, L:/127.0.0.1:56895 ! R:localhost/127.0.0.1:49955]
[DEBUG] Closed 1 connections out of 1 in 0 ms
]]></system-out>
    <system-err><![CDATA[Starting ChromeDriver 104.0.5112.79 (3cf3e8c8a07d104b9e1260c910efb8f383285dc5-refs/branch-heads/5112@{#1307}) on port 49955
Only local connections are allowed.
Please see https://chromedriver.chromium.org/security-considerations for suggestions on keeping ChromeDriver safe.
ChromeDriver was started successfully.
Aug 16, 2022 10:16:26 AM org.openqa.selenium.remote.ProtocolHandshake createSession
INFO: Detected upstream dialect: W3C
Aug 16, 2022 10:16:26 AM org.openqa.selenium.devtools.CdpVersionFinder findNearestMatch
WARNING: Unable to find an exact match for CDP version 104, so returning the closest version found: 102
Aug 16, 2022 10:16:26 AM org.openqa.selenium.devtools.CdpVersionFinder findNearestMatch
INFO: Found CDP implementation for version 104 of 102
]]></system-err>
  </testcase>
  <testcase name="runScenario[&quot;Search Customer by Name&quot;, &quot;Customers&quot;](3)" classname="TestRunner.Run" time="46.635">
    <system-out><![CDATA[Setup-Sanity method executed..
[DEBUG] Resolution chrome=104 in cache (valid until 11:15:59 16/08/2022 IST)
[DEBUG] Resolution chrome104=104.0.5112.79 in cache (valid until 13:28:12 16/08/2022 IST)
[INFO] Using chromedriver 104.0.5112.79 (resolved driver for Chrome 104)
[DEBUG] Driver chromedriver 104.0.5112.79 found in cache
[INFO] Exporting webdriver.chrome.driver as C:\Users\suman\.cache\selenium\chromedriver\win32\104.0.5112.79\chromedriver.exe
[DEBUG] Using new Channel '[id: 0x6c3617de, L:/127.0.0.1:57035 - R:localhost/127.0.0.1:59760]' for 'POST' to '/session'
[DEBUG] 

Request DefaultHttpRequest(decodeResult: success, version: HTTP/1.1)
POST /session HTTP/1.1
User-Agent: selenium/4.2.1 (java windows)
Content-Length: 365
Content-Type: application/json; charset=utf-8
host: localhost:59760
accept: */*

Response DefaultHttpResponse(decodeResult: success, version: HTTP/1.1)
HTTP/1.1 200 OK
Content-Type: application/json; charset=utf-8
cache-control: no-cache
content-length: 789

[DEBUG] Adding key: http://localhost:59760 for channel [id: 0x6c3617de, L:/127.0.0.1:57035 - R:localhost/127.0.0.1:59760]
[DEBUG] Using new Channel '[id: 0xcc88f0c3, L:/127.0.0.1:57055 - R:localhost/127.0.0.1:57048]' for 'GET' to '/json/version'
[DEBUG] 

Request DefaultFullHttpRequest(decodeResult: success, version: HTTP/1.1, content: EmptyByteBufBE)
GET /json/version HTTP/1.1
User-Agent: selenium/4.2.1 (java windows)
host: localhost:57048
accept: */*

Response DefaultHttpResponse(decodeResult: success, version: HTTP/1.1)
HTTP/1.1 200 OK
Content-Type: application/json; charset=UTF-8
content-length: 427

[DEBUG] Adding key: http://localhost:57048 for channel [id: 0xcc88f0c3, L:/127.0.0.1:57055 - R:localhost/127.0.0.1:57048]
[DEBUG] Using new Channel '[id: 0x171f009f, L:/127.0.0.1:57056 - R:localhost/127.0.0.1:57048]' for 'GET' to '/devtools/browser/4c453a66-0069-4760-91a5-67efaa8686a8'
[DEBUG] 

Request DefaultFullHttpRequest(decodeResult: success, version: HTTP/1.1, content: EmptyByteBufBE)
GET /devtools/browser/4c453a66-0069-4760-91a5-67efaa8686a8 HTTP/1.1
upgrade: websocket
connection: upgrade
sec-websocket-key: 9MGVN/RZB97ehhgm6tCqNQ==
sec-websocket-version: 13
origin: http://localhost:57048
host: localhost:57048
accept: */*
user-agent: AHC/2.1

Response DefaultHttpResponse(decodeResult: success, version: HTTP/1.1)
HTTP/1.1 101 WebSocket Protocol Handshake
Upgrade: WebSocket
Connection: Upgrade
Sec-WebSocket-Accept: GxmBRsobhT5cc/6HnA4uwzp+JYQ=

[DEBUG] Using pooled Channel '[id: 0x6c3617de, L:/127.0.0.1:57035 - R:localhost/127.0.0.1:59760]' for 'POST' to 'http://localhost:59760/session/7651f2dc3dd55e6e6ff732a23d190525/window/maximize'
[DEBUG] Using open Channel [id: 0x6c3617de, L:/127.0.0.1:57035 - R:localhost/127.0.0.1:59760] for POST '/session/7651f2dc3dd55e6e6ff732a23d190525/window/maximize'
[DEBUG] 

Request DefaultHttpRequest(decodeResult: success, version: HTTP/1.1)
POST /session/7651f2dc3dd55e6e6ff732a23d190525/window/maximize HTTP/1.1
User-Agent: selenium/4.2.1 (java windows)
Content-Length: 3
Content-Type: application/json; charset=utf-8
host: localhost:59760
accept: */*

Response DefaultHttpResponse(decodeResult: success, version: HTTP/1.1)
HTTP/1.1 200 OK
Content-Type: application/json; charset=utf-8
cache-control: no-cache
content-length: 51

[DEBUG] Adding key: http://localhost:59760 for channel [id: 0x6c3617de, L:/127.0.0.1:57035 - R:localhost/127.0.0.1:59760]
[FATAL] 2022-08-16 10:16:47.705 [TestNG-test=Surefire test-1] StepDef - Setup1 executed...
[INFO ] 2022-08-16 10:16:47.706 [TestNG-test=Surefire test-1] StepDef - chrome browser launched
[DEBUG] Using pooled Channel '[id: 0x6c3617de, L:/127.0.0.1:57035 - R:localhost/127.0.0.1:59760]' for 'POST' to 'http://localhost:59760/session/7651f2dc3dd55e6e6ff732a23d190525/url'
[DEBUG] Using open Channel [id: 0x6c3617de, L:/127.0.0.1:57035 - R:localhost/127.0.0.1:59760] for POST '/session/7651f2dc3dd55e6e6ff732a23d190525/url'
[DEBUG] Entry count for : http://localhost:57048 : 1
[DEBUG] Entry count for : http://localhost:57048 : 1
[DEBUG] Entry count for : http://localhost:57048 : 1
[DEBUG] Entry count for : http://localhost:57048 : 1
[DEBUG] Entry count for : http://localhost:57048 : 1
[DEBUG] 

Request DefaultHttpRequest(decodeResult: success, version: HTTP/1.1)
POST /session/7651f2dc3dd55e6e6ff732a23d190525/url HTTP/1.1
User-Agent: selenium/4.2.1 (java windows)
Content-Length: 69
Content-Type: application/json; charset=utf-8
host: localhost:59760
accept: */*

Response DefaultHttpResponse(decodeResult: success, version: HTTP/1.1)
HTTP/1.1 200 OK
Content-Type: application/json; charset=utf-8
cache-control: no-cache
content-length: 14

[DEBUG] Adding key: http://localhost:59760 for channel [id: 0x6c3617de, L:/127.0.0.1:57035 - R:localhost/127.0.0.1:59760]
[INFO ] 2022-08-16 10:16:52.805 [TestNG-test=Surefire test-1] StepDef - url opened
[DEBUG] Using pooled Channel '[id: 0x6c3617de, L:/127.0.0.1:57035 - R:localhost/127.0.0.1:59760]' for 'POST' to 'http://localhost:59760/session/7651f2dc3dd55e6e6ff732a23d190525/element'
[DEBUG] Using open Channel [id: 0x6c3617de, L:/127.0.0.1:57035 - R:localhost/127.0.0.1:59760] for POST '/session/7651f2dc3dd55e6e6ff732a23d190525/element'
[DEBUG] 

Request DefaultHttpRequest(decodeResult: success, version: HTTP/1.1)
POST /session/7651f2dc3dd55e6e6ff732a23d190525/element HTTP/1.1
User-Agent: selenium/4.2.1 (java windows)
Content-Length: 50
Content-Type: application/json; charset=utf-8
host: localhost:59760
accept: */*

Response DefaultHttpResponse(decodeResult: success, version: HTTP/1.1)
HTTP/1.1 200 OK
Content-Type: application/json; charset=utf-8
cache-control: no-cache
content-length: 88

[DEBUG] Adding key: http://localhost:59760 for channel [id: 0x6c3617de, L:/127.0.0.1:57035 - R:localhost/127.0.0.1:59760]
[DEBUG] Using pooled Channel '[id: 0x6c3617de, L:/127.0.0.1:57035 - R:localhost/127.0.0.1:59760]' for 'POST' to 'http://localhost:59760/session/7651f2dc3dd55e6e6ff732a23d190525/element/5b1b3d3b-2984-4227-a4da-242cf7fbece3/clear'
[DEBUG] Using open Channel [id: 0x6c3617de, L:/127.0.0.1:57035 - R:localhost/127.0.0.1:59760] for POST '/session/7651f2dc3dd55e6e6ff732a23d190525/element/5b1b3d3b-2984-4227-a4da-242cf7fbece3/clear'
[DEBUG] 

Request DefaultHttpRequest(decodeResult: success, version: HTTP/1.1)
POST /session/7651f2dc3dd55e6e6ff732a23d190525/element/5b1b3d3b-2984-4227-a4da-242cf7fbece3/clear HTTP/1.1
User-Agent: selenium/4.2.1 (java windows)
Content-Length: 50
Content-Type: application/json; charset=utf-8
host: localhost:59760
accept: */*

Response DefaultHttpResponse(decodeResult: success, version: HTTP/1.1)
HTTP/1.1 200 OK
Content-Type: application/json; charset=utf-8
cache-control: no-cache
content-length: 14

[DEBUG] Adding key: http://localhost:59760 for channel [id: 0x6c3617de, L:/127.0.0.1:57035 - R:localhost/127.0.0.1:59760]
[DEBUG] Using pooled Channel '[id: 0x6c3617de, L:/127.0.0.1:57035 - R:localhost/127.0.0.1:59760]' for 'POST' to 'http://localhost:59760/session/7651f2dc3dd55e6e6ff732a23d190525/element'
[DEBUG] Using open Channel [id: 0x6c3617de, L:/127.0.0.1:57035 - R:localhost/127.0.0.1:59760] for POST '/session/7651f2dc3dd55e6e6ff732a23d190525/element'
[DEBUG] 

Request DefaultHttpRequest(decodeResult: success, version: HTTP/1.1)
POST /session/7651f2dc3dd55e6e6ff732a23d190525/element HTTP/1.1
User-Agent: selenium/4.2.1 (java windows)
Content-Length: 50
Content-Type: application/json; charset=utf-8
host: localhost:59760
accept: */*

Response DefaultHttpResponse(decodeResult: success, version: HTTP/1.1)
HTTP/1.1 200 OK
Content-Type: application/json; charset=utf-8
cache-control: no-cache
content-length: 88

[DEBUG] Adding key: http://localhost:59760 for channel [id: 0x6c3617de, L:/127.0.0.1:57035 - R:localhost/127.0.0.1:59760]
[DEBUG] Using pooled Channel '[id: 0x6c3617de, L:/127.0.0.1:57035 - R:localhost/127.0.0.1:59760]' for 'POST' to 'http://localhost:59760/session/7651f2dc3dd55e6e6ff732a23d190525/element/5b1b3d3b-2984-4227-a4da-242cf7fbece3/value'
[DEBUG] Using open Channel [id: 0x6c3617de, L:/127.0.0.1:57035 - R:localhost/127.0.0.1:59760] for POST '/session/7651f2dc3dd55e6e6ff732a23d190525/element/5b1b3d3b-2984-4227-a4da-242cf7fbece3/value'
[DEBUG] 

Request DefaultHttpRequest(decodeResult: success, version: HTTP/1.1)
POST /session/7651f2dc3dd55e6e6ff732a23d190525/element/5b1b3d3b-2984-4227-a4da-242cf7fbece3/value HTTP/1.1
User-Agent: selenium/4.2.1 (java windows)
Content-Length: 271
Content-Type: application/json; charset=utf-8
host: localhost:59760
accept: */*

Response DefaultHttpResponse(decodeResult: success, version: HTTP/1.1)
HTTP/1.1 200 OK
Content-Type: application/json; charset=utf-8
cache-control: no-cache
content-length: 14

[DEBUG] Adding key: http://localhost:59760 for channel [id: 0x6c3617de, L:/127.0.0.1:57035 - R:localhost/127.0.0.1:59760]
[DEBUG] Using pooled Channel '[id: 0x6c3617de, L:/127.0.0.1:57035 - R:localhost/127.0.0.1:59760]' for 'POST' to 'http://localhost:59760/session/7651f2dc3dd55e6e6ff732a23d190525/element'
[DEBUG] Using open Channel [id: 0x6c3617de, L:/127.0.0.1:57035 - R:localhost/127.0.0.1:59760] for POST '/session/7651f2dc3dd55e6e6ff732a23d190525/element'
[DEBUG] 

Request DefaultHttpRequest(decodeResult: success, version: HTTP/1.1)
POST /session/7651f2dc3dd55e6e6ff732a23d190525/element HTTP/1.1
User-Agent: selenium/4.2.1 (java windows)
Content-Length: 53
Content-Type: application/json; charset=utf-8
host: localhost:59760
accept: */*

Response DefaultHttpResponse(decodeResult: success, version: HTTP/1.1)
HTTP/1.1 200 OK
Content-Type: application/json; charset=utf-8
cache-control: no-cache
content-length: 88

[DEBUG] Adding key: http://localhost:59760 for channel [id: 0x6c3617de, L:/127.0.0.1:57035 - R:localhost/127.0.0.1:59760]
[DEBUG] Using pooled Channel '[id: 0x6c3617de, L:/127.0.0.1:57035 - R:localhost/127.0.0.1:59760]' for 'POST' to 'http://localhost:59760/session/7651f2dc3dd55e6e6ff732a23d190525/element/e6273217-efcb-4eef-9442-b6d8068b943d/clear'
[DEBUG] Using open Channel [id: 0x6c3617de, L:/127.0.0.1:57035 - R:localhost/127.0.0.1:59760] for POST '/session/7651f2dc3dd55e6e6ff732a23d190525/element/e6273217-efcb-4eef-9442-b6d8068b943d/clear'
[DEBUG] 

Request DefaultHttpRequest(decodeResult: success, version: HTTP/1.1)
POST /session/7651f2dc3dd55e6e6ff732a23d190525/element/e6273217-efcb-4eef-9442-b6d8068b943d/clear HTTP/1.1
User-Agent: selenium/4.2.1 (java windows)
Content-Length: 50
Content-Type: application/json; charset=utf-8
host: localhost:59760
accept: */*

Response DefaultHttpResponse(decodeResult: success, version: HTTP/1.1)
HTTP/1.1 200 OK
Content-Type: application/json; charset=utf-8
cache-control: no-cache
content-length: 14

[DEBUG] Adding key: http://localhost:59760 for channel [id: 0x6c3617de, L:/127.0.0.1:57035 - R:localhost/127.0.0.1:59760]
[DEBUG] Using pooled Channel '[id: 0x6c3617de, L:/127.0.0.1:57035 - R:localhost/127.0.0.1:59760]' for 'POST' to 'http://localhost:59760/session/7651f2dc3dd55e6e6ff732a23d190525/element'
[DEBUG] Using open Channel [id: 0x6c3617de, L:/127.0.0.1:57035 - R:localhost/127.0.0.1:59760] for POST '/session/7651f2dc3dd55e6e6ff732a23d190525/element'
[DEBUG] 

Request DefaultHttpRequest(decodeResult: success, version: HTTP/1.1)
POST /session/7651f2dc3dd55e6e6ff732a23d190525/element HTTP/1.1
User-Agent: selenium/4.2.1 (java windows)
Content-Length: 53
Content-Type: application/json; charset=utf-8
host: localhost:59760
accept: */*

Response DefaultHttpResponse(decodeResult: success, version: HTTP/1.1)
HTTP/1.1 200 OK
Content-Type: application/json; charset=utf-8
cache-control: no-cache
content-length: 88

[DEBUG] Adding key: http://localhost:59760 for channel [id: 0x6c3617de, L:/127.0.0.1:57035 - R:localhost/127.0.0.1:59760]
[DEBUG] Using pooled Channel '[id: 0x6c3617de, L:/127.0.0.1:57035 - R:localhost/127.0.0.1:59760]' for 'POST' to 'http://localhost:59760/session/7651f2dc3dd55e6e6ff732a23d190525/element/e6273217-efcb-4eef-9442-b6d8068b943d/value'
[DEBUG] Using open Channel [id: 0x6c3617de, L:/127.0.0.1:57035 - R:localhost/127.0.0.1:59760] for POST '/session/7651f2dc3dd55e6e6ff732a23d190525/element/e6273217-efcb-4eef-9442-b6d8068b943d/value'
[DEBUG] 

Request DefaultHttpRequest(decodeResult: success, version: HTTP/1.1)
POST /session/7651f2dc3dd55e6e6ff732a23d190525/element/e6273217-efcb-4eef-9442-b6d8068b943d/value HTTP/1.1
User-Agent: selenium/4.2.1 (java windows)
Content-Length: 131
Content-Type: application/json; charset=utf-8
host: localhost:59760
accept: */*

Response DefaultHttpResponse(decodeResult: success, version: HTTP/1.1)
HTTP/1.1 200 OK
Content-Type: application/json; charset=utf-8
cache-control: no-cache
content-length: 14

[DEBUG] Adding key: http://localhost:59760 for channel [id: 0x6c3617de, L:/127.0.0.1:57035 - R:localhost/127.0.0.1:59760]
[INFO ] 2022-08-16 10:16:53.024 [TestNG-test=Surefire test-1] StepDef - email address and password entered
[DEBUG] Using pooled Channel '[id: 0x6c3617de, L:/127.0.0.1:57035 - R:localhost/127.0.0.1:59760]' for 'POST' to 'http://localhost:59760/session/7651f2dc3dd55e6e6ff732a23d190525/element'
[DEBUG] Using open Channel [id: 0x6c3617de, L:/127.0.0.1:57035 - R:localhost/127.0.0.1:59760] for POST '/session/7651f2dc3dd55e6e6ff732a23d190525/element'
[DEBUG] 

Request DefaultHttpRequest(decodeResult: success, version: HTTP/1.1)
POST /session/7651f2dc3dd55e6e6ff732a23d190525/element HTTP/1.1
User-Agent: selenium/4.2.1 (java windows)
Content-Length: 87
Content-Type: application/json; charset=utf-8
host: localhost:59760
accept: */*

Response DefaultHttpResponse(decodeResult: success, version: HTTP/1.1)
HTTP/1.1 200 OK
Content-Type: application/json; charset=utf-8
cache-control: no-cache
content-length: 88

[DEBUG] Adding key: http://localhost:59760 for channel [id: 0x6c3617de, L:/127.0.0.1:57035 - R:localhost/127.0.0.1:59760]
[DEBUG] Using pooled Channel '[id: 0x6c3617de, L:/127.0.0.1:57035 - R:localhost/127.0.0.1:59760]' for 'POST' to 'http://localhost:59760/session/7651f2dc3dd55e6e6ff732a23d190525/element/01f1a5ed-9cb3-4861-922f-ed2266f45246/click'
[DEBUG] Using open Channel [id: 0x6c3617de, L:/127.0.0.1:57035 - R:localhost/127.0.0.1:59760] for POST '/session/7651f2dc3dd55e6e6ff732a23d190525/element/01f1a5ed-9cb3-4861-922f-ed2266f45246/click'
[DEBUG] Entry count for : http://localhost:57048 : 1
[DEBUG] Entry count for : http://localhost:57048 : 1
[DEBUG] Entry count for : http://localhost:57048 : 1
[DEBUG] 

Request DefaultHttpRequest(decodeResult: success, version: HTTP/1.1)
POST /session/7651f2dc3dd55e6e6ff732a23d190525/element/01f1a5ed-9cb3-4861-922f-ed2266f45246/click HTTP/1.1
User-Agent: selenium/4.2.1 (java windows)
Content-Length: 50
Content-Type: application/json; charset=utf-8
host: localhost:59760
accept: */*

Response DefaultHttpResponse(decodeResult: success, version: HTTP/1.1)
HTTP/1.1 200 OK
Content-Type: application/json; charset=utf-8
cache-control: no-cache
content-length: 14

[DEBUG] Adding key: http://localhost:59760 for channel [id: 0x6c3617de, L:/127.0.0.1:57035 - R:localhost/127.0.0.1:59760]
[INFO ] 2022-08-16 10:16:56.762 [TestNG-test=Surefire test-1] StepDef - Clicked on login button
[DEBUG] Using pooled Channel '[id: 0x6c3617de, L:/127.0.0.1:57035 - R:localhost/127.0.0.1:59760]' for 'GET' to 'http://localhost:59760/session/7651f2dc3dd55e6e6ff732a23d190525/title'
[DEBUG] Using open Channel [id: 0x6c3617de, L:/127.0.0.1:57035 - R:localhost/127.0.0.1:59760] for GET '/session/7651f2dc3dd55e6e6ff732a23d190525/title'
[DEBUG] 

Request DefaultFullHttpRequest(decodeResult: success, version: HTTP/1.1, content: EmptyByteBufBE)
GET /session/7651f2dc3dd55e6e6ff732a23d190525/title HTTP/1.1
User-Agent: selenium/4.2.1 (java windows)
Cache-Control: no-cache
Content-Type: application/json; charset=utf-8
host: localhost:59760
accept: */*

Response DefaultHttpResponse(decodeResult: success, version: HTTP/1.1)
HTTP/1.1 200 OK
Content-Type: application/json; charset=utf-8
cache-control: no-cache
content-length: 50

[DEBUG] Adding key: http://localhost:59760 for channel [id: 0x6c3617de, L:/127.0.0.1:57035 - R:localhost/127.0.0.1:59760]
[INFO ] 2022-08-16 10:16:56.772 [TestNG-test=Surefire test-1] StepDef - user can view dashboard test passed.
[DEBUG] Using pooled Channel '[id: 0x6c3617de, L:/127.0.0.1:57035 - R:localhost/127.0.0.1:59760]' for 'POST' to 'http://localhost:59760/session/7651f2dc3dd55e6e6ff732a23d190525/element'
[DEBUG] Using open Channel [id: 0x6c3617de, L:/127.0.0.1:57035 - R:localhost/127.0.0.1:59760] for POST '/session/7651f2dc3dd55e6e6ff732a23d190525/element'
[DEBUG] 

Request DefaultHttpRequest(decodeResult: success, version: HTTP/1.1)
POST /session/7651f2dc3dd55e6e6ff732a23d190525/element HTTP/1.1
User-Agent: selenium/4.2.1 (java windows)
Content-Length: 104
Content-Type: application/json; charset=utf-8
host: localhost:59760
accept: */*

Response DefaultHttpResponse(decodeResult: success, version: HTTP/1.1)
HTTP/1.1 200 OK
Content-Type: application/json; charset=utf-8
cache-control: no-cache
content-length: 88

[DEBUG] Adding key: http://localhost:59760 for channel [id: 0x6c3617de, L:/127.0.0.1:57035 - R:localhost/127.0.0.1:59760]
[DEBUG] Using pooled Channel '[id: 0x6c3617de, L:/127.0.0.1:57035 - R:localhost/127.0.0.1:59760]' for 'POST' to 'http://localhost:59760/session/7651f2dc3dd55e6e6ff732a23d190525/element/211c3069-b737-4510-b158-c37468bc5ac7/click'
[DEBUG] Using open Channel [id: 0x6c3617de, L:/127.0.0.1:57035 - R:localhost/127.0.0.1:59760] for POST '/session/7651f2dc3dd55e6e6ff732a23d190525/element/211c3069-b737-4510-b158-c37468bc5ac7/click'
[DEBUG] 

Request DefaultHttpRequest(decodeResult: success, version: HTTP/1.1)
POST /session/7651f2dc3dd55e6e6ff732a23d190525/element/211c3069-b737-4510-b158-c37468bc5ac7/click HTTP/1.1
User-Agent: selenium/4.2.1 (java windows)
Content-Length: 50
Content-Type: application/json; charset=utf-8
host: localhost:59760
accept: */*

Response DefaultHttpResponse(decodeResult: success, version: HTTP/1.1)
HTTP/1.1 200 OK
Content-Type: application/json; charset=utf-8
cache-control: no-cache
content-length: 14

[DEBUG] Adding key: http://localhost:59760 for channel [id: 0x6c3617de, L:/127.0.0.1:57035 - R:localhost/127.0.0.1:59760]
[INFO ] 2022-08-16 10:16:56.932 [TestNG-test=Surefire test-1] StepDef - customer menu clicked
[DEBUG] Entry count for : http://localhost:59760 : 1
[DEBUG] Entry count for : http://localhost:57048 : 1
[DEBUG] Entry count for : http://localhost:59760 : 1
[DEBUG] Entry count for : http://localhost:57048 : 1
[DEBUG] Using pooled Channel '[id: 0x6c3617de, L:/127.0.0.1:57035 - R:localhost/127.0.0.1:59760]' for 'POST' to 'http://localhost:59760/session/7651f2dc3dd55e6e6ff732a23d190525/element'
[DEBUG] Using open Channel [id: 0x6c3617de, L:/127.0.0.1:57035 - R:localhost/127.0.0.1:59760] for POST '/session/7651f2dc3dd55e6e6ff732a23d190525/element'
[DEBUG] 

Request DefaultHttpRequest(decodeResult: success, version: HTTP/1.1)
POST /session/7651f2dc3dd55e6e6ff732a23d190525/element HTTP/1.1
User-Agent: selenium/4.2.1 (java windows)
Content-Length: 138
Content-Type: application/json; charset=utf-8
host: localhost:59760
accept: */*

Response DefaultHttpResponse(decodeResult: success, version: HTTP/1.1)
HTTP/1.1 200 OK
Content-Type: application/json; charset=utf-8
cache-control: no-cache
content-length: 88

[DEBUG] Adding key: http://localhost:59760 for channel [id: 0x6c3617de, L:/127.0.0.1:57035 - R:localhost/127.0.0.1:59760]
[DEBUG] Using pooled Channel '[id: 0x6c3617de, L:/127.0.0.1:57035 - R:localhost/127.0.0.1:59760]' for 'POST' to 'http://localhost:59760/session/7651f2dc3dd55e6e6ff732a23d190525/element/ae083aed-e064-4177-8434-06bd5c320103/click'
[DEBUG] Using open Channel [id: 0x6c3617de, L:/127.0.0.1:57035 - R:localhost/127.0.0.1:59760] for POST '/session/7651f2dc3dd55e6e6ff732a23d190525/element/ae083aed-e064-4177-8434-06bd5c320103/click'
[DEBUG] Entry count for : http://localhost:57048 : 1
[DEBUG] Entry count for : http://localhost:57048 : 1
[DEBUG] Entry count for : http://localhost:57048 : 1
[DEBUG] Entry count for : http://localhost:57048 : 1
[DEBUG] Entry count for : http://localhost:57048 : 1
[DEBUG] Entry count for : http://localhost:57048 : 1
[DEBUG] Entry count for : http://localhost:57048 : 1
[DEBUG] Entry count for : http://localhost:57048 : 1
[DEBUG] Entry count for : http://localhost:57048 : 1
[DEBUG] Entry count for : http://localhost:57048 : 1
[DEBUG] Entry count for : http://localhost:57048 : 1
[DEBUG] Entry count for : http://localhost:57048 : 1
[DEBUG] Entry count for : http://localhost:57048 : 1
[DEBUG] Entry count for : http://localhost:57048 : 1
[DEBUG] Entry count for : http://localhost:57048 : 1
[DEBUG] Entry count for : http://localhost:57048 : 1
[DEBUG] Entry count for : http://localhost:57048 : 1
[DEBUG] Entry count for : http://localhost:57048 : 1
[DEBUG] Entry count for : http://localhost:57048 : 1
[DEBUG] Entry count for : http://localhost:57048 : 1
[DEBUG] Entry count for : http://localhost:57048 : 1
[DEBUG] Entry count for : http://localhost:57048 : 1
[DEBUG] Entry count for : http://localhost:57048 : 1
[DEBUG] Entry count for : http://localhost:57048 : 1
[DEBUG] Entry count for : http://localhost:57048 : 1
[DEBUG] Entry count for : http://localhost:57048 : 1
[DEBUG] 

Request DefaultHttpRequest(decodeResult: success, version: HTTP/1.1)
POST /session/7651f2dc3dd55e6e6ff732a23d190525/element/ae083aed-e064-4177-8434-06bd5c320103/click HTTP/1.1
User-Agent: selenium/4.2.1 (java windows)
Content-Length: 50
Content-Type: application/json; charset=utf-8
host: localhost:59760
accept: */*

Response DefaultHttpResponse(decodeResult: success, version: HTTP/1.1)
HTTP/1.1 200 OK
Content-Type: application/json; charset=utf-8
cache-control: no-cache
content-length: 14

[DEBUG] Adding key: http://localhost:59760 for channel [id: 0x6c3617de, L:/127.0.0.1:57035 - R:localhost/127.0.0.1:59760]
[INFO ] 2022-08-16 10:17:27.753 [TestNG-test=Surefire test-1] StepDef - customer menu item clicked
[DEBUG] Entry count for : http://localhost:59760 : 1
[DEBUG] Entry count for : http://localhost:57048 : 1
[DEBUG] Entry count for : http://localhost:59760 : 1
[DEBUG] Entry count for : http://localhost:57048 : 1
[DEBUG] Using pooled Channel '[id: 0x6c3617de, L:/127.0.0.1:57035 - R:localhost/127.0.0.1:59760]' for 'POST' to 'http://localhost:59760/session/7651f2dc3dd55e6e6ff732a23d190525/element'
[DEBUG] Using open Channel [id: 0x6c3617de, L:/127.0.0.1:57035 - R:localhost/127.0.0.1:59760] for POST '/session/7651f2dc3dd55e6e6ff732a23d190525/element'
[DEBUG] 

Request DefaultHttpRequest(decodeResult: success, version: HTTP/1.1)
POST /session/7651f2dc3dd55e6e6ff732a23d190525/element HTTP/1.1
User-Agent: selenium/4.2.1 (java windows)
Content-Length: 60
Content-Type: application/json; charset=utf-8
host: localhost:59760
accept: */*

Response DefaultHttpResponse(decodeResult: success, version: HTTP/1.1)
HTTP/1.1 200 OK
Content-Type: application/json; charset=utf-8
cache-control: no-cache
content-length: 88

[DEBUG] Adding key: http://localhost:59760 for channel [id: 0x6c3617de, L:/127.0.0.1:57035 - R:localhost/127.0.0.1:59760]
[DEBUG] Using pooled Channel '[id: 0x6c3617de, L:/127.0.0.1:57035 - R:localhost/127.0.0.1:59760]' for 'POST' to 'http://localhost:59760/session/7651f2dc3dd55e6e6ff732a23d190525/element/7ae7b805-e249-49ff-af67-95ea12629601/value'
[DEBUG] Using open Channel [id: 0x6c3617de, L:/127.0.0.1:57035 - R:localhost/127.0.0.1:59760] for POST '/session/7651f2dc3dd55e6e6ff732a23d190525/element/7ae7b805-e249-49ff-af67-95ea12629601/value'
[DEBUG] 

Request DefaultHttpRequest(decodeResult: success, version: HTTP/1.1)
POST /session/7651f2dc3dd55e6e6ff732a23d190525/element/7ae7b805-e249-49ff-af67-95ea12629601/value HTTP/1.1
User-Agent: selenium/4.2.1 (java windows)
Content-Length: 161
Content-Type: application/json; charset=utf-8
host: localhost:59760
accept: */*

Response DefaultHttpResponse(decodeResult: success, version: HTTP/1.1)
HTTP/1.1 200 OK
Content-Type: application/json; charset=utf-8
cache-control: no-cache
content-length: 14

[DEBUG] Adding key: http://localhost:59760 for channel [id: 0x6c3617de, L:/127.0.0.1:57035 - R:localhost/127.0.0.1:59760]
[DEBUG] Using pooled Channel '[id: 0x6c3617de, L:/127.0.0.1:57035 - R:localhost/127.0.0.1:59760]' for 'POST' to 'http://localhost:59760/session/7651f2dc3dd55e6e6ff732a23d190525/element'
[DEBUG] Using open Channel [id: 0x6c3617de, L:/127.0.0.1:57035 - R:localhost/127.0.0.1:59760] for POST '/session/7651f2dc3dd55e6e6ff732a23d190525/element'
[DEBUG] 

Request DefaultHttpRequest(decodeResult: success, version: HTTP/1.1)
POST /session/7651f2dc3dd55e6e6ff732a23d190525/element HTTP/1.1
User-Agent: selenium/4.2.1 (java windows)
Content-Length: 59
Content-Type: application/json; charset=utf-8
host: localhost:59760
accept: */*

Response DefaultHttpResponse(decodeResult: success, version: HTTP/1.1)
HTTP/1.1 200 OK
Content-Type: application/json; charset=utf-8
cache-control: no-cache
content-length: 88

[DEBUG] Adding key: http://localhost:59760 for channel [id: 0x6c3617de, L:/127.0.0.1:57035 - R:localhost/127.0.0.1:59760]
[DEBUG] Using pooled Channel '[id: 0x6c3617de, L:/127.0.0.1:57035 - R:localhost/127.0.0.1:59760]' for 'POST' to 'http://localhost:59760/session/7651f2dc3dd55e6e6ff732a23d190525/element/080d6bec-e4ef-468b-aa56-8fdb4e7fe159/value'
[DEBUG] Using open Channel [id: 0x6c3617de, L:/127.0.0.1:57035 - R:localhost/127.0.0.1:59760] for POST '/session/7651f2dc3dd55e6e6ff732a23d190525/element/080d6bec-e4ef-468b-aa56-8fdb4e7fe159/value'
[DEBUG] Entry count for : http://localhost:57048 : 1
[DEBUG] 

Request DefaultHttpRequest(decodeResult: success, version: HTTP/1.1)
POST /session/7651f2dc3dd55e6e6ff732a23d190525/element/080d6bec-e4ef-468b-aa56-8fdb4e7fe159/value HTTP/1.1
User-Agent: selenium/4.2.1 (java windows)
Content-Length: 141
Content-Type: application/json; charset=utf-8
host: localhost:59760
accept: */*

Response DefaultHttpResponse(decodeResult: success, version: HTTP/1.1)
HTTP/1.1 200 OK
Content-Type: application/json; charset=utf-8
cache-control: no-cache
content-length: 14

[DEBUG] Adding key: http://localhost:59760 for channel [id: 0x6c3617de, L:/127.0.0.1:57035 - R:localhost/127.0.0.1:59760]
[DEBUG] Using pooled Channel '[id: 0x6c3617de, L:/127.0.0.1:57035 - R:localhost/127.0.0.1:59760]' for 'POST' to 'http://localhost:59760/session/7651f2dc3dd55e6e6ff732a23d190525/element'
[DEBUG] Using open Channel [id: 0x6c3617de, L:/127.0.0.1:57035 - R:localhost/127.0.0.1:59760] for POST '/session/7651f2dc3dd55e6e6ff732a23d190525/element'
[DEBUG] 

Request DefaultHttpRequest(decodeResult: success, version: HTTP/1.1)
POST /session/7651f2dc3dd55e6e6ff732a23d190525/element HTTP/1.1
User-Agent: selenium/4.2.1 (java windows)
Content-Length: 63
Content-Type: application/json; charset=utf-8
host: localhost:59760
accept: */*

Response DefaultHttpResponse(decodeResult: success, version: HTTP/1.1)
HTTP/1.1 200 OK
Content-Type: application/json; charset=utf-8
cache-control: no-cache
content-length: 88

[DEBUG] Adding key: http://localhost:59760 for channel [id: 0x6c3617de, L:/127.0.0.1:57035 - R:localhost/127.0.0.1:59760]
[DEBUG] Using pooled Channel '[id: 0x6c3617de, L:/127.0.0.1:57035 - R:localhost/127.0.0.1:59760]' for 'POST' to 'http://localhost:59760/session/7651f2dc3dd55e6e6ff732a23d190525/element/f87046f8-4638-4ec9-93cb-d7ea23d06595/click'
[DEBUG] Using open Channel [id: 0x6c3617de, L:/127.0.0.1:57035 - R:localhost/127.0.0.1:59760] for POST '/session/7651f2dc3dd55e6e6ff732a23d190525/element/f87046f8-4638-4ec9-93cb-d7ea23d06595/click'
[DEBUG] 

Request DefaultHttpRequest(decodeResult: success, version: HTTP/1.1)
POST /session/7651f2dc3dd55e6e6ff732a23d190525/element/f87046f8-4638-4ec9-93cb-d7ea23d06595/click HTTP/1.1
User-Agent: selenium/4.2.1 (java windows)
Content-Length: 50
Content-Type: application/json; charset=utf-8
host: localhost:59760
accept: */*

Response DefaultHttpResponse(decodeResult: success, version: HTTP/1.1)
HTTP/1.1 200 OK
Content-Type: application/json; charset=utf-8
cache-control: no-cache
content-length: 14

[DEBUG] Adding key: http://localhost:59760 for channel [id: 0x6c3617de, L:/127.0.0.1:57035 - R:localhost/127.0.0.1:59760]
[INFO ] 2022-08-16 10:17:30.043 [TestNG-test=Surefire test-1] StepDef - Clicked on search button.
[DEBUG] Entry count for : http://localhost:59760 : 1
[DEBUG] Entry count for : http://localhost:57048 : 1
[DEBUG] Using pooled Channel '[id: 0x6c3617de, L:/127.0.0.1:57035 - R:localhost/127.0.0.1:59760]' for 'POST' to 'http://localhost:59760/session/7651f2dc3dd55e6e6ff732a23d190525/elements'
[DEBUG] Using open Channel [id: 0x6c3617de, L:/127.0.0.1:57035 - R:localhost/127.0.0.1:59760] for POST '/session/7651f2dc3dd55e6e6ff732a23d190525/elements'
[DEBUG] 

Request DefaultHttpRequest(decodeResult: success, version: HTTP/1.1)
POST /session/7651f2dc3dd55e6e6ff732a23d190525/elements HTTP/1.1
User-Agent: selenium/4.2.1 (java windows)
Content-Length: 101
Content-Type: application/json; charset=utf-8
host: localhost:59760
accept: */*

Response DefaultHttpResponse(decodeResult: success, version: HTTP/1.1)
HTTP/1.1 200 OK
Content-Type: application/json; charset=utf-8
cache-control: no-cache
content-length: 90

[DEBUG] Adding key: http://localhost:59760 for channel [id: 0x6c3617de, L:/127.0.0.1:57035 - R:localhost/127.0.0.1:59760]
[DEBUG] Using pooled Channel '[id: 0x6c3617de, L:/127.0.0.1:57035 - R:localhost/127.0.0.1:59760]' for 'POST' to 'http://localhost:59760/session/7651f2dc3dd55e6e6ff732a23d190525/element'
[DEBUG] Using open Channel [id: 0x6c3617de, L:/127.0.0.1:57035 - R:localhost/127.0.0.1:59760] for POST '/session/7651f2dc3dd55e6e6ff732a23d190525/element'
[DEBUG] 

Request DefaultHttpRequest(decodeResult: success, version: HTTP/1.1)
POST /session/7651f2dc3dd55e6e6ff732a23d190525/element HTTP/1.1
User-Agent: selenium/4.2.1 (java windows)
Content-Length: 115
Content-Type: application/json; charset=utf-8
host: localhost:59760
accept: */*

Response DefaultHttpResponse(decodeResult: success, version: HTTP/1.1)
HTTP/1.1 200 OK
Content-Type: application/json; charset=utf-8
cache-control: no-cache
content-length: 88

[DEBUG] Adding key: http://localhost:59760 for channel [id: 0x6c3617de, L:/127.0.0.1:57035 - R:localhost/127.0.0.1:59760]
[DEBUG] Using pooled Channel '[id: 0x6c3617de, L:/127.0.0.1:57035 - R:localhost/127.0.0.1:59760]' for 'GET' to 'http://localhost:59760/session/7651f2dc3dd55e6e6ff732a23d190525/element/8ef780b3-fb68-4907-9ee0-f3c894a2f00c/text'
[DEBUG] Using open Channel [id: 0x6c3617de, L:/127.0.0.1:57035 - R:localhost/127.0.0.1:59760] for GET '/session/7651f2dc3dd55e6e6ff732a23d190525/element/8ef780b3-fb68-4907-9ee0-f3c894a2f00c/text'
[DEBUG] 

Request DefaultFullHttpRequest(decodeResult: success, version: HTTP/1.1, content: EmptyByteBufBE)
GET /session/7651f2dc3dd55e6e6ff732a23d190525/element/8ef780b3-fb68-4907-9ee0-f3c894a2f00c/text HTTP/1.1
User-Agent: selenium/4.2.1 (java windows)
Cache-Control: no-cache
Content-Type: application/json; charset=utf-8
host: localhost:59760
accept: */*

Response DefaultHttpResponse(decodeResult: success, version: HTTP/1.1)
HTTP/1.1 200 OK
Content-Type: application/json; charset=utf-8
cache-control: no-cache
content-length: 27

[DEBUG] Adding key: http://localhost:59760 for channel [id: 0x6c3617de, L:/127.0.0.1:57035 - R:localhost/127.0.0.1:59760]
[DEBUG] Using pooled Channel '[id: 0x6c3617de, L:/127.0.0.1:57035 - R:localhost/127.0.0.1:59760]' for 'DELETE' to 'http://localhost:59760/session/7651f2dc3dd55e6e6ff732a23d190525/window'
[DEBUG] Using open Channel [id: 0x6c3617de, L:/127.0.0.1:57035 - R:localhost/127.0.0.1:59760] for DELETE '/session/7651f2dc3dd55e6e6ff732a23d190525/window'
[DEBUG] Entry count for : http://localhost:57048 : 1
[DEBUG] Unexpected I/O exception on channel [id: 0xcc88f0c3, L:/127.0.0.1:57055 - R:localhost/127.0.0.1:57048]
java.io.IOException: An existing connection was forcibly closed by the remote host
	at sun.nio.ch.SocketDispatcher.read0(Native Method) ~[na:1.8.0_341]
	at sun.nio.ch.SocketDispatcher.read(Unknown Source) ~[na:1.8.0_341]
	at sun.nio.ch.IOUtil.readIntoNativeBuffer(Unknown Source) ~[na:1.8.0_341]
	at sun.nio.ch.IOUtil.read(Unknown Source) ~[na:1.8.0_341]
	at sun.nio.ch.SocketChannelImpl.read(Unknown Source) ~[na:1.8.0_341]
	at io.netty.buffer.PooledByteBuf.setBytes(PooledByteBuf.java:258) ~[netty-buffer-4.1.77.Final.jar:4.1.77.Final]
	at io.netty.buffer.AbstractByteBuf.writeBytes(AbstractByteBuf.java:1132) ~[netty-buffer-4.1.77.Final.jar:4.1.77.Final]
	at io.netty.channel.socket.nio.NioSocketChannel.doReadBytes(NioSocketChannel.java:357) ~[netty-transport-4.1.77.Final.jar:4.1.77.Final]
	at io.netty.channel.nio.AbstractNioByteChannel$NioByteUnsafe.read(AbstractNioByteChannel.java:151) ~[netty-transport-4.1.77.Final.jar:4.1.77.Final]
	at io.netty.channel.nio.NioEventLoop.processSelectedKey(NioEventLoop.java:722) [netty-transport-4.1.77.Final.jar:4.1.77.Final]
	at io.netty.channel.nio.NioEventLoop.processSelectedKeysOptimized(NioEventLoop.java:658) [netty-transport-4.1.77.Final.jar:4.1.77.Final]
	at io.netty.channel.nio.NioEventLoop.processSelectedKeys(NioEventLoop.java:584) [netty-transport-4.1.77.Final.jar:4.1.77.Final]
	at io.netty.channel.nio.NioEventLoop.run(NioEventLoop.java:496) [netty-transport-4.1.77.Final.jar:4.1.77.Final]
	at io.netty.util.concurrent.SingleThreadEventExecutor$4.run(SingleThreadEventExecutor.java:995) [netty-common-4.1.77.Final.jar:4.1.77.Final]
	at io.netty.util.internal.ThreadExecutorMap$2.run(ThreadExecutorMap.java:74) [netty-common-4.1.77.Final.jar:4.1.77.Final]
	at io.netty.util.concurrent.FastThreadLocalRunnable.run(FastThreadLocalRunnable.java:30) [netty-common-4.1.77.Final.jar:4.1.77.Final]
	at java.lang.Thread.run(Unknown Source) [na:1.8.0_341]
[DEBUG] Closing Channel [id: 0xcc88f0c3, L:/127.0.0.1:57055 - R:localhost/127.0.0.1:57048] 
[DEBUG] Channel Closed: [id: 0xcc88f0c3, L:/127.0.0.1:57055 ! R:localhost/127.0.0.1:57048] with attribute DISCARD
[DEBUG] Unexpected I/O exception on channel [id: 0x171f009f, L:/127.0.0.1:57056 - R:localhost/127.0.0.1:57048]
java.io.IOException: An existing connection was forcibly closed by the remote host
	at sun.nio.ch.SocketDispatcher.read0(Native Method) ~[na:1.8.0_341]
	at sun.nio.ch.SocketDispatcher.read(Unknown Source) ~[na:1.8.0_341]
	at sun.nio.ch.IOUtil.readIntoNativeBuffer(Unknown Source) ~[na:1.8.0_341]
	at sun.nio.ch.IOUtil.read(Unknown Source) ~[na:1.8.0_341]
	at sun.nio.ch.SocketChannelImpl.read(Unknown Source) ~[na:1.8.0_341]
	at io.netty.buffer.PooledByteBuf.setBytes(PooledByteBuf.java:258) ~[netty-buffer-4.1.77.Final.jar:4.1.77.Final]
	at io.netty.buffer.AbstractByteBuf.writeBytes(AbstractByteBuf.java:1132) ~[netty-buffer-4.1.77.Final.jar:4.1.77.Final]
	at io.netty.channel.socket.nio.NioSocketChannel.doReadBytes(NioSocketChannel.java:357) ~[netty-transport-4.1.77.Final.jar:4.1.77.Final]
	at io.netty.channel.nio.AbstractNioByteChannel$NioByteUnsafe.read(AbstractNioByteChannel.java:151) ~[netty-transport-4.1.77.Final.jar:4.1.77.Final]
	at io.netty.channel.nio.NioEventLoop.processSelectedKey(NioEventLoop.java:722) [netty-transport-4.1.77.Final.jar:4.1.77.Final]
	at io.netty.channel.nio.NioEventLoop.processSelectedKeysOptimized(NioEventLoop.java:658) [netty-transport-4.1.77.Final.jar:4.1.77.Final]
	at io.netty.channel.nio.NioEventLoop.processSelectedKeys(NioEventLoop.java:584) [netty-transport-4.1.77.Final.jar:4.1.77.Final]
	at io.netty.channel.nio.NioEventLoop.run(NioEventLoop.java:496) [netty-transport-4.1.77.Final.jar:4.1.77.Final]
	at io.netty.util.concurrent.SingleThreadEventExecutor$4.run(SingleThreadEventExecutor.java:995) [netty-common-4.1.77.Final.jar:4.1.77.Final]
	at io.netty.util.internal.ThreadExecutorMap$2.run(ThreadExecutorMap.java:74) [netty-common-4.1.77.Final.jar:4.1.77.Final]
	at io.netty.util.concurrent.FastThreadLocalRunnable.run(FastThreadLocalRunnable.java:30) [netty-common-4.1.77.Final.jar:4.1.77.Final]
	at java.lang.Thread.run(Unknown Source) [na:1.8.0_341]
[DEBUG] Trying to recover from dead Channel: [id: 0x171f009f, L:/127.0.0.1:57056 - R:localhost/127.0.0.1:57048]
[DEBUG] Channel Closed: [id: 0x171f009f, L:/127.0.0.1:57056 ! R:localhost/127.0.0.1:57048] with attribute NettyResponseFuture{currentRetry=0,
	isDone=1,
	isCancelled=0,
	asyncHandler=org.asynchttpclient.ws.WebSocketUpgradeHandler@24bfa,
	nettyRequest=org.asynchttpclient.netty.request.NettyRequest@1e512cc,
	future=java.util.concurrent.CompletableFuture@815d7c[Completed normally],
	uri=ws://localhost:57048/devtools/browser/4c453a66-0069-4760-91a5-67efaa8686a8,
	keepAlive=true,
	redirectCount=0,
	timeoutsHolder=null,
	inAuth=0,
	touch=1660625252214}
[DEBUG] Closing Channel [id: 0x171f009f, L:/127.0.0.1:57056 ! R:localhost/127.0.0.1:57048] 
[DEBUG] 

Request DefaultFullHttpRequest(decodeResult: success, version: HTTP/1.1, content: EmptyByteBufBE)
DELETE /session/7651f2dc3dd55e6e6ff732a23d190525/window HTTP/1.1
User-Agent: selenium/4.2.1 (java windows)
Content-Type: application/json; charset=utf-8
host: localhost:59760
accept: */*

Response DefaultHttpResponse(decodeResult: success, version: HTTP/1.1)
HTTP/1.1 200 OK
Content-Type: application/json; charset=utf-8
cache-control: no-cache
content-length: 12

[DEBUG] Adding key: http://localhost:59760 for channel [id: 0x6c3617de, L:/127.0.0.1:57035 - R:localhost/127.0.0.1:59760]
[INFO ] 2022-08-16 10:17:32.233 [TestNG-test=Surefire test-1] StepDef - Browser closed
Tear Down method executed..
[DEBUG] Using pooled Channel '[id: 0x6c3617de, L:/127.0.0.1:57035 - R:localhost/127.0.0.1:59760]' for 'DELETE' to 'http://localhost:59760/session/7651f2dc3dd55e6e6ff732a23d190525'
[DEBUG] Using open Channel [id: 0x6c3617de, L:/127.0.0.1:57035 - R:localhost/127.0.0.1:59760] for DELETE '/session/7651f2dc3dd55e6e6ff732a23d190525'
[DEBUG] 

Request DefaultFullHttpRequest(decodeResult: success, version: HTTP/1.1, content: EmptyByteBufBE)
DELETE /session/7651f2dc3dd55e6e6ff732a23d190525 HTTP/1.1
User-Agent: selenium/4.2.1 (java windows)
Content-Type: application/json; charset=utf-8
host: localhost:59760
accept: */*

Response DefaultHttpResponse(decodeResult: success, version: HTTP/1.1)
HTTP/1.1 200 OK
Content-Type: application/json; charset=utf-8
cache-control: no-cache
content-length: 14

[DEBUG] Adding key: http://localhost:59760 for channel [id: 0x6c3617de, L:/127.0.0.1:57035 - R:localhost/127.0.0.1:59760]
[DEBUG] Channel Closed: [id: 0x6c3617de, L:/127.0.0.1:57035 ! R:localhost/127.0.0.1:59760] with attribute DISCARD
]]></system-out>
    <system-err><![CDATA[Starting ChromeDriver 104.0.5112.79 (3cf3e8c8a07d104b9e1260c910efb8f383285dc5-refs/branch-heads/5112@{#1307}) on port 59760
Only local connections are allowed.
Please see https://chromedriver.chromium.org/security-considerations for suggestions on keeping ChromeDriver safe.
ChromeDriver was started successfully.
Aug 16, 2022 10:16:47 AM org.openqa.selenium.remote.ProtocolHandshake createSession
INFO: Detected upstream dialect: W3C
Aug 16, 2022 10:16:47 AM org.openqa.selenium.devtools.CdpVersionFinder findNearestMatch
WARNING: Unable to find an exact match for CDP version 104, so returning the closest version found: 102
Aug 16, 2022 10:16:47 AM org.openqa.selenium.devtools.CdpVersionFinder findNearestMatch
INFO: Found CDP implementation for version 104 of 102
]]></system-err>
  </testcase>
  <testcase name="runScenario[&quot;Common statistic should be visible&quot;, &quot;Common statistics verify&quot;](4)" classname="TestRunner.Run" time="21.721">
    <system-out><![CDATA[Setup-Sanity method executed..
[DEBUG] Resolution chrome=104 in cache (valid until 11:15:59 16/08/2022 IST)
[DEBUG] Resolution chrome104=104.0.5112.79 in cache (valid until 13:28:12 16/08/2022 IST)
[INFO] Using chromedriver 104.0.5112.79 (resolved driver for Chrome 104)
[DEBUG] Driver chromedriver 104.0.5112.79 found in cache
[INFO] Exporting webdriver.chrome.driver as C:\Users\suman\.cache\selenium\chromedriver\win32\104.0.5112.79\chromedriver.exe
[DEBUG] Entry count for : http://localhost:59760 : 1
[DEBUG] Entry count for : http://localhost:57048 : 1
[DEBUG] Adding Candidate expired Channel [id: 0x6c3617de, L:/127.0.0.1:57035 ! R:localhost/127.0.0.1:59760] isIdleTimeoutExpired=false isRemotelyClosed=true isTtlExpired=false
[DEBUG] Closing Idle Channel [id: 0x6c3617de, L:/127.0.0.1:57035 ! R:localhost/127.0.0.1:59760]
[DEBUG] Adding Candidate expired Channel [id: 0xcc88f0c3, L:/127.0.0.1:57055 ! R:localhost/127.0.0.1:57048] isIdleTimeoutExpired=false isRemotelyClosed=true isTtlExpired=false
[DEBUG] Closing Idle Channel [id: 0xcc88f0c3, L:/127.0.0.1:57055 ! R:localhost/127.0.0.1:57048]
[DEBUG] Closed 2 connections out of 2 in 1 ms
[DEBUG] Using new Channel '[id: 0x9f53ba42, L:/127.0.0.1:57324 - R:localhost/127.0.0.1:55420]' for 'POST' to '/session'
[DEBUG] 

Request DefaultHttpRequest(decodeResult: success, version: HTTP/1.1)
POST /session HTTP/1.1
User-Agent: selenium/4.2.1 (java windows)
Content-Length: 365
Content-Type: application/json; charset=utf-8
host: localhost:55420
accept: */*

Response DefaultHttpResponse(decodeResult: success, version: HTTP/1.1)
HTTP/1.1 200 OK
Content-Type: application/json; charset=utf-8
cache-control: no-cache
content-length: 791

[DEBUG] Adding key: http://localhost:55420 for channel [id: 0x9f53ba42, L:/127.0.0.1:57324 - R:localhost/127.0.0.1:55420]
[DEBUG] Using new Channel '[id: 0x8bd1e904, L:/127.0.0.1:57331 - R:localhost/127.0.0.1:57325]' for 'GET' to '/json/version'
[DEBUG] 

Request DefaultFullHttpRequest(decodeResult: success, version: HTTP/1.1, content: EmptyByteBufBE)
GET /json/version HTTP/1.1
User-Agent: selenium/4.2.1 (java windows)
host: localhost:57325
accept: */*

Response DefaultHttpResponse(decodeResult: success, version: HTTP/1.1)
HTTP/1.1 200 OK
Content-Type: application/json; charset=UTF-8
content-length: 427

[DEBUG] Adding key: http://localhost:57325 for channel [id: 0x8bd1e904, L:/127.0.0.1:57331 - R:localhost/127.0.0.1:57325]
[DEBUG] Using new Channel '[id: 0x0f1a6f9c, L:/127.0.0.1:57332 - R:localhost/127.0.0.1:57325]' for 'GET' to '/devtools/browser/872c5486-8c64-4816-9dc4-6bd20df3d4c1'
[DEBUG] 

Request DefaultFullHttpRequest(decodeResult: success, version: HTTP/1.1, content: EmptyByteBufBE)
GET /devtools/browser/872c5486-8c64-4816-9dc4-6bd20df3d4c1 HTTP/1.1
upgrade: websocket
connection: upgrade
sec-websocket-key: FIhHrbMYxK2H2pLiANiVfg==
sec-websocket-version: 13
origin: http://localhost:57325
host: localhost:57325
accept: */*
user-agent: AHC/2.1

Response DefaultHttpResponse(decodeResult: success, version: HTTP/1.1)
HTTP/1.1 101 WebSocket Protocol Handshake
Upgrade: WebSocket
Connection: Upgrade
Sec-WebSocket-Accept: 5CWH5XnPGvjQDCQpTuabh0VupeU=

[DEBUG] Using pooled Channel '[id: 0x9f53ba42, L:/127.0.0.1:57324 - R:localhost/127.0.0.1:55420]' for 'POST' to 'http://localhost:55420/session/bd24bc6fcaa8c5147f337e3b5b19b076/window/maximize'
[DEBUG] Using open Channel [id: 0x9f53ba42, L:/127.0.0.1:57324 - R:localhost/127.0.0.1:55420] for POST '/session/bd24bc6fcaa8c5147f337e3b5b19b076/window/maximize'
[DEBUG] Entry count for : http://localhost:57325 : 1
[DEBUG] 

Request DefaultHttpRequest(decodeResult: success, version: HTTP/1.1)
POST /session/bd24bc6fcaa8c5147f337e3b5b19b076/window/maximize HTTP/1.1
User-Agent: selenium/4.2.1 (java windows)
Content-Length: 3
Content-Type: application/json; charset=utf-8
host: localhost:55420
accept: */*

Response DefaultHttpResponse(decodeResult: success, version: HTTP/1.1)
HTTP/1.1 200 OK
Content-Type: application/json; charset=utf-8
cache-control: no-cache
content-length: 51

[DEBUG] Adding key: http://localhost:55420 for channel [id: 0x9f53ba42, L:/127.0.0.1:57324 - R:localhost/127.0.0.1:55420]
[FATAL] 2022-08-16 10:17:34.424 [TestNG-test=Surefire test-1] StepDef - Setup1 executed...
[INFO ] 2022-08-16 10:17:34.430 [TestNG-test=Surefire test-1] StepDef - chrome browser launched
[DEBUG] Using pooled Channel '[id: 0x9f53ba42, L:/127.0.0.1:57324 - R:localhost/127.0.0.1:55420]' for 'POST' to 'http://localhost:55420/session/bd24bc6fcaa8c5147f337e3b5b19b076/url'
[DEBUG] Using open Channel [id: 0x9f53ba42, L:/127.0.0.1:57324 - R:localhost/127.0.0.1:55420] for POST '/session/bd24bc6fcaa8c5147f337e3b5b19b076/url'
[DEBUG] Entry count for : http://localhost:57325 : 1
[DEBUG] Entry count for : http://localhost:57325 : 1
[DEBUG] Entry count for : http://localhost:57325 : 1
[DEBUG] Entry count for : http://localhost:57325 : 1
[DEBUG] Entry count for : http://localhost:57325 : 1
[DEBUG] 

Request DefaultHttpRequest(decodeResult: success, version: HTTP/1.1)
POST /session/bd24bc6fcaa8c5147f337e3b5b19b076/url HTTP/1.1
User-Agent: selenium/4.2.1 (java windows)
Content-Length: 69
Content-Type: application/json; charset=utf-8
host: localhost:55420
accept: */*

Response DefaultHttpResponse(decodeResult: success, version: HTTP/1.1)
HTTP/1.1 200 OK
Content-Type: application/json; charset=utf-8
cache-control: no-cache
content-length: 14

[DEBUG] Adding key: http://localhost:55420 for channel [id: 0x9f53ba42, L:/127.0.0.1:57324 - R:localhost/127.0.0.1:55420]
[INFO ] 2022-08-16 10:17:40.931 [TestNG-test=Surefire test-1] StepDef - url opened
[DEBUG] Using pooled Channel '[id: 0x9f53ba42, L:/127.0.0.1:57324 - R:localhost/127.0.0.1:55420]' for 'POST' to 'http://localhost:55420/session/bd24bc6fcaa8c5147f337e3b5b19b076/element'
[DEBUG] Using open Channel [id: 0x9f53ba42, L:/127.0.0.1:57324 - R:localhost/127.0.0.1:55420] for POST '/session/bd24bc6fcaa8c5147f337e3b5b19b076/element'
[DEBUG] 

Request DefaultHttpRequest(decodeResult: success, version: HTTP/1.1)
POST /session/bd24bc6fcaa8c5147f337e3b5b19b076/element HTTP/1.1
User-Agent: selenium/4.2.1 (java windows)
Content-Length: 50
Content-Type: application/json; charset=utf-8
host: localhost:55420
accept: */*

Response DefaultHttpResponse(decodeResult: success, version: HTTP/1.1)
HTTP/1.1 200 OK
Content-Type: application/json; charset=utf-8
cache-control: no-cache
content-length: 88

[DEBUG] Adding key: http://localhost:55420 for channel [id: 0x9f53ba42, L:/127.0.0.1:57324 - R:localhost/127.0.0.1:55420]
[DEBUG] Using pooled Channel '[id: 0x9f53ba42, L:/127.0.0.1:57324 - R:localhost/127.0.0.1:55420]' for 'POST' to 'http://localhost:55420/session/bd24bc6fcaa8c5147f337e3b5b19b076/element/764492bc-ad93-4d8b-8dbf-6ac6b802cd99/clear'
[DEBUG] Using open Channel [id: 0x9f53ba42, L:/127.0.0.1:57324 - R:localhost/127.0.0.1:55420] for POST '/session/bd24bc6fcaa8c5147f337e3b5b19b076/element/764492bc-ad93-4d8b-8dbf-6ac6b802cd99/clear'
[DEBUG] Entry count for : http://localhost:57325 : 1
[DEBUG] 

Request DefaultHttpRequest(decodeResult: success, version: HTTP/1.1)
POST /session/bd24bc6fcaa8c5147f337e3b5b19b076/element/764492bc-ad93-4d8b-8dbf-6ac6b802cd99/clear HTTP/1.1
User-Agent: selenium/4.2.1 (java windows)
Content-Length: 50
Content-Type: application/json; charset=utf-8
host: localhost:55420
accept: */*

Response DefaultHttpResponse(decodeResult: success, version: HTTP/1.1)
HTTP/1.1 200 OK
Content-Type: application/json; charset=utf-8
cache-control: no-cache
content-length: 14

[DEBUG] Adding key: http://localhost:55420 for channel [id: 0x9f53ba42, L:/127.0.0.1:57324 - R:localhost/127.0.0.1:55420]
[DEBUG] Using pooled Channel '[id: 0x9f53ba42, L:/127.0.0.1:57324 - R:localhost/127.0.0.1:55420]' for 'POST' to 'http://localhost:55420/session/bd24bc6fcaa8c5147f337e3b5b19b076/element'
[DEBUG] Using open Channel [id: 0x9f53ba42, L:/127.0.0.1:57324 - R:localhost/127.0.0.1:55420] for POST '/session/bd24bc6fcaa8c5147f337e3b5b19b076/element'
[DEBUG] 

Request DefaultHttpRequest(decodeResult: success, version: HTTP/1.1)
POST /session/bd24bc6fcaa8c5147f337e3b5b19b076/element HTTP/1.1
User-Agent: selenium/4.2.1 (java windows)
Content-Length: 50
Content-Type: application/json; charset=utf-8
host: localhost:55420
accept: */*

Response DefaultHttpResponse(decodeResult: success, version: HTTP/1.1)
HTTP/1.1 200 OK
Content-Type: application/json; charset=utf-8
cache-control: no-cache
content-length: 88

[DEBUG] Adding key: http://localhost:55420 for channel [id: 0x9f53ba42, L:/127.0.0.1:57324 - R:localhost/127.0.0.1:55420]
[DEBUG] Using pooled Channel '[id: 0x9f53ba42, L:/127.0.0.1:57324 - R:localhost/127.0.0.1:55420]' for 'POST' to 'http://localhost:55420/session/bd24bc6fcaa8c5147f337e3b5b19b076/element/764492bc-ad93-4d8b-8dbf-6ac6b802cd99/value'
[DEBUG] Using open Channel [id: 0x9f53ba42, L:/127.0.0.1:57324 - R:localhost/127.0.0.1:55420] for POST '/session/bd24bc6fcaa8c5147f337e3b5b19b076/element/764492bc-ad93-4d8b-8dbf-6ac6b802cd99/value'
[DEBUG] 

Request DefaultHttpRequest(decodeResult: success, version: HTTP/1.1)
POST /session/bd24bc6fcaa8c5147f337e3b5b19b076/element/764492bc-ad93-4d8b-8dbf-6ac6b802cd99/value HTTP/1.1
User-Agent: selenium/4.2.1 (java windows)
Content-Length: 271
Content-Type: application/json; charset=utf-8
host: localhost:55420
accept: */*

Response DefaultHttpResponse(decodeResult: success, version: HTTP/1.1)
HTTP/1.1 200 OK
Content-Type: application/json; charset=utf-8
cache-control: no-cache
content-length: 14

[DEBUG] Adding key: http://localhost:55420 for channel [id: 0x9f53ba42, L:/127.0.0.1:57324 - R:localhost/127.0.0.1:55420]
[DEBUG] Using pooled Channel '[id: 0x9f53ba42, L:/127.0.0.1:57324 - R:localhost/127.0.0.1:55420]' for 'POST' to 'http://localhost:55420/session/bd24bc6fcaa8c5147f337e3b5b19b076/element'
[DEBUG] Using open Channel [id: 0x9f53ba42, L:/127.0.0.1:57324 - R:localhost/127.0.0.1:55420] for POST '/session/bd24bc6fcaa8c5147f337e3b5b19b076/element'
[DEBUG] 

Request DefaultHttpRequest(decodeResult: success, version: HTTP/1.1)
POST /session/bd24bc6fcaa8c5147f337e3b5b19b076/element HTTP/1.1
User-Agent: selenium/4.2.1 (java windows)
Content-Length: 53
Content-Type: application/json; charset=utf-8
host: localhost:55420
accept: */*

Response DefaultHttpResponse(decodeResult: success, version: HTTP/1.1)
HTTP/1.1 200 OK
Content-Type: application/json; charset=utf-8
cache-control: no-cache
content-length: 88

[DEBUG] Adding key: http://localhost:55420 for channel [id: 0x9f53ba42, L:/127.0.0.1:57324 - R:localhost/127.0.0.1:55420]
[DEBUG] Using pooled Channel '[id: 0x9f53ba42, L:/127.0.0.1:57324 - R:localhost/127.0.0.1:55420]' for 'POST' to 'http://localhost:55420/session/bd24bc6fcaa8c5147f337e3b5b19b076/element/dec7d0f1-1aec-47d9-b647-eff4e4b2d82a/clear'
[DEBUG] Using open Channel [id: 0x9f53ba42, L:/127.0.0.1:57324 - R:localhost/127.0.0.1:55420] for POST '/session/bd24bc6fcaa8c5147f337e3b5b19b076/element/dec7d0f1-1aec-47d9-b647-eff4e4b2d82a/clear'
[DEBUG] 

Request DefaultHttpRequest(decodeResult: success, version: HTTP/1.1)
POST /session/bd24bc6fcaa8c5147f337e3b5b19b076/element/dec7d0f1-1aec-47d9-b647-eff4e4b2d82a/clear HTTP/1.1
User-Agent: selenium/4.2.1 (java windows)
Content-Length: 50
Content-Type: application/json; charset=utf-8
host: localhost:55420
accept: */*

Response DefaultHttpResponse(decodeResult: success, version: HTTP/1.1)
HTTP/1.1 200 OK
Content-Type: application/json; charset=utf-8
cache-control: no-cache
content-length: 14

[DEBUG] Adding key: http://localhost:55420 for channel [id: 0x9f53ba42, L:/127.0.0.1:57324 - R:localhost/127.0.0.1:55420]
[DEBUG] Using pooled Channel '[id: 0x9f53ba42, L:/127.0.0.1:57324 - R:localhost/127.0.0.1:55420]' for 'POST' to 'http://localhost:55420/session/bd24bc6fcaa8c5147f337e3b5b19b076/element'
[DEBUG] Using open Channel [id: 0x9f53ba42, L:/127.0.0.1:57324 - R:localhost/127.0.0.1:55420] for POST '/session/bd24bc6fcaa8c5147f337e3b5b19b076/element'
[DEBUG] 

Request DefaultHttpRequest(decodeResult: success, version: HTTP/1.1)
POST /session/bd24bc6fcaa8c5147f337e3b5b19b076/element HTTP/1.1
User-Agent: selenium/4.2.1 (java windows)
Content-Length: 53
Content-Type: application/json; charset=utf-8
host: localhost:55420
accept: */*

Response DefaultHttpResponse(decodeResult: success, version: HTTP/1.1)
HTTP/1.1 200 OK
Content-Type: application/json; charset=utf-8
cache-control: no-cache
content-length: 88

[DEBUG] Adding key: http://localhost:55420 for channel [id: 0x9f53ba42, L:/127.0.0.1:57324 - R:localhost/127.0.0.1:55420]
[DEBUG] Using pooled Channel '[id: 0x9f53ba42, L:/127.0.0.1:57324 - R:localhost/127.0.0.1:55420]' for 'POST' to 'http://localhost:55420/session/bd24bc6fcaa8c5147f337e3b5b19b076/element/dec7d0f1-1aec-47d9-b647-eff4e4b2d82a/value'
[DEBUG] Using open Channel [id: 0x9f53ba42, L:/127.0.0.1:57324 - R:localhost/127.0.0.1:55420] for POST '/session/bd24bc6fcaa8c5147f337e3b5b19b076/element/dec7d0f1-1aec-47d9-b647-eff4e4b2d82a/value'
[DEBUG] 

Request DefaultHttpRequest(decodeResult: success, version: HTTP/1.1)
POST /session/bd24bc6fcaa8c5147f337e3b5b19b076/element/dec7d0f1-1aec-47d9-b647-eff4e4b2d82a/value HTTP/1.1
User-Agent: selenium/4.2.1 (java windows)
Content-Length: 131
Content-Type: application/json; charset=utf-8
host: localhost:55420
accept: */*

Response DefaultHttpResponse(decodeResult: success, version: HTTP/1.1)
HTTP/1.1 200 OK
Content-Type: application/json; charset=utf-8
cache-control: no-cache
content-length: 14

[DEBUG] Adding key: http://localhost:55420 for channel [id: 0x9f53ba42, L:/127.0.0.1:57324 - R:localhost/127.0.0.1:55420]
[INFO ] 2022-08-16 10:17:41.192 [TestNG-test=Surefire test-1] StepDef - email address and password entered
[DEBUG] Using pooled Channel '[id: 0x9f53ba42, L:/127.0.0.1:57324 - R:localhost/127.0.0.1:55420]' for 'POST' to 'http://localhost:55420/session/bd24bc6fcaa8c5147f337e3b5b19b076/element'
[DEBUG] Using open Channel [id: 0x9f53ba42, L:/127.0.0.1:57324 - R:localhost/127.0.0.1:55420] for POST '/session/bd24bc6fcaa8c5147f337e3b5b19b076/element'
[DEBUG] 

Request DefaultHttpRequest(decodeResult: success, version: HTTP/1.1)
POST /session/bd24bc6fcaa8c5147f337e3b5b19b076/element HTTP/1.1
User-Agent: selenium/4.2.1 (java windows)
Content-Length: 87
Content-Type: application/json; charset=utf-8
host: localhost:55420
accept: */*

Response DefaultHttpResponse(decodeResult: success, version: HTTP/1.1)
HTTP/1.1 200 OK
Content-Type: application/json; charset=utf-8
cache-control: no-cache
content-length: 88

[DEBUG] Adding key: http://localhost:55420 for channel [id: 0x9f53ba42, L:/127.0.0.1:57324 - R:localhost/127.0.0.1:55420]
[DEBUG] Using pooled Channel '[id: 0x9f53ba42, L:/127.0.0.1:57324 - R:localhost/127.0.0.1:55420]' for 'POST' to 'http://localhost:55420/session/bd24bc6fcaa8c5147f337e3b5b19b076/element/a81347cd-9da1-4890-8e65-3e6d9a7669b6/click'
[DEBUG] Using open Channel [id: 0x9f53ba42, L:/127.0.0.1:57324 - R:localhost/127.0.0.1:55420] for POST '/session/bd24bc6fcaa8c5147f337e3b5b19b076/element/a81347cd-9da1-4890-8e65-3e6d9a7669b6/click'
[DEBUG] Entry count for : http://localhost:57325 : 1
[DEBUG] Entry count for : http://localhost:57325 : 1
[DEBUG] Entry count for : http://localhost:57325 : 1
[DEBUG] Entry count for : http://localhost:57325 : 1
[DEBUG] Entry count for : http://localhost:57325 : 1
[DEBUG] Entry count for : http://localhost:57325 : 1
[DEBUG] Entry count for : http://localhost:57325 : 1
[DEBUG] Entry count for : http://localhost:57325 : 1
[DEBUG] Entry count for : http://localhost:57325 : 1
[DEBUG] 

Request DefaultHttpRequest(decodeResult: success, version: HTTP/1.1)
POST /session/bd24bc6fcaa8c5147f337e3b5b19b076/element/a81347cd-9da1-4890-8e65-3e6d9a7669b6/click HTTP/1.1
User-Agent: selenium/4.2.1 (java windows)
Content-Length: 50
Content-Type: application/json; charset=utf-8
host: localhost:55420
accept: */*

Response DefaultHttpResponse(decodeResult: success, version: HTTP/1.1)
HTTP/1.1 200 OK
Content-Type: application/json; charset=utf-8
cache-control: no-cache
content-length: 14

[DEBUG] Adding key: http://localhost:55420 for channel [id: 0x9f53ba42, L:/127.0.0.1:57324 - R:localhost/127.0.0.1:55420]
[INFO ] 2022-08-16 10:17:51.161 [TestNG-test=Surefire test-1] StepDef - Clicked on login button
[DEBUG] Using pooled Channel '[id: 0x9f53ba42, L:/127.0.0.1:57324 - R:localhost/127.0.0.1:55420]' for 'GET' to 'http://localhost:55420/session/bd24bc6fcaa8c5147f337e3b5b19b076/title'
[DEBUG] Using open Channel [id: 0x9f53ba42, L:/127.0.0.1:57324 - R:localhost/127.0.0.1:55420] for GET '/session/bd24bc6fcaa8c5147f337e3b5b19b076/title'
[DEBUG] 

Request DefaultFullHttpRequest(decodeResult: success, version: HTTP/1.1, content: EmptyByteBufBE)
GET /session/bd24bc6fcaa8c5147f337e3b5b19b076/title HTTP/1.1
User-Agent: selenium/4.2.1 (java windows)
Cache-Control: no-cache
Content-Type: application/json; charset=utf-8
host: localhost:55420
accept: */*

Response DefaultHttpResponse(decodeResult: success, version: HTTP/1.1)
HTTP/1.1 200 OK
Content-Type: application/json; charset=utf-8
cache-control: no-cache
content-length: 50

[DEBUG] Adding key: http://localhost:55420 for channel [id: 0x9f53ba42, L:/127.0.0.1:57324 - R:localhost/127.0.0.1:55420]
[INFO ] 2022-08-16 10:17:51.169 [TestNG-test=Surefire test-1] StepDef - user can view dashboard test passed.
[DEBUG] Using pooled Channel '[id: 0x9f53ba42, L:/127.0.0.1:57324 - R:localhost/127.0.0.1:55420]' for 'POST' to 'http://localhost:55420/session/bd24bc6fcaa8c5147f337e3b5b19b076/element'
[DEBUG] Using open Channel [id: 0x9f53ba42, L:/127.0.0.1:57324 - R:localhost/127.0.0.1:55420] for POST '/session/bd24bc6fcaa8c5147f337e3b5b19b076/element'
[DEBUG] 

Request DefaultHttpRequest(decodeResult: success, version: HTTP/1.1)
POST /session/bd24bc6fcaa8c5147f337e3b5b19b076/element HTTP/1.1
User-Agent: selenium/4.2.1 (java windows)
Content-Length: 112
Content-Type: application/json; charset=utf-8
host: localhost:55420
accept: */*

Response DefaultHttpResponse(decodeResult: success, version: HTTP/1.1)
HTTP/1.1 200 OK
Content-Type: application/json; charset=utf-8
cache-control: no-cache
content-length: 88

[DEBUG] Adding key: http://localhost:55420 for channel [id: 0x9f53ba42, L:/127.0.0.1:57324 - R:localhost/127.0.0.1:55420]
[DEBUG] Using pooled Channel '[id: 0x9f53ba42, L:/127.0.0.1:57324 - R:localhost/127.0.0.1:55420]' for 'GET' to 'http://localhost:55420/session/bd24bc6fcaa8c5147f337e3b5b19b076/element/611d164a-6ce2-4bf6-9ecb-f1886ce05eee/text'
[DEBUG] Using open Channel [id: 0x9f53ba42, L:/127.0.0.1:57324 - R:localhost/127.0.0.1:55420] for GET '/session/bd24bc6fcaa8c5147f337e3b5b19b076/element/611d164a-6ce2-4bf6-9ecb-f1886ce05eee/text'
[DEBUG] 

Request DefaultFullHttpRequest(decodeResult: success, version: HTTP/1.1, content: EmptyByteBufBE)
GET /session/bd24bc6fcaa8c5147f337e3b5b19b076/element/611d164a-6ce2-4bf6-9ecb-f1886ce05eee/text HTTP/1.1
User-Agent: selenium/4.2.1 (java windows)
Cache-Control: no-cache
Content-Type: application/json; charset=utf-8
host: localhost:55420
accept: */*

Response DefaultHttpResponse(decodeResult: success, version: HTTP/1.1)
HTTP/1.1 200 OK
Content-Type: application/json; charset=utf-8
cache-control: no-cache
content-length: 29

[DEBUG] Adding key: http://localhost:55420 for channel [id: 0x9f53ba42, L:/127.0.0.1:57324 - R:localhost/127.0.0.1:55420]
[INFO ] 2022-08-16 10:17:51.202 [TestNG-test=Surefire test-1] StepDef - Common statistics text present
[DEBUG] Using pooled Channel '[id: 0x9f53ba42, L:/127.0.0.1:57324 - R:localhost/127.0.0.1:55420]' for 'POST' to 'http://localhost:55420/session/bd24bc6fcaa8c5147f337e3b5b19b076/element'
[DEBUG] Using open Channel [id: 0x9f53ba42, L:/127.0.0.1:57324 - R:localhost/127.0.0.1:55420] for POST '/session/bd24bc6fcaa8c5147f337e3b5b19b076/element'
[DEBUG] 

Request DefaultHttpRequest(decodeResult: success, version: HTTP/1.1)
POST /session/bd24bc6fcaa8c5147f337e3b5b19b076/element HTTP/1.1
User-Agent: selenium/4.2.1 (java windows)
Content-Length: 128
Content-Type: application/json; charset=utf-8
host: localhost:55420
accept: */*

Response DefaultHttpResponse(decodeResult: success, version: HTTP/1.1)
HTTP/1.1 200 OK
Content-Type: application/json; charset=utf-8
cache-control: no-cache
content-length: 88

[DEBUG] Adding key: http://localhost:55420 for channel [id: 0x9f53ba42, L:/127.0.0.1:57324 - R:localhost/127.0.0.1:55420]
[DEBUG] Using pooled Channel '[id: 0x9f53ba42, L:/127.0.0.1:57324 - R:localhost/127.0.0.1:55420]' for 'POST' to 'http://localhost:55420/session/bd24bc6fcaa8c5147f337e3b5b19b076/element/d97dfaac-b242-4e43-be68-447567e540d0/click'
[DEBUG] Using open Channel [id: 0x9f53ba42, L:/127.0.0.1:57324 - R:localhost/127.0.0.1:55420] for POST '/session/bd24bc6fcaa8c5147f337e3b5b19b076/element/d97dfaac-b242-4e43-be68-447567e540d0/click'
[DEBUG] 

Request DefaultHttpRequest(decodeResult: success, version: HTTP/1.1)
POST /session/bd24bc6fcaa8c5147f337e3b5b19b076/element/d97dfaac-b242-4e43-be68-447567e540d0/click HTTP/1.1
User-Agent: selenium/4.2.1 (java windows)
Content-Length: 50
Content-Type: application/json; charset=utf-8
host: localhost:55420
accept: */*

Response DefaultHttpResponse(decodeResult: success, version: HTTP/1.1)
HTTP/1.1 200 OK
Content-Type: application/json; charset=utf-8
cache-control: no-cache
content-length: 14

[DEBUG] Adding key: http://localhost:55420 for channel [id: 0x9f53ba42, L:/127.0.0.1:57324 - R:localhost/127.0.0.1:55420]
[DEBUG] Using pooled Channel '[id: 0x9f53ba42, L:/127.0.0.1:57324 - R:localhost/127.0.0.1:55420]' for 'POST' to 'http://localhost:55420/session/bd24bc6fcaa8c5147f337e3b5b19b076/element'
[DEBUG] Using open Channel [id: 0x9f53ba42, L:/127.0.0.1:57324 - R:localhost/127.0.0.1:55420] for POST '/session/bd24bc6fcaa8c5147f337e3b5b19b076/element'
[DEBUG] 

Request DefaultHttpRequest(decodeResult: success, version: HTTP/1.1)
POST /session/bd24bc6fcaa8c5147f337e3b5b19b076/element HTTP/1.1
User-Agent: selenium/4.2.1 (java windows)
Content-Length: 129
Content-Type: application/json; charset=utf-8
host: localhost:55420
accept: */*

Response DefaultHttpResponse(decodeResult: success, version: HTTP/1.1)
HTTP/1.1 200 OK
Content-Type: application/json; charset=utf-8
cache-control: no-cache
content-length: 88

[DEBUG] Adding key: http://localhost:55420 for channel [id: 0x9f53ba42, L:/127.0.0.1:57324 - R:localhost/127.0.0.1:55420]
[DEBUG] Using pooled Channel '[id: 0x9f53ba42, L:/127.0.0.1:57324 - R:localhost/127.0.0.1:55420]' for 'POST' to 'http://localhost:55420/session/bd24bc6fcaa8c5147f337e3b5b19b076/execute/sync'
[DEBUG] Using open Channel [id: 0x9f53ba42, L:/127.0.0.1:57324 - R:localhost/127.0.0.1:55420] for POST '/session/bd24bc6fcaa8c5147f337e3b5b19b076/execute/sync'
[DEBUG] 

Request DefaultHttpRequest(decodeResult: success, version: HTTP/1.1)
POST /session/bd24bc6fcaa8c5147f337e3b5b19b076/execute/sync HTTP/1.1
User-Agent: selenium/4.2.1 (java windows)
Content-Length: 48780
Content-Type: application/json; charset=utf-8
host: localhost:55420
accept: */*

Response DefaultHttpResponse(decodeResult: success, version: HTTP/1.1)
HTTP/1.1 200 OK
Content-Type: application/json; charset=utf-8
cache-control: no-cache
content-length: 14

[DEBUG] Adding key: http://localhost:55420 for channel [id: 0x9f53ba42, L:/127.0.0.1:57324 - R:localhost/127.0.0.1:55420]
[INFO ] 2022-08-16 10:17:51.512 [TestNG-test=Surefire test-1] StepDef - Common statistics tiles present
[DEBUG] Using pooled Channel '[id: 0x9f53ba42, L:/127.0.0.1:57324 - R:localhost/127.0.0.1:55420]' for 'DELETE' to 'http://localhost:55420/session/bd24bc6fcaa8c5147f337e3b5b19b076/window'
[DEBUG] Using open Channel [id: 0x9f53ba42, L:/127.0.0.1:57324 - R:localhost/127.0.0.1:55420] for DELETE '/session/bd24bc6fcaa8c5147f337e3b5b19b076/window'
[DEBUG] Channel Closed: [id: 0x0f1a6f9c, L:/127.0.0.1:57332 ! R:localhost/127.0.0.1:57325] with attribute NettyResponseFuture{currentRetry=0,
	isDone=1,
	isCancelled=0,
	asyncHandler=org.asynchttpclient.ws.WebSocketUpgradeHandler@21ba5a,
	nettyRequest=org.asynchttpclient.netty.request.NettyRequest@1d723f2,
	future=java.util.concurrent.CompletableFuture@22b14f[Completed normally],
	uri=ws://localhost:57325/devtools/browser/872c5486-8c64-4816-9dc4-6bd20df3d4c1,
	keepAlive=true,
	redirectCount=0,
	timeoutsHolder=null,
	inAuth=0,
	touch=1660625254301}
[DEBUG] Closing Channel [id: 0x0f1a6f9c, L:/127.0.0.1:57332 ! R:localhost/127.0.0.1:57325] 
[DEBUG] Channel Closed: [id: 0x8bd1e904, L:/127.0.0.1:57331 ! R:localhost/127.0.0.1:57325] with attribute DISCARD
[DEBUG] Entry count for : http://localhost:57325 : 1
[DEBUG] Adding Candidate expired Channel [id: 0x8bd1e904, L:/127.0.0.1:57331 ! R:localhost/127.0.0.1:57325] isIdleTimeoutExpired=false isRemotelyClosed=true isTtlExpired=false
[DEBUG] Closing Idle Channel [id: 0x8bd1e904, L:/127.0.0.1:57331 ! R:localhost/127.0.0.1:57325]
[DEBUG] Closed 1 connections out of 1 in 0 ms
[DEBUG] 

Request DefaultFullHttpRequest(decodeResult: success, version: HTTP/1.1, content: EmptyByteBufBE)
DELETE /session/bd24bc6fcaa8c5147f337e3b5b19b076/window HTTP/1.1
User-Agent: selenium/4.2.1 (java windows)
Content-Type: application/json; charset=utf-8
host: localhost:55420
accept: */*

Response DefaultHttpResponse(decodeResult: success, version: HTTP/1.1)
HTTP/1.1 200 OK
Content-Type: application/json; charset=utf-8
cache-control: no-cache
content-length: 12

[DEBUG] Adding key: http://localhost:55420 for channel [id: 0x9f53ba42, L:/127.0.0.1:57324 - R:localhost/127.0.0.1:55420]
[INFO ] 2022-08-16 10:17:53.994 [TestNG-test=Surefire test-1] StepDef - Browser closed
Tear Down method executed..
[DEBUG] Using pooled Channel '[id: 0x9f53ba42, L:/127.0.0.1:57324 - R:localhost/127.0.0.1:55420]' for 'DELETE' to 'http://localhost:55420/session/bd24bc6fcaa8c5147f337e3b5b19b076'
[DEBUG] Using open Channel [id: 0x9f53ba42, L:/127.0.0.1:57324 - R:localhost/127.0.0.1:55420] for DELETE '/session/bd24bc6fcaa8c5147f337e3b5b19b076'
[DEBUG] 

Request DefaultFullHttpRequest(decodeResult: success, version: HTTP/1.1, content: EmptyByteBufBE)
DELETE /session/bd24bc6fcaa8c5147f337e3b5b19b076 HTTP/1.1
User-Agent: selenium/4.2.1 (java windows)
Content-Type: application/json; charset=utf-8
host: localhost:55420
accept: */*

Response DefaultHttpResponse(decodeResult: success, version: HTTP/1.1)
HTTP/1.1 200 OK
Content-Type: application/json; charset=utf-8
cache-control: no-cache
content-length: 14

[DEBUG] Adding key: http://localhost:55420 for channel [id: 0x9f53ba42, L:/127.0.0.1:57324 - R:localhost/127.0.0.1:55420]
[DEBUG] Channel Closed: [id: 0x9f53ba42, L:/127.0.0.1:57324 ! R:localhost/127.0.0.1:55420] with attribute DISCARD
[DEBUG] Entry count for : http://localhost:55420 : 1
[DEBUG] Adding Candidate expired Channel [id: 0x9f53ba42, L:/127.0.0.1:57324 ! R:localhost/127.0.0.1:55420] isIdleTimeoutExpired=false isRemotelyClosed=true isTtlExpired=false
[DEBUG] Closing Idle Channel [id: 0x9f53ba42, L:/127.0.0.1:57324 ! R:localhost/127.0.0.1:55420]
[DEBUG] Closed 1 connections out of 1 in 0 ms
]]></system-out>
    <system-err><![CDATA[Starting ChromeDriver 104.0.5112.79 (3cf3e8c8a07d104b9e1260c910efb8f383285dc5-refs/branch-heads/5112@{#1307}) on port 55420
Only local connections are allowed.
Please see https://chromedriver.chromium.org/security-considerations for suggestions on keeping ChromeDriver safe.
ChromeDriver was started successfully.
Aug 16, 2022 10:17:34 AM org.openqa.selenium.remote.ProtocolHandshake createSession
INFO: Detected upstream dialect: W3C
Aug 16, 2022 10:17:34 AM org.openqa.selenium.devtools.CdpVersionFinder findNearestMatch
WARNING: Unable to find an exact match for CDP version 104, so returning the closest version found: 102
Aug 16, 2022 10:17:34 AM org.openqa.selenium.devtools.CdpVersionFinder findNearestMatch
INFO: Found CDP implementation for version 104 of 102
]]></system-err>
  </testcase>
  <testcase name="runScenario[&quot;Order statistic should be visible&quot;, &quot;Common statistics verify&quot;](5)" classname="TestRunner.Run" time="11.819">
    <system-out><![CDATA[Setup-Sanity method executed..
[DEBUG] Resolution chrome=104 in cache (valid until 11:15:59 16/08/2022 IST)
[DEBUG] Resolution chrome104=104.0.5112.79 in cache (valid until 13:28:12 16/08/2022 IST)
[INFO] Using chromedriver 104.0.5112.79 (resolved driver for Chrome 104)
[DEBUG] Driver chromedriver 104.0.5112.79 found in cache
[INFO] Exporting webdriver.chrome.driver as C:\Users\suman\.cache\selenium\chromedriver\win32\104.0.5112.79\chromedriver.exe
[DEBUG] Using new Channel '[id: 0x0dae5d8e, L:/127.0.0.1:57457 - R:localhost/127.0.0.1:51892]' for 'POST' to '/session'
[DEBUG] 

Request DefaultHttpRequest(decodeResult: success, version: HTTP/1.1)
POST /session HTTP/1.1
User-Agent: selenium/4.2.1 (java windows)
Content-Length: 365
Content-Type: application/json; charset=utf-8
host: localhost:51892
accept: */*

Response DefaultHttpResponse(decodeResult: success, version: HTTP/1.1)
HTTP/1.1 200 OK
Content-Type: application/json; charset=utf-8
cache-control: no-cache
content-length: 789

[DEBUG] Adding key: http://localhost:51892 for channel [id: 0x0dae5d8e, L:/127.0.0.1:57457 - R:localhost/127.0.0.1:51892]
[DEBUG] Using new Channel '[id: 0x957a47ad, L:/127.0.0.1:57463 - R:localhost/127.0.0.1:57458]' for 'GET' to '/json/version'
[DEBUG] 

Request DefaultFullHttpRequest(decodeResult: success, version: HTTP/1.1, content: EmptyByteBufBE)
GET /json/version HTTP/1.1
User-Agent: selenium/4.2.1 (java windows)
host: localhost:57458
accept: */*

Response DefaultHttpResponse(decodeResult: success, version: HTTP/1.1)
HTTP/1.1 200 OK
Content-Type: application/json; charset=UTF-8
content-length: 427

[DEBUG] Adding key: http://localhost:57458 for channel [id: 0x957a47ad, L:/127.0.0.1:57463 - R:localhost/127.0.0.1:57458]
[DEBUG] Using new Channel '[id: 0xe7dd2d2f, L:/127.0.0.1:57468 - R:localhost/127.0.0.1:57458]' for 'GET' to '/devtools/browser/f130fc31-396a-4724-8760-ec22f58df54c'
[DEBUG] 

Request DefaultFullHttpRequest(decodeResult: success, version: HTTP/1.1, content: EmptyByteBufBE)
GET /devtools/browser/f130fc31-396a-4724-8760-ec22f58df54c HTTP/1.1
upgrade: websocket
connection: upgrade
sec-websocket-key: 7RQGwqtugXTMQE0kaap2+g==
sec-websocket-version: 13
origin: http://localhost:57458
host: localhost:57458
accept: */*
user-agent: AHC/2.1

Response DefaultHttpResponse(decodeResult: success, version: HTTP/1.1)
HTTP/1.1 101 WebSocket Protocol Handshake
Upgrade: WebSocket
Connection: Upgrade
Sec-WebSocket-Accept: wcVF0FN4yZ+qIP7qNB3pr2I31Bw=

[DEBUG] Using pooled Channel '[id: 0x0dae5d8e, L:/127.0.0.1:57457 - R:localhost/127.0.0.1:51892]' for 'POST' to 'http://localhost:51892/session/9c91cfa6e970ff6ecebd79e0ab44a081/window/maximize'
[DEBUG] Using open Channel [id: 0x0dae5d8e, L:/127.0.0.1:57457 - R:localhost/127.0.0.1:51892] for POST '/session/9c91cfa6e970ff6ecebd79e0ab44a081/window/maximize'
[DEBUG] 

Request DefaultHttpRequest(decodeResult: success, version: HTTP/1.1)
POST /session/9c91cfa6e970ff6ecebd79e0ab44a081/window/maximize HTTP/1.1
User-Agent: selenium/4.2.1 (java windows)
Content-Length: 3
Content-Type: application/json; charset=utf-8
host: localhost:51892
accept: */*

Response DefaultHttpResponse(decodeResult: success, version: HTTP/1.1)
HTTP/1.1 200 OK
Content-Type: application/json; charset=utf-8
cache-control: no-cache
content-length: 51

[DEBUG] Adding key: http://localhost:51892 for channel [id: 0x0dae5d8e, L:/127.0.0.1:57457 - R:localhost/127.0.0.1:51892]
[FATAL] 2022-08-16 10:17:56.108 [TestNG-test=Surefire test-1] StepDef - Setup1 executed...
[INFO ] 2022-08-16 10:17:56.110 [TestNG-test=Surefire test-1] StepDef - chrome browser launched
[DEBUG] Using pooled Channel '[id: 0x0dae5d8e, L:/127.0.0.1:57457 - R:localhost/127.0.0.1:51892]' for 'POST' to 'http://localhost:51892/session/9c91cfa6e970ff6ecebd79e0ab44a081/url'
[DEBUG] Using open Channel [id: 0x0dae5d8e, L:/127.0.0.1:57457 - R:localhost/127.0.0.1:51892] for POST '/session/9c91cfa6e970ff6ecebd79e0ab44a081/url'
[DEBUG] Entry count for : http://localhost:57458 : 1
[DEBUG] Entry count for : http://localhost:57458 : 1
[DEBUG] Entry count for : http://localhost:57458 : 1
[DEBUG] Entry count for : http://localhost:57458 : 1
[DEBUG] Entry count for : http://localhost:57458 : 1
[DEBUG] 

Request DefaultHttpRequest(decodeResult: success, version: HTTP/1.1)
POST /session/9c91cfa6e970ff6ecebd79e0ab44a081/url HTTP/1.1
User-Agent: selenium/4.2.1 (java windows)
Content-Length: 69
Content-Type: application/json; charset=utf-8
host: localhost:51892
accept: */*

Response DefaultHttpResponse(decodeResult: success, version: HTTP/1.1)
HTTP/1.1 200 OK
Content-Type: application/json; charset=utf-8
cache-control: no-cache
content-length: 14

[DEBUG] Adding key: http://localhost:51892 for channel [id: 0x0dae5d8e, L:/127.0.0.1:57457 - R:localhost/127.0.0.1:51892]
[INFO ] 2022-08-16 10:18:01.257 [TestNG-test=Surefire test-1] StepDef - url opened
[DEBUG] Using pooled Channel '[id: 0x0dae5d8e, L:/127.0.0.1:57457 - R:localhost/127.0.0.1:51892]' for 'POST' to 'http://localhost:51892/session/9c91cfa6e970ff6ecebd79e0ab44a081/element'
[DEBUG] Using open Channel [id: 0x0dae5d8e, L:/127.0.0.1:57457 - R:localhost/127.0.0.1:51892] for POST '/session/9c91cfa6e970ff6ecebd79e0ab44a081/element'
[DEBUG] 

Request DefaultHttpRequest(decodeResult: success, version: HTTP/1.1)
POST /session/9c91cfa6e970ff6ecebd79e0ab44a081/element HTTP/1.1
User-Agent: selenium/4.2.1 (java windows)
Content-Length: 50
Content-Type: application/json; charset=utf-8
host: localhost:51892
accept: */*

Response DefaultHttpResponse(decodeResult: success, version: HTTP/1.1)
HTTP/1.1 200 OK
Content-Type: application/json; charset=utf-8
cache-control: no-cache
content-length: 88

[DEBUG] Adding key: http://localhost:51892 for channel [id: 0x0dae5d8e, L:/127.0.0.1:57457 - R:localhost/127.0.0.1:51892]
[DEBUG] Using pooled Channel '[id: 0x0dae5d8e, L:/127.0.0.1:57457 - R:localhost/127.0.0.1:51892]' for 'POST' to 'http://localhost:51892/session/9c91cfa6e970ff6ecebd79e0ab44a081/element/e19fdbb9-92d5-4cb4-bc0f-62db260b731b/clear'
[DEBUG] Using open Channel [id: 0x0dae5d8e, L:/127.0.0.1:57457 - R:localhost/127.0.0.1:51892] for POST '/session/9c91cfa6e970ff6ecebd79e0ab44a081/element/e19fdbb9-92d5-4cb4-bc0f-62db260b731b/clear'
[DEBUG] 

Request DefaultHttpRequest(decodeResult: success, version: HTTP/1.1)
POST /session/9c91cfa6e970ff6ecebd79e0ab44a081/element/e19fdbb9-92d5-4cb4-bc0f-62db260b731b/clear HTTP/1.1
User-Agent: selenium/4.2.1 (java windows)
Content-Length: 50
Content-Type: application/json; charset=utf-8
host: localhost:51892
accept: */*

Response DefaultHttpResponse(decodeResult: success, version: HTTP/1.1)
HTTP/1.1 200 OK
Content-Type: application/json; charset=utf-8
cache-control: no-cache
content-length: 14

[DEBUG] Adding key: http://localhost:51892 for channel [id: 0x0dae5d8e, L:/127.0.0.1:57457 - R:localhost/127.0.0.1:51892]
[DEBUG] Using pooled Channel '[id: 0x0dae5d8e, L:/127.0.0.1:57457 - R:localhost/127.0.0.1:51892]' for 'POST' to 'http://localhost:51892/session/9c91cfa6e970ff6ecebd79e0ab44a081/element'
[DEBUG] Using open Channel [id: 0x0dae5d8e, L:/127.0.0.1:57457 - R:localhost/127.0.0.1:51892] for POST '/session/9c91cfa6e970ff6ecebd79e0ab44a081/element'
[DEBUG] 

Request DefaultHttpRequest(decodeResult: success, version: HTTP/1.1)
POST /session/9c91cfa6e970ff6ecebd79e0ab44a081/element HTTP/1.1
User-Agent: selenium/4.2.1 (java windows)
Content-Length: 50
Content-Type: application/json; charset=utf-8
host: localhost:51892
accept: */*

Response DefaultHttpResponse(decodeResult: success, version: HTTP/1.1)
HTTP/1.1 200 OK
Content-Type: application/json; charset=utf-8
cache-control: no-cache
content-length: 88

[DEBUG] Adding key: http://localhost:51892 for channel [id: 0x0dae5d8e, L:/127.0.0.1:57457 - R:localhost/127.0.0.1:51892]
[DEBUG] Using pooled Channel '[id: 0x0dae5d8e, L:/127.0.0.1:57457 - R:localhost/127.0.0.1:51892]' for 'POST' to 'http://localhost:51892/session/9c91cfa6e970ff6ecebd79e0ab44a081/element/e19fdbb9-92d5-4cb4-bc0f-62db260b731b/value'
[DEBUG] Using open Channel [id: 0x0dae5d8e, L:/127.0.0.1:57457 - R:localhost/127.0.0.1:51892] for POST '/session/9c91cfa6e970ff6ecebd79e0ab44a081/element/e19fdbb9-92d5-4cb4-bc0f-62db260b731b/value'
[DEBUG] 

Request DefaultHttpRequest(decodeResult: success, version: HTTP/1.1)
POST /session/9c91cfa6e970ff6ecebd79e0ab44a081/element/e19fdbb9-92d5-4cb4-bc0f-62db260b731b/value HTTP/1.1
User-Agent: selenium/4.2.1 (java windows)
Content-Length: 271
Content-Type: application/json; charset=utf-8
host: localhost:51892
accept: */*

Response DefaultHttpResponse(decodeResult: success, version: HTTP/1.1)
HTTP/1.1 200 OK
Content-Type: application/json; charset=utf-8
cache-control: no-cache
content-length: 14

[DEBUG] Adding key: http://localhost:51892 for channel [id: 0x0dae5d8e, L:/127.0.0.1:57457 - R:localhost/127.0.0.1:51892]
[DEBUG] Using pooled Channel '[id: 0x0dae5d8e, L:/127.0.0.1:57457 - R:localhost/127.0.0.1:51892]' for 'POST' to 'http://localhost:51892/session/9c91cfa6e970ff6ecebd79e0ab44a081/element'
[DEBUG] Using open Channel [id: 0x0dae5d8e, L:/127.0.0.1:57457 - R:localhost/127.0.0.1:51892] for POST '/session/9c91cfa6e970ff6ecebd79e0ab44a081/element'
[DEBUG] 

Request DefaultHttpRequest(decodeResult: success, version: HTTP/1.1)
POST /session/9c91cfa6e970ff6ecebd79e0ab44a081/element HTTP/1.1
User-Agent: selenium/4.2.1 (java windows)
Content-Length: 53
Content-Type: application/json; charset=utf-8
host: localhost:51892
accept: */*

Response DefaultHttpResponse(decodeResult: success, version: HTTP/1.1)
HTTP/1.1 200 OK
Content-Type: application/json; charset=utf-8
cache-control: no-cache
content-length: 88

[DEBUG] Adding key: http://localhost:51892 for channel [id: 0x0dae5d8e, L:/127.0.0.1:57457 - R:localhost/127.0.0.1:51892]
[DEBUG] Using pooled Channel '[id: 0x0dae5d8e, L:/127.0.0.1:57457 - R:localhost/127.0.0.1:51892]' for 'POST' to 'http://localhost:51892/session/9c91cfa6e970ff6ecebd79e0ab44a081/element/082aaf61-b19d-487e-a3ad-42f84a97cefa/clear'
[DEBUG] Using open Channel [id: 0x0dae5d8e, L:/127.0.0.1:57457 - R:localhost/127.0.0.1:51892] for POST '/session/9c91cfa6e970ff6ecebd79e0ab44a081/element/082aaf61-b19d-487e-a3ad-42f84a97cefa/clear'
[DEBUG] 

Request DefaultHttpRequest(decodeResult: success, version: HTTP/1.1)
POST /session/9c91cfa6e970ff6ecebd79e0ab44a081/element/082aaf61-b19d-487e-a3ad-42f84a97cefa/clear HTTP/1.1
User-Agent: selenium/4.2.1 (java windows)
Content-Length: 50
Content-Type: application/json; charset=utf-8
host: localhost:51892
accept: */*

Response DefaultHttpResponse(decodeResult: success, version: HTTP/1.1)
HTTP/1.1 200 OK
Content-Type: application/json; charset=utf-8
cache-control: no-cache
content-length: 14

[DEBUG] Adding key: http://localhost:51892 for channel [id: 0x0dae5d8e, L:/127.0.0.1:57457 - R:localhost/127.0.0.1:51892]
[DEBUG] Using pooled Channel '[id: 0x0dae5d8e, L:/127.0.0.1:57457 - R:localhost/127.0.0.1:51892]' for 'POST' to 'http://localhost:51892/session/9c91cfa6e970ff6ecebd79e0ab44a081/element'
[DEBUG] Using open Channel [id: 0x0dae5d8e, L:/127.0.0.1:57457 - R:localhost/127.0.0.1:51892] for POST '/session/9c91cfa6e970ff6ecebd79e0ab44a081/element'
[DEBUG] 

Request DefaultHttpRequest(decodeResult: success, version: HTTP/1.1)
POST /session/9c91cfa6e970ff6ecebd79e0ab44a081/element HTTP/1.1
User-Agent: selenium/4.2.1 (java windows)
Content-Length: 53
Content-Type: application/json; charset=utf-8
host: localhost:51892
accept: */*

Response DefaultHttpResponse(decodeResult: success, version: HTTP/1.1)
HTTP/1.1 200 OK
Content-Type: application/json; charset=utf-8
cache-control: no-cache
content-length: 88

[DEBUG] Adding key: http://localhost:51892 for channel [id: 0x0dae5d8e, L:/127.0.0.1:57457 - R:localhost/127.0.0.1:51892]
[DEBUG] Using pooled Channel '[id: 0x0dae5d8e, L:/127.0.0.1:57457 - R:localhost/127.0.0.1:51892]' for 'POST' to 'http://localhost:51892/session/9c91cfa6e970ff6ecebd79e0ab44a081/element/082aaf61-b19d-487e-a3ad-42f84a97cefa/value'
[DEBUG] Using open Channel [id: 0x0dae5d8e, L:/127.0.0.1:57457 - R:localhost/127.0.0.1:51892] for POST '/session/9c91cfa6e970ff6ecebd79e0ab44a081/element/082aaf61-b19d-487e-a3ad-42f84a97cefa/value'
[DEBUG] 

Request DefaultHttpRequest(decodeResult: success, version: HTTP/1.1)
POST /session/9c91cfa6e970ff6ecebd79e0ab44a081/element/082aaf61-b19d-487e-a3ad-42f84a97cefa/value HTTP/1.1
User-Agent: selenium/4.2.1 (java windows)
Content-Length: 131
Content-Type: application/json; charset=utf-8
host: localhost:51892
accept: */*

Response DefaultHttpResponse(decodeResult: success, version: HTTP/1.1)
HTTP/1.1 200 OK
Content-Type: application/json; charset=utf-8
cache-control: no-cache
content-length: 14

[DEBUG] Adding key: http://localhost:51892 for channel [id: 0x0dae5d8e, L:/127.0.0.1:57457 - R:localhost/127.0.0.1:51892]
[INFO ] 2022-08-16 10:18:01.470 [TestNG-test=Surefire test-1] StepDef - email address and password entered
[DEBUG] Using pooled Channel '[id: 0x0dae5d8e, L:/127.0.0.1:57457 - R:localhost/127.0.0.1:51892]' for 'POST' to 'http://localhost:51892/session/9c91cfa6e970ff6ecebd79e0ab44a081/element'
[DEBUG] Using open Channel [id: 0x0dae5d8e, L:/127.0.0.1:57457 - R:localhost/127.0.0.1:51892] for POST '/session/9c91cfa6e970ff6ecebd79e0ab44a081/element'
[DEBUG] 

Request DefaultHttpRequest(decodeResult: success, version: HTTP/1.1)
POST /session/9c91cfa6e970ff6ecebd79e0ab44a081/element HTTP/1.1
User-Agent: selenium/4.2.1 (java windows)
Content-Length: 87
Content-Type: application/json; charset=utf-8
host: localhost:51892
accept: */*

Response DefaultHttpResponse(decodeResult: success, version: HTTP/1.1)
HTTP/1.1 200 OK
Content-Type: application/json; charset=utf-8
cache-control: no-cache
content-length: 88

[DEBUG] Adding key: http://localhost:51892 for channel [id: 0x0dae5d8e, L:/127.0.0.1:57457 - R:localhost/127.0.0.1:51892]
[DEBUG] Using pooled Channel '[id: 0x0dae5d8e, L:/127.0.0.1:57457 - R:localhost/127.0.0.1:51892]' for 'POST' to 'http://localhost:51892/session/9c91cfa6e970ff6ecebd79e0ab44a081/element/938ff946-1799-4aa7-8ae3-48bfa37f422d/click'
[DEBUG] Using open Channel [id: 0x0dae5d8e, L:/127.0.0.1:57457 - R:localhost/127.0.0.1:51892] for POST '/session/9c91cfa6e970ff6ecebd79e0ab44a081/element/938ff946-1799-4aa7-8ae3-48bfa37f422d/click'
[DEBUG] Entry count for : http://localhost:57458 : 1
[DEBUG] Entry count for : http://localhost:57458 : 1
[DEBUG] Entry count for : http://localhost:57458 : 1
[DEBUG] Entry count for : http://localhost:57458 : 1
[DEBUG] 

Request DefaultHttpRequest(decodeResult: success, version: HTTP/1.1)
POST /session/9c91cfa6e970ff6ecebd79e0ab44a081/element/938ff946-1799-4aa7-8ae3-48bfa37f422d/click HTTP/1.1
User-Agent: selenium/4.2.1 (java windows)
Content-Length: 50
Content-Type: application/json; charset=utf-8
host: localhost:51892
accept: */*

Response DefaultHttpResponse(decodeResult: success, version: HTTP/1.1)
HTTP/1.1 200 OK
Content-Type: application/json; charset=utf-8
cache-control: no-cache
content-length: 14

[DEBUG] Adding key: http://localhost:51892 for channel [id: 0x0dae5d8e, L:/127.0.0.1:57457 - R:localhost/127.0.0.1:51892]
[INFO ] 2022-08-16 10:18:05.468 [TestNG-test=Surefire test-1] StepDef - Clicked on login button
[DEBUG] Using pooled Channel '[id: 0x0dae5d8e, L:/127.0.0.1:57457 - R:localhost/127.0.0.1:51892]' for 'GET' to 'http://localhost:51892/session/9c91cfa6e970ff6ecebd79e0ab44a081/title'
[DEBUG] Using open Channel [id: 0x0dae5d8e, L:/127.0.0.1:57457 - R:localhost/127.0.0.1:51892] for GET '/session/9c91cfa6e970ff6ecebd79e0ab44a081/title'
[DEBUG] 

Request DefaultFullHttpRequest(decodeResult: success, version: HTTP/1.1, content: EmptyByteBufBE)
GET /session/9c91cfa6e970ff6ecebd79e0ab44a081/title HTTP/1.1
User-Agent: selenium/4.2.1 (java windows)
Cache-Control: no-cache
Content-Type: application/json; charset=utf-8
host: localhost:51892
accept: */*

Response DefaultHttpResponse(decodeResult: success, version: HTTP/1.1)
HTTP/1.1 200 OK
Content-Type: application/json; charset=utf-8
cache-control: no-cache
content-length: 50

[DEBUG] Adding key: http://localhost:51892 for channel [id: 0x0dae5d8e, L:/127.0.0.1:57457 - R:localhost/127.0.0.1:51892]
[INFO ] 2022-08-16 10:18:05.474 [TestNG-test=Surefire test-1] StepDef - user can view dashboard test passed.
[DEBUG] Using pooled Channel '[id: 0x0dae5d8e, L:/127.0.0.1:57457 - R:localhost/127.0.0.1:51892]' for 'POST' to 'http://localhost:51892/session/9c91cfa6e970ff6ecebd79e0ab44a081/element'
[DEBUG] Using open Channel [id: 0x0dae5d8e, L:/127.0.0.1:57457 - R:localhost/127.0.0.1:51892] for POST '/session/9c91cfa6e970ff6ecebd79e0ab44a081/element'
[DEBUG] 

Request DefaultHttpRequest(decodeResult: success, version: HTTP/1.1)
POST /session/9c91cfa6e970ff6ecebd79e0ab44a081/element HTTP/1.1
User-Agent: selenium/4.2.1 (java windows)
Content-Length: 79
Content-Type: application/json; charset=utf-8
host: localhost:51892
accept: */*

Response DefaultHttpResponse(decodeResult: success, version: HTTP/1.1)
HTTP/1.1 200 OK
Content-Type: application/json; charset=utf-8
cache-control: no-cache
content-length: 88

[DEBUG] Adding key: http://localhost:51892 for channel [id: 0x0dae5d8e, L:/127.0.0.1:57457 - R:localhost/127.0.0.1:51892]
[DEBUG] Using pooled Channel '[id: 0x0dae5d8e, L:/127.0.0.1:57457 - R:localhost/127.0.0.1:51892]' for 'GET' to 'http://localhost:51892/session/9c91cfa6e970ff6ecebd79e0ab44a081/element/d040234d-1a70-491e-b330-8cac9c403652/text'
[DEBUG] Using open Channel [id: 0x0dae5d8e, L:/127.0.0.1:57457 - R:localhost/127.0.0.1:51892] for GET '/session/9c91cfa6e970ff6ecebd79e0ab44a081/element/d040234d-1a70-491e-b330-8cac9c403652/text'
[DEBUG] 

Request DefaultFullHttpRequest(decodeResult: success, version: HTTP/1.1, content: EmptyByteBufBE)
GET /session/9c91cfa6e970ff6ecebd79e0ab44a081/element/d040234d-1a70-491e-b330-8cac9c403652/text HTTP/1.1
User-Agent: selenium/4.2.1 (java windows)
Cache-Control: no-cache
Content-Type: application/json; charset=utf-8
host: localhost:51892
accept: */*

Response DefaultHttpResponse(decodeResult: success, version: HTTP/1.1)
HTTP/1.1 200 OK
Content-Type: application/json; charset=utf-8
cache-control: no-cache
content-length: 18

[DEBUG] Adding key: http://localhost:51892 for channel [id: 0x0dae5d8e, L:/127.0.0.1:57457 - R:localhost/127.0.0.1:51892]
[INFO ] 2022-08-16 10:18:05.514 [TestNG-test=Surefire test-1] StepDef - ORDER text present
[DEBUG] Using pooled Channel '[id: 0x0dae5d8e, L:/127.0.0.1:57457 - R:localhost/127.0.0.1:51892]' for 'POST' to 'http://localhost:51892/session/9c91cfa6e970ff6ecebd79e0ab44a081/element'
[DEBUG] Using open Channel [id: 0x0dae5d8e, L:/127.0.0.1:57457 - R:localhost/127.0.0.1:51892] for POST '/session/9c91cfa6e970ff6ecebd79e0ab44a081/element'
[DEBUG] 

Request DefaultHttpRequest(decodeResult: success, version: HTTP/1.1)
POST /session/9c91cfa6e970ff6ecebd79e0ab44a081/element HTTP/1.1
User-Agent: selenium/4.2.1 (java windows)
Content-Length: 115
Content-Type: application/json; charset=utf-8
host: localhost:51892
accept: */*

Response DefaultHttpResponse(decodeResult: success, version: HTTP/1.1)
HTTP/1.1 200 OK
Content-Type: application/json; charset=utf-8
cache-control: no-cache
content-length: 88

[DEBUG] Adding key: http://localhost:51892 for channel [id: 0x0dae5d8e, L:/127.0.0.1:57457 - R:localhost/127.0.0.1:51892]
[DEBUG] Using pooled Channel '[id: 0x0dae5d8e, L:/127.0.0.1:57457 - R:localhost/127.0.0.1:51892]' for 'POST' to 'http://localhost:51892/session/9c91cfa6e970ff6ecebd79e0ab44a081/element/97f024c0-a9a4-478d-ab52-0c6f8db8ca02/click'
[DEBUG] Using open Channel [id: 0x0dae5d8e, L:/127.0.0.1:57457 - R:localhost/127.0.0.1:51892] for POST '/session/9c91cfa6e970ff6ecebd79e0ab44a081/element/97f024c0-a9a4-478d-ab52-0c6f8db8ca02/click'
[DEBUG] 

Request DefaultHttpRequest(decodeResult: success, version: HTTP/1.1)
POST /session/9c91cfa6e970ff6ecebd79e0ab44a081/element/97f024c0-a9a4-478d-ab52-0c6f8db8ca02/click HTTP/1.1
User-Agent: selenium/4.2.1 (java windows)
Content-Length: 50
Content-Type: application/json; charset=utf-8
host: localhost:51892
accept: */*

Response DefaultHttpResponse(decodeResult: success, version: HTTP/1.1)
HTTP/1.1 200 OK
Content-Type: application/json; charset=utf-8
cache-control: no-cache
content-length: 14

[DEBUG] Adding key: http://localhost:51892 for channel [id: 0x0dae5d8e, L:/127.0.0.1:57457 - R:localhost/127.0.0.1:51892]
[DEBUG] Using pooled Channel '[id: 0x0dae5d8e, L:/127.0.0.1:57457 - R:localhost/127.0.0.1:51892]' for 'POST' to 'http://localhost:51892/session/9c91cfa6e970ff6ecebd79e0ab44a081/element'
[DEBUG] Using open Channel [id: 0x0dae5d8e, L:/127.0.0.1:57457 - R:localhost/127.0.0.1:51892] for POST '/session/9c91cfa6e970ff6ecebd79e0ab44a081/element'
[DEBUG] 

Request DefaultHttpRequest(decodeResult: success, version: HTTP/1.1)
POST /session/9c91cfa6e970ff6ecebd79e0ab44a081/element HTTP/1.1
User-Agent: selenium/4.2.1 (java windows)
Content-Length: 85
Content-Type: application/json; charset=utf-8
host: localhost:51892
accept: */*

Response DefaultHttpResponse(decodeResult: success, version: HTTP/1.1)
HTTP/1.1 200 OK
Content-Type: application/json; charset=utf-8
cache-control: no-cache
content-length: 88

[DEBUG] Adding key: http://localhost:51892 for channel [id: 0x0dae5d8e, L:/127.0.0.1:57457 - R:localhost/127.0.0.1:51892]
[DEBUG] Using pooled Channel '[id: 0x0dae5d8e, L:/127.0.0.1:57457 - R:localhost/127.0.0.1:51892]' for 'POST' to 'http://localhost:51892/session/9c91cfa6e970ff6ecebd79e0ab44a081/execute/sync'
[DEBUG] Using open Channel [id: 0x0dae5d8e, L:/127.0.0.1:57457 - R:localhost/127.0.0.1:51892] for POST '/session/9c91cfa6e970ff6ecebd79e0ab44a081/execute/sync'
[DEBUG] 

Request DefaultHttpRequest(decodeResult: success, version: HTTP/1.1)
POST /session/9c91cfa6e970ff6ecebd79e0ab44a081/execute/sync HTTP/1.1
User-Agent: selenium/4.2.1 (java windows)
Content-Length: 48780
Content-Type: application/json; charset=utf-8
host: localhost:51892
accept: */*

Response DefaultHttpResponse(decodeResult: success, version: HTTP/1.1)
HTTP/1.1 200 OK
Content-Type: application/json; charset=utf-8
cache-control: no-cache
content-length: 14

[DEBUG] Adding key: http://localhost:51892 for channel [id: 0x0dae5d8e, L:/127.0.0.1:57457 - R:localhost/127.0.0.1:51892]
[INFO ] 2022-08-16 10:18:05.707 [TestNG-test=Surefire test-1] StepDef - Orders Graph present
[DEBUG] Using pooled Channel '[id: 0x0dae5d8e, L:/127.0.0.1:57457 - R:localhost/127.0.0.1:51892]' for 'DELETE' to 'http://localhost:51892/session/9c91cfa6e970ff6ecebd79e0ab44a081/window'
[DEBUG] Using open Channel [id: 0x0dae5d8e, L:/127.0.0.1:57457 - R:localhost/127.0.0.1:51892] for DELETE '/session/9c91cfa6e970ff6ecebd79e0ab44a081/window'
[DEBUG] Unexpected I/O exception on channel [id: 0x957a47ad, L:/127.0.0.1:57463 - R:localhost/127.0.0.1:57458]
java.io.IOException: An existing connection was forcibly closed by the remote host
	at sun.nio.ch.SocketDispatcher.read0(Native Method) ~[na:1.8.0_341]
	at sun.nio.ch.SocketDispatcher.read(Unknown Source) ~[na:1.8.0_341]
	at sun.nio.ch.IOUtil.readIntoNativeBuffer(Unknown Source) ~[na:1.8.0_341]
	at sun.nio.ch.IOUtil.read(Unknown Source) ~[na:1.8.0_341]
	at sun.nio.ch.SocketChannelImpl.read(Unknown Source) ~[na:1.8.0_341]
	at io.netty.buffer.PooledByteBuf.setBytes(PooledByteBuf.java:258) ~[netty-buffer-4.1.77.Final.jar:4.1.77.Final]
	at io.netty.buffer.AbstractByteBuf.writeBytes(AbstractByteBuf.java:1132) ~[netty-buffer-4.1.77.Final.jar:4.1.77.Final]
	at io.netty.channel.socket.nio.NioSocketChannel.doReadBytes(NioSocketChannel.java:357) ~[netty-transport-4.1.77.Final.jar:4.1.77.Final]
	at io.netty.channel.nio.AbstractNioByteChannel$NioByteUnsafe.read(AbstractNioByteChannel.java:151) ~[netty-transport-4.1.77.Final.jar:4.1.77.Final]
	at io.netty.channel.nio.NioEventLoop.processSelectedKey(NioEventLoop.java:722) [netty-transport-4.1.77.Final.jar:4.1.77.Final]
	at io.netty.channel.nio.NioEventLoop.processSelectedKeysOptimized(NioEventLoop.java:658) [netty-transport-4.1.77.Final.jar:4.1.77.Final]
	at io.netty.channel.nio.NioEventLoop.processSelectedKeys(NioEventLoop.java:584) [netty-transport-4.1.77.Final.jar:4.1.77.Final]
	at io.netty.channel.nio.NioEventLoop.run(NioEventLoop.java:496) [netty-transport-4.1.77.Final.jar:4.1.77.Final]
	at io.netty.util.concurrent.SingleThreadEventExecutor$4.run(SingleThreadEventExecutor.java:995) [netty-common-4.1.77.Final.jar:4.1.77.Final]
	at io.netty.util.internal.ThreadExecutorMap$2.run(ThreadExecutorMap.java:74) [netty-common-4.1.77.Final.jar:4.1.77.Final]
	at io.netty.util.concurrent.FastThreadLocalRunnable.run(FastThreadLocalRunnable.java:30) [netty-common-4.1.77.Final.jar:4.1.77.Final]
	at java.lang.Thread.run(Unknown Source) [na:1.8.0_341]
[DEBUG] Closing Channel [id: 0x957a47ad, L:/127.0.0.1:57463 - R:localhost/127.0.0.1:57458] 
[DEBUG] Channel Closed: [id: 0x957a47ad, L:/127.0.0.1:57463 ! R:localhost/127.0.0.1:57458] with attribute DISCARD
[DEBUG] Unexpected I/O exception on channel [id: 0xe7dd2d2f, L:/127.0.0.1:57468 - R:localhost/127.0.0.1:57458]
java.io.IOException: An existing connection was forcibly closed by the remote host
	at sun.nio.ch.SocketDispatcher.read0(Native Method) ~[na:1.8.0_341]
	at sun.nio.ch.SocketDispatcher.read(Unknown Source) ~[na:1.8.0_341]
	at sun.nio.ch.IOUtil.readIntoNativeBuffer(Unknown Source) ~[na:1.8.0_341]
	at sun.nio.ch.IOUtil.read(Unknown Source) ~[na:1.8.0_341]
	at sun.nio.ch.SocketChannelImpl.read(Unknown Source) ~[na:1.8.0_341]
	at io.netty.buffer.PooledByteBuf.setBytes(PooledByteBuf.java:258) ~[netty-buffer-4.1.77.Final.jar:4.1.77.Final]
	at io.netty.buffer.AbstractByteBuf.writeBytes(AbstractByteBuf.java:1132) ~[netty-buffer-4.1.77.Final.jar:4.1.77.Final]
	at io.netty.channel.socket.nio.NioSocketChannel.doReadBytes(NioSocketChannel.java:357) ~[netty-transport-4.1.77.Final.jar:4.1.77.Final]
	at io.netty.channel.nio.AbstractNioByteChannel$NioByteUnsafe.read(AbstractNioByteChannel.java:151) ~[netty-transport-4.1.77.Final.jar:4.1.77.Final]
	at io.netty.channel.nio.NioEventLoop.processSelectedKey(NioEventLoop.java:722) [netty-transport-4.1.77.Final.jar:4.1.77.Final]
	at io.netty.channel.nio.NioEventLoop.processSelectedKeysOptimized(NioEventLoop.java:658) [netty-transport-4.1.77.Final.jar:4.1.77.Final]
	at io.netty.channel.nio.NioEventLoop.processSelectedKeys(NioEventLoop.java:584) [netty-transport-4.1.77.Final.jar:4.1.77.Final]
	at io.netty.channel.nio.NioEventLoop.run(NioEventLoop.java:496) [netty-transport-4.1.77.Final.jar:4.1.77.Final]
	at io.netty.util.concurrent.SingleThreadEventExecutor$4.run(SingleThreadEventExecutor.java:995) [netty-common-4.1.77.Final.jar:4.1.77.Final]
	at io.netty.util.internal.ThreadExecutorMap$2.run(ThreadExecutorMap.java:74) [netty-common-4.1.77.Final.jar:4.1.77.Final]
	at io.netty.util.concurrent.FastThreadLocalRunnable.run(FastThreadLocalRunnable.java:30) [netty-common-4.1.77.Final.jar:4.1.77.Final]
	at java.lang.Thread.run(Unknown Source) [na:1.8.0_341]
[DEBUG] Trying to recover from dead Channel: [id: 0xe7dd2d2f, L:/127.0.0.1:57468 - R:localhost/127.0.0.1:57458]
[DEBUG] Channel Closed: [id: 0xe7dd2d2f, L:/127.0.0.1:57468 ! R:localhost/127.0.0.1:57458] with attribute NettyResponseFuture{currentRetry=0,
	isDone=1,
	isCancelled=0,
	asyncHandler=org.asynchttpclient.ws.WebSocketUpgradeHandler@1087fff,
	nettyRequest=org.asynchttpclient.netty.request.NettyRequest@81ed9,
	future=java.util.concurrent.CompletableFuture@dc35f7[Completed normally],
	uri=ws://localhost:57458/devtools/browser/f130fc31-396a-4724-8760-ec22f58df54c,
	keepAlive=true,
	redirectCount=0,
	timeoutsHolder=null,
	inAuth=0,
	touch=1660625285775}
[DEBUG] Closing Channel [id: 0xe7dd2d2f, L:/127.0.0.1:57468 ! R:localhost/127.0.0.1:57458] 
[DEBUG] 

Request DefaultFullHttpRequest(decodeResult: success, version: HTTP/1.1, content: EmptyByteBufBE)
DELETE /session/9c91cfa6e970ff6ecebd79e0ab44a081/window HTTP/1.1
User-Agent: selenium/4.2.1 (java windows)
Content-Type: application/json; charset=utf-8
host: localhost:51892
accept: */*

Response DefaultHttpResponse(decodeResult: success, version: HTTP/1.1)
HTTP/1.1 200 OK
Content-Type: application/json; charset=utf-8
cache-control: no-cache
content-length: 12

[DEBUG] Adding key: http://localhost:51892 for channel [id: 0x0dae5d8e, L:/127.0.0.1:57457 - R:localhost/127.0.0.1:51892]
[INFO ] 2022-08-16 10:18:05.792 [TestNG-test=Surefire test-1] StepDef - Browser closed
Tear Down method executed..
[DEBUG] Using pooled Channel '[id: 0x0dae5d8e, L:/127.0.0.1:57457 - R:localhost/127.0.0.1:51892]' for 'DELETE' to 'http://localhost:51892/session/9c91cfa6e970ff6ecebd79e0ab44a081'
[DEBUG] Using open Channel [id: 0x0dae5d8e, L:/127.0.0.1:57457 - R:localhost/127.0.0.1:51892] for DELETE '/session/9c91cfa6e970ff6ecebd79e0ab44a081'
[DEBUG] 

Request DefaultFullHttpRequest(decodeResult: success, version: HTTP/1.1, content: EmptyByteBufBE)
DELETE /session/9c91cfa6e970ff6ecebd79e0ab44a081 HTTP/1.1
User-Agent: selenium/4.2.1 (java windows)
Content-Type: application/json; charset=utf-8
host: localhost:51892
accept: */*

Response DefaultHttpResponse(decodeResult: success, version: HTTP/1.1)
HTTP/1.1 200 OK
Content-Type: application/json; charset=utf-8
cache-control: no-cache
content-length: 14

[DEBUG] Adding key: http://localhost:51892 for channel [id: 0x0dae5d8e, L:/127.0.0.1:57457 - R:localhost/127.0.0.1:51892]
[DEBUG] Channel Closed: [id: 0x0dae5d8e, L:/127.0.0.1:57457 ! R:localhost/127.0.0.1:51892] with attribute DISCARD
[DEBUG] Entry count for : http://localhost:51892 : 1
[DEBUG] Entry count for : http://localhost:57458 : 1
[DEBUG] Adding Candidate expired Channel [id: 0x0dae5d8e, L:/127.0.0.1:57457 ! R:localhost/127.0.0.1:51892] isIdleTimeoutExpired=false isRemotelyClosed=true isTtlExpired=false
[DEBUG] Closing Idle Channel [id: 0x0dae5d8e, L:/127.0.0.1:57457 ! R:localhost/127.0.0.1:51892]
[DEBUG] Adding Candidate expired Channel [id: 0x957a47ad, L:/127.0.0.1:57463 ! R:localhost/127.0.0.1:57458] isIdleTimeoutExpired=false isRemotelyClosed=true isTtlExpired=false
[DEBUG] Closing Idle Channel [id: 0x957a47ad, L:/127.0.0.1:57463 ! R:localhost/127.0.0.1:57458]
[DEBUG] Closed 2 connections out of 2 in 0 ms
]]></system-out>
    <system-err><![CDATA[Starting ChromeDriver 104.0.5112.79 (3cf3e8c8a07d104b9e1260c910efb8f383285dc5-refs/branch-heads/5112@{#1307}) on port 51892
Only local connections are allowed.
Please see https://chromedriver.chromium.org/security-considerations for suggestions on keeping ChromeDriver safe.
ChromeDriver was started successfully.
Aug 16, 2022 10:17:55 AM org.openqa.selenium.remote.ProtocolHandshake createSession
INFO: Detected upstream dialect: W3C
Aug 16, 2022 10:17:55 AM org.openqa.selenium.devtools.CdpVersionFinder findNearestMatch
WARNING: Unable to find an exact match for CDP version 104, so returning the closest version found: 102
Aug 16, 2022 10:17:55 AM org.openqa.selenium.devtools.CdpVersionFinder findNearestMatch
INFO: Found CDP implementation for version 104 of 102
]]></system-err>
  </testcase>
  <testcase name="runScenario[&quot;Incomplete order value calculate&quot;, &quot;Common statistics verify&quot;](6)" classname="TestRunner.Run" time="15.346">
    <failure message="For input string: &quot;2,468.80&quot;" type="java.lang.NumberFormatException"><![CDATA[java.lang.NumberFormatException: For input string: "2,468.80"
	at sun.misc.FloatingDecimal.readJavaFormatString(Unknown Source)
	at sun.misc.FloatingDecimal.parseFloat(Unknown Source)
	at java.lang.Float.parseFloat(Unknown Source)
	at PageObject.Dashboard.Totalincompleteordervalue(Dashboard.java:136)
	at StepDefinition.StepDef.user_click_on_the_expand_button_and_all_total_will_be_added(StepDef.java:427)
	at ✽.User click on the expand button and all total will be added(file:///C:/Users/suman/eclipse-workspace/SBDD_cucumber/./Features/Dashboard.feature:25)
]]></failure>
    <system-out><![CDATA[Setup-Sanity method executed..
[DEBUG] Resolution chrome=104 in cache (valid until 11:15:59 16/08/2022 IST)
[DEBUG] Resolution chrome104=104.0.5112.79 in cache (valid until 13:28:12 16/08/2022 IST)
[INFO] Using chromedriver 104.0.5112.79 (resolved driver for Chrome 104)
[DEBUG] Driver chromedriver 104.0.5112.79 found in cache
[INFO] Exporting webdriver.chrome.driver as C:\Users\suman\.cache\selenium\chromedriver\win32\104.0.5112.79\chromedriver.exe
[DEBUG] Using new Channel '[id: 0x83d1247d, L:/127.0.0.1:57547 - R:localhost/127.0.0.1:50088]' for 'POST' to '/session'
[DEBUG] 

Request DefaultHttpRequest(decodeResult: success, version: HTTP/1.1)
POST /session HTTP/1.1
User-Agent: selenium/4.2.1 (java windows)
Content-Length: 365
Content-Type: application/json; charset=utf-8
host: localhost:50088
accept: */*

Response DefaultHttpResponse(decodeResult: success, version: HTTP/1.1)
HTTP/1.1 200 OK
Content-Type: application/json; charset=utf-8
cache-control: no-cache
content-length: 790

[DEBUG] Adding key: http://localhost:50088 for channel [id: 0x83d1247d, L:/127.0.0.1:57547 - R:localhost/127.0.0.1:50088]
[DEBUG] Using new Channel '[id: 0xa429cbff, L:/127.0.0.1:57554 - R:localhost/127.0.0.1:57548]' for 'GET' to '/json/version'
[DEBUG] 

Request DefaultFullHttpRequest(decodeResult: success, version: HTTP/1.1, content: EmptyByteBufBE)
GET /json/version HTTP/1.1
User-Agent: selenium/4.2.1 (java windows)
host: localhost:57548
accept: */*

Response DefaultHttpResponse(decodeResult: success, version: HTTP/1.1)
HTTP/1.1 200 OK
Content-Type: application/json; charset=UTF-8
content-length: 427

[DEBUG] Adding key: http://localhost:57548 for channel [id: 0xa429cbff, L:/127.0.0.1:57554 - R:localhost/127.0.0.1:57548]
[DEBUG] Using new Channel '[id: 0xc0610c61, L:/127.0.0.1:57555 - R:localhost/127.0.0.1:57548]' for 'GET' to '/devtools/browser/a5b6f451-af86-465e-85b6-901ab57b4d9c'
[DEBUG] 

Request DefaultFullHttpRequest(decodeResult: success, version: HTTP/1.1, content: EmptyByteBufBE)
GET /devtools/browser/a5b6f451-af86-465e-85b6-901ab57b4d9c HTTP/1.1
upgrade: websocket
connection: upgrade
sec-websocket-key: 0+tUmITwJoIYx+IxUCYQJg==
sec-websocket-version: 13
origin: http://localhost:57548
host: localhost:57548
accept: */*
user-agent: AHC/2.1

Response DefaultHttpResponse(decodeResult: success, version: HTTP/1.1)
HTTP/1.1 101 WebSocket Protocol Handshake
Upgrade: WebSocket
Connection: Upgrade
Sec-WebSocket-Accept: ehXTuPhc85mD/jpm2QDPV6ylSCs=

[DEBUG] Using pooled Channel '[id: 0x83d1247d, L:/127.0.0.1:57547 - R:localhost/127.0.0.1:50088]' for 'POST' to 'http://localhost:50088/session/31fa4a92569ed2eedf23e99d51250093/window/maximize'
[DEBUG] Using open Channel [id: 0x83d1247d, L:/127.0.0.1:57547 - R:localhost/127.0.0.1:50088] for POST '/session/31fa4a92569ed2eedf23e99d51250093/window/maximize'
[DEBUG] 

Request DefaultHttpRequest(decodeResult: success, version: HTTP/1.1)
POST /session/31fa4a92569ed2eedf23e99d51250093/window/maximize HTTP/1.1
User-Agent: selenium/4.2.1 (java windows)
Content-Length: 3
Content-Type: application/json; charset=utf-8
host: localhost:50088
accept: */*

Response DefaultHttpResponse(decodeResult: success, version: HTTP/1.1)
HTTP/1.1 200 OK
Content-Type: application/json; charset=utf-8
cache-control: no-cache
content-length: 51

[DEBUG] Adding key: http://localhost:50088 for channel [id: 0x83d1247d, L:/127.0.0.1:57547 - R:localhost/127.0.0.1:50088]
[FATAL] 2022-08-16 10:18:07.903 [TestNG-test=Surefire test-1] StepDef - Setup1 executed...
[INFO ] 2022-08-16 10:18:07.905 [TestNG-test=Surefire test-1] StepDef - chrome browser launched
[DEBUG] Using pooled Channel '[id: 0x83d1247d, L:/127.0.0.1:57547 - R:localhost/127.0.0.1:50088]' for 'POST' to 'http://localhost:50088/session/31fa4a92569ed2eedf23e99d51250093/url'
[DEBUG] Using open Channel [id: 0x83d1247d, L:/127.0.0.1:57547 - R:localhost/127.0.0.1:50088] for POST '/session/31fa4a92569ed2eedf23e99d51250093/url'
[DEBUG] Entry count for : http://localhost:57548 : 1
[DEBUG] Entry count for : http://localhost:57548 : 1
[DEBUG] Entry count for : http://localhost:57548 : 1
[DEBUG] Entry count for : http://localhost:57548 : 1
[DEBUG] Entry count for : http://localhost:57548 : 1
[DEBUG] Entry count for : http://localhost:57548 : 1
[DEBUG] Entry count for : http://localhost:57548 : 1
[DEBUG] 

Request DefaultHttpRequest(decodeResult: success, version: HTTP/1.1)
POST /session/31fa4a92569ed2eedf23e99d51250093/url HTTP/1.1
User-Agent: selenium/4.2.1 (java windows)
Content-Length: 69
Content-Type: application/json; charset=utf-8
host: localhost:50088
accept: */*

Response DefaultHttpResponse(decodeResult: success, version: HTTP/1.1)
HTTP/1.1 200 OK
Content-Type: application/json; charset=utf-8
cache-control: no-cache
content-length: 14

[DEBUG] Adding key: http://localhost:50088 for channel [id: 0x83d1247d, L:/127.0.0.1:57547 - R:localhost/127.0.0.1:50088]
[INFO ] 2022-08-16 10:18:16.014 [TestNG-test=Surefire test-1] StepDef - url opened
[DEBUG] Using pooled Channel '[id: 0x83d1247d, L:/127.0.0.1:57547 - R:localhost/127.0.0.1:50088]' for 'POST' to 'http://localhost:50088/session/31fa4a92569ed2eedf23e99d51250093/element'
[DEBUG] Using open Channel [id: 0x83d1247d, L:/127.0.0.1:57547 - R:localhost/127.0.0.1:50088] for POST '/session/31fa4a92569ed2eedf23e99d51250093/element'
[DEBUG] 

Request DefaultHttpRequest(decodeResult: success, version: HTTP/1.1)
POST /session/31fa4a92569ed2eedf23e99d51250093/element HTTP/1.1
User-Agent: selenium/4.2.1 (java windows)
Content-Length: 50
Content-Type: application/json; charset=utf-8
host: localhost:50088
accept: */*

Response DefaultHttpResponse(decodeResult: success, version: HTTP/1.1)
HTTP/1.1 200 OK
Content-Type: application/json; charset=utf-8
cache-control: no-cache
content-length: 88

[DEBUG] Adding key: http://localhost:50088 for channel [id: 0x83d1247d, L:/127.0.0.1:57547 - R:localhost/127.0.0.1:50088]
[DEBUG] Using pooled Channel '[id: 0x83d1247d, L:/127.0.0.1:57547 - R:localhost/127.0.0.1:50088]' for 'POST' to 'http://localhost:50088/session/31fa4a92569ed2eedf23e99d51250093/element/5325cefa-387a-494b-83ef-1711a2bb5647/clear'
[DEBUG] Using open Channel [id: 0x83d1247d, L:/127.0.0.1:57547 - R:localhost/127.0.0.1:50088] for POST '/session/31fa4a92569ed2eedf23e99d51250093/element/5325cefa-387a-494b-83ef-1711a2bb5647/clear'
[DEBUG] 

Request DefaultHttpRequest(decodeResult: success, version: HTTP/1.1)
POST /session/31fa4a92569ed2eedf23e99d51250093/element/5325cefa-387a-494b-83ef-1711a2bb5647/clear HTTP/1.1
User-Agent: selenium/4.2.1 (java windows)
Content-Length: 50
Content-Type: application/json; charset=utf-8
host: localhost:50088
accept: */*

Response DefaultHttpResponse(decodeResult: success, version: HTTP/1.1)
HTTP/1.1 200 OK
Content-Type: application/json; charset=utf-8
cache-control: no-cache
content-length: 14

[DEBUG] Adding key: http://localhost:50088 for channel [id: 0x83d1247d, L:/127.0.0.1:57547 - R:localhost/127.0.0.1:50088]
[DEBUG] Using pooled Channel '[id: 0x83d1247d, L:/127.0.0.1:57547 - R:localhost/127.0.0.1:50088]' for 'POST' to 'http://localhost:50088/session/31fa4a92569ed2eedf23e99d51250093/element'
[DEBUG] Using open Channel [id: 0x83d1247d, L:/127.0.0.1:57547 - R:localhost/127.0.0.1:50088] for POST '/session/31fa4a92569ed2eedf23e99d51250093/element'
[DEBUG] 

Request DefaultHttpRequest(decodeResult: success, version: HTTP/1.1)
POST /session/31fa4a92569ed2eedf23e99d51250093/element HTTP/1.1
User-Agent: selenium/4.2.1 (java windows)
Content-Length: 50
Content-Type: application/json; charset=utf-8
host: localhost:50088
accept: */*

Response DefaultHttpResponse(decodeResult: success, version: HTTP/1.1)
HTTP/1.1 200 OK
Content-Type: application/json; charset=utf-8
cache-control: no-cache
content-length: 88

[DEBUG] Adding key: http://localhost:50088 for channel [id: 0x83d1247d, L:/127.0.0.1:57547 - R:localhost/127.0.0.1:50088]
[DEBUG] Using pooled Channel '[id: 0x83d1247d, L:/127.0.0.1:57547 - R:localhost/127.0.0.1:50088]' for 'POST' to 'http://localhost:50088/session/31fa4a92569ed2eedf23e99d51250093/element/5325cefa-387a-494b-83ef-1711a2bb5647/value'
[DEBUG] Using open Channel [id: 0x83d1247d, L:/127.0.0.1:57547 - R:localhost/127.0.0.1:50088] for POST '/session/31fa4a92569ed2eedf23e99d51250093/element/5325cefa-387a-494b-83ef-1711a2bb5647/value'
[DEBUG] 

Request DefaultHttpRequest(decodeResult: success, version: HTTP/1.1)
POST /session/31fa4a92569ed2eedf23e99d51250093/element/5325cefa-387a-494b-83ef-1711a2bb5647/value HTTP/1.1
User-Agent: selenium/4.2.1 (java windows)
Content-Length: 271
Content-Type: application/json; charset=utf-8
host: localhost:50088
accept: */*

Response DefaultHttpResponse(decodeResult: success, version: HTTP/1.1)
HTTP/1.1 200 OK
Content-Type: application/json; charset=utf-8
cache-control: no-cache
content-length: 14

[DEBUG] Adding key: http://localhost:50088 for channel [id: 0x83d1247d, L:/127.0.0.1:57547 - R:localhost/127.0.0.1:50088]
[DEBUG] Using pooled Channel '[id: 0x83d1247d, L:/127.0.0.1:57547 - R:localhost/127.0.0.1:50088]' for 'POST' to 'http://localhost:50088/session/31fa4a92569ed2eedf23e99d51250093/element'
[DEBUG] Using open Channel [id: 0x83d1247d, L:/127.0.0.1:57547 - R:localhost/127.0.0.1:50088] for POST '/session/31fa4a92569ed2eedf23e99d51250093/element'
[DEBUG] 

Request DefaultHttpRequest(decodeResult: success, version: HTTP/1.1)
POST /session/31fa4a92569ed2eedf23e99d51250093/element HTTP/1.1
User-Agent: selenium/4.2.1 (java windows)
Content-Length: 53
Content-Type: application/json; charset=utf-8
host: localhost:50088
accept: */*

Response DefaultHttpResponse(decodeResult: success, version: HTTP/1.1)
HTTP/1.1 200 OK
Content-Type: application/json; charset=utf-8
cache-control: no-cache
content-length: 88

[DEBUG] Adding key: http://localhost:50088 for channel [id: 0x83d1247d, L:/127.0.0.1:57547 - R:localhost/127.0.0.1:50088]
[DEBUG] Using pooled Channel '[id: 0x83d1247d, L:/127.0.0.1:57547 - R:localhost/127.0.0.1:50088]' for 'POST' to 'http://localhost:50088/session/31fa4a92569ed2eedf23e99d51250093/element/7f51dfc1-68f3-408d-8236-f8b21c443ad1/clear'
[DEBUG] Using open Channel [id: 0x83d1247d, L:/127.0.0.1:57547 - R:localhost/127.0.0.1:50088] for POST '/session/31fa4a92569ed2eedf23e99d51250093/element/7f51dfc1-68f3-408d-8236-f8b21c443ad1/clear'
[DEBUG] Entry count for : http://localhost:57548 : 1
[DEBUG] 

Request DefaultHttpRequest(decodeResult: success, version: HTTP/1.1)
POST /session/31fa4a92569ed2eedf23e99d51250093/element/7f51dfc1-68f3-408d-8236-f8b21c443ad1/clear HTTP/1.1
User-Agent: selenium/4.2.1 (java windows)
Content-Length: 50
Content-Type: application/json; charset=utf-8
host: localhost:50088
accept: */*

Response DefaultHttpResponse(decodeResult: success, version: HTTP/1.1)
HTTP/1.1 200 OK
Content-Type: application/json; charset=utf-8
cache-control: no-cache
content-length: 14

[DEBUG] Adding key: http://localhost:50088 for channel [id: 0x83d1247d, L:/127.0.0.1:57547 - R:localhost/127.0.0.1:50088]
[DEBUG] Using pooled Channel '[id: 0x83d1247d, L:/127.0.0.1:57547 - R:localhost/127.0.0.1:50088]' for 'POST' to 'http://localhost:50088/session/31fa4a92569ed2eedf23e99d51250093/element'
[DEBUG] Using open Channel [id: 0x83d1247d, L:/127.0.0.1:57547 - R:localhost/127.0.0.1:50088] for POST '/session/31fa4a92569ed2eedf23e99d51250093/element'
[DEBUG] 

Request DefaultHttpRequest(decodeResult: success, version: HTTP/1.1)
POST /session/31fa4a92569ed2eedf23e99d51250093/element HTTP/1.1
User-Agent: selenium/4.2.1 (java windows)
Content-Length: 53
Content-Type: application/json; charset=utf-8
host: localhost:50088
accept: */*

Response DefaultHttpResponse(decodeResult: success, version: HTTP/1.1)
HTTP/1.1 200 OK
Content-Type: application/json; charset=utf-8
cache-control: no-cache
content-length: 88

[DEBUG] Adding key: http://localhost:50088 for channel [id: 0x83d1247d, L:/127.0.0.1:57547 - R:localhost/127.0.0.1:50088]
[DEBUG] Using pooled Channel '[id: 0x83d1247d, L:/127.0.0.1:57547 - R:localhost/127.0.0.1:50088]' for 'POST' to 'http://localhost:50088/session/31fa4a92569ed2eedf23e99d51250093/element/7f51dfc1-68f3-408d-8236-f8b21c443ad1/value'
[DEBUG] Using open Channel [id: 0x83d1247d, L:/127.0.0.1:57547 - R:localhost/127.0.0.1:50088] for POST '/session/31fa4a92569ed2eedf23e99d51250093/element/7f51dfc1-68f3-408d-8236-f8b21c443ad1/value'
[DEBUG] 

Request DefaultHttpRequest(decodeResult: success, version: HTTP/1.1)
POST /session/31fa4a92569ed2eedf23e99d51250093/element/7f51dfc1-68f3-408d-8236-f8b21c443ad1/value HTTP/1.1
User-Agent: selenium/4.2.1 (java windows)
Content-Length: 131
Content-Type: application/json; charset=utf-8
host: localhost:50088
accept: */*

Response DefaultHttpResponse(decodeResult: success, version: HTTP/1.1)
HTTP/1.1 200 OK
Content-Type: application/json; charset=utf-8
cache-control: no-cache
content-length: 14

[DEBUG] Adding key: http://localhost:50088 for channel [id: 0x83d1247d, L:/127.0.0.1:57547 - R:localhost/127.0.0.1:50088]
[INFO ] 2022-08-16 10:18:16.256 [TestNG-test=Surefire test-1] StepDef - email address and password entered

@regression
Scenario: Add New Customer                                                                # Features/Customers.feature:11
  Given User Launch Chrome browser                                                        # StepDefinition.StepDef.user_launch_chrome_browser()
  When User opens URL "http://admin-demo.nopcommerce.com/login"                           # StepDefinition.StepDef.user_opens_url(java.lang.String)
  And User enters Email as "admin@yourstore.com" and Password as "admin"                  # StepDefinition.StepDef.user_enters_email_as_and_password_as(java.lang.String,java.lang.String)
  And Click on Login                                                                      # StepDefinition.StepDef.click_on_login()
  Then User can view Dashboad                                                             # StepDefinition.StepDef.user_can_view_dashboad()
  When User click on customers Menu                                                       # StepDefinition.StepDef.user_click_on_customers_menu()
  And click on customers Menu Item                                                        # StepDefinition.StepDef.click_on_customers_menu_item()
  And click on Add new button                                                             # StepDefinition.StepDef.click_on_add_new_button()
  Then User can view Add new customer page                                                # StepDefinition.StepDef.user_can_view_add_new_customer_page()
  When User enter customer info                                                           # StepDefinition.StepDef.user_enter_customer_info()
  And click on Save button                                                                # StepDefinition.StepDef.click_on_save_button()
  Then User can view confirmation message "The new customer has been added successfully." # StepDefinition.StepDef.user_can_view_confirmation_message(java.lang.String)
  And close browser                                                                       # StepDefinition.CloseStep.close_browser()

@regression
Scenario: Search Customer by Email                                       # Features/Customers.feature:23
  Given User Launch Chrome browser                                       # StepDefinition.StepDef.user_launch_chrome_browser()
  When User opens URL "http://admin-demo.nopcommerce.com/login"          # StepDefinition.StepDef.user_opens_url(java.lang.String)
  And User enters Email as "admin@yourstore.com" and Password as "admin" # StepDefinition.StepDef.user_enters_email_as_and_password_as(java.lang.String,java.lang.String)
  And Click on Login                                                     # StepDefinition.StepDef.click_on_login()
  Then User can view Dashboad                                            # StepDefinition.StepDef.user_can_view_dashboad()
  When User click on customers Menu                                      # StepDefinition.StepDef.user_click_on_customers_menu()
  And click on customers Menu Item                                       # StepDefinition.StepDef.click_on_customers_menu_item()
  And Enter customer EMail                                               # StepDefinition.StepDef.enter_customer_e_mail()
  When Click on search button                                            # StepDefinition.StepDef.click_on_search_button()
  Then User should found Email in the Search table                       # StepDefinition.StepDef.user_should_found_email_in_the_search_table()
  And close browser                                                      # StepDefinition.CloseStep.close_browser()

@Sanity
Scenario: Search Customer by Name                                        # Features/Customers.feature:33
  Given User Launch Chrome browser                                       # StepDefinition.StepDef.user_launch_chrome_browser()
  When User opens URL "http://admin-demo.nopcommerce.com/login"          # StepDefinition.StepDef.user_opens_url(java.lang.String)
  And User enters Email as "admin@yourstore.com" and Password as "admin" # StepDefinition.StepDef.user_enters_email_as_and_password_as(java.lang.String,java.lang.String)
  And Click on Login                                                     # StepDefinition.StepDef.click_on_login()
  Then User can view Dashboad                                            # StepDefinition.StepDef.user_can_view_dashboad()
  When User click on customers Menu                                      # StepDefinition.StepDef.user_click_on_customers_menu()
  And click on customers Menu Item                                       # StepDefinition.StepDef.click_on_customers_menu_item()
  And Enter customer FirstName                                           # StepDefinition.StepDef.enter_customer_first_name()
  And Enter customer LastName                                            # StepDefinition.StepDef.enter_customer_last_name()
  When Click on search button                                            # StepDefinition.StepDef.click_on_search_button()
  Then User should found Name in the Search table                        # StepDefinition.StepDef.user_should_found_name_in_the_search_table()
  And close browser                                                      # StepDefinition.CloseStep.close_browser()

@regression
Scenario: Common statistic should be visible                             # Features/Dashboard.feature:11
  Given User Launch Chrome browser                                       # StepDefinition.StepDef.user_launch_chrome_browser()
  When User opens URL "http://admin-demo.nopcommerce.com/login"          # StepDefinition.StepDef.user_opens_url(java.lang.String)
  And User enters Email as "admin@yourstore.com" and Password as "admin" # StepDefinition.StepDef.user_enters_email_as_and_password_as(java.lang.String,java.lang.String)
  And Click on Login                                                     # StepDefinition.StepDef.click_on_login()
  Then User can view Dashboad                                            # StepDefinition.StepDef.user_can_view_dashboad()
  Given User should be able to see all the common statistics keyword     # StepDefinition.StepDef.user_should_be_able_to_see_all_the_common_statistics_keyword()
  When All the grid should be visible                                    # StepDefinition.StepDef.all_the_grid_should_be_visible()
  Then close browser                                                     # StepDefinition.CloseStep.close_browser()

@regression
Scenario: Order statistic should be visible                              # Features/Dashboard.feature:17
  Given User Launch Chrome browser                                       # StepDefinition.StepDef.user_launch_chrome_browser()
  When User opens URL "http://admin-demo.nopcommerce.com/login"          # StepDefinition.StepDef.user_opens_url(java.lang.String)
  And User enters Email as "admin@yourstore.com" and Password as "admin" # StepDefinition.StepDef.user_enters_email_as_and_password_as(java.lang.String,java.lang.String)
  And Click on Login                                                     # StepDefinition.StepDef.click_on_login()
  Then User can view Dashboad                                            # StepDefinition.StepDef.user_can_view_dashboad()
  Given User should be able to see all the Order option                  # StepDefinition.StepDef.user_should_be_able_to_see_all_the_order_option()
  When User click on the expand button order graph will be display       # StepDefinition.StepDef.user_click_on_the_expand_button_order_graph_will_be_display()
  Then close browser                                                     # StepDefinition.CloseStep.close_browser()

@regression
Scenario: Incomplete order value calculate                               # Features/Dashboard.feature:23
  Given User Launch Chrome browser                                       # StepDefinition.StepDef.user_launch_chrome_browser()
  When User opens URL "http://admin-demo.nopcommerce.com/login"          # StepDefinition.StepDef.user_opens_url(java.lang.String)
  And User enters Email as "admin@yourstore.com" and Password as "admin" # StepDefinition.StepDef.user_enters_email_as_and_password_as(java.lang.[DEBUG] Using pooled Channel '[id: 0x83d1247d, L:/127.0.0.1:57547 - R:localhost/127.0.0.1:50088]' for 'POST' to 'http://localhost:50088/session/31fa4a92569ed2eedf23e99d51250093/element'
[DEBUG] Using open Channel [id: 0x83d1247d, L:/127.0.0.1:57547 - R:localhost/127.0.0.1:50088] for POST '/session/31fa4a92569ed2eedf23e99d51250093/element'
[DEBUG] 

Request DefaultHttpRequest(decodeResult: success, version: HTTP/1.1)
POST /session/31fa4a92569ed2eedf23e99d51250093/element HTTP/1.1
User-Agent: selenium/4.2.1 (java windows)
Content-Length: 87
Content-Type: application/json; charset=utf-8
host: localhost:50088
accept: */*

Response DefaultHttpResponse(decodeResult: success, version: HTTP/1.1)
HTTP/1.1 200 OK
Content-Type: application/json; charset=utf-8
cache-control: no-cache
content-length: 88

[DEBUG] Adding key: http://localhost:50088 for channel [id: 0x83d1247d, L:/127.0.0.1:57547 - R:localhost/127.0.0.1:50088]
[DEBUG] Using pooled Channel '[id: 0x83d1247d, L:/127.0.0.1:57547 - R:localhost/127.0.0.1:50088]' for 'POST' to 'http://localhost:50088/session/31fa4a92569ed2eedf23e99d51250093/element/c05324c6-739c-48ee-a05d-a2d8d26bd739/click'
[DEBUG] Using open Channel [id: 0x83d1247d, L:/127.0.0.1:57547 - R:localhost/127.0.0.1:50088] for POST '/session/31fa4a92569ed2eedf23e99d51250093/element/c05324c6-739c-48ee-a05d-a2d8d26bd739/click'
[DEBUG] Entry count for : http://localhost:57548 : 1
[DEBUG] Entry count for : http://localhost:57548 : 1
[DEBUG] Entry count for : http://localhost:57548 : 1
[DEBUG] 

Request DefaultHttpRequest(decodeResult: success, version: HTTP/1.1)
POST /session/31fa4a92569ed2eedf23e99d51250093/element/c05324c6-739c-48ee-a05d-a2d8d26bd739/click HTTP/1.1
User-Agent: selenium/4.2.1 (java windows)
Content-Length: 50
Content-Type: application/json; charset=utf-8
host: localhost:50088
accept: */*

Response DefaultHttpResponse(decodeResult: success, version: HTTP/1.1)
HTTP/1.1 200 OK
Content-Type: application/json; charset=utf-8
cache-control: no-cache
content-length: 14

[DEBUG] Adding key: http://localhost:50088 for channel [id: 0x83d1247d, L:/127.0.0.1:57547 - R:localhost/127.0.0.1:50088]
[INFO ] 2022-08-16 10:18:20.338 [TestNG-test=Surefire test-1] StepDef - Clicked on login button
[DEBUG] Using pooled Channel '[id: 0x83d1247d, L:/127.0.0.1:57547 - R:localhost/127.0.0.1:50088]' for 'GET' to 'http://localhost:50088/session/31fa4a92569ed2eedf23e99d51250093/title'
[DEBUG] Using open Channel [id: 0x83d1247d, L:/127.0.0.1:57547 - R:localhost/127.0.0.1:50088] for GET '/session/31fa4a92569ed2eedf23e99d51250093/title'
[DEBUG] 

Request DefaultFullHttpRequest(decodeResult: success, version: HTTP/1.1, content: EmptyByteBufBE)
GET /session/31fa4a92569ed2eedf23e99d51250093/title HTTP/1.1
User-Agent: selenium/4.2.1 (java windows)
Cache-Control: no-cache
Content-Type: application/json; charset=utf-8
host: localhost:50088
accept: */*

Response DefaultHttpResponse(decodeResult: success, version: HTTP/1.1)
HTTP/1.1 200 OK
Content-Type: application/json; charset=utf-8
cache-control: no-cache
content-length: 50

[DEBUG] Adding key: http://localhost:50088 for channel [id: 0x83d1247d, L:/127.0.0.1:57547 - R:localhost/127.0.0.1:50088]
[INFO ] 2022-08-16 10:18:20.351 [TestNG-test=Surefire test-1] StepDef - user can view dashboard test passed.
[DEBUG] Using pooled Channel '[id: 0x83d1247d, L:/127.0.0.1:57547 - R:localhost/127.0.0.1:50088]' for 'POST' to 'http://localhost:50088/session/31fa4a92569ed2eedf23e99d51250093/element'
[DEBUG] Using open Channel [id: 0x83d1247d, L:/127.0.0.1:57547 - R:localhost/127.0.0.1:50088] for POST '/session/31fa4a92569ed2eedf23e99d51250093/element'
[DEBUG] 

Request DefaultHttpRequest(decodeResult: success, version: HTTP/1.1)
POST /session/31fa4a92569ed2eedf23e99d51250093/element HTTP/1.1
User-Agent: selenium/4.2.1 (java windows)
Content-Length: 123
Content-Type: application/json; charset=utf-8
host: localhost:50088
accept: */*

Response DefaultHttpResponse(decodeResult: success, version: HTTP/1.1)
HTTP/1.1 200 OK
Content-Type: application/json; charset=utf-8
cache-control: no-cache
content-length: 88

[DEBUG] Adding key: http://localhost:50088 for channel [id: 0x83d1247d, L:/127.0.0.1:57547 - R:localhost/127.0.0.1:50088]
[DEBUG] Using pooled Channel '[id: 0x83d1247d, L:/127.0.0.1:57547 - R:localhost/127.0.0.1:50088]' for 'POST' to 'http://localhost:50088/session/31fa4a92569ed2eedf23e99d51250093/element/5b1c97c7-41fe-45f7-a53f-3845b73c0c88/click'
[DEBUG] Using open Channel [id: 0x83d1247d, L:/127.0.0.1:57547 - R:localhost/127.0.0.1:50088] for POST '/session/31fa4a92569ed2eedf23e99d51250093/element/5b1c97c7-41fe-45f7-a53f-3845b73c0c88/click'
[DEBUG] 

Request DefaultHttpRequest(decodeResult: success, version: HTTP/1.1)
POST /session/31fa4a92569ed2eedf23e99d51250093/element/5b1c97c7-41fe-45f7-a53f-3845b73c0c88/click HTTP/1.1
User-Agent: selenium/4.2.1 (java windows)
Content-Length: 50
Content-Type: application/json; charset=utf-8
host: localhost:50088
accept: */*

Response DefaultHttpResponse(decodeResult: success, version: HTTP/1.1)
HTTP/1.1 200 OK
Content-Type: application/json; charset=utf-8
cache-control: no-cache
content-length: 14

[DEBUG] Adding key: http://localhost:50088 for channel [id: 0x83d1247d, L:/127.0.0.1:57547 - R:localhost/127.0.0.1:50088]
[DEBUG] Using pooled Channel '[id: 0x83d1247d, L:/127.0.0.1:57547 - R:localhost/127.0.0.1:50088]' for 'POST' to 'http://localhost:50088/session/31fa4a92569ed2eedf23e99d51250093/elements'
[DEBUG] Using open Channel [id: 0x83d1247d, L:/127.0.0.1:57547 - R:localhost/127.0.0.1:50088] for POST '/session/31fa4a92569ed2eedf23e99d51250093/elements'
[DEBUG] Entry count for : http://localhost:57548 : 1
[DEBUG] 

Request DefaultHttpRequest(decodeResult: success, version: HTTP/1.1)
POST /session/31fa4a92569ed2eedf23e99d51250093/elements HTTP/1.1
User-Agent: selenium/4.2.1 (java windows)
Content-Length: 173
Content-Type: application/json; charset=utf-8
host: localhost:50088
accept: */*

Response DefaultHttpResponse(decodeResult: success, version: HTTP/1.1)
HTTP/1.1 200 OK
Content-Type: application/json; charset=utf-8
cache-control: no-cache
content-length: 248

[DEBUG] Adding key: http://localhost:50088 for channel [id: 0x83d1247d, L:/127.0.0.1:57547 - R:localhost/127.0.0.1:50088]
[DEBUG] Using pooled Channel '[id: 0x83d1247d, L:/127.0.0.1:57547 - R:localhost/127.0.0.1:50088]' for 'GET' to 'http://localhost:50088/session/31fa4a92569ed2eedf23e99d51250093/element/8a02e90c-ed73-4edf-b5af-a29b9de7b4c4/text'
[DEBUG] Using open Channel [id: 0x83d1247d, L:/127.0.0.1:57547 - R:localhost/127.0.0.1:50088] for GET '/session/31fa4a92569ed2eedf23e99d51250093/element/8a02e90c-ed73-4edf-b5af-a29b9de7b4c4/text'
[DEBUG] 

Request DefaultFullHttpRequest(decodeResult: success, version: HTTP/1.1, content: EmptyByteBufBE)
GET /session/31fa4a92569ed2eedf23e99d51250093/element/8a02e90c-ed73-4edf-b5af-a29b9de7b4c4/text HTTP/1.1
User-Agent: selenium/4.2.1 (java windows)
Cache-Control: no-cache
Content-Type: application/json; charset=utf-8
host: localhost:50088
accept: */*

Response DefaultHttpResponse(decodeResult: success, version: HTTP/1.1)
HTTP/1.1 200 OK
Content-Type: application/json; charset=utf-8
cache-control: no-cache
content-length: 21

[DEBUG] Adding key: http://localhost:50088 for channel [id: 0x83d1247d, L:/127.0.0.1:57547 - R:localhost/127.0.0.1:50088]
Tear Down method executed..
[DEBUG] Using pooled Channel '[id: 0x83d1247d, L:/127.0.0.1:57547 - R:localhost/127.0.0.1:50088]' for 'GET' to 'http://localhost:50088/session/31fa4a92569ed2eedf23e99d51250093/screenshot'
[DEBUG] Using open Channel [id: 0x83d1247d, L:/127.0.0.1:57547 - R:localhost/127.0.0.1:50088] for GET '/session/31fa4a92569ed2eedf23e99d51250093/screenshot'
[DEBUG] 

Request DefaultFullHttpRequest(decodeResult: success, version: HTTP/1.1, content: EmptyByteBufBE)
GET /session/31fa4a92569ed2eedf23e99d51250093/screenshot HTTP/1.1
User-Agent: selenium/4.2.1 (java windows)
Cache-Control: no-cache
Content-Type: application/json; charset=utf-8
host: localhost:50088
accept: */*

Response DefaultHttpResponse(decodeResult: success, version: HTTP/1.1)
HTTP/1.1 200 OK
Content-Type: application/json; charset=utf-8
cache-control: no-cache
content-length: 178780

[DEBUG] Adding key: http://localhost:50088 for channel [id: 0x83d1247d, L:/127.0.0.1:57547 - R:localhost/127.0.0.1:50088]
[DEBUG] Using pooled Channel '[id: 0x83d1247d, L:/127.0.0.1:57547 - R:localhost/127.0.0.1:50088]' for 'DELETE' to 'http://localhost:50088/session/31fa4a92569ed2eedf23e99d51250093'
[DEBUG] Using open Channel [id: 0x83d1247d, L:/127.0.0.1:57547 - R:localhost/127.0.0.1:50088] for DELETE '/session/31fa4a92569ed2eedf23e99d51250093'
[DEBUG] Unexpected I/O exception on channel [id: 0xa429cbff, L:/127.0.0.1:57554 - R:localhost/127.0.0.1:57548]
java.io.IOException: An existing connection was forcibly closed by the remote host
	at sun.nio.ch.SocketDispatcher.read0(Native Method) ~[na:1.8.0_341]
	at sun.nio.ch.SocketDispatcher.read(Unknown Source) ~[na:1.8.0_341]
	at sun.nio.ch.IOUtil.readIntoNativeBuffer(Unknown Source) ~[na:1.8.0_341]
	at sun.nio.ch.IOUtil.read(Unknown Source) ~[na:1.8.0_341]
	at sun.nio.ch.SocketChannelImpl.read(Unknown Source) ~[na:1.8.0_341]
	at io.netty.buffer.PooledByteBuf.setBytes(PooledByteBuf.java:258) ~[netty-buffer-4.1.77.Final.jar:4.1.77.Final]
	at io.netty.buffer.AbstractByteBuf.writeBytes(AbstractByteBuf.java:1132) ~[netty-buffer-4.1.77.Final.jar:4.1.77.Final]
	at io.netty.channel.socket.nio.NioSocketChannel.doReadBytes(NioSocketChannel.java:357) ~[netty-transport-4.1.77.Final.jar:4.1.77.Final]
	at io.netty.channel.nio.AbstractNioByteChannel$NioByteUnsafe.read(AbstractNioByteChannel.java:151) ~[netty-transport-4.1.77.Final.jar:4.1.77.Final]
	at io.netty.channel.nio.NioEventLoop.processSelectedKey(NioEventLoop.java:722) [netty-transport-4.1.77.Final.jar:4.1.77.Final]
	at io.netty.channel.nio.NioEventLoop.processSelectedKeysOptimized(NioEventLoop.java:658) [netty-transport-4.1.77.Final.jar:4.1.77.Final]
	at io.netty.channel.nio.NioEventLoop.processSelectedKeys(NioEventLoop.java:584) [netty-transport-4.1.77.Final.jar:4.1.77.Final]
	at io.netty.channel.nio.NioEventLoop.run(NioEventLoop.java:496) [netty-transport-4.1.77.Final.jar:4.1.77.Final]
	at io.netty.util.concurrent.SingleThreadEventExecutor$4.run(SingleThreadEventExecutor.java:995) [netty-common-4.1.77.Final.jar:4.1.77.Final]
	at io.netty.util.internal.ThreadExecutorMap$2.run(ThreadExecutorMap.java:74) [netty-common-4.1.77.Final.jar:4.1.77.Final]
	at io.netty.util.concurrent.FastThreadLocalRunnable.run(FastThreadLocalRunnable.java:30) [netty-common-4.1.77.Final.jar:4.1.77.Final]
	at java.lang.Thread.run(Unknown Source) [na:1.8.0_341]
[DEBUG] Closing Channel [id: 0xa429cbff, L:/127.0.0.1:57554 - R:localhost/127.0.0.1:57548] 
[DEBUG] Channel Closed: [id: 0xa429cbff, L:/127.0.0.1:57554 ! R:localhost/127.0.0.1:57548] with attribute DISCARD
[DEBUG] Unexpected I/O exception on channel [id: 0xc0610c61, L:/127.0.0.1:57555 - R:localhost/127.0.0.1:57548]
java.io.IOException: An existing connection was forcibly closed by the remote host
	at sun.nio.ch.SocketDispatcher.read0(Native Method) ~[na:1.8.0_341]
	at sun.nio.ch.SocketDispatcher.read(Unknown Source) ~[na:1.8.0_341]
	at sun.nio.ch.IOUtil.readIntoNativeBuffer(Unknown Source) ~[na:1.8.0_341]
	at sun.nio.ch.IOUtil.read(Unknown Source) ~[na:1.8.0_341]
	at sun.nio.ch.SocketChannelImpl.read(Unknown Source) ~[na:1.8.0_341]
	at io.netty.buffer.PooledByteBuf.setBytes(PooledByteBuf.java:258) ~[netty-buffer-4.1.77.Final.jar:4.1.77.Final]
	at io.netty.buffer.AbstractByteBuf.writeBytes(AbstractByteBuf.java:1132) ~[netty-buffer-4.1.77.Final.jar:4.1.77.Final]
	at io.netty.channel.socket.nio.NioSocketChannel.doReadBytes(NioSocketChannel.java:357) ~[netty-transport-4.1.77.Final.jar:4.1.77.Final]
	at io.netty.channel.nio.AbstractNioByteChannel$NioByteUnsafe.read(AbstractNioByteChannel.java:151) ~[netty-transport-4.1.77.Final.jar:4.1.77.Final]
	at io.netty.channel.nio.NioEventLoop.processSelectedKey(NioEventLoop.java:722) [netty-transport-4.1.77.Final.jar:4.1.77.Final]
	at io.netty.channel.nio.NioEventLoop.processSelectedKeysOptimized(NioEventLoop.java:658) [netty-transport-4.1.77.Final.jar:4.1.77.Final]
	at io.netty.channel.nio.NioEventLoop.processSelectedKeys(NioEventLoop.java:584) [netty-transport-4.1.77.Final.jar:4.1.77.Final]
	at io.netty.channel.nio.NioEventLoop.run(NioEventLoop.java:496) [netty-transport-4.1.77.Final.jar:4.1.77.Final]
	at io.netty.util.concurrent.SingleThreadEventExecutor$4.run(SingleThreadEventExecutor.java:995) [netty-common-4.1.77.Final.jar:4.1.77.Final]
	at io.netty.util.internal.ThreadExecutorMap$2.run(ThreadExecutorMap.java:74) [netty-common-4.1.77.Final.jar:4.1.77.Final]
	at io.netty.util.concurrent.FastThreadLocalRunnable.run(FastThreadLocalRunnable.java:30) [netty-common-4.1.77.Final.jar:4.1.77.Final]
	at java.lang.Thread.run(Unknown Source) [na:1.8.0_341]
[DEBUG] Trying to recover from dead Channel: [id: 0xc0610c61, L:/127.0.0.1:57555 - R:localhost/127.0.0.1:57548]
[DEBUG] Channel Closed: [id: 0xc0610c61, L:/127.0.0.1:57555 ! R:localhost/127.0.0.1:57548] with attribute NettyResponseFuture{currentRetry=0,
	isDone=1,
	isCancelled=0,
	asyncHandler=org.asynchttpclient.ws.WebSocketUpgradeHandler@90d8ef,
	nettyRequest=org.asynchttpclient.netty.request.NettyRequest@833b03,
	future=java.util.concurrent.CompletableFuture@5572bf[Completed normally],
	uri=ws://localhost:57548/devtools/browser/a5b6f451-af86-465e-85b6-901ab57b4d9c,
	keepAlive=true,
	redirectCount=0,
	timeoutsHolder=null,
	inAuth=0,
	touch=1660625301070}
[DEBUG] Closing Channel [id: 0xc0610c61, L:/127.0.0.1:57555 ! R:localhost/127.0.0.1:57548] 
[DEBUG] 

Request DefaultFullHttpRequest(decodeResult: success, version: HTTP/1.1, content: EmptyByteBufBE)
DELETE /session/31fa4a92569ed2eedf23e99d51250093 HTTP/1.1
User-Agent: selenium/4.2.1 (java windows)
Content-Type: application/json; charset=utf-8
host: localhost:50088
accept: */*

Response DefaultHttpResponse(decodeResult: success, version: HTTP/1.1)
HTTP/1.1 200 OK
Content-Type: application/json; charset=utf-8
cache-control: no-cache
content-length: 14

[DEBUG] Adding key: http://localhost:50088 for channel [id: 0x83d1247d, L:/127.0.0.1:57547 - R:localhost/127.0.0.1:50088]
[DEBUG] Channel Closed: [id: 0x83d1247d, L:/127.0.0.1:57547 ! R:localhost/127.0.0.1:50088] with attribute DISCARD
[DEBUG] Entry count for : http://localhost:50088 : 1
[DEBUG] Entry count for : http://localhost:57548 : 1
[DEBUG] Adding Candidate expired Channel [id: 0x83d1247d, L:/127.0.0.1:57547 ! R:localhost/127.0.0.1:50088] isIdleTimeoutExpired=false isRemotelyClosed=true isTtlExpired=false
[DEBUG] Closing Idle Channel [id: 0x83d1247d, L:/127.0.0.1:57547 ! R:localhost/127.0.0.1:50088]
[DEBUG] Adding Candidate expired Channel [id: 0xa429cbff, L:/127.0.0.1:57554 ! R:localhost/127.0.0.1:57548] isIdleTimeoutExpired=false isRemotelyClosed=true isTtlExpired=false
[DEBUG] Closing Idle Channel [id: 0xa429cbff, L:/127.0.0.1:57554 ! R:localhost/127.0.0.1:57548]
[DEBUG] Closed 2 connections out of 2 in 0 ms
]]></system-out>
    <system-err><![CDATA[Starting ChromeDriver 104.0.5112.79 (3cf3e8c8a07d104b9e1260c910efb8f383285dc5-refs/branch-heads/5112@{#1307}) on port 50088
Only local connections are allowed.
Please see https://chromedriver.chromium.org/security-considerations for suggestions on keeping ChromeDriver safe.
ChromeDriver was started successfully.
Aug 16, 2022 10:18:07 AM org.openqa.selenium.remote.ProtocolHandshake createSession
INFO: Detected upstream dialect: W3C
Aug 16, 2022 10:18:07 AM org.openqa.selenium.devtools.CdpVersionFinder findNearestMatch
WARNING: Unable to find an exact match for CDP version 104, so returning the closest version found: 102
Aug 16, 2022 10:18:07 AM org.openqa.selenium.devtools.CdpVersionFinder findNearestMatch
INFO: Found CDP implementation for version 104 of 102
java.io.IOException: Cannot create directory 'C:\Users\prach\Desktop\CodeStudio\CucumberFramework\Screenshot'.
	at org.apache.commons.io.FileUtils.mkdirs(FileUtils.java:2200)
	at org.apache.commons.io.FileUtils.createParentDirectories(FileUtils.java:1113)
	at org.apache.commons.io.FileUtils.copyFile(FileUtils.java:843)
	at org.apache.commons.io.FileUtils.copyFile(FileUtils.java:756)
	at StepDefinition.StepDef.teardown(StepDef.java:365)
	at sun.reflect.NativeMethodAccessorImpl.invoke0(Native Method)
	at sun.reflect.NativeMethodAccessorImpl.invoke(Unknown Source)
	at sun.reflect.DelegatingMethodAccessorImpl.invoke(Unknown Source)
	at java.lang.reflect.Method.invoke(Unknown Source)
	at io.cucumber.java.Invoker.doInvoke(Invoker.java:66)
	at io.cucumber.java.Invoker.invoke(Invoker.java:24)
	at io.cucumber.java.AbstractGlueDefinition.invokeMethod(AbstractGlueDefinition.java:47)
	at io.cucumber.java.JavaHookDefinition.execute(JavaHookDefinition.java:64)
	at io.cucumber.core.runner.CoreHookDefinition.execute(CoreHookDefinition.java:46)
	at io.cucumber.core.runner.HookDefinitionMatch.runStep(HookDefinitionMatch.java:21)
	at io.cucumber.core.runner.ExecutionMode$1.execute(ExecutionMode.java:10)
	at io.cucumber.core.runner.TestStep.executeStep(TestStep.java:85)
	at io.cucumber.core.runner.TestStep.run(TestStep.java:57)
	at io.cucumber.core.runner.TestCase.run(TestCase.java:90)
	at io.cucumber.core.runner.Runner.runPickle(Runner.java:75)
	at io.cucumber.testng.TestNGCucumberRunner.lambda$runScenario$1(TestNGCucumberRunner.java:132)
	at io.cucumber.core.runtime.CucumberExecutionContext.lambda$runTestCase$5(CucumberExecutionContext.java:129)
	at io.cucumber.core.runtime.RethrowingThrowableCollector.executeAndThrow(RethrowingThrowableCollector.java:23)
	at io.cucumber.core.runtime.CucumberExecutionContext.runTestCase(CucumberExecutionContext.java:129)
	at io.cucumber.testng.TestNGCucumberRunner.runScenario(TestNGCucumberRunner.java:129)
	at io.cucumber.testng.AbstractTestNGCucumberTests.runScenario(AbstractTestNGCucumberTests.java:35)
	at sun.reflect.NativeMethodAccessorImpl.invoke0(Native Method)
	at sun.reflect.NativeMethodAccessorImpl.invoke(Unknown Source)
	at sun.reflect.DelegatingMethodAccessorImpl.invoke(Unknown Source)
	at java.lang.reflect.Method.invoke(Unknown Source)
	at org.testng.internal.MethodInvocationHelper.invokeMethod(MethodInvocationHelper.java:133)
	at org.testng.internal.TestInvoker.invokeMethod(TestInvoker.java:598)
	at org.testng.internal.TestInvoker.invokeTestMethod(TestInvoker.java:173)
	at org.testng.internal.MethodRunner.runInSequence(MethodRunner.java:46)
	at org.testng.internal.TestInvoker$MethodInvocationAgent.invoke(TestInvoker.java:824)
	at org.testng.internal.TestInvoker.invokeTestMethods(TestInvoker.java:146)
	at org.testng.internal.TestMethodWorker.invokeTestMethods(TestMethodWorker.java:146)
	at org.testng.internal.TestMethodWorker.run(TestMethodWorker.java:128)
	at java.util.concurrent.ThreadPoolExecutor.runWorker(Unknown Source)
	at java.util.concurrent.ThreadPoolExecutor$Worker.run(Unknown Source)
	at java.lang.Thread.run(Unknown Source)
]]></system-err>
  </testcase>
  <testcase name="runScenario[&quot;Successful Login with Valid Credentials&quot;, &quot;Login&quot;](7)" classname="TestRunner.Run" time="13.774">
    <failure message="element click intercepted: Element &lt;a class=&quot;nav-link&quot; href=&quot;/logout&quot;&gt;...&lt;/a&gt; is not clickable at point (1416, 28). Other element would receive the click: &lt;div id=&quot;ajaxBusy&quot; style=&quot;display: block;&quot;&gt;...&lt;/div&gt;&#10;  (Session info: chrome=104.0.5112.81)&#10;Build info: version: &apos;4.2.1&apos;, revision: &apos;ac4d0fdd4a&apos;&#10;System info: host: &apos;DESKTOP-CEPH6CU&apos;, ip: &apos;192.168.84.1&apos;, os.name: &apos;Windows 10&apos;, os.arch: &apos;x86&apos;, os.version: &apos;10.0&apos;, java.version: &apos;1.8.0_341&apos;&#10;Driver info: org.openqa.selenium.chrome.ChromeDriver&#10;Command: [b72432d5b6dfb1424e0af508600e4965, clickElement {id=1a8e34a3-b583-4c73-b5f7-083ff11d77e7}]&#10;Capabilities {acceptInsecureCerts: false, browserName: chrome, browserVersion: 104.0.5112.81, chrome: {chromedriverVersion: 104.0.5112.79 (3cf3e8c8a07d..., userDataDir: C:\Users\suman\AppData\Loca...}, goog:chromeOptions: {debuggerAddress: localhost:57676}, networkConnectionEnabled: false, pageLoadStrategy: normal, platformName: WINDOWS, proxy: Proxy(), se:cdp: ws://localhost:57676/devtoo..., se:cdpVersion: 104.0.5112.81, setWindowRect: true, strictFileInteractability: false, timeouts: {implicit: 0, pageLoad: 300000, script: 30000}, unhandledPromptBehavior: dismiss and notify, webauthn:extension:credBlob: true, webauthn:extension:largeBlob: true, webauthn:virtualAuthenticators: true}&#10;Element: [[ChromeDriver: chrome on WINDOWS (b72432d5b6dfb1424e0af508600e4965)] -&gt; link text: Logout]&#10;Session ID: b72432d5b6dfb1424e0af508600e4965" type="org.openqa.selenium.ElementClickInterceptedException"><![CDATA[org.openqa.selenium.ElementClickInterceptedException: 
element click intercepted: Element <a class="nav-link" href="/logout">...</a> is not clickable at point (1416, 28). Other element would receive the click: <div id="ajaxBusy" style="display: block;">...</div>
  (Session info: chrome=104.0.5112.81)
Build info: version: '4.2.1', revision: 'ac4d0fdd4a'
System info: host: 'DESKTOP-CEPH6CU', ip: '192.168.84.1', os.name: 'Windows 10', os.arch: 'x86', os.version: '10.0', java.version: '1.8.0_341'
Driver info: org.openqa.selenium.chrome.ChromeDriver
Command: [b72432d5b6dfb1424e0af508600e4965, clickElement {id=1a8e34a3-b583-4c73-b5f7-083ff11d77e7}]
Capabilities {acceptInsecureCerts: false, browserName: chrome, browserVersion: 104.0.5112.81, chrome: {chromedriverVersion: 104.0.5112.79 (3cf3e8c8a07d..., userDataDir: C:\Users\suman\AppData\Loca...}, goog:chromeOptions: {debuggerAddress: localhost:57676}, networkConnectionEnabled: false, pageLoadStrategy: normal, platformName: WINDOWS, proxy: Proxy(), se:cdp: ws://localhost:57676/devtoo..., se:cdpVersion: 104.0.5112.81, setWindowRect: true, strictFileInteractability: false, timeouts: {implicit: 0, pageLoad: 300000, script: 30000}, unhandledPromptBehavior: dismiss and notify, webauthn:extension:credBlob: true, webauthn:extension:largeBlob: true, webauthn:virtualAuthenticators: true}
Element: [[ChromeDriver: chrome on WINDOWS (b72432d5b6dfb1424e0af508600e4965)] -> link text: Logout]
Session ID: b72432d5b6dfb1424e0af508600e4965
	at sun.reflect.NativeConstructorAccessorImpl.newInstance0(Native Method)
	at sun.reflect.NativeConstructorAccessorImpl.newInstance(Unknown Source)
	at sun.reflect.DelegatingConstructorAccessorImpl.newInstance(Unknown Source)
	at java.lang.reflect.Constructor.newInstance(Unknown Source)
	at org.openqa.selenium.remote.codec.w3c.W3CHttpResponseCodec.createException(W3CHttpResponseCodec.java:200)
	at org.openqa.selenium.remote.codec.w3c.W3CHttpResponseCodec.decode(W3CHttpResponseCodec.java:133)
	at org.openqa.selenium.remote.codec.w3c.W3CHttpResponseCodec.decode(W3CHttpResponseCodec.java:53)
	at org.openqa.selenium.remote.HttpCommandExecutor.execute(HttpCommandExecutor.java:184)
	at org.openqa.selenium.remote.service.DriverCommandExecutor.invokeExecute(DriverCommandExecutor.java:167)
	at org.openqa.selenium.remote.service.DriverCommandExecutor.execute(DriverCommandExecutor.java:142)
	at org.openqa.selenium.remote.RemoteWebDriver.execute(RemoteWebDriver.java:551)
	at org.openqa.selenium.remote.RemoteWebElement.execute(RemoteWebElement.java:257)
	at org.openqa.selenium.remote.RemoteWebElement.click(RemoteWebElement.java:78)
	at sun.reflect.GeneratedMethodAccessor56.invoke(Unknown Source)
	at sun.reflect.DelegatingMethodAccessorImpl.invoke(Unknown Source)
	at java.lang.reflect.Method.invoke(Unknown Source)
	at org.openqa.selenium.support.pagefactory.internal.LocatingElementHandler.invoke(LocatingElementHandler.java:52)
	at com.sun.proxy.$Proxy39.click(Unknown Source)
	at PageObject.LoginPage.clickOnLogOutButton(LoginPage.java:52)
	at StepDefinition.StepDef.user_click_on_log_out_link(StepDef.java:142)
	at ✽.User click on Log out link(file:///C:/Users/suman/eclipse-workspace/SBDD_cucumber/./Features/LoginFeature.feature:10)
]]></failure>
    <system-out><![CDATA[Setup-Sanity method executed..
[DEBUG] Resolution chrome=104 in cache (valid until 11:15:59 16/08/2022 IST)
[DEBUG] Resolution chrome104=104.0.5112.79 in cache (valid until 13:28:12 16/08/2022 IST)
[INFO] Using chromedriver 104.0.5112.79 (resolved driver for Chrome 104)
[DEBUG] Driver chromedriver 104.0.5112.79 found in cache
[INFO] Exporting webdriver.chrome.driver as C:\Users\suman\.cache\selenium\chromedriver\win32\104.0.5112.79\chromedriver.exe
[DEBUG] Using new Channel '[id: 0xcb9acbb9, L:/127.0.0.1:57675 - R:localhost/127.0.0.1:56761]' for 'POST' to '/session'
[DEBUG] 

Request DefaultHttpRequest(decodeResult: success, version: HTTP/1.1)
POST /session HTTP/1.1
User-Agent: selenium/4.2.1 (java windows)
Content-Length: 365
Content-Type: application/json; charset=utf-8
host: localhost:56761
accept: */*

Response DefaultHttpResponse(decodeResult: success, version: HTTP/1.1)
HTTP/1.1 200 OK
Content-Type: application/json; charset=utf-8
cache-control: no-cache
content-length: 791

[DEBUG] Adding key: http://localhost:56761 for channel [id: 0xcb9acbb9, L:/127.0.0.1:57675 - R:localhost/127.0.0.1:56761]
[DEBUG] Using new Channel '[id: 0x6bb555b9, L:/127.0.0.1:57689 - R:localhost/127.0.0.1:57676]' for 'GET' to '/json/version'
[DEBUG] 

Request DefaultFullHttpRequest(decodeResult: success, version: HTTP/1.1, content: EmptyByteBufBE)
GET /json/version HTTP/1.1
User-Agent: selenium/4.2.1 (java windows)
host: localhost:57676
accept: */*

Response DefaultHttpResponse(decodeResult: success, version: HTTP/1.1)
HTTP/1.1 200 OK
Content-Type: application/json; charset=UTF-8
content-length: 427

[DEBUG] Adding key: http://localhost:57676 for channel [id: 0x6bb555b9, L:/127.0.0.1:57689 - R:localhost/127.0.0.1:57676]
[DEBUG] Using new Channel '[id: 0xe605ca4c, L:/127.0.0.1:57690 - R:localhost/127.0.0.1:57676]' for 'GET' to '/devtools/browser/32fb0c15-8170-472d-89da-95d75a5b49c9'
[DEBUG] 

Request DefaultFullHttpRequest(decodeResult: success, version: HTTP/1.1, content: EmptyByteBufBE)
GET /devtools/browser/32fb0c15-8170-472d-89da-95d75a5b49c9 HTTP/1.1
upgrade: websocket
connection: upgrade
sec-websocket-key: 46dLngxifUtZ8G0cv27G9Q==
sec-websocket-version: 13
origin: http://localhost:57676
host: localhost:57676
accept: */*
user-agent: AHC/2.1

Response DefaultHttpResponse(decodeResult: success, version: HTTP/1.1)
HTTP/1.1 101 WebSocket Protocol Handshake
Upgrade: WebSocket
Connection: Upgrade
Sec-WebSocket-Accept: FPUa3tGkw1wrxC4SjmyQAaLxp0E=

[DEBUG] Using pooled Channel '[id: 0xcb9acbb9, L:/127.0.0.1:57675 - R:localhost/127.0.0.1:56761]' for 'POST' to 'http://localhost:56761/session/b72432d5b6dfb1424e0af508600e4965/window/maximize'
[DEBUG] Using open Channel [id: 0xcb9acbb9, L:/127.0.0.1:57675 - R:localhost/127.0.0.1:56761] for POST '/session/b72432d5b6dfb1424e0af508600e4965/window/maximize'
[DEBUG] 

Request DefaultHttpRequest(decodeResult: success, version: HTTP/1.1)
POST /session/b72432d5b6dfb1424e0af508600e4965/window/maximize HTTP/1.1
User-Agent: selenium/4.2.1 (java windows)
Content-Length: 3
Content-Type: application/json; charset=utf-8
host: localhost:56761
accept: */*

Response DefaultHttpResponse(decodeResult: success, version: HTTP/1.1)
HTTP/1.1 200 OK
Content-Type: application/json; charset=utf-8
cache-control: no-cache
content-length: 51

[DEBUG] Adding key: http://localhost:56761 for channel [id: 0xcb9acbb9, L:/127.0.0.1:57675 - R:localhost/127.0.0.1:56761]
[FATAL] 2022-08-16 10:18:23.230 [TestNG-test=Surefire test-1] StepDef - Setup1 executed...
[INFO ] 2022-08-16 10:18:23.232 [TestNG-test=Surefire test-1] StepDef - chrome browser launched
[DEBUG] Using pooled Channel '[id: 0xcb9acbb9, L:/127.0.0.1:57675 - R:localhost/127.0.0.1:56761]' for 'POST' to 'http://localhost:56761/session/b72432d5b6dfb1424e0af508600e4965/url'
[DEBUG] Using open Channel [id: 0xcb9acbb9, L:/127.0.0.1:57675 - R:localhost/127.0.0.1:56761] for POST '/session/b72432d5b6dfb1424e0af508600e4965/url'
[DEBUG] Entry count for : http://localhost:57676 : 1
[DEBUG] Entry count for : http://localhost:57676 : 1
[DEBUG] Entry count for : http://localhost:57676 : 1
[DEBUG] Entry count for : http://localhost:57676 : 1
[DEBUG] Entry count for : http://localhost:57676 : 1
[DEBUG] 

Request DefaultHttpRequest(decodeResult: success, version: HTTP/1.1)
POST /session/b72432d5b6dfb1424e0af508600e4965/url HTTP/1.1
User-Agent: selenium/4.2.1 (java windows)
Content-Length: 69
Content-Type: application/json; charset=utf-8
host: localhost:56761
accept: */*

Response DefaultHttpResponse(decodeResult: success, version: HTTP/1.1)
HTTP/1.1 200 OK
Content-Type: application/json; charset=utf-8
cache-control: no-cache
content-length: 14

[DEBUG] Adding key: http://localhost:56761 for channel [id: 0xcb9acbb9, L:/127.0.0.1:57675 - R:localhost/127.0.0.1:56761]
[INFO ] 2022-08-16 10:18:28.587 [TestNG-test=Surefire test-1] StepDef - url opened
[DEBUG] Using pooled Channel '[id: 0xcb9acbb9, L:/127.0.0.1:57675 - R:localhost/127.0.0.1:56761]' for 'POST' to 'http://localhost:56761/session/b72432d5b6dfb1424e0af508600e4965/element'
[DEBUG] Using open Channel [id: 0xcb9acbb9, L:/127.0.0.1:57675 - R:localhost/127.0.0.1:56761] for POST '/session/b72432d5b6dfb1424e0af508600e4965/element'
[DEBUG] 

Request DefaultHttpRequest(decodeResult: success, version: HTTP/1.1)
POST /session/b72432d5b6dfb1424e0af508600e4965/element HTTP/1.1
User-Agent: selenium/4.2.1 (java windows)
Content-Length: 50
Content-Type: application/json; charset=utf-8
host: localhost:56761
accept: */*

Response DefaultHttpResponse(decodeResult: success, version: HTTP/1.1)
HTTP/1.1 200 OK
Content-Type: application/json; charset=utf-8
cache-control: no-cache
content-length: 88

[DEBUG] Adding key: http://localhost:56761 for channel [id: 0xcb9acbb9, L:/127.0.0.1:57675 - R:localhost/127.0.0.1:56761]
[DEBUG] Using pooled Channel '[id: 0xcb9acbb9, L:/127.0.0.1:57675 - R:localhost/127.0.0.1:56761]' for 'POST' to 'http://localhost:56761/session/b72432d5b6dfb1424e0af508600e4965/element/557422d5-a00c-4727-a3d1-452aa518f220/clear'
[DEBUG] Using open Channel [id: 0xcb9acbb9, L:/127.0.0.1:57675 - R:localhost/127.0.0.1:56761] for POST '/session/b72432d5b6dfb1424e0af508600e4965/element/557422d5-a00c-4727-a3d1-452aa518f220/clear'
[DEBUG] 

Request DefaultHttpRequest(decodeResult: success, version: HTTP/1.1)
POST /session/b72432d5b6dfb1424e0af508600e4965/element/557422d5-a00c-4727-a3d1-452aa518f220/clear HTTP/1.1
User-Agent: selenium/4.2.1 (java windows)
Content-Length: 50
Content-Type: application/json; charset=utf-8
host: localhost:56761
accept: */*

Response DefaultHttpResponse(decodeResult: success, version: HTTP/1.1)
HTTP/1.1 200 OK
Content-Type: application/json; charset=utf-8
cache-control: no-cache
content-length: 14

[DEBUG] Adding key: http://localhost:56761 for channel [id: 0xcb9acbb9, L:/127.0.0.1:57675 - R:localhost/127.0.0.1:56761]
[DEBUG] Using pooled Channel '[id: 0xcb9acbb9, L:/127.0.0.1:57675 - R:localhost/127.0.0.1:56761]' for 'POST' to 'http://localhost:56761/session/b72432d5b6dfb1424e0af508600e4965/element'
[DEBUG] Using open Channel [id: 0xcb9acbb9, L:/127.0.0.1:57675 - R:localhost/127.0.0.1:56761] for POST '/session/b72432d5b6dfb1424e0af508600e4965/element'
[DEBUG] 

Request DefaultHttpRequest(decodeResult: success, version: HTTP/1.1)
POST /session/b72432d5b6dfb1424e0af508600e4965/element HTTP/1.1
User-Agent: selenium/4.2.1 (java windows)
Content-Length: 50
Content-Type: application/json; charset=utf-8
host: localhost:56761
accept: */*

Response DefaultHttpResponse(decodeResult: success, version: HTTP/1.1)
HTTP/1.1 200 OK
Content-Type: application/json; charset=utf-8
cache-control: no-cache
content-length: 88

[DEBUG] Adding key: http://localhost:56761 for channel [id: 0xcb9acbb9, L:/127.0.0.1:57675 - R:localhost/127.0.0.1:56761]
[DEBUG] Using pooled Channel '[id: 0xcb9acbb9, L:/127.0.0.1:57675 - R:localhost/127.0.0.1:56761]' for 'POST' to 'http://localhost:56761/session/b72432d5b6dfb1424e0af508600e4965/element/557422d5-a00c-4727-a3d1-452aa518f220/value'
[DEBUG] Using open Channel [id: 0xcb9acbb9, L:/127.0.0.1:57675 - R:localhost/127.0.0.1:56761] for POST '/session/b72432d5b6dfb1424e0af508600e4965/element/557422d5-a00c-4727-a3d1-452aa518f220/value'
[DEBUG] 

Request DefaultHttpRequest(decodeResult: success, version: HTTP/1.1)
POST /session/b72432d5b6dfb1424e0af508600e4965/element/557422d5-a00c-4727-a3d1-452aa518f220/value HTTP/1.1
User-Agent: selenium/4.2.1 (java windows)
Content-Length: 271
Content-Type: application/json; charset=utf-8
host: localhost:56761
accept: */*

Response DefaultHttpResponse(decodeResult: success, version: HTTP/1.1)
HTTP/1.1 200 OK
Content-Type: application/json; charset=utf-8
cache-control: no-cache
content-length: 14

[DEBUG] Adding key: http://localhost:56761 for channel [id: 0xcb9acbb9, L:/127.0.0.1:57675 - R:localhost/127.0.0.1:56761]
[DEBUG] Using pooled Channel '[id: 0xcb9acbb9, L:/127.0.0.1:57675 - R:localhost/127.0.0.1:56761]' for 'POST' to 'http://localhost:56761/session/b72432d5b6dfb1424e0af508600e4965/element'
[DEBUG] Using open Channel [id: 0xcb9acbb9, L:/127.0.0.1:57675 - R:localhost/127.0.0.1:56761] for POST '/session/b72432d5b6dfb1424e0af508600e4965/element'
[DEBUG] 

Request DefaultHttpRequest(decodeResult: success, version: HTTP/1.1)
POST /session/b72432d5b6dfb1424e0af508600e4965/element HTTP/1.1
User-Agent: selenium/4.2.1 (java windows)
Content-Length: 53
Content-Type: application/json; charset=utf-8
host: localhost:56761
accept: */*

Response DefaultHttpResponse(decodeResult: success, version: HTTP/1.1)
HTTP/1.1 200 OK
Content-Type: application/json; charset=utf-8
cache-control: no-cache
content-length: 88

[DEBUG] Adding key: http://localhost:56761 for channel [id: 0xcb9acbb9, L:/127.0.0.1:57675 - R:localhost/127.0.0.1:56761]
[DEBUG] Using pooled Channel '[id: 0xcb9acbb9, L:/127.0.0.1:57675 - R:localhost/127.0.0.1:56761]' for 'POST' to 'http://localhost:56761/session/b72432d5b6dfb1424e0af508600e4965/element/d97f62e8-b265-4e20-a3eb-68638e2fe04b/clear'
[DEBUG] Using open Channel [id: 0xcb9acbb9, L:/127.0.0.1:57675 - R:localhost/127.0.0.1:56761] for POST '/session/b72432d5b6dfb1424e0af508600e4965/element/d97f62e8-b265-4e20-a3eb-68638e2fe04b/clear'
[DEBUG] 

Request DefaultHttpRequest(decodeResult: success, version: HTTP/1.1)
POST /session/b72432d5b6dfb1424e0af508600e4965/element/d97f62e8-b265-4e20-a3eb-68638e2fe04b/clear HTTP/1.1
User-Agent: selenium/4.2.1 (java windows)
Content-Length: 50
Content-Type: application/json; charset=utf-8
host: localhost:56761
accept: */*

Response DefaultHttpResponse(decodeResult: success, version: HTTP/1.1)
HTTP/1.1 200 OK
Content-Type: application/json; charset=utf-8
cache-control: no-cache
content-length: 14

[DEBUG] Adding key: http://localhost:56761 for channel [id: 0xcb9acbb9, L:/127.0.0.1:57675 - R:localhost/127.0.0.1:56761]
[DEBUG] Using pooled Channel '[id: 0xcb9acbb9, L:/127.0.0.1:57675 - R:localhost/127.0.0.1:56761]' for 'POST' to 'http://localhost:56761/session/b72432d5b6dfb1424e0af508600e4965/element'
[DEBUG] Using open Channel [id: 0xcb9acbb9, L:/127.0.0.1:57675 - R:localhost/127.0.0.1:56761] for POST '/session/b72432d5b6dfb1424e0af508600e4965/element'
[DEBUG] 

Request DefaultHttpRequest(decodeResult: success, version: HTTP/1.1)
POST /session/b72432d5b6dfb1424e0af508600e4965/element HTTP/1.1
User-Agent: selenium/4.2.1 (java windows)
Content-Length: 53
Content-Type: application/json; charset=utf-8
host: localhost:56761
accept: */*

Response DefaultHttpResponse(decodeResult: success, version: HTTP/1.1)
HTTP/1.1 200 OK
Content-Type: application/json; charset=utf-8
cache-control: no-cache
content-length: 88

[DEBUG] Adding key: http://localhost:56761 for channel [id: 0xcb9acbb9, L:/127.0.0.1:57675 - R:localhost/127.0.0.1:56761]
[DEBUG] Using pooled Channel '[id: 0xcb9acbb9, L:/127.0.0.1:57675 - R:localhost/127.0.0.1:56761]' for 'POST' to 'http://localhost:56761/session/b72432d5b6dfb1424e0af508600e4965/element/d97f62e8-b265-4e20-a3eb-68638e2fe04b/value'
[DEBUG] Using open Channel [id: 0xcb9acbb9, L:/127.0.0.1:57675 - R:localhost/127.0.0.1:56761] for POST '/session/b72432d5b6dfb1424e0af508600e4965/element/d97f62e8-b265-4e20-a3eb-68638e2fe04b/value'
[DEBUG] 

Request DefaultHttpRequest(decodeResult: success, version: HTTP/1.1)
POST /session/b72432d5b6dfb1424e0af508600e4965/element/d97f62e8-b265-4e20-a3eb-68638e2fe04b/value HTTP/1.1
User-Agent: selenium/4.2.1 (java windows)
Content-Length: 131
Content-Type: application/json; charset=utf-8
host: localhost:56761
accept: */*

Response DefaultHttpResponse(decodeResult: success, version: HTTP/1.1)
HTTP/1.1 200 OK
Content-Type: application/json; charset=utf-8
cache-control: no-cache
content-length: 14

[DEBUG] Adding key: http://localhost:56761 for channel [id: 0xcb9acbb9, L:/127.0.0.1:57675 - R:localhost/127.0.0.1:56761]
[INFO ] 2022-08-16 10:18:28.873 [TestNG-test=Surefire test-1] StepDef - email address and password entered
[DEBUG] Using pooled Channel '[id: 0xcb9acbb9, L:/127.0.0.1:57675 - R:localhost/127.0.0.1:56761]' for 'POST' to 'http://localhost:56761/session/b72432d5b6dfb1424e0af508600e4965/element'
[DEBUG] Using open Channel [id: 0xcb9acbb9, L:/127.0.0.1:57675 - R:localhost/127.0.0.1:56761] for POST '/session/b72432d5b6dfb1424e0af508600e4965/element'
[DEBUG] 

Request DefaultHttpRequest(decodeResult: success, version: HTTP/1.1)
POST /session/b72432d5b6dfb1424e0af508600e4965/element HTTP/1.1
User-Agent: selenium/4.2.1 (java windows)
Content-Length: 87
Content-Type: application/json; charset=utf-8
host: localhost:56761
accept: */*

Response DefaultHttpResponse(decodeResult: success, version: HTTP/1.1)
HTTP/1.1 200 OK
Content-Type: application/json; charset=utf-8
cache-control: no-cache
content-length: 88

[DEBUG] Adding key: http://localhost:56761 for channel [id: 0xcb9acbb9, L:/127.0.0.1:57675 - R:localhost/127.0.0.1:56761]
[DEBUG] Using pooled Channel '[id: 0xcb9acbb9, L:/127.0.0.1:57675 - R:localhost/127.0.0.1:56761]' for 'POST' to 'http://localhost:56761/session/b72432d5b6dfb1424e0af508600e4965/element/0fbb4ae0-cebc-4764-8ddf-ba1f25b390d9/click'
[DEBUG] Using open Channel [id: 0xcb9acbb9, L:/127.0.0.1:57675 - R:localhost/127.0.0.1:56761] for POST '/session/b72432d5b6dfb1424e0af508600e4965/element/0fbb4ae0-cebc-4764-8ddf-ba1f25b390d9/click'
[DEBUG] Entry count for : http://localhost:57676 : 1
[DEBUG] Entry count for : http://localhost:57676 : 1
[DEBUG] Entry count for : http://localhost:57676 : 1
[DEBUG] Entry count for : http://localhost:57676 : 1
[DEBUG] 

Request DefaultHttpRequest(decodeResult: success, version: HTTP/1.1)
POST /session/b72432d5b6dfb1424e0af508600e4965/element/0fbb4ae0-cebc-4764-8ddf-ba1f25b390d9/click HTTP/1.1
User-Agent: selenium/4.2.1 (java windows)
Content-Length: 50
Content-Type: application/json; charset=utf-8
host: localhost:56761
accept: */*

Response DefaultHttpResponse(decodeResult: success, version: HTTP/1.1)
HTTP/1.1 200 OK
Content-Type: application/json; charset=utf-8
cache-control: no-cache
content-length: 14

[DEBUG] Adding key: http://localhost:56761 for channel [id: 0xcb9acbb9, L:/127.0.0.1:57675 - R:localhost/127.0.0.1:56761]
[INFO ] 2022-08-16 10:18:33.383 [TestNG-test=Surefire test-1] StepDef - Clicked on login button
[DEBUG] Using pooled Channel '[id: 0xcb9acbb9, L:/127.0.0.1:57675 - R:localhost/127.0.0.1:56761]' for 'GET' to 'http://localhost:56761/session/b72432d5b6dfb1424e0af508600e4965/title'
[DEBUG] Using open Channel [id: 0xcb9acbb9, L:/127.0.0.1:57675 - R:localhost/127.0.0.1:56761] for GET '/session/b72432d5b6dfb1424e0af508600e4965/title'
[DEBUG] 

Request DefaultFullHttpRequest(decodeResult: success, version: HTTP/1.1, content: EmptyByteBufBE)
GET /session/b72432d5b6dfb1424e0af508600e4965/title HTTP/1.1
User-Agent: selenium/4.2.1 (java windows)
Cache-Control: no-cache
Content-Type: application/json; charset=utf-8
host: localhost:56761
accept: */*

Response DefaultHttpResponse(decodeResult: success, version: HTTP/1.1)
HTTP/1.1 200 OK
Content-Type: application/json; charset=utf-8
cache-control: no-cache
content-length: 50

[DEBUG] Adding key: http://localhost:56761 for channel [id: 0xcb9acbb9, L:/127.0.0.1:57675 - R:localhost/127.0.0.1:56761]
[WARN ] 2022-08-16 10:18:33.396 [TestNG-test=Surefire test-1] StepDef - Test passed: Login feature :Page title matched.
[DEBUG] Using pooled Channel '[id: 0xcb9acbb9, L:/127.0.0.1:57675 - R:localhost/127.0.0.1:56761]' for 'POST' to 'http://localhost:56761/session/b72432d5b6dfb1424e0af508600e4965/element'
[DEBUG] Using open Channel [id: 0xcb9acbb9, L:/127.0.0.1:57675 - R:localhost/127.0.0.1:56761] for POST '/session/b72432d5b6dfb1424e0af508600e4965/element'
[DEBUG] 

Request DefaultHttpRequest(decodeResult: success, version: HTTP/1.1)
POST /session/b72432d5b6dfb1424e0af508600e4965/element HTTP/1.1
User-Agent: selenium/4.2.1 (java windows)
Content-Length: 47
Content-Type: application/json; charset=utf-8
host: localhost:56761
accept: */*

Response DefaultHttpResponse(decodeResult: success, version: HTTP/1.1)
HTTP/1.1 200 OK
Content-Type: application/json; charset=utf-8
cache-control: no-cache
content-length: 88

[DEBUG] Adding key: http://localhost:56761 for channel [id: 0xcb9acbb9, L:/127.0.0.1:57675 - R:localhost/127.0.0.1:56761]
[DEBUG] Using pooled Channel '[id: 0xcb9acbb9, L:/127.0.0.1:57675 - R:localhost/127.0.0.1:56761]' for 'POST' to 'http://localhost:56761/session/b72432d5b6dfb1424e0af508600e4965/element/1a8e34a3-b583-4c73-b5f7-083ff11d77e7/click'
[DEBUG] Using open Channel [id: 0xcb9acbb9, L:/127.0.0.1:57675 - R:localhost/127.0.0.1:56761] for POST '/session/b72432d5b6dfb1424e0af508600e4965/element/1a8e34a3-b583-4c73-b5f7-083ff11d77e7/click'
[DEBUG] Entry count for : http://localhost:57676 : 1
[DEBUG] 

Request DefaultHttpRequest(decodeResult: success, version: HTTP/1.1)
POST /session/b72432d5b6dfb1424e0af508600e4965/element/1a8e34a3-b583-4c73-b5f7-083ff11d77e7/click HTTP/1.1
User-Agent: selenium/4.2.1 (java windows)
Content-Length: 50
Content-Type: application/json; charset=utf-8
host: localhost:56761
accept: */*

Response DefaultHttpResponse(decodeResult: success, version: HTTP/1.1)
HTTP/1.1 400 Bad Request
Content-Type: application/json; charset=utf-8
cache-control: no-cache
content-length: 1297

[DEBUG] Adding key: http://localhost:56761 for channel [id: 0xcb9acbb9, L:/127.0.0.1:57675 - R:localhost/127.0.0.1:56761]
Tear Down method executed..
[DEBUG] Using pooled Channel '[id: 0xcb9acbb9, L:/127.0.0.1:57675 - R:localhost/127.0.0.1:56761]' for 'GET' to 'http://localhost:56761/session/b72432d5b6dfb1424e0af508600e4965/screenshot'
[DEBUG] Using open Channel [id: 0xcb9acbb9, L:/127.0.0.1:57675 - R:localhost/127.0.0.1:56761] for GET '/session/b72432d5b6dfb1424e0af508600e4965/screenshot'
[DEBUG] 

Request DefaultFullHttpRequest(decodeResult: success, version: HTTP/1.1, content: EmptyByteBufBE)
GET /session/b72432d5b6dfb1424e0af508600e4965/screenshot HTTP/1.1
User-Agent: selenium/4.2.1 (java windows)
Cache-Control: no-cache
Content-Type: application/json; charset=utf-8
host: localhost:56761
accept: */*

Response DefaultHttpResponse(decodeResult: success, version: HTTP/1.1)
HTTP/1.1 200 OK
Content-Type: application/json; charset=utf-8
cache-control: no-cache
content-length: 212280

[DEBUG] Adding key: http://localhost:56761 for channel [id: 0xcb9acbb9, L:/127.0.0.1:57675 - R:localhost/127.0.0.1:56761]
[DEBUG] Channel Closed: [id: 0xe605ca4c, L:/127.0.0.1:57690 ! R:localhost/127.0.0.1:57676] with attribute NettyResponseFuture{currentRetry=0,
	isDone=1,
	isCancelled=0,
	asyncHandler=org.asynchttpclient.ws.WebSocketUpgradeHandler@ae1aa9,
	nettyRequest=org.asynchttpclient.netty.request.NettyRequest@12a9017,
	future=java.util.concurrent.CompletableFuture@a1a991[Completed normally],
	uri=ws://localhost:57676/devtools/browser/32fb0c15-8170-472d-89da-95d75a5b49c9,
	keepAlive=true,
	redirectCount=0,
	timeoutsHolder=null,
	inAuth=0,
	touch=1660625303081}
[DEBUG] Closing Channel [id: 0xe605ca4c, L:/127.0.0.1:57690 ! R:localhost/127.0.0.1:57676] 
[DEBUG] Using pooled Channel '[id: 0xcb9acbb9, L:/127.0.0.1:57675 - R:localhost/127.0.0.1:56761]' for 'DELETE' to 'http://localhost:56761/session/b72432d5b6dfb1424e0af508600e4965'
[DEBUG] Using open Channel [id: 0xcb9acbb9, L:/127.0.0.1:57675 - R:localhost/127.0.0.1:56761] for DELETE '/session/b72432d5b6dfb1424e0af508600e4965'
[DEBUG] Entry count for : http://localhost:57676 : 1
[DEBUG] Unexpected I/O exception on channel [id: 0x6bb555b9, L:/127.0.0.1:57689 - R:localhost/127.0.0.1:57676]
java.io.IOException: An existing connection was forcibly closed by the remote host
	at sun.nio.ch.SocketDispatcher.read0(Native Method) ~[na:1.8.0_341]
	at sun.nio.ch.SocketDispatcher.read(Unknown Source) ~[na:1.8.0_341]
	at sun.nio.ch.IOUtil.readIntoNativeBuffer(Unknown Source) ~[na:1.8.0_341]
	at sun.nio.ch.IOUtil.read(Unknown Source) ~[na:1.8.0_341]
	at sun.nio.ch.SocketChannelImpl.read(Unknown Source) ~[na:1.8.0_341]
	at io.netty.buffer.PooledByteBuf.setBytes(PooledByteBuf.java:258) ~[netty-buffer-4.1.77.Final.jar:4.1.77.Final]
	at io.netty.buffer.AbstractByteBuf.writeBytes(AbstractByteBuf.java:1132) ~[netty-buffer-4.1.77.Final.jar:4.1.77.Final]
	at io.netty.channel.socket.nio.NioSocketChannel.doReadBytes(NioSocketChannel.java:357) ~[netty-transport-4.1.77.Final.jar:4.1.77.Final]
	at io.netty.channel.nio.AbstractNioByteChannel$NioByteUnsafe.read(AbstractNioByteChannel.java:151) ~[netty-transport-4.1.77.Final.jar:4.1.77.Final]
	at io.netty.channel.nio.NioEventLoop.processSelectedKey(NioEventLoop.java:722) [netty-transport-4.1.77.Final.jar:4.1.77.Final]
	at io.netty.channel.nio.NioEventLoop.processSelectedKeysOptimized(NioEventLoop.java:658) [netty-transport-4.1.77.Final.jar:4.1.77.Final]
	at io.netty.channel.nio.NioEventLoop.processSelectedKeys(NioEventLoop.java:584) [netty-transport-4.1.77.Final.jar:4.1.77.Final]
	at io.netty.channel.nio.NioEventLoop.run(NioEventLoop.java:496) [netty-transport-4.1.77.Final.jar:4.1.77.Final]
	at io.netty.util.concurrent.SingleThreadEventExecutor$4.run(SingleThreadEventExecutor.java:995) [netty-common-4.1.77.Final.jar:4.1.77.Final]
	at io.netty.util.internal.ThreadExecutorMap$2.run(ThreadExecutorMap.java:74) [netty-common-4.1.77.Final.jar:4.1.77.Final]
	at io.netty.util.concurrent.FastThreadLocalRunnable.run(FastThreadLocalRunnable.java:30) [netty-common-4.1.77.Final.jar:4.1.77.Final]
	at java.lang.Thread.run(Unknown Source) [na:1.8.0_341]
[DEBUG] Closing Channel [id: 0x6bb555b9, L:/127.0.0.1:57689 - R:localhost/127.0.0.1:57676] 
[DEBUG] Channel Closed: [id: 0x6bb555b9, L:/127.0.0.1:57689 ! R:localhost/127.0.0.1:57676] with attribute DISCARD
[DEBUG] 

Request DefaultFullHttpRequest(decodeResult: success, version: HTTP/1.1, content: EmptyByteBufBE)
DELETE /session/b72432d5b6dfb1424e0af508600e4965 HTTP/1.1
User-Agent: selenium/4.2.1 (java windows)
Content-Type: application/json; charset=utf-8
host: localhost:56761
accept: */*

Response DefaultHttpResponse(decodeResult: success, version: HTTP/1.1)
HTTP/1.1 200 OK
Content-Type: application/json; charset=utf-8
cache-control: no-cache
content-length: 14

[DEBUG] Adding key: http://localhost:56761 for channel [id: 0xcb9acbb9, L:/127.0.0.1:57675 - R:localhost/127.0.0.1:56761]
[DEBUG] Channel Closed: [id: 0xcb9acbb9, L:/127.0.0.1:57675 ! R:localhost/127.0.0.1:56761] with attribute DISCARD
]]></system-out>
    <system-err><![CDATA[Starting ChromeDriver 104.0.5112.79 (3cf3e8c8a07d104b9e1260c910efb8f383285dc5-refs/branch-heads/5112@{#1307}) on port 56761
Only local connections are allowed.
Please see https://chromedriver.chromium.org/security-considerations for suggestions on keeping ChromeDriver safe.
ChromeDriver was started successfully.
Aug 16, 2022 10:18:23 AM org.openqa.selenium.remote.ProtocolHandshake createSession
INFO: Detected upstream dialect: W3C
Aug 16, 2022 10:18:23 AM org.openqa.selenium.devtools.CdpVersionFinder findNearestMatch
WARNING: Unable to find an exact match for CDP version 104, so returning the closest version found: 102
Aug 16, 2022 10:18:23 AM org.openqa.selenium.devtools.CdpVersionFinder findNearestMatch
INFO: Found CDP implementation for version 104 of 102
java.io.IOException: Cannot create directory 'C:\Users\prach\Desktop\CodeStudio\CucumberFramework\Screenshot'.
	at org.apache.commons.io.FileUtils.mkdirs(FileUtils.java:2200)
	at org.apache.commons.io.FileUtils.createParentDirectories(FileUtils.java:1113)
	at org.apache.commons.io.FileUtils.copyFile(FileUtils.java:843)
	at org.apache.commons.io.FileUtils.copyFile(FileUtils.java:756)
	at StepDefinition.StepDef.teardown(StepDef.java:365)
	at sun.reflect.NativeMethodAccessorImpl.invoke0(Native Method)
	at sun.reflect.NativeMethodAccessorImpl.invoke(Unknown Source)
	at sun.reflect.DelegatingMethodAccessorImpl.invoke(Unknown Source)
	at java.lang.reflect.Method.invoke(Unknown Source)
	at io.cucumber.java.Invoker.doInvoke(Invoker.java:66)
	at io.cucumber.java.Invoker.invoke(Invoker.java:24)
	at io.cucumber.java.AbstractGlueDefinition.invokeMethod(AbstractGlueDefinition.java:47)
	at io.cucumber.java.JavaHookDefinition.execute(JavaHookDefinition.java:64)
	at io.cucumber.core.runner.CoreHookDefinition.execute(CoreHookDefinition.java:46)
	at io.cucumber.core.runner.HookDefinitionMatch.runStep(HookDefinitionMatch.java:21)
	at io.cucumber.core.runner.ExecutionMode$1.execute(ExecutionMode.java:10)
	at io.cucumber.core.runner.TestStep.executeStep(TestStep.java:85)
	at io.cucumber.core.runner.TestStep.run(TestStep.java:57)
	at io.cucumber.core.runner.TestCase.run(TestCase.java:90)
	at io.cucumber.core.runner.Runner.runPickle(Runner.java:75)
	at io.cucumber.testng.TestNGCucumberRunner.lambda$runScenario$1(TestNGCucumberRunner.java:132)
	at io.cucumber.core.runtime.CucumberExecutionContext.lambda$runTestCase$5(CucumberExecutionContext.java:129)
	at io.cucumber.core.runtime.RethrowingThrowableCollector.executeAndThrow(RethrowingThrowableCollector.java:23)
	at io.cucumber.core.runtime.CucumberExecutionContext.runTestCase(CucumberExecutionContext.java:129)
	at io.cucumber.testng.TestNGCucumberRunner.runScenario(TestNGCucumberRunner.java:129)
	at io.cucumber.testng.AbstractTestNGCucumberTests.runScenario(AbstractTestNGCucumberTests.java:35)
	at sun.reflect.NativeMethodAccessorImpl.invoke0(Native Method)
	at sun.reflect.NativeMethodAccessorImpl.invoke(Unknown Source)
	at sun.reflect.DelegatingMethodAccessorImpl.invoke(Unknown Source)
	at java.lang.reflect.Method.invoke(Unknown Source)
	at org.testng.internal.MethodInvocationHelper.invokeMethod(MethodInvocationHelper.java:133)
	at org.testng.internal.TestInvoker.invokeMethod(TestInvoker.java:598)
	at org.testng.internal.TestInvoker.invokeTestMethod(TestInvoker.java:173)
	at org.testng.internal.MethodRunner.runInSequence(MethodRunner.java:46)
	at org.testng.internal.TestInvoker$MethodInvocationAgent.invoke(TestInvoker.java:824)
	at org.testng.internal.TestInvoker.invokeTestMethods(TestInvoker.java:146)
	at org.testng.internal.TestMethodWorker.invokeTestMethods(TestMethodWorker.java:146)
	at org.testng.internal.TestMethodWorker.run(TestMethodWorker.java:128)
	at java.util.concurrent.ThreadPoolExecutor.runWorker(Unknown Source)
	at java.util.concurrent.ThreadPoolExecutor$Worker.run(Unknown Source)
	at java.lang.Thread.run(Unknown Source)
]]></system-err>
  </testcase>
  <testcase name="runScenario[&quot;Successful Login with Valid Credentials DDT&quot;, &quot;Login&quot;](8)" classname="TestRunner.Run" time="12.441">
    <system-out><![CDATA[Setup-Sanity method executed..
[DEBUG] Resolution chrome=104 in cache (valid until 11:15:59 16/08/2022 IST)
[DEBUG] Resolution chrome104=104.0.5112.79 in cache (valid until 13:28:12 16/08/2022 IST)
[INFO] Using chromedriver 104.0.5112.79 (resolved driver for Chrome 104)
[DEBUG] Driver chromedriver 104.0.5112.79 found in cache
[INFO] Exporting webdriver.chrome.driver as C:\Users\suman\.cache\selenium\chromedriver\win32\104.0.5112.79\chromedriver.exe
[DEBUG] Entry count for : http://localhost:57676 : 1
[DEBUG] Entry count for : http://localhost:56761 : 1
[DEBUG] Adding Candidate expired Channel [id: 0x6bb555b9, L:/127.0.0.1:57689 ! R:localhost/127.0.0.1:57676] isIdleTimeoutExpired=false isRemotelyClosed=true isTtlExpired=false
[DEBUG] Closing Idle Channel [id: 0x6bb555b9, L:/127.0.0.1:57689 ! R:localhost/127.0.0.1:57676]
[DEBUG] Adding Candidate expired Channel [id: 0xcb9acbb9, L:/127.0.0.1:57675 ! R:localhost/127.0.0.1:56761] isIdleTimeoutExpired=false isRemotelyClosed=true isTtlExpired=false
[DEBUG] Closing Idle Channel [id: 0xcb9acbb9, L:/127.0.0.1:57675 ! R:localhost/127.0.0.1:56761]
[DEBUG] Closed 2 connections out of 2 in 0 ms
[DEBUG] Using new Channel '[id: 0x54800ff1, L:/127.0.0.1:57775 - R:localhost/127.0.0.1:51853]' for 'POST' to '/session'
[DEBUG] 

Request DefaultHttpRequest(decodeResult: success, version: HTTP/1.1)
POST /session HTTP/1.1
User-Agent: selenium/4.2.1 (java windows)
Content-Length: 365
Content-Type: application/json; charset=utf-8
host: localhost:51853
accept: */*

Response DefaultHttpResponse(decodeResult: success, version: HTTP/1.1)
HTTP/1.1 200 OK
Content-Type: application/json; charset=utf-8
cache-control: no-cache
content-length: 790

[DEBUG] Adding key: http://localhost:51853 for channel [id: 0x54800ff1, L:/127.0.0.1:57775 - R:localhost/127.0.0.1:51853]
[DEBUG] Using new Channel '[id: 0x9364770e, L:/127.0.0.1:57781 - R:localhost/127.0.0.1:57776]' for 'GET' to '/json/version'
[DEBUG] 

Request DefaultFullHttpRequest(decodeResult: success, version: HTTP/1.1, content: EmptyByteBufBE)
GET /json/version HTTP/1.1
User-Agent: selenium/4.2.1 (java windows)
host: localhost:57776
accept: */*

Response DefaultHttpResponse(decodeResult: success, version: HTTP/1.1)
HTTP/1.1 200 OK
Content-Type: application/json; charset=UTF-8
content-length: 427

[DEBUG] Adding key: http://localhost:57776 for channel [id: 0x9364770e, L:/127.0.0.1:57781 - R:localhost/127.0.0.1:57776]
[DEBUG] Using new Channel '[id: 0xce578d0f, L:/127.0.0.1:57782 - R:localhost/127.0.0.1:57776]' for 'GET' to '/devtools/browser/767bb2f6-a56c-40ec-87f7-59d703db4beb'
[DEBUG] 

Request DefaultFullHttpRequest(decodeResult: success, version: HTTP/1.1, content: EmptyByteBufBE)
GET /devtools/browser/767bb2f6-a56c-40ec-87f7-59d703db4beb HTTP/1.1
upgrade: websocket
connection: upgrade
sec-websocket-key: IXhyQ1JDrIuijxHs70AOkg==
sec-websocket-version: 13
origin: http://localhost:57776
host: localhost:57776
accept: */*
user-agent: AHC/2.1

Response DefaultHttpResponse(decodeResult: success, version: HTTP/1.1)
HTTP/1.1 101 WebSocket Protocol Handshake
Upgrade: WebSocket
Connection: Upgrade
Sec-WebSocket-Accept: 07aYOE7EWVWUpwaMVW8NWp/6eDo=

[DEBUG] Using pooled Channel '[id: 0x54800ff1, L:/127.0.0.1:57775 - R:localhost/127.0.0.1:51853]' for 'POST' to 'http://localhost:51853/session/a79992b79ef969879f7aa6a2a8b986d2/window/maximize'
[DEBUG] Using open Channel [id: 0x54800ff1, L:/127.0.0.1:57775 - R:localhost/127.0.0.1:51853] for POST '/session/a79992b79ef969879f7aa6a2a8b986d2/window/maximize'
[DEBUG] 

Request DefaultHttpRequest(decodeResult: success, version: HTTP/1.1)
POST /session/a79992b79ef969879f7aa6a2a8b986d2/window/maximize HTTP/1.1
User-Agent: selenium/4.2.1 (java windows)
Content-Length: 3
Content-Type: application/json; charset=utf-8
host: localhost:51853
accept: */*

Response DefaultHttpResponse(decodeResult: success, version: HTTP/1.1)
HTTP/1.1 200 OK
Content-Type: application/json; charset=utf-8
cache-control: no-cache
content-length: 51

[DEBUG] Adding key: http://localhost:51853 for channel [id: 0x54800ff1, L:/127.0.0.1:57775 - R:localhost/127.0.0.1:51853]
[FATAL] 2022-08-16 10:18:37.004 [TestNG-test=Surefire test-1] StepDef - Setup1 executed...
[INFO ] 2022-08-16 10:18:37.013 [TestNG-test=Surefire test-1] StepDef - chrome browser launched
[DEBUG] Using pooled Channel '[id: 0x54800ff1, L:/127.0.0.1:57775 - R:localhost/127.0.0.1:51853]' for 'POST' to 'http://localhost:51853/session/a79992b79ef969879f7aa6a2a8b986d2/url'
[DEBUG] Using open Channel [id: 0x54800ff1, L:/127.0.0.1:57775 - R:localhost/127.0.0.1:51853] for POST '/session/a79992b79ef969879f7aa6a2a8b986d2/url'
[DEBUG] Entry count for : http://localhost:57776 : 1
[DEBUG] Entry count for : http://localhost:57776 : 1
[DEBUG] Entry count for : http://localhost:57776 : 1
[DEBUG] Entry count for : http://localhost:57776 : 1
[DEBUG] 

Request DefaultHttpRequest(decodeResult: success, version: HTTP/1.1)
POST /session/a79992b79ef969879f7aa6a2a8b986d2/url HTTP/1.1
User-Agent: selenium/4.2.1 (java windows)
Content-Length: 69
Content-Type: application/json; charset=utf-8
host: localhost:51853
accept: */*

Response DefaultHttpResponse(decodeResult: success, version: HTTP/1.1)
HTTP/1.1 200 OK
Content-Type: application/json; charset=utf-8
cache-control: no-cache
content-length: 14

[DEBUG] Adding key: http://localhost:51853 for channel [id: 0x54800ff1, L:/127.0.0.1:57775 - R:localhost/127.0.0.1:51853]
[INFO ] 2022-08-16 10:18:41.252 [TestNG-test=Surefire test-1] StepDef - url opened
[DEBUG] Using pooled Channel '[id: 0x54800ff1, L:/127.0.0.1:57775 - R:localhost/127.0.0.1:51853]' for 'POST' to 'http://localhost:51853/session/a79992b79ef969879f7aa6a2a8b986d2/element'
[DEBUG] Using open Channel [id: 0x54800ff1, L:/127.0.0.1:57775 - R:localhost/127.0.0.1:51853] for POST '/session/a79992b79ef969879f7aa6a2a8b986d2/element'
[DEBUG] 

Request DefaultHttpRequest(decodeResult: success, version: HTTP/1.1)
POST /session/a79992b79ef969879f7aa6a2a8b986d2/element HTTP/1.1
User-Agent: selenium/4.2.1 (java windows)
Content-Length: 50
Content-Type: application/json; charset=utf-8
host: localhost:51853
accept: */*

Response DefaultHttpResponse(decodeResult: success, version: HTTP/1.1)
HTTP/1.1 200 OK
Content-Type: application/json; charset=utf-8
cache-control: no-cache
content-length: 88

[DEBUG] Adding key: http://localhost:51853 for channel [id: 0x54800ff1, L:/127.0.0.1:57775 - R:localhost/127.0.0.1:51853]
[DEBUG] Using pooled Channel '[id: 0x54800ff1, L:/127.0.0.1:57775 - R:localhost/127.0.0.1:51853]' for 'POST' to 'http://localhost:51853/session/a79992b79ef969879f7aa6a2a8b986d2/element/a53de596-42d6-4a46-aeea-9062581245c0/clear'
[DEBUG] Using open Channel [id: 0x54800ff1, L:/127.0.0.1:57775 - R:localhost/127.0.0.1:51853] for POST '/session/a79992b79ef969879f7aa6a2a8b986d2/element/a53de596-42d6-4a46-aeea-9062581245c0/clear'
[DEBUG] 

Request DefaultHttpRequest(decodeResult: success, version: HTTP/1.1)
POST /session/a79992b79ef969879f7aa6a2a8b986d2/element/a53de596-42d6-4a46-aeea-9062581245c0/clear HTTP/1.1
User-Agent: selenium/4.2.1 (java windows)
Content-Length: 50
Content-Type: application/json; charset=utf-8
host: localhost:51853
accept: */*

Response DefaultHttpResponse(decodeResult: success, version: HTTP/1.1)
HTTP/1.1 200 OK
Content-Type: application/json; charset=utf-8
cache-control: no-cache
content-length: 14

[DEBUG] Adding key: http://localhost:51853 for channel [id: 0x54800ff1, L:/127.0.0.1:57775 - R:localhost/127.0.0.1:51853]
[DEBUG] Using pooled Channel '[id: 0x54800ff1, L:/127.0.0.1:57775 - R:localhost/127.0.0.1:51853]' for 'POST' to 'http://localhost:51853/session/a79992b79ef969879f7aa6a2a8b986d2/element'
[DEBUG] Using open Channel [id: 0x54800ff1, L:/127.0.0.1:57775 - R:localhost/127.0.0.1:51853] for POST '/session/a79992b79ef969879f7aa6a2a8b986d2/element'
[DEBUG] 

Request DefaultHttpRequest(decodeResult: success, version: HTTP/1.1)
POST /session/a79992b79ef969879f7aa6a2a8b986d2/element HTTP/1.1
User-Agent: selenium/4.2.1 (java windows)
Content-Length: 50
Content-Type: application/json; charset=utf-8
host: localhost:51853
accept: */*

Response DefaultHttpResponse(decodeResult: success, version: HTTP/1.1)
HTTP/1.1 200 OK
Content-Type: application/json; charset=utf-8
cache-control: no-cache
content-length: 88

[DEBUG] Adding key: http://localhost:51853 for channel [id: 0x54800ff1, L:/127.0.0.1:57775 - R:localhost/127.0.0.1:51853]
[DEBUG] Using pooled Channel '[id: 0x54800ff1, L:/127.0.0.1:57775 - R:localhost/127.0.0.1:51853]' for 'POST' to 'http://localhost:51853/session/a79992b79ef969879f7aa6a2a8b986d2/element/a53de596-42d6-4a46-aeea-9062581245c0/value'
[DEBUG] Using open Channel [id: 0x54800ff1, L:/127.0.0.1:57775 - R:localhost/127.0.0.1:51853] for POST '/session/a79992b79ef969879f7aa6a2a8b986d2/element/a53de596-42d6-4a46-aeea-9062581245c0/value'
[DEBUG] 

Request DefaultHttpRequest(decodeResult: success, version: HTTP/1.1)
POST /session/a79992b79ef969879f7aa6a2a8b986d2/element/a53de596-42d6-4a46-aeea-9062581245c0/value HTTP/1.1
User-Agent: selenium/4.2.1 (java windows)
Content-Length: 271
Content-Type: application/json; charset=utf-8
host: localhost:51853
accept: */*

Response DefaultHttpResponse(decodeResult: success, version: HTTP/1.1)
HTTP/1.1 200 OK
Content-Type: application/json; charset=utf-8
cache-control: no-cache
content-length: 14

[DEBUG] Adding key: http://localhost:51853 for channel [id: 0x54800ff1, L:/127.0.0.1:57775 - R:localhost/127.0.0.1:51853]
[DEBUG] Using pooled Channel '[id: 0x54800ff1, L:/127.0.0.1:57775 - R:localhost/127.0.0.1:51853]' for 'POST' to 'http://localhost:51853/session/a79992b79ef969879f7aa6a2a8b986d2/element'
[DEBUG] Using open Channel [id: 0x54800ff1, L:/127.0.0.1:57775 - R:localhost/127.0.0.1:51853] for POST '/session/a79992b79ef969879f7aa6a2a8b986d2/element'
[DEBUG] 

Request DefaultHttpRequest(decodeResult: success, version: HTTP/1.1)
POST /session/a79992b79ef969879f7aa6a2a8b986d2/element HTTP/1.1
User-Agent: selenium/4.2.1 (java windows)
Content-Length: 53
Content-Type: application/json; charset=utf-8
host: localhost:51853
accept: */*

Response DefaultHttpResponse(decodeResult: success, version: HTTP/1.1)
HTTP/1.1 200 OK
Content-Type: application/json; charset=utf-8
cache-control: no-cache
content-length: 88

[DEBUG] Adding key: http://localhost:51853 for channel [id: 0x54800ff1, L:/127.0.0.1:57775 - R:localhost/127.0.0.1:51853]
[DEBUG] Using pooled Channel '[id: 0x54800ff1, L:/127.0.0.1:57775 - R:localhost/127.0.0.1:51853]' for 'POST' to 'http://localhost:51853/session/a79992b79ef969879f7aa6a2a8b986d2/element/fbbafe94-8a16-43b9-9829-bf17e7c53a3d/clear'
[DEBUG] Using open Channel [id: 0x54800ff1, L:/127.0.0.1:57775 - R:localhost/127.0.0.1:51853] for POST '/session/a79992b79ef969879f7aa6a2a8b986d2/element/fbbafe94-8a16-43b9-9829-bf17e7c53a3d/clear'
[DEBUG] 

Request DefaultHttpRequest(decodeResult: success, version: HTTP/1.1)
POST /session/a79992b79ef969879f7aa6a2a8b986d2/element/fbbafe94-8a16-43b9-9829-bf17e7c53a3d/clear HTTP/1.1
User-Agent: selenium/4.2.1 (java windows)
Content-Length: 50
Content-Type: application/json; charset=utf-8
host: localhost:51853
accept: */*

Response DefaultHttpResponse(decodeResult: success, version: HTTP/1.1)
HTTP/1.1 200 OK
Content-Type: application/json; charset=utf-8
cache-control: no-cache
content-length: 14

[DEBUG] Adding key: http://localhost:51853 for channel [id: 0x54800ff1, L:/127.0.0.1:57775 - R:localhost/127.0.0.1:51853]
[DEBUG] Using pooled Channel '[id: 0x54800ff1, L:/127.0.0.1:57775 - R:localhost/127.0.0.1:51853]' for 'POST' to 'http://localhost:51853/session/a79992b79ef969879f7aa6a2a8b986d2/element'
[DEBUG] Using open Channel [id: 0x54800ff1, L:/127.0.0.1:57775 - R:localhost/127.0.0.1:51853] for POST '/session/a79992b79ef969879f7aa6a2a8b986d2/element'
[DEBUG] 

Request DefaultHttpRequest(decodeResult: success, version: HTTP/1.1)
POST /session/a79992b79ef969879f7aa6a2a8b986d2/element HTTP/1.1
User-Agent: selenium/4.2.1 (java windows)
Content-Length: 53
Content-Type: application/json; charset=utf-8
host: localhost:51853
accept: */*

Response DefaultHttpResponse(decodeResult: success, version: HTTP/1.1)
HTTP/1.1 200 OK
Content-Type: application/json; charset=utf-8
cache-control: no-cache
content-length: 88

[DEBUG] Adding key: http://localhost:51853 for channel [id: 0x54800ff1, L:/127.0.0.1:57775 - R:localhost/127.0.0.1:51853]
[DEBUG] Using pooled Channel '[id: 0x54800ff1, L:/127.0.0.1:57775 - R:localhost/127.0.0.1:51853]' for 'POST' to 'http://localhost:51853/session/a79992b79ef969879f7aa6a2a8b986d2/element/fbbafe94-8a16-43b9-9829-bf17e7c53a3d/value'
[DEBUG] Using open Channel [id: 0x54800ff1, L:/127.0.0.1:57775 - R:localhost/127.0.0.1:51853] for POST '/session/a79992b79ef969879f7aa6a2a8b986d2/element/fbbafe94-8a16-43b9-9829-bf17e7c53a3d/value'
[DEBUG] Entry count for : http://localhost:57776 : 1
[DEBUG] 

Request DefaultHttpRequest(decodeResult: success, version: HTTP/1.1)
POST /session/a79992b79ef969879f7aa6a2a8b986d2/element/fbbafe94-8a16-43b9-9829-bf17e7c53a3d/value HTTP/1.1
User-Agent: selenium/4.2.1 (java windows)
Content-Length: 131
Content-Type: application/json; charset=utf-8
host: localhost:51853
accept: */*

Response DefaultHttpResponse(decodeResult: success, version: HTTP/1.1)
HTTP/1.1 200 OK
Content-Type: application/json; charset=utf-8
cache-control: no-cache
content-length: 14

[DEBUG] Adding key: http://localhost:51853 for channel [id: 0x54800ff1, L:/127.0.0.1:57775 - R:localhost/127.0.0.1:51853]
[INFO ] 2022-08-16 10:18:41.469 [TestNG-test=Surefire test-1] StepDef - email address and password entered
[DEBUG] Using pooled Channel '[id: 0x54800ff1, L:/127.0.0.1:57775 - R:localhost/127.0.0.1:51853]' for 'POST' to 'http://localhost:51853/session/a79992b79ef969879f7aa6a2a8b986d2/element'
[DEBUG] Using open Channel [id: 0x54800ff1, L:/127.0.0.1:57775 - R:localhost/127.0.0.1:51853] for POST '/session/a79992b79ef969879f7aa6a2a8b986d2/element'
[DEBUG] 

Request DefaultHttpRequest(decodeResult: success, version: HTTP/1.1)
POST /session/a79992b79ef969879f7aa6a2a8b986d2/element HTTP/1.1
User-Agent: selenium/4.2.1 (java windows)
Content-Length: 87
Content-Type: application/json; charset=utf-8
host: localhost:51853
accept: */*

Response DefaultHttpResponse(decodeResult: success, version: HTTP/1.1)
HTTP/1.1 200 OK
Content-Type: application/json; charset=utf-8
cache-control: no-cache
content-length: 88

[DEBUG] Adding key: http://localhost:51853 for channel [id: 0x54800ff1, L:/127.0.0.1:57775 - R:localhost/127.0.0.1:51853]
[DEBUG] Using pooled Channel '[id: 0x54800ff1, L:/127.0.0.1:57775 - R:localhost/127.0.0.1:51853]' for 'POST' to 'http://localhost:51853/session/a79992b79ef969879f7aa6a2a8b986d2/element/81397e88-84b0-4075-98d1-0faf722389dd/click'
[DEBUG] Using open Channel [id: 0x54800ff1, L:/127.0.0.1:57775 - R:localhost/127.0.0.1:51853] for POST '/session/a79992b79ef969879f7aa6a2a8b986d2/element/81397e88-84b0-4075-98d1-0faf722389dd/click'
[DEBUG] Entry count for : http://localhost:57776 : 1
[DEBUG] Entry count for : http://localhost:57776 : 1
[DEBUG] Entry count for : http://localhost:57776 : 1
[DEBUG] 

Request DefaultHttpRequest(decodeResult: success, version: HTTP/1.1)
POST /session/a79992b79ef969879f7aa6a2a8b986d2/element/81397e88-84b0-4075-98d1-0faf722389dd/click HTTP/1.1
User-Agent: selenium/4.2.1 (java windows)
Content-Length: 50
Content-Type: application/json; charset=utf-8
host: localhost:51853
accept: */*

Response DefaultHttpResponse(decodeResult: success, version: HTTP/1.1)
HTTP/1.1 200 OK
Content-Type: application/json; charset=utf-8
cache-control: no-cache
content-length: 14

[DEBUG] Adding key: http://localhost:51853 for channel [id: 0x54800ff1, L:/127.0.0.1:57775 - R:localhost/127.0.0.1:51853]
[INFO ] 2022-08-16 10:18:45.579 [TestNG-test=Surefire test-1] StepDef - Clicked on login button
[DEBUG] Using pooled Channel '[id: 0x54800ff1, L:/127.0.0.1:57775 - R:localhost/127.0.0.1:51853]' for 'GET' to 'http://localhost:51853/session/a79992b79ef969879f7aa6a2a8b986d2/title'
[DEBUG] Using open Channel [id: 0x54800ff1, L:/127.0.0.1:57775 - R:localhost/127.0.0.1:51853] for GET '/session/a79992b79ef969879f7aa6a2a8b986d2/title'
[DEBUG] 

Request DefaultFullHttpRequest(decodeResult: success, version: HTTP/1.1, content: EmptyByteBufBE)
GET /session/a79992b79ef969879f7aa6a2a8b986d2/title HTTP/1.1
User-Agent: selenium/4.2.1 (java windows)
Cache-Control: no-cache
Content-Type: application/json; charset=utf-8
host: localhost:51853
accept: */*

Response DefaultHttpResponse(decodeResult: success, version: HTTP/1.1)
HTTP/1.1 200 OK
Content-Type: application/json; charset=utf-8
cache-control: no-cache
content-length: 50

[DEBUG] Adding key: http://localhost:51853 for channel [id: 0x54800ff1, L:/127.0.0.1:57775 - R:localhost/127.0.0.1:51853]
[WARN ] 2022-08-16 10:18:45.583 [TestNG-test=Surefire test-1] StepDef - Test passed: Login feature :Page title matched.
[DEBUG] Using pooled Channel '[id: 0x54800ff1, L:/127.0.0.1:57775 - R:localhost/127.0.0.1:51853]' for 'POST' to 'http://localhost:51853/session/a79992b79ef969879f7aa6a2a8b986d2/element'
[DEBUG] Using open Channel [id: 0x54800ff1, L:/127.0.0.1:57775 - R:localhost/127.0.0.1:51853] for POST '/session/a79992b79ef969879f7aa6a2a8b986d2/element'
[DEBUG] 

Request DefaultHttpRequest(decodeResult: success, version: HTTP/1.1)
POST /session/a79992b79ef969879f7aa6a2a8b986d2/element HTTP/1.1
User-Agent: selenium/4.2.1 (java windows)
Content-Length: 47
Content-Type: application/json; charset=utf-8
host: localhost:51853
accept: */*

Response DefaultHttpResponse(decodeResult: success, version: HTTP/1.1)
HTTP/1.1 200 OK
Content-Type: application/json; charset=utf-8
cache-control: no-cache
content-length: 88

[DEBUG] Adding key: http://localhost:51853 for channel [id: 0x54800ff1, L:/127.0.0.1:57775 - R:localhost/127.0.0.1:51853]
[DEBUG] Using pooled Channel '[id: 0x54800ff1, L:/127.0.0.1:57775 - R:localhost/127.0.0.1:51853]' for 'POST' to 'http://localhost:51853/session/a79992b79ef969879f7aa6a2a8b986d2/element/6621cdc6-80d9-44ce-910a-67a2482a8fc7/click'
[DEBUG] Using open Channel [id: 0x54800ff1, L:/127.0.0.1:57775 - R:localhost/127.0.0.1:51853] for POST '/session/a79992b79ef969879f7aa6a2a8b986d2/element/6621cdc6-80d9-44ce-910a-67a2482a8fc7/click'
[DEBUG] Entry count for : http://localhost:57776 : 1
[DEBUG] Entry count for : http://localhost:57776 : 1
[DEBUG] 

Request DefaultHttpRequest(decodeResult: success, version: HTTP/1.1)
POST /session/a79992b79ef969879f7aa6a2a8b986d2/element/6621cdc6-80d9-44ce-910a-67a2482a8fc7/click HTTP/1.1
User-Agent: selenium/4.2.1 (java windows)
Content-Length: 50
Content-Type: application/json; charset=utf-8
host: localhost:51853
accept: */*

Response DefaultHttpResponse(decodeResult: success, version: HTTP/1.1)
HTTP/1.1 200 OK
Content-Type: application/json; charset=utf-8
cache-control: no-cache
content-length: 14

[DEBUG] Adding key: http://localhost:51853 for channel [id: 0x54800ff1, L:/127.0.0.1:57775 - R:localhost/127.0.0.1:51853]
[INFO ] 2022-08-16 10:18:47.242 [TestNG-test=Surefire test-1] StepDef - user clicked on logout link.
[DEBUG] Using pooled Channel '[id: 0x54800ff1, L:/127.0.0.1:57775 - R:localhost/127.0.0.1:51853]' for 'GET' to 'http://localhost:51853/session/a79992b79ef969879f7aa6a2a8b986d2/title'
[DEBUG] Using open Channel [id: 0x54800ff1, L:/127.0.0.1:57775 - R:localhost/127.0.0.1:51853] for GET '/session/a79992b79ef969879f7aa6a2a8b986d2/title'
[DEBUG] 

Request DefaultFullHttpRequest(decodeResult: success, version: HTTP/1.1, content: EmptyByteBufBE)
GET /session/a79992b79ef969879f7aa6a2a8b986d2/title HTTP/1.1
User-Agent: selenium/4.2.1 (java windows)
Cache-Control: no-cache
Content-Type: application/json; charset=utf-8
host: localhost:51853
accept: */*

Response DefaultHttpResponse(decodeResult: success, version: HTTP/1.1)
HTTP/1.1 200 OK
Content-Type: application/json; charset=utf-8
cache-control: no-cache
content-length: 29

[DEBUG] Adding key: http://localhost:51853 for channel [id: 0x54800ff1, L:/127.0.0.1:57775 - R:localhost/127.0.0.1:51853]
[WARN ] 2022-08-16 10:18:47.250 [TestNG-test=Surefire test-1] StepDef - Test passed: Login feature :Page title matched.
[DEBUG] Using pooled Channel '[id: 0x54800ff1, L:/127.0.0.1:57775 - R:localhost/127.0.0.1:51853]' for 'DELETE' to 'http://localhost:51853/session/a79992b79ef969879f7aa6a2a8b986d2/window'
[DEBUG] Using open Channel [id: 0x54800ff1, L:/127.0.0.1:57775 - R:localhost/127.0.0.1:51853] for DELETE '/session/a79992b79ef969879f7aa6a2a8b986d2/window'
[DEBUG] Unexpected I/O exception on channel [id: 0x9364770e, L:/127.0.0.1:57781 - R:localhost/127.0.0.1:57776]
java.io.IOException: An existing connection was forcibly closed by the remote host
	at sun.nio.ch.SocketDispatcher.read0(Native Method) ~[na:1.8.0_341]
	at sun.nio.ch.SocketDispatcher.read(Unknown Source) ~[na:1.8.0_341]
	at sun.nio.ch.IOUtil.readIntoNativeBuffer(Unknown Source) ~[na:1.8.0_341]
	at sun.nio.ch.IOUtil.read(Unknown Source) ~[na:1.8.0_341]
	at sun.nio.ch.SocketChannelImpl.read(Unknown Source) ~[na:1.8.0_341]
	at io.netty.buffer.PooledByteBuf.setBytes(PooledByteBuf.java:258) ~[netty-buffer-4.1.77.Final.jar:4.1.77.Final]
	at io.netty.buffer.AbstractByteBuf.writeBytes(AbstractByteBuf.java:1132) ~[netty-buffer-4.1.77.Final.jar:4.1.77.Final]
	at io.netty.channel.socket.nio.NioSocketChannel.doReadBytes(NioSocketChannel.java:357) ~[netty-transport-4.1.77.Final.jar:4.1.77.Final]
	at io.netty.channel.nio.AbstractNioByteChannel$NioByteUnsafe.read(AbstractNioByteChannel.java:151) ~[netty-transport-4.1.77.Final.jar:4.1.77.Final]
	at io.netty.channel.nio.NioEventLoop.processSelectedKey(NioEventLoop.java:722) [netty-transport-4.1.77.Final.jar:4.1.77.Final]
	at io.netty.channel.nio.NioEventLoop.processSelectedKeysOptimized(NioEventLoop.java:658) [netty-transport-4.1.77.Final.jar:4.1.77.Final]
	at io.netty.channel.nio.NioEventLoop.processSelectedKeys(NioEventLoop.java:584) [netty-transport-4.1.77.Final.jar:4.1.77.Final]
	at io.netty.channel.nio.NioEventLoop.run(NioEventLoop.java:496) [netty-transport-4.1.77.Final.jar:4.1.77.Final]
	at io.netty.util.concurrent.SingleThreadEventExecutor$4.run(SingleThreadEventExecutor.java:995) [netty-common-4.1.77.Final.jar:4.1.77.Final]
	at io.netty.util.internal.ThreadExecutorMap$2.run(ThreadExecutorMap.java:74) [netty-common-4.1.77.Final.jar:4.1.77.Final]
	at io.netty.util.concurrent.FastThreadLocalRunnable.run(FastThreadLocalRunnable.java:30) [netty-common-4.1.77.Final.jar:4.1.77.Final]
	at java.lang.Thread.run(Unknown Source) [na:1.8.0_341]
[DEBUG] Unexpected I/O exception on channel [id: 0xce578d0f, L:/127.0.0.1:57782 - R:localhost/127.0.0.1:57776]
java.io.IOException: An existing connection was forcibly closed by the remote host
	at sun.nio.ch.SocketDispatcher.read0(Native Method) ~[na:1.8.0_341]
	at sun.nio.ch.SocketDispatcher.read(Unknown Source) ~[na:1.8.0_341]
	at sun.nio.ch.IOUtil.readIntoNativeBuffer(Unknown Source) ~[na:1.8.0_341]
	at sun.nio.ch.IOUtil.read(Unknown Source) ~[na:1.8.0_341]
	at sun.nio.ch.SocketChannelImpl.read(Unknown Source) ~[na:1.8.0_341]
	at io.netty.buffer.PooledByteBuf.setBytes(PooledByteBuf.java:258) ~[netty-buffer-4.1.77.Final.jar:4.1.77.Final]
	at io.netty.buffer.AbstractByteBuf.writeBytes(AbstractByteBuf.java:1132) ~[netty-buffer-4.1.77.Final.jar:4.1.77.Final]
	at io.netty.channel.socket.nio.NioSocketChannel.doReadBytes(NioSocketChannel.java:357) ~[netty-transport-4.1.77.Final.jar:4.1.77.Final]
	at io.netty.channel.nio.AbstractNioByteChannel$NioByteUnsafe.read(AbstractNioByteChannel.java:151) ~[netty-transport-4.1.77.Final.jar:4.1.77.Final]
	at io.netty.channel.nio.NioEventLoop.processSelectedKey(NioEventLoop.java:722) [netty-transport-4.1.77.Final.jar:4.1.77.Final]
	at io.netty.channel.nio.NioEventLoop.processSelectedKeysOptimized(NioEventLoop.java:658) [netty-transport-4.1.77.Final.jar:4.1.77.Final]
	at io.netty.channel.nio.NioEventLoop.processSelectedKeys(NioEventLoop.java:584) [netty-transport-4.1.77.Final.jar:4.1.77.Final]
	at io.netty.channel.nio.NioEventLoop.run(NioEventLoop.java:496) [netty-transport-4.1.77.Final.jar:4.1.77.Final]
	at io.netty.util.concurrent.SingleThreadEventExecutor$4.run(SingleThreadEventExecutor.java:995) [netty-common-4.1.77.Final.jar:4.1.77.Final]
	at io.netty.util.internal.ThreadExecutorMap$2.run(ThreadExecutorMap.java:74) [netty-common-4.1.77.Final.jar:4.1.77.Final]
	at io.netty.util.concurrent.FastThreadLocalRunnable.run(FastThreadLocalRunnable.java:30) [netty-common-4.1.77.Final.jar:4.1.77.Final]
	at java.lang.Thread.run(Unknown Source) [na:1.8.0_341]
[DEBUG] Trying to recover from dead Channel: [id: 0xce578d0f, L:/127.0.0.1:57782 - R:localhost/127.0.0.1:57776]
[DEBUG] Channel Closed: [id: 0xce578d0f, L:/127.0.0.1:57782 ! R:localhost/127.0.0.1:57776] with attribute NettyResponseFuture{currentRetry=0,
	isDone=1,
	isCancelled=0,
	asyncHandler=org.asynchttpclient.ws.WebSocketUpgradeHandler@4319e0,
	nettyRequest=org.asynchttpclient.netty.request.NettyRequest@13a8fdb,
	future=java.util.concurrent.CompletableFuture@9c25ea[Completed normally],
	uri=ws://localhost:57776/devtools/browser/767bb2f6-a56c-40ec-87f7-59d703db4beb,
	keepAlive=true,
	redirectCount=0,
	timeoutsHolder=null,
	inAuth=0,
	touch=1660625327351}
[DEBUG] Closing Channel [id: 0xce578d0f, L:/127.0.0.1:57782 ! R:localhost/127.0.0.1:57776] 
[DEBUG] Closing Channel [id: 0x9364770e, L:/127.0.0.1:57781 - R:localhost/127.0.0.1:57776] 
[DEBUG] Channel Closed: [id: 0x9364770e, L:/127.0.0.1:57781 ! R:localhost/127.0.0.1:57776] with attribute DISCARD
[DEBUG] 

Request DefaultFullHttpRequest(decodeResult: success, version: HTTP/1.1, content: EmptyByteBufBE)
DELETE /session/a79992b79ef969879f7aa6a2a8b986d2/window HTTP/1.1
User-Agent: selenium/4.2.1 (java windows)
Content-Type: application/json; charset=utf-8
host: localhost:51853
accept: */*

Response DefaultHttpResponse(decodeResult: success, version: HTTP/1.1)
HTTP/1.1 200 OK
Content-Type: application/json; charset=utf-8
cache-control: no-cache
content-length: 12

[DEBUG] Adding key: http://localhost:51853 for channel [id: 0x54800ff1, L:/127.0.0.1:57775 - R:localhost/127.0.0.1:51853]
[INFO ] 2022-08-16 10:18:47.377 [TestNG-test=Surefire test-1] StepDef - Browser closed
Tear Down method executed..
[DEBUG] Using pooled Channel '[id: 0x54800ff1, L:/127.0.0.1:57775 - R:localhost/127.0.0.1:51853]' for 'DELETE' to 'http://localhost:51853/session/a79992b79ef969879f7aa6a2a8b986d2'
[DEBUG] Using open Channel [id: 0x54800ff1, L:/127.0.0.1:57775 - R:localhost/127.0.0.1:51853] for DELETE '/session/a79992b79ef969879f7aa6a2a8b986d2'
[DEBUG] 

Request DefaultFullHttpRequest(decodeResult: success, version: HTTP/1.1, content: EmptyByteBufBE)
DELETE /session/a79992b79ef969879f7aa6a2a8b986d2 HTTP/1.1
User-Agent: selenium/4.2.1 (java windows)
Content-Type: application/json; charset=utf-8
host: localhost:51853
accept: */*

Response DefaultHttpResponse(decodeResult: success, version: HTTP/1.1)
HTTP/1.1 200 OK
Content-Type: application/json; charset=utf-8
cache-control: no-cache
content-length: 14

[DEBUG] Adding key: http://localhost:51853 for channel [id: 0x54800ff1, L:/127.0.0.1:57775 - R:localhost/127.0.0.1:51853]
[DEBUG] Channel Closed: [id: 0x54800ff1, L:/127.0.0.1:57775 ! R:localhost/127.0.0.1:51853] with attribute DISCARD
]]></system-out>
    <system-err><![CDATA[Starting ChromeDriver 104.0.5112.79 (3cf3e8c8a07d104b9e1260c910efb8f383285dc5-refs/branch-heads/5112@{#1307}) on port 51853
Only local connections are allowed.
Please see https://chromedriver.chromium.org/security-considerations for suggestions on keeping ChromeDriver safe.
ChromeDriver was started successfully.
Aug 16, 2022 10:18:36 AM org.openqa.selenium.remote.ProtocolHandshake createSession
INFO: Detected upstream dialect: W3C
Aug 16, 2022 10:18:36 AM org.openqa.selenium.devtools.CdpVersionFinder findNearestMatch
WARNING: Unable to find an exact match for CDP version 104, so returning the closest version found: 102
Aug 16, 2022 10:18:36 AM org.openqa.selenium.devtools.CdpVersionFinder findNearestMatch
INFO: Found CDP implementation for version 104 of 102
]]></system-err>
  </testcase>
</testsuite>